41.0 APEX_CODE,FINEST;APEX_PROFILING,INFO;CALLOUT,INFO;DB,INFO;SYSTEM,DEBUG;VALIDATION,INFO;VISUALFORCE,INFO;WAVE,INFO;WORKFLOW,INFO
09:24:48.0 (369777)|USER_INFO|[EXTERNAL]|0051I00000112gB|trent@testorg.com|Pacific Standard Time|GMT-08:00
09:24:48.0 (403432)|EXECUTION_STARTED
09:24:48.0 (408188)|CODE_UNIT_STARTED|[EXTERNAL]|Aura
09:24:48.0 (1767099)|CODE_UNIT_STARTED|[EXTERNAL]|01p1I00000Dc465|GetCaseController.getNewCases
09:24:48.0 (2365116)|HEAP_ALLOCATE|[72]|Bytes:3
09:24:48.0 (2400197)|HEAP_ALLOCATE|[77]|Bytes:152
09:24:48.0 (2415586)|HEAP_ALLOCATE|[342]|Bytes:408
09:24:48.0 (2427669)|HEAP_ALLOCATE|[355]|Bytes:408
09:24:48.0 (2438343)|HEAP_ALLOCATE|[467]|Bytes:48
09:24:48.0 (2463752)|HEAP_ALLOCATE|[139]|Bytes:6
09:24:48.0 (2477775)|HEAP_ALLOCATE|[EXTERNAL]|Bytes:13
09:24:48.0 (2489481)|METHOD_ENTRY|[1]|01p1I00000Dc465|GetCaseController.GetCaseController()
09:24:48.0 (2495736)|STATEMENT_EXECUTE|[1]
09:24:48.0 (2500668)|STATEMENT_EXECUTE|[1]
09:24:48.0 (2530328)|HEAP_ALLOCATE|[50]|Bytes:5
09:24:48.0 (2549390)|HEAP_ALLOCATE|[56]|Bytes:5
09:24:48.0 (2556229)|HEAP_ALLOCATE|[64]|Bytes:7
09:24:48.0 (2575311)|SYSTEM_MODE_ENTER|false
09:24:48.0 (2585581)|HEAP_ALLOCATE|[EXTERNAL]|Bytes:5
09:24:48.0 (2591424)|SYSTEM_MODE_EXIT|false
09:24:48.0 (2598777)|METHOD_EXIT|[1]|GetCaseController
09:24:48.0 (2609132)|SYSTEM_MODE_ENTER|false
09:24:48.0 (2620696)|HEAP_ALLOCATE|[5]|Bytes:5
09:24:48.0 (2625625)|STATEMENT_EXECUTE|[4]
09:24:48.0 (2626895)|STATEMENT_EXECUTE|[5]
09:24:48.0 (2629143)|HEAP_ALLOCATE|[5]|Bytes:58
09:24:48.0 (2643065)|HEAP_ALLOCATE|[5]|Bytes:4
09:24:48.0 (3490990)|SOQL_EXECUTE_BEGIN|[5]|Aggregations:0|SELECT Id, Priority FROM Case WHERE Status = 'New' LIMIT 4
09:24:48.0 (9533447)|SOQL_EXECUTE_END|[5]|Rows:3
09:24:48.0 (9556226)|HEAP_ALLOCATE|[5]|Bytes:16
09:24:48.0 (9573931)|HEAP_ALLOCATE|[5]|Bytes:132
09:24:48.0 (9619309)|HEAP_ALLOCATE|[5]|Bytes:16
09:24:48.0 (9635231)|VARIABLE_SCOPE_BEGIN|[5]|cases|List<Case>|true|false
09:24:48.0 (9677915)|VARIABLE_ASSIGNMENT|[5]|cases|[{"Id":"5001I000003mzcuQAA","Priority":"Low"},{"Id":"5001I000003mzd8QAA","Priority":"Low"},{"Id":"5001I000003mzdGQAQ","Priority":"Low"}]|0x4d7b308a
09:24:48.0 (9686042)|STATEMENT_EXECUTE|[6]
09:24:48.0 (9693407)|SYSTEM_MODE_EXIT|false
09:24:48.9 (9715048)|CUMULATIVE_LIMIT_USAGE
09:24:48.9 (9715048)|LIMIT_USAGE_FOR_NS|(default)|
  Number of SOQL queries: 1 out of 100
  Number of query rows: 3 out of 50000
  Number of SOSL queries: 0 out of 20
  Number of DML statements: 0 out of 150
  Number of DML rows: 0 out of 10000
  Maximum CPU time: 0 out of 10000
  Maximum heap size: 0 out of 6000000
  Number of callouts: 0 out of 100
  Number of Email Invocations: 0 out of 10
  Number of future calls: 0 out of 50
  Number of queueable jobs added to the queue: 0 out of 50
  Number of Mobile Apex push calls: 0 out of 10

09:24:48.9 (9715048)|CUMULATIVE_LIMIT_USAGE_END

09:24:48.0 (9747000)|CODE_UNIT_FINISHED|GetCaseController.getNewCases
09:24:48.0 (9819008)|CODE_UNIT_FINISHED|Aura
09:24:48.0 (10839227)|EXECUTION_FINISHED
09:24:48.12 (12221654)|USER_INFO|[EXTERNAL]|0051I00000112gB|trent@testorg.com|Pacific Standard Time|GMT-08:00
09:24:48.12 (12235918)|EXECUTION_STARTED
09:24:48.12 (12239149)|CODE_UNIT_STARTED|[EXTERNAL]|Aura
09:24:48.12 (12926378)|CODE_UNIT_STARTED|[EXTERNAL]|01p1I00000Dc465|GetCaseController.getWorkingCases
09:24:48.12 (12984593)|SYSTEM_MODE_ENTER|false
09:24:48.12 (13002088)|HEAP_ALLOCATE|[11]|Bytes:5
09:24:48.12 (13009129)|STATEMENT_EXECUTE|[10]
09:24:48.12 (13010572)|STATEMENT_EXECUTE|[11]
09:24:48.12 (13013593)|HEAP_ALLOCATE|[11]|Bytes:62
09:24:48.12 (13027153)|HEAP_ALLOCATE|[11]|Bytes:4
09:24:48.12 (13171675)|SOQL_EXECUTE_BEGIN|[11]|Aggregations:0|SELECT Id, Priority FROM Case WHERE Status = 'Working' LIMIT 4
09:24:48.12 (15315912)|SOQL_EXECUTE_END|[11]|Rows:0
09:24:48.12 (15334547)|HEAP_ALLOCATE|[11]|Bytes:4
09:24:48.12 (15344107)|HEAP_ALLOCATE|[11]|Bytes:0
09:24:48.12 (15373775)|HEAP_ALLOCATE|[11]|Bytes:4
09:24:48.12 (15385267)|VARIABLE_SCOPE_BEGIN|[11]|cases|List<Case>|true|false
09:24:48.12 (15406162)|VARIABLE_ASSIGNMENT|[11]|cases|[]|0x60ab4551
09:24:48.12 (15411816)|STATEMENT_EXECUTE|[12]
09:24:48.12 (15418526)|SYSTEM_MODE_EXIT|false
09:24:48.15 (15434256)|CUMULATIVE_LIMIT_USAGE
09:24:48.15 (15434256)|LIMIT_USAGE_FOR_NS|(default)|
  Number of SOQL queries: 2 out of 100
  Number of query rows: 3 out of 50000
  Number of SOSL queries: 0 out of 20
  Number of DML statements: 0 out of 150
  Number of DML rows: 0 out of 10000
  Maximum CPU time: 0 out of 10000
  Maximum heap size: 0 out of 6000000
  Number of callouts: 0 out of 100
  Number of Email Invocations: 0 out of 10
  Number of future calls: 0 out of 50
  Number of queueable jobs added to the queue: 0 out of 50
  Number of Mobile Apex push calls: 0 out of 10

09:24:48.15 (15434256)|CUMULATIVE_LIMIT_USAGE_END

09:24:48.12 (15459621)|CODE_UNIT_FINISHED|GetCaseController.getWorkingCases
09:24:48.12 (15499975)|CODE_UNIT_FINISHED|Aura
09:24:48.12 (16454397)|EXECUTION_FINISHED
09:24:48.17 (17173990)|USER_INFO|[EXTERNAL]|0051I00000112gB|trent@testorg.com|Pacific Standard Time|GMT-08:00
09:24:48.17 (17187737)|EXECUTION_STARTED
09:24:48.17 (17190503)|CODE_UNIT_STARTED|[EXTERNAL]|Aura
09:24:48.17 (17880076)|CODE_UNIT_STARTED|[EXTERNAL]|01p1I00000Dc465|GetCaseController.getClosedCases
09:24:48.17 (17921530)|SYSTEM_MODE_ENTER|false
09:24:48.17 (17937048)|HEAP_ALLOCATE|[23]|Bytes:5
09:24:48.17 (17942609)|STATEMENT_EXECUTE|[22]
09:24:48.17 (17944051)|STATEMENT_EXECUTE|[23]
09:24:48.17 (17946800)|HEAP_ALLOCATE|[23]|Bytes:61
09:24:48.17 (17958719)|HEAP_ALLOCATE|[23]|Bytes:4
09:24:48.17 (18082951)|SOQL_EXECUTE_BEGIN|[23]|Aggregations:0|SELECT Id, Priority FROM Case WHERE Status = 'Closed' LIMIT 4
09:24:48.17 (20213239)|SOQL_EXECUTE_END|[23]|Rows:4
09:24:48.17 (20229151)|HEAP_ALLOCATE|[23]|Bytes:20
09:24:48.17 (20245115)|HEAP_ALLOCATE|[23]|Bytes:181
09:24:48.17 (20272928)|HEAP_ALLOCATE|[23]|Bytes:20
09:24:48.17 (20283786)|VARIABLE_SCOPE_BEGIN|[23]|cases|List<Case>|true|false
09:24:48.17 (20312023)|VARIABLE_ASSIGNMENT|[23]|cases|[{"Id":"5001I000003mzcsQAA","Priority":"High"},{"Id":"5001I000003mzctQAA","Priority":"High"},{"Id":"5001I000003mzcvQAA","Priority":"Low"},{"Id":"5001I000003mzcwQAA","Priority":"Medium"}]|0x7749329b
09:24:48.17 (20320125)|STATEMENT_EXECUTE|[24]
09:24:48.17 (20327044)|SYSTEM_MODE_EXIT|false
09:24:48.20 (20341516)|CUMULATIVE_LIMIT_USAGE
09:24:48.20 (20341516)|LIMIT_USAGE_FOR_NS|(default)|
  Number of SOQL queries: 3 out of 100
  Number of query rows: 7 out of 50000
  Number of SOSL queries: 0 out of 20
  Number of DML statements: 0 out of 150
  Number of DML rows: 0 out of 10000
  Maximum CPU time: 0 out of 10000
  Maximum heap size: 0 out of 6000000
  Number of callouts: 0 out of 100
  Number of Email Invocations: 0 out of 10
  Number of future calls: 0 out of 50
  Number of queueable jobs added to the queue: 0 out of 50
  Number of Mobile Apex push calls: 0 out of 10

09:24:48.20 (20341516)|CUMULATIVE_LIMIT_USAGE_END

09:24:48.17 (20362299)|CODE_UNIT_FINISHED|GetCaseController.getClosedCases
09:24:48.17 (20411859)|CODE_UNIT_FINISHED|Aura
09:24:48.17 (21353776)|EXECUTION_FINISHED
