41.0 APEX_CODE,FINEST;APEX_PROFILING,INFO;CALLOUT,INFO;DB,INFO;SYSTEM,DEBUG;VALIDATION,INFO;VISUALFORCE,INFO;WAVE,INFO;WORKFLOW,INFO
09:03:10.0 (367795)|USER_INFO|[EXTERNAL]|0051I00000112gB|trent@testorg.com|Pacific Standard Time|GMT-08:00
09:03:10.0 (410094)|EXECUTION_STARTED
09:03:10.0 (415275)|CODE_UNIT_STARTED|[EXTERNAL]|Aura
09:03:10.0 (20427387)|CODE_UNIT_STARTED|[EXTERNAL]|01p1I00000Dc465|GetCaseController.getAllCases
09:03:10.0 (21152963)|HEAP_ALLOCATE|[72]|Bytes:3
09:03:10.0 (21188108)|HEAP_ALLOCATE|[77]|Bytes:152
09:03:10.0 (21207798)|HEAP_ALLOCATE|[342]|Bytes:408
09:03:10.0 (21227298)|HEAP_ALLOCATE|[355]|Bytes:408
09:03:10.0 (21241073)|HEAP_ALLOCATE|[467]|Bytes:48
09:03:10.0 (21274230)|HEAP_ALLOCATE|[139]|Bytes:6
09:03:10.0 (21292199)|HEAP_ALLOCATE|[EXTERNAL]|Bytes:6
09:03:10.0 (21302962)|METHOD_ENTRY|[1]|01p1I00000Dc465|GetCaseController.GetCaseController()
09:03:10.0 (21309192)|STATEMENT_EXECUTE|[1]
09:03:10.0 (21314841)|STATEMENT_EXECUTE|[1]
09:03:10.0 (21341257)|HEAP_ALLOCATE|[50]|Bytes:5
09:03:10.0 (21358365)|HEAP_ALLOCATE|[56]|Bytes:5
09:03:10.0 (21365876)|HEAP_ALLOCATE|[64]|Bytes:7
09:03:10.0 (21385520)|SYSTEM_MODE_ENTER|false
09:03:10.0 (21397355)|HEAP_ALLOCATE|[EXTERNAL]|Bytes:5
09:03:10.0 (21402466)|SYSTEM_MODE_EXIT|false
09:03:10.0 (21409483)|METHOD_EXIT|[1]|GetCaseController
09:03:10.0 (21418710)|SYSTEM_MODE_ENTER|false
09:03:10.0 (21429818)|HEAP_ALLOCATE|[16]|Bytes:5
09:03:10.0 (21433552)|STATEMENT_EXECUTE|[15]
09:03:10.0 (21435005)|STATEMENT_EXECUTE|[16]
09:03:10.0 (21437984)|HEAP_ALLOCATE|[16]|Bytes:29
09:03:10.0 (21453093)|HEAP_ALLOCATE|[16]|Bytes:4
09:03:10.0 (22406061)|SOQL_EXECUTE_BEGIN|[16]|Aggregations:0|SELECT Id, Priority FROM Case
09:03:10.0 (24801023)|SOQL_EXECUTE_END|[16]|Rows:26
09:03:10.0 (24820732)|HEAP_ALLOCATE|[16]|Bytes:108
09:03:10.0 (24858595)|HEAP_ALLOCATE|[16]|Bytes:1189
09:03:10.0 (24901262)|HEAP_ALLOCATE|[16]|Bytes:108
09:03:10.0 (24912921)|VARIABLE_SCOPE_BEGIN|[16]|cases|List<Case>|true|false
09:03:10.0 (24943890)|VARIABLE_ASSIGNMENT|[16]|cases|"List of size 26 too large to display"|0x175c0d4
09:03:10.0 (24950540)|STATEMENT_EXECUTE|[17]
09:03:10.0 (24957786)|SYSTEM_MODE_EXIT|false
09:03:10.24 (24981370)|CUMULATIVE_LIMIT_USAGE
09:03:10.24 (24981370)|LIMIT_USAGE_FOR_NS|(default)|
  Number of SOQL queries: 1 out of 100
  Number of query rows: 26 out of 50000
  Number of SOSL queries: 0 out of 20
  Number of DML statements: 0 out of 150
  Number of DML rows: 0 out of 10000
  Maximum CPU time: 0 out of 10000
  Maximum heap size: 0 out of 6000000
  Number of callouts: 0 out of 100
  Number of Email Invocations: 0 out of 10
  Number of future calls: 0 out of 50
  Number of queueable jobs added to the queue: 0 out of 50
  Number of Mobile Apex push calls: 0 out of 10

09:03:10.24 (24981370)|CUMULATIVE_LIMIT_USAGE_END

09:03:10.0 (25017436)|CODE_UNIT_FINISHED|GetCaseController.getAllCases
09:03:10.0 (25176632)|CODE_UNIT_FINISHED|Aura
09:03:10.0 (26320978)|EXECUTION_FINISHED
