41.0 APEX_CODE,FINEST;APEX_PROFILING,INFO;CALLOUT,INFO;DB,INFO;SYSTEM,DEBUG;VALIDATION,INFO;VISUALFORCE,INFO;WAVE,INFO;WORKFLOW,INFO
15:44:56.0 (340756)|USER_INFO|[EXTERNAL]|0051I00000112gB|trent@testorg.com|Pacific Standard Time|GMT-08:00
15:44:56.0 (380071)|EXECUTION_STARTED
15:44:56.0 (384135)|CODE_UNIT_STARTED|[EXTERNAL]|Aura
15:44:56.0 (1805434)|CODE_UNIT_STARTED|[EXTERNAL]|01p1I00000Dc465|GetCaseController.getNewCases
15:44:56.0 (2429453)|HEAP_ALLOCATE|[72]|Bytes:3
15:44:56.0 (2498907)|HEAP_ALLOCATE|[77]|Bytes:152
15:44:56.0 (2516399)|HEAP_ALLOCATE|[342]|Bytes:408
15:44:56.0 (2530504)|HEAP_ALLOCATE|[355]|Bytes:408
15:44:56.0 (2544145)|HEAP_ALLOCATE|[467]|Bytes:48
15:44:56.0 (2574393)|HEAP_ALLOCATE|[139]|Bytes:6
15:44:56.0 (2593074)|HEAP_ALLOCATE|[EXTERNAL]|Bytes:6
15:44:56.0 (2630958)|METHOD_ENTRY|[1]|01p1I00000Dc465|GetCaseController.GetCaseController()
15:44:56.0 (2637526)|STATEMENT_EXECUTE|[1]
15:44:56.0 (2642953)|STATEMENT_EXECUTE|[1]
15:44:56.0 (2679318)|HEAP_ALLOCATE|[50]|Bytes:5
15:44:56.0 (2704932)|HEAP_ALLOCATE|[56]|Bytes:5
15:44:56.0 (2712230)|HEAP_ALLOCATE|[64]|Bytes:7
15:44:56.0 (2734051)|SYSTEM_MODE_ENTER|false
15:44:56.0 (2929566)|HEAP_ALLOCATE|[EXTERNAL]|Bytes:5
15:44:56.0 (2937771)|SYSTEM_MODE_EXIT|false
15:44:56.0 (2955344)|METHOD_EXIT|[1]|GetCaseController
15:44:56.0 (2976533)|SYSTEM_MODE_ENTER|false
15:44:56.0 (2990532)|HEAP_ALLOCATE|[10]|Bytes:5
15:44:56.0 (2994891)|STATEMENT_EXECUTE|[9]
15:44:56.0 (2996064)|STATEMENT_EXECUTE|[10]
15:44:56.0 (2998393)|HEAP_ALLOCATE|[10]|Bytes:58
15:44:56.0 (3022994)|HEAP_ALLOCATE|[10]|Bytes:4
15:44:56.0 (3981308)|SOQL_EXECUTE_BEGIN|[10]|Aggregations:0|SELECT Id, Priority FROM Case WHERE Status = 'New' LIMIT 4
15:44:56.0 (9932517)|SOQL_EXECUTE_END|[10]|Rows:3
15:44:56.0 (9952399)|HEAP_ALLOCATE|[10]|Bytes:16
15:44:56.0 (9970855)|HEAP_ALLOCATE|[10]|Bytes:132
15:44:56.0 (10033688)|HEAP_ALLOCATE|[10]|Bytes:16
15:44:56.0 (10046104)|VARIABLE_SCOPE_BEGIN|[10]|cases|List<Case>|true|false
15:44:56.0 (10087135)|VARIABLE_ASSIGNMENT|[10]|cases|[{"Id":"5001I000003mzcuQAA","Priority":"Low"},{"Id":"5001I000003mzd8QAA","Priority":"Low"},{"Id":"5001I000003mzdGQAQ","Priority":"Low"}]|0x67bb7dfe
15:44:56.0 (10095077)|STATEMENT_EXECUTE|[11]
15:44:56.0 (10105098)|SYSTEM_MODE_EXIT|false
15:44:56.10 (10131149)|CUMULATIVE_LIMIT_USAGE
15:44:56.10 (10131149)|LIMIT_USAGE_FOR_NS|(default)|
  Number of SOQL queries: 1 out of 100
  Number of query rows: 3 out of 50000
  Number of SOSL queries: 0 out of 20
  Number of DML statements: 0 out of 150
  Number of DML rows: 0 out of 10000
  Maximum CPU time: 0 out of 10000
  Maximum heap size: 0 out of 6000000
  Number of callouts: 0 out of 100
  Number of Email Invocations: 0 out of 10
  Number of future calls: 0 out of 50
  Number of queueable jobs added to the queue: 0 out of 50
  Number of Mobile Apex push calls: 0 out of 10

15:44:56.10 (10131149)|CUMULATIVE_LIMIT_USAGE_END

15:44:56.0 (10163656)|CODE_UNIT_FINISHED|GetCaseController.getNewCases
15:44:56.0 (10222043)|CODE_UNIT_FINISHED|Aura
15:44:56.0 (11214525)|EXECUTION_FINISHED
