41.0 APEX_CODE,FINEST;APEX_PROFILING,INFO;CALLOUT,INFO;DB,INFO;SYSTEM,DEBUG;VALIDATION,INFO;VISUALFORCE,INFO;WAVE,INFO;WORKFLOW,INFO
10:37:47.0 (443500)|USER_INFO|[EXTERNAL]|0051I00000112gB|trent@testorg.com|Pacific Standard Time|GMT-08:00
10:37:47.0 (481743)|EXECUTION_STARTED
10:37:47.0 (497561)|CODE_UNIT_STARTED|[EXTERNAL]|Aura
10:37:47.0 (2251886)|CODE_UNIT_STARTED|[EXTERNAL]|01p1I00000Dc465|GetCaseController.getNewCases
10:37:47.0 (2964703)|HEAP_ALLOCATE|[72]|Bytes:3
10:37:47.0 (3015462)|HEAP_ALLOCATE|[77]|Bytes:152
10:37:47.0 (3031098)|HEAP_ALLOCATE|[342]|Bytes:408
10:37:47.0 (3046974)|HEAP_ALLOCATE|[355]|Bytes:408
10:37:47.0 (3060896)|HEAP_ALLOCATE|[467]|Bytes:48
10:37:47.0 (3089583)|HEAP_ALLOCATE|[139]|Bytes:6
10:37:47.0 (3104586)|HEAP_ALLOCATE|[EXTERNAL]|Bytes:13
10:37:47.0 (3116855)|METHOD_ENTRY|[1]|01p1I00000Dc465|GetCaseController.GetCaseController()
10:37:47.0 (3123186)|STATEMENT_EXECUTE|[1]
10:37:47.0 (3128542)|STATEMENT_EXECUTE|[1]
10:37:47.0 (3161744)|HEAP_ALLOCATE|[50]|Bytes:5
10:37:47.0 (3184804)|HEAP_ALLOCATE|[56]|Bytes:5
10:37:47.0 (3191615)|HEAP_ALLOCATE|[64]|Bytes:7
10:37:47.0 (3213350)|SYSTEM_MODE_ENTER|false
10:37:47.0 (3229045)|HEAP_ALLOCATE|[EXTERNAL]|Bytes:5
10:37:47.0 (3237585)|SYSTEM_MODE_EXIT|false
10:37:47.0 (3245600)|METHOD_EXIT|[1]|GetCaseController
10:37:47.0 (3255909)|SYSTEM_MODE_ENTER|false
10:37:47.0 (3270228)|HEAP_ALLOCATE|[5]|Bytes:5
10:37:47.0 (3273999)|STATEMENT_EXECUTE|[4]
10:37:47.0 (3275469)|STATEMENT_EXECUTE|[5]
10:37:47.0 (3277742)|HEAP_ALLOCATE|[5]|Bytes:50
10:37:47.0 (3301672)|HEAP_ALLOCATE|[5]|Bytes:4
10:37:47.0 (4257481)|SOQL_EXECUTE_BEGIN|[5]|Aggregations:0|SELECT Id, Priority FROM Case WHERE Status = 'New'
10:37:47.0 (8249670)|SOQL_EXECUTE_END|[5]|Rows:3
10:37:47.0 (8270685)|HEAP_ALLOCATE|[5]|Bytes:16
10:37:47.0 (8291491)|HEAP_ALLOCATE|[5]|Bytes:132
10:37:47.0 (8353207)|HEAP_ALLOCATE|[5]|Bytes:16
10:37:47.0 (8365341)|VARIABLE_SCOPE_BEGIN|[5]|cases|List<Case>|true|false
10:37:47.0 (8412222)|VARIABLE_ASSIGNMENT|[5]|cases|[{"Id":"5001I000003mzcuQAA","Priority":"Low"},{"Id":"5001I000003mzd8QAA","Priority":"Low"},{"Id":"5001I000003mzdGQAQ","Priority":"Low"}]|0x66ae0f45
10:37:47.0 (8420873)|STATEMENT_EXECUTE|[6]
10:37:47.0 (8430241)|SYSTEM_MODE_EXIT|false
10:37:47.8 (8456121)|CUMULATIVE_LIMIT_USAGE
10:37:47.8 (8456121)|LIMIT_USAGE_FOR_NS|(default)|
  Number of SOQL queries: 1 out of 100
  Number of query rows: 3 out of 50000
  Number of SOSL queries: 0 out of 20
  Number of DML statements: 0 out of 150
  Number of DML rows: 0 out of 10000
  Maximum CPU time: 0 out of 10000
  Maximum heap size: 0 out of 6000000
  Number of callouts: 0 out of 100
  Number of Email Invocations: 0 out of 10
  Number of future calls: 0 out of 50
  Number of queueable jobs added to the queue: 0 out of 50
  Number of Mobile Apex push calls: 0 out of 10

10:37:47.8 (8456121)|CUMULATIVE_LIMIT_USAGE_END

10:37:47.0 (8490705)|CODE_UNIT_FINISHED|GetCaseController.getNewCases
10:37:47.0 (8554533)|CODE_UNIT_FINISHED|Aura
10:37:47.0 (9602611)|EXECUTION_FINISHED
10:37:47.11 (11073600)|USER_INFO|[EXTERNAL]|0051I00000112gB|trent@testorg.com|Pacific Standard Time|GMT-08:00
10:37:47.11 (11087696)|EXECUTION_STARTED
10:37:47.11 (11090208)|CODE_UNIT_STARTED|[EXTERNAL]|Aura
10:37:47.11 (11814565)|CODE_UNIT_STARTED|[EXTERNAL]|01p1I00000Dc465|GetCaseController.getWorkingCases
10:37:47.11 (11878733)|SYSTEM_MODE_ENTER|false
10:37:47.11 (11903297)|HEAP_ALLOCATE|[11]|Bytes:5
10:37:47.11 (11911537)|STATEMENT_EXECUTE|[10]
10:37:47.11 (11913689)|STATEMENT_EXECUTE|[11]
10:37:47.11 (11918136)|HEAP_ALLOCATE|[11]|Bytes:62
10:37:47.11 (11940959)|HEAP_ALLOCATE|[11]|Bytes:4
10:37:47.11 (12162525)|SOQL_EXECUTE_BEGIN|[11]|Aggregations:0|SELECT Id, Priority FROM Case WHERE Status = 'Working' LIMIT 4
10:37:47.11 (16654611)|SOQL_EXECUTE_END|[11]|Rows:0
10:37:47.11 (16675714)|HEAP_ALLOCATE|[11]|Bytes:4
10:37:47.11 (16686419)|HEAP_ALLOCATE|[11]|Bytes:0
10:37:47.11 (16734592)|HEAP_ALLOCATE|[11]|Bytes:4
10:37:47.11 (16747340)|VARIABLE_SCOPE_BEGIN|[11]|cases|List<Case>|true|false
10:37:47.11 (16774132)|VARIABLE_ASSIGNMENT|[11]|cases|[]|0x2f133526
10:37:47.11 (16781637)|STATEMENT_EXECUTE|[12]
10:37:47.11 (16791919)|SYSTEM_MODE_EXIT|false
10:37:47.16 (16811719)|CUMULATIVE_LIMIT_USAGE
10:37:47.16 (16811719)|LIMIT_USAGE_FOR_NS|(default)|
  Number of SOQL queries: 2 out of 100
  Number of query rows: 3 out of 50000
  Number of SOSL queries: 0 out of 20
  Number of DML statements: 0 out of 150
  Number of DML rows: 0 out of 10000
  Maximum CPU time: 0 out of 10000
  Maximum heap size: 0 out of 6000000
  Number of callouts: 0 out of 100
  Number of Email Invocations: 0 out of 10
  Number of future calls: 0 out of 50
  Number of queueable jobs added to the queue: 0 out of 50
  Number of Mobile Apex push calls: 0 out of 10

10:37:47.16 (16811719)|CUMULATIVE_LIMIT_USAGE_END

10:37:47.11 (16844793)|CODE_UNIT_FINISHED|GetCaseController.getWorkingCases
10:37:47.11 (16891731)|CODE_UNIT_FINISHED|Aura
10:37:47.11 (17880877)|EXECUTION_FINISHED
10:37:47.18 (18703188)|USER_INFO|[EXTERNAL]|0051I00000112gB|trent@testorg.com|Pacific Standard Time|GMT-08:00
10:37:47.18 (18716568)|EXECUTION_STARTED
10:37:47.18 (18719015)|CODE_UNIT_STARTED|[EXTERNAL]|Aura
10:37:47.18 (19513059)|CODE_UNIT_STARTED|[EXTERNAL]|01p1I00000Dc465|GetCaseController.getEscalatedCases
10:37:47.18 (19568884)|SYSTEM_MODE_ENTER|false
10:37:47.18 (19597950)|HEAP_ALLOCATE|[17]|Bytes:5
10:37:47.18 (19607621)|STATEMENT_EXECUTE|[16]
10:37:47.18 (19609742)|STATEMENT_EXECUTE|[17]
10:37:47.18 (19614806)|HEAP_ALLOCATE|[17]|Bytes:64
10:37:47.18 (19644088)|HEAP_ALLOCATE|[17]|Bytes:4
10:37:47.18 (19869693)|SOQL_EXECUTE_BEGIN|[17]|Aggregations:0|SELECT Id, Priority FROM Case WHERE Status = 'Escalated' LIMIT 4
10:37:47.18 (22105915)|SOQL_EXECUTE_END|[17]|Rows:0
10:37:47.18 (22125332)|HEAP_ALLOCATE|[17]|Bytes:4
10:37:47.18 (22135392)|HEAP_ALLOCATE|[17]|Bytes:0
10:37:47.18 (22177586)|HEAP_ALLOCATE|[17]|Bytes:4
10:37:47.18 (22188844)|VARIABLE_SCOPE_BEGIN|[17]|cases|List<Case>|true|false
10:37:47.18 (22212114)|VARIABLE_ASSIGNMENT|[17]|cases|[]|0x1087a0f8
10:37:47.18 (22218060)|STATEMENT_EXECUTE|[18]
10:37:47.18 (22227450)|SYSTEM_MODE_EXIT|false
10:37:47.22 (22247848)|CUMULATIVE_LIMIT_USAGE
10:37:47.22 (22247848)|LIMIT_USAGE_FOR_NS|(default)|
  Number of SOQL queries: 3 out of 100
  Number of query rows: 3 out of 50000
  Number of SOSL queries: 0 out of 20
  Number of DML statements: 0 out of 150
  Number of DML rows: 0 out of 10000
  Maximum CPU time: 0 out of 10000
  Maximum heap size: 0 out of 6000000
  Number of callouts: 0 out of 100
  Number of Email Invocations: 0 out of 10
  Number of future calls: 0 out of 50
  Number of queueable jobs added to the queue: 0 out of 50
  Number of Mobile Apex push calls: 0 out of 10

10:37:47.22 (22247848)|CUMULATIVE_LIMIT_USAGE_END

10:37:47.18 (22274835)|CODE_UNIT_FINISHED|GetCaseController.getEscalatedCases
10:37:47.18 (22317677)|CODE_UNIT_FINISHED|Aura
10:37:47.18 (23272901)|EXECUTION_FINISHED
10:37:47.23 (23974028)|USER_INFO|[EXTERNAL]|0051I00000112gB|trent@testorg.com|Pacific Standard Time|GMT-08:00
10:37:47.23 (23987491)|EXECUTION_STARTED
10:37:47.23 (23989677)|CODE_UNIT_STARTED|[EXTERNAL]|Aura
10:37:47.23 (24683513)|CODE_UNIT_STARTED|[EXTERNAL]|01p1I00000Dc465|GetCaseController.getClosedCases
10:37:47.23 (24729617)|SYSTEM_MODE_ENTER|false
10:37:47.23 (24749279)|HEAP_ALLOCATE|[23]|Bytes:5
10:37:47.23 (24755401)|STATEMENT_EXECUTE|[22]
10:37:47.23 (24756844)|STATEMENT_EXECUTE|[23]
10:37:47.23 (24760481)|HEAP_ALLOCATE|[23]|Bytes:61
10:37:47.23 (24777301)|HEAP_ALLOCATE|[23]|Bytes:4
10:37:47.23 (24947149)|SOQL_EXECUTE_BEGIN|[23]|Aggregations:0|SELECT Id, Priority FROM Case WHERE Status = 'Closed' LIMIT 4
10:37:47.23 (27435134)|SOQL_EXECUTE_END|[23]|Rows:4
10:37:47.23 (27458000)|HEAP_ALLOCATE|[23]|Bytes:20
10:37:47.23 (27484126)|HEAP_ALLOCATE|[23]|Bytes:181
10:37:47.23 (27527372)|HEAP_ALLOCATE|[23]|Bytes:20
10:37:47.23 (27539746)|VARIABLE_SCOPE_BEGIN|[23]|cases|List<Case>|true|false
10:37:47.23 (27573830)|VARIABLE_ASSIGNMENT|[23]|cases|[{"Id":"5001I000003mzcsQAA","Priority":"High"},{"Id":"5001I000003mzctQAA","Priority":"High"},{"Id":"5001I000003mzcvQAA","Priority":"Low"},{"Id":"5001I000003mzcwQAA","Priority":"Medium"}]|0x6bee1846
10:37:47.23 (27583131)|STATEMENT_EXECUTE|[24]
10:37:47.23 (27592971)|SYSTEM_MODE_EXIT|false
10:37:47.27 (27611857)|CUMULATIVE_LIMIT_USAGE
10:37:47.27 (27611857)|LIMIT_USAGE_FOR_NS|(default)|
  Number of SOQL queries: 4 out of 100
  Number of query rows: 7 out of 50000
  Number of SOSL queries: 0 out of 20
  Number of DML statements: 0 out of 150
  Number of DML rows: 0 out of 10000
  Maximum CPU time: 0 out of 10000
  Maximum heap size: 0 out of 6000000
  Number of callouts: 0 out of 100
  Number of Email Invocations: 0 out of 10
  Number of future calls: 0 out of 50
  Number of queueable jobs added to the queue: 0 out of 50
  Number of Mobile Apex push calls: 0 out of 10

10:37:47.27 (27611857)|CUMULATIVE_LIMIT_USAGE_END

10:37:47.23 (27643413)|CODE_UNIT_FINISHED|GetCaseController.getClosedCases
10:37:47.23 (27701001)|CODE_UNIT_FINISHED|Aura
10:37:47.23 (28765135)|EXECUTION_FINISHED
