41.0 APEX_CODE,FINEST;APEX_PROFILING,INFO;CALLOUT,INFO;DB,INFO;SYSTEM,DEBUG;VALIDATION,INFO;VISUALFORCE,INFO;WAVE,INFO;WORKFLOW,INFO
10:10:21.0 (495607)|USER_INFO|[EXTERNAL]|0051I00000112gB|trent@testorg.com|Pacific Standard Time|GMT-08:00
10:10:21.0 (711588)|EXECUTION_STARTED
10:10:21.0 (715629)|CODE_UNIT_STARTED|[EXTERNAL]|Aura
10:10:21.0 (2231913)|CODE_UNIT_STARTED|[EXTERNAL]|01p1I00000Dc465|GetCaseController.getNewCases
10:10:21.0 (2963746)|HEAP_ALLOCATE|[72]|Bytes:3
10:10:21.0 (3008763)|HEAP_ALLOCATE|[77]|Bytes:152
10:10:21.0 (3026321)|HEAP_ALLOCATE|[342]|Bytes:408
10:10:21.0 (3041463)|HEAP_ALLOCATE|[355]|Bytes:408
10:10:21.0 (3055097)|HEAP_ALLOCATE|[467]|Bytes:48
10:10:21.0 (3116020)|HEAP_ALLOCATE|[139]|Bytes:6
10:10:21.0 (3131040)|HEAP_ALLOCATE|[EXTERNAL]|Bytes:13
10:10:21.0 (3169886)|METHOD_ENTRY|[1]|01p1I00000Dc465|GetCaseController.GetCaseController()
10:10:21.0 (3176365)|STATEMENT_EXECUTE|[1]
10:10:21.0 (3181673)|STATEMENT_EXECUTE|[1]
10:10:21.0 (3210414)|HEAP_ALLOCATE|[50]|Bytes:5
10:10:21.0 (3228908)|HEAP_ALLOCATE|[56]|Bytes:5
10:10:21.0 (3236785)|HEAP_ALLOCATE|[64]|Bytes:7
10:10:21.0 (3258615)|SYSTEM_MODE_ENTER|false
10:10:21.0 (3358262)|HEAP_ALLOCATE|[EXTERNAL]|Bytes:5
10:10:21.0 (3367294)|SYSTEM_MODE_EXIT|false
10:10:21.0 (3391622)|METHOD_EXIT|[1]|GetCaseController
10:10:21.0 (3405988)|SYSTEM_MODE_ENTER|false
10:10:21.0 (3417836)|HEAP_ALLOCATE|[5]|Bytes:5
10:10:21.0 (3421951)|STATEMENT_EXECUTE|[4]
10:10:21.0 (3423364)|STATEMENT_EXECUTE|[5]
10:10:21.0 (3426178)|HEAP_ALLOCATE|[5]|Bytes:50
10:10:21.0 (3444168)|HEAP_ALLOCATE|[5]|Bytes:4
10:10:21.0 (4505087)|SOQL_EXECUTE_BEGIN|[5]|Aggregations:0|SELECT Id, Priority FROM Case WHERE Status = 'New'
10:10:21.0 (8533852)|SOQL_EXECUTE_END|[5]|Rows:3
10:10:21.0 (8553473)|HEAP_ALLOCATE|[5]|Bytes:16
10:10:21.0 (8571407)|HEAP_ALLOCATE|[5]|Bytes:132
10:10:21.0 (8611934)|HEAP_ALLOCATE|[5]|Bytes:16
10:10:21.0 (8625118)|VARIABLE_SCOPE_BEGIN|[5]|cases|List<Case>|true|false
10:10:21.0 (8667876)|VARIABLE_ASSIGNMENT|[5]|cases|[{"Id":"5001I000003mzcuQAA","Priority":"Low"},{"Id":"5001I000003mzd8QAA","Priority":"Low"},{"Id":"5001I000003mzdGQAQ","Priority":"Low"}]|0x3031eeb9
10:10:21.0 (8675326)|STATEMENT_EXECUTE|[6]
10:10:21.0 (8696751)|SYSTEM_MODE_EXIT|false
10:10:21.8 (8729447)|CUMULATIVE_LIMIT_USAGE
10:10:21.8 (8729447)|LIMIT_USAGE_FOR_NS|(default)|
  Number of SOQL queries: 1 out of 100
  Number of query rows: 3 out of 50000
  Number of SOSL queries: 0 out of 20
  Number of DML statements: 0 out of 150
  Number of DML rows: 0 out of 10000
  Maximum CPU time: 0 out of 10000
  Maximum heap size: 0 out of 6000000
  Number of callouts: 0 out of 100
  Number of Email Invocations: 0 out of 10
  Number of future calls: 0 out of 50
  Number of queueable jobs added to the queue: 0 out of 50
  Number of Mobile Apex push calls: 0 out of 10

10:10:21.8 (8729447)|CUMULATIVE_LIMIT_USAGE_END

10:10:21.0 (8761277)|CODE_UNIT_FINISHED|GetCaseController.getNewCases
10:10:21.0 (8836019)|CODE_UNIT_FINISHED|Aura
10:10:21.0 (9872464)|EXECUTION_FINISHED
10:10:21.11 (11215122)|USER_INFO|[EXTERNAL]|0051I00000112gB|trent@testorg.com|Pacific Standard Time|GMT-08:00
10:10:21.11 (11228992)|EXECUTION_STARTED
10:10:21.11 (11231440)|CODE_UNIT_STARTED|[EXTERNAL]|Aura
10:10:21.11 (11904541)|CODE_UNIT_STARTED|[EXTERNAL]|01p1I00000Dc465|GetCaseController.getWorkingCases
10:10:21.11 (11953073)|SYSTEM_MODE_ENTER|false
10:10:21.11 (11969255)|HEAP_ALLOCATE|[11]|Bytes:5
10:10:21.11 (11975969)|STATEMENT_EXECUTE|[10]
10:10:21.11 (11977426)|STATEMENT_EXECUTE|[11]
10:10:21.11 (11980468)|HEAP_ALLOCATE|[11]|Bytes:62
10:10:21.11 (11993614)|HEAP_ALLOCATE|[11]|Bytes:4
10:10:21.11 (12139378)|SOQL_EXECUTE_BEGIN|[11]|Aggregations:0|SELECT Id, Priority FROM Case WHERE Status = 'Working' LIMIT 4
10:10:21.11 (16535899)|SOQL_EXECUTE_END|[11]|Rows:0
10:10:21.11 (16558684)|HEAP_ALLOCATE|[11]|Bytes:4
10:10:21.11 (16571339)|HEAP_ALLOCATE|[11]|Bytes:0
10:10:21.11 (16607029)|HEAP_ALLOCATE|[11]|Bytes:4
10:10:21.11 (16619030)|VARIABLE_SCOPE_BEGIN|[11]|cases|List<Case>|true|false
10:10:21.11 (16636758)|VARIABLE_ASSIGNMENT|[11]|cases|[]|0x6f677a71
10:10:21.11 (16643062)|STATEMENT_EXECUTE|[12]
10:10:21.11 (16650617)|SYSTEM_MODE_EXIT|false
10:10:21.16 (16670800)|CUMULATIVE_LIMIT_USAGE
10:10:21.16 (16670800)|LIMIT_USAGE_FOR_NS|(default)|
  Number of SOQL queries: 2 out of 100
  Number of query rows: 3 out of 50000
  Number of SOSL queries: 0 out of 20
  Number of DML statements: 0 out of 150
  Number of DML rows: 0 out of 10000
  Maximum CPU time: 0 out of 10000
  Maximum heap size: 0 out of 6000000
  Number of callouts: 0 out of 100
  Number of Email Invocations: 0 out of 10
  Number of future calls: 0 out of 50
  Number of queueable jobs added to the queue: 0 out of 50
  Number of Mobile Apex push calls: 0 out of 10

10:10:21.16 (16670800)|CUMULATIVE_LIMIT_USAGE_END

10:10:21.11 (16694869)|CODE_UNIT_FINISHED|GetCaseController.getWorkingCases
10:10:21.11 (16735441)|CODE_UNIT_FINISHED|Aura
10:10:21.11 (17685635)|EXECUTION_FINISHED
10:10:21.18 (18359334)|USER_INFO|[EXTERNAL]|0051I00000112gB|trent@testorg.com|Pacific Standard Time|GMT-08:00
10:10:21.18 (18371690)|EXECUTION_STARTED
10:10:21.18 (18373591)|CODE_UNIT_STARTED|[EXTERNAL]|Aura
10:10:21.18 (19038273)|CODE_UNIT_STARTED|[EXTERNAL]|01p1I00000Dc465|GetCaseController.getEscalatedCases
10:10:21.18 (19079575)|SYSTEM_MODE_ENTER|false
10:10:21.18 (19096241)|HEAP_ALLOCATE|[17]|Bytes:5
10:10:21.18 (19102129)|STATEMENT_EXECUTE|[16]
10:10:21.18 (19103650)|STATEMENT_EXECUTE|[17]
10:10:21.18 (19107105)|HEAP_ALLOCATE|[17]|Bytes:64
10:10:21.18 (19120707)|HEAP_ALLOCATE|[17]|Bytes:4
10:10:21.18 (19262769)|SOQL_EXECUTE_BEGIN|[17]|Aggregations:0|SELECT Id, Priority FROM Case WHERE Status = 'Escalated' LIMIT 4
10:10:21.18 (21457207)|SOQL_EXECUTE_END|[17]|Rows:0
10:10:21.18 (21480130)|HEAP_ALLOCATE|[17]|Bytes:4
10:10:21.18 (21491847)|HEAP_ALLOCATE|[17]|Bytes:0
10:10:21.18 (21526898)|HEAP_ALLOCATE|[17]|Bytes:4
10:10:21.18 (21544910)|VARIABLE_SCOPE_BEGIN|[17]|cases|List<Case>|true|false
10:10:21.18 (21567436)|VARIABLE_ASSIGNMENT|[17]|cases|[]|0x7617c6cf
10:10:21.18 (21576629)|STATEMENT_EXECUTE|[18]
10:10:21.18 (21586124)|SYSTEM_MODE_EXIT|false
10:10:21.21 (21607101)|CUMULATIVE_LIMIT_USAGE
10:10:21.21 (21607101)|LIMIT_USAGE_FOR_NS|(default)|
  Number of SOQL queries: 3 out of 100
  Number of query rows: 3 out of 50000
  Number of SOSL queries: 0 out of 20
  Number of DML statements: 0 out of 150
  Number of DML rows: 0 out of 10000
  Maximum CPU time: 0 out of 10000
  Maximum heap size: 0 out of 6000000
  Number of callouts: 0 out of 100
  Number of Email Invocations: 0 out of 10
  Number of future calls: 0 out of 50
  Number of queueable jobs added to the queue: 0 out of 50
  Number of Mobile Apex push calls: 0 out of 10

10:10:21.21 (21607101)|CUMULATIVE_LIMIT_USAGE_END

10:10:21.18 (21633180)|CODE_UNIT_FINISHED|GetCaseController.getEscalatedCases
10:10:21.18 (21681604)|CODE_UNIT_FINISHED|Aura
10:10:21.18 (22735687)|EXECUTION_FINISHED
10:10:21.23 (23470254)|USER_INFO|[EXTERNAL]|0051I00000112gB|trent@testorg.com|Pacific Standard Time|GMT-08:00
10:10:21.23 (23483644)|EXECUTION_STARTED
10:10:21.23 (23485924)|CODE_UNIT_STARTED|[EXTERNAL]|Aura
10:10:21.23 (24177443)|CODE_UNIT_STARTED|[EXTERNAL]|01p1I00000Dc465|GetCaseController.getClosedCases
10:10:21.23 (24222818)|SYSTEM_MODE_ENTER|false
10:10:21.23 (24239789)|HEAP_ALLOCATE|[23]|Bytes:5
10:10:21.23 (24245677)|STATEMENT_EXECUTE|[22]
10:10:21.23 (24247179)|STATEMENT_EXECUTE|[23]
10:10:21.23 (24249968)|HEAP_ALLOCATE|[23]|Bytes:61
10:10:21.23 (24263778)|HEAP_ALLOCATE|[23]|Bytes:4
10:10:21.23 (24405029)|SOQL_EXECUTE_BEGIN|[23]|Aggregations:0|SELECT Id, Priority FROM Case WHERE Status = 'Closed' LIMIT 4
10:10:21.23 (26668376)|SOQL_EXECUTE_END|[23]|Rows:4
10:10:21.23 (26685471)|HEAP_ALLOCATE|[23]|Bytes:20
10:10:21.23 (26703976)|HEAP_ALLOCATE|[23]|Bytes:181
10:10:21.23 (26735508)|HEAP_ALLOCATE|[23]|Bytes:20
10:10:21.23 (26750267)|VARIABLE_SCOPE_BEGIN|[23]|cases|List<Case>|true|false
10:10:21.23 (26790792)|VARIABLE_ASSIGNMENT|[23]|cases|[{"Id":"5001I000003mzcsQAA","Priority":"High"},{"Id":"5001I000003mzctQAA","Priority":"High"},{"Id":"5001I000003mzcvQAA","Priority":"Low"},{"Id":"5001I000003mzcwQAA","Priority":"Medium"}]|0x1267d92f
10:10:21.23 (26803643)|STATEMENT_EXECUTE|[24]
10:10:21.23 (26818790)|SYSTEM_MODE_EXIT|false
10:10:21.26 (26841914)|CUMULATIVE_LIMIT_USAGE
10:10:21.26 (26841914)|LIMIT_USAGE_FOR_NS|(default)|
  Number of SOQL queries: 4 out of 100
  Number of query rows: 7 out of 50000
  Number of SOSL queries: 0 out of 20
  Number of DML statements: 0 out of 150
  Number of DML rows: 0 out of 10000
  Maximum CPU time: 0 out of 10000
  Maximum heap size: 0 out of 6000000
  Number of callouts: 0 out of 100
  Number of Email Invocations: 0 out of 10
  Number of future calls: 0 out of 50
  Number of queueable jobs added to the queue: 0 out of 50
  Number of Mobile Apex push calls: 0 out of 10

10:10:21.26 (26841914)|CUMULATIVE_LIMIT_USAGE_END

10:10:21.23 (26872462)|CODE_UNIT_FINISHED|GetCaseController.getClosedCases
10:10:21.23 (26955630)|CODE_UNIT_FINISHED|Aura
10:10:21.23 (28004402)|EXECUTION_FINISHED
