41.0 APEX_CODE,FINEST;APEX_PROFILING,INFO;CALLOUT,INFO;DB,INFO;SYSTEM,DEBUG;VALIDATION,INFO;VISUALFORCE,INFO;WAVE,INFO;WORKFLOW,INFO
15:43:40.0 (325328)|USER_INFO|[EXTERNAL]|0051I00000112gB|trent@testorg.com|Pacific Standard Time|GMT-08:00
15:43:40.0 (359628)|EXECUTION_STARTED
15:43:40.0 (363539)|CODE_UNIT_STARTED|[EXTERNAL]|Aura
15:43:40.0 (1726241)|CODE_UNIT_STARTED|[EXTERNAL]|01p1I00000Dc465|GetCaseController.getNewCases
15:43:40.0 (2247948)|HEAP_ALLOCATE|[72]|Bytes:3
15:43:40.0 (2295891)|HEAP_ALLOCATE|[77]|Bytes:152
15:43:40.0 (2311857)|HEAP_ALLOCATE|[342]|Bytes:408
15:43:40.0 (2323602)|HEAP_ALLOCATE|[355]|Bytes:408
15:43:40.0 (2335437)|HEAP_ALLOCATE|[467]|Bytes:48
15:43:40.0 (2363833)|HEAP_ALLOCATE|[139]|Bytes:6
15:43:40.0 (2378712)|HEAP_ALLOCATE|[EXTERNAL]|Bytes:6
15:43:40.0 (2388536)|METHOD_ENTRY|[1]|01p1I00000Dc465|GetCaseController.GetCaseController()
15:43:40.0 (2394584)|STATEMENT_EXECUTE|[1]
15:43:40.0 (2400154)|STATEMENT_EXECUTE|[1]
15:43:40.0 (2430649)|HEAP_ALLOCATE|[50]|Bytes:5
15:43:40.0 (2455284)|HEAP_ALLOCATE|[56]|Bytes:5
15:43:40.0 (2461791)|HEAP_ALLOCATE|[64]|Bytes:7
15:43:40.0 (2483510)|SYSTEM_MODE_ENTER|false
15:43:40.0 (2497779)|HEAP_ALLOCATE|[EXTERNAL]|Bytes:5
15:43:40.0 (2504995)|SYSTEM_MODE_EXIT|false
15:43:40.0 (2512068)|METHOD_EXIT|[1]|GetCaseController
15:43:40.0 (2522659)|SYSTEM_MODE_ENTER|false
15:43:40.0 (2534663)|HEAP_ALLOCATE|[10]|Bytes:5
15:43:40.0 (2538288)|STATEMENT_EXECUTE|[9]
15:43:40.0 (2539323)|STATEMENT_EXECUTE|[10]
15:43:40.0 (2541840)|HEAP_ALLOCATE|[10]|Bytes:58
15:43:40.0 (2558712)|HEAP_ALLOCATE|[10]|Bytes:4
15:43:40.0 (3417026)|SOQL_EXECUTE_BEGIN|[10]|Aggregations:0|SELECT Id, Priority FROM Case WHERE Status = 'New' LIMIT 4
15:43:40.0 (13493875)|SOQL_EXECUTE_END|[10]|Rows:3
15:43:40.0 (13513948)|HEAP_ALLOCATE|[10]|Bytes:16
15:43:40.0 (13533223)|HEAP_ALLOCATE|[10]|Bytes:132
15:43:40.0 (13575942)|HEAP_ALLOCATE|[10]|Bytes:16
15:43:40.0 (13594095)|VARIABLE_SCOPE_BEGIN|[10]|cases|List<Case>|true|false
15:43:40.0 (13633510)|VARIABLE_ASSIGNMENT|[10]|cases|[{"Id":"5001I000003mzcuQAA","Priority":"Low"},{"Id":"5001I000003mzd8QAA","Priority":"Low"},{"Id":"5001I000003mzdGQAQ","Priority":"Low"}]|0x6592e78
15:43:40.0 (13642253)|STATEMENT_EXECUTE|[11]
15:43:40.0 (13650452)|SYSTEM_MODE_EXIT|false
15:43:40.13 (13672880)|CUMULATIVE_LIMIT_USAGE
15:43:40.13 (13672880)|LIMIT_USAGE_FOR_NS|(default)|
  Number of SOQL queries: 1 out of 100
  Number of query rows: 3 out of 50000
  Number of SOSL queries: 0 out of 20
  Number of DML statements: 0 out of 150
  Number of DML rows: 0 out of 10000
  Maximum CPU time: 0 out of 10000
  Maximum heap size: 0 out of 6000000
  Number of callouts: 0 out of 100
  Number of Email Invocations: 0 out of 10
  Number of future calls: 0 out of 50
  Number of queueable jobs added to the queue: 0 out of 50
  Number of Mobile Apex push calls: 0 out of 10

15:43:40.13 (13672880)|CUMULATIVE_LIMIT_USAGE_END

15:43:40.0 (13703515)|CODE_UNIT_FINISHED|GetCaseController.getNewCases
15:43:40.0 (13762175)|CODE_UNIT_FINISHED|Aura
15:43:40.0 (14818946)|EXECUTION_FINISHED
