41.0 APEX_CODE,FINEST;APEX_PROFILING,INFO;CALLOUT,INFO;DB,INFO;SYSTEM,DEBUG;VALIDATION,INFO;VISUALFORCE,INFO;WAVE,INFO;WORKFLOW,INFO
10:43:01.0 (58960)|USER_INFO|[EXTERNAL]|0051I00000112gB|trent@testorg.com|Pacific Standard Time|GMT-08:00
10:43:01.0 (100640)|EXECUTION_STARTED
10:43:01.0 (105002)|CODE_UNIT_STARTED|[EXTERNAL]|Aura
10:43:01.0 (1080000)|CODE_UNIT_STARTED|[EXTERNAL]|01p1I00000Dc465|GetCaseController.getNewCases
10:43:01.0 (1226480)|HEAP_ALLOCATE|[72]|Bytes:3
10:43:01.0 (1262158)|HEAP_ALLOCATE|[77]|Bytes:152
10:43:01.0 (1278778)|HEAP_ALLOCATE|[342]|Bytes:408
10:43:01.0 (1293757)|HEAP_ALLOCATE|[355]|Bytes:408
10:43:01.0 (1306470)|HEAP_ALLOCATE|[467]|Bytes:48
10:43:01.0 (1333637)|HEAP_ALLOCATE|[139]|Bytes:6
10:43:01.0 (1384406)|HEAP_ALLOCATE|[EXTERNAL]|Bytes:13
10:43:01.0 (1396394)|METHOD_ENTRY|[1]|01p1I00000Dc465|GetCaseController.GetCaseController()
10:43:01.0 (1402514)|STATEMENT_EXECUTE|[1]
10:43:01.0 (1407973)|STATEMENT_EXECUTE|[1]
10:43:01.0 (1438182)|HEAP_ALLOCATE|[50]|Bytes:5
10:43:01.0 (1457817)|HEAP_ALLOCATE|[56]|Bytes:5
10:43:01.0 (1465020)|HEAP_ALLOCATE|[64]|Bytes:7
10:43:01.0 (1486791)|SYSTEM_MODE_ENTER|false
10:43:01.0 (1502564)|HEAP_ALLOCATE|[EXTERNAL]|Bytes:5
10:43:01.0 (1508526)|SYSTEM_MODE_EXIT|false
10:43:01.0 (1515539)|METHOD_EXIT|[1]|GetCaseController
10:43:01.0 (1525358)|SYSTEM_MODE_ENTER|false
10:43:01.0 (1536066)|HEAP_ALLOCATE|[5]|Bytes:5
10:43:01.0 (1540429)|STATEMENT_EXECUTE|[4]
10:43:01.0 (1541782)|STATEMENT_EXECUTE|[5]
10:43:01.0 (1545321)|HEAP_ALLOCATE|[5]|Bytes:50
10:43:01.0 (1558694)|HEAP_ALLOCATE|[5]|Bytes:4
10:43:01.0 (1914338)|SOQL_EXECUTE_BEGIN|[5]|Aggregations:0|SELECT Id, Priority FROM Case WHERE Status = 'New'
10:43:01.0 (5755313)|SOQL_EXECUTE_END|[5]|Rows:3
10:43:01.0 (5778824)|HEAP_ALLOCATE|[5]|Bytes:16
10:43:01.0 (5793467)|HEAP_ALLOCATE|[5]|Bytes:132
10:43:01.0 (5860736)|HEAP_ALLOCATE|[5]|Bytes:16
10:43:01.0 (5882859)|VARIABLE_SCOPE_BEGIN|[5]|cases|List<Case>|true|false
10:43:01.0 (5929655)|VARIABLE_ASSIGNMENT|[5]|cases|[{"Id":"5001I000003mzcuQAA","Priority":"Low"},{"Id":"5001I000003mzd8QAA","Priority":"Low"},{"Id":"5001I000003mzdGQAQ","Priority":"Low"}]|0x79e3a4a4
10:43:01.0 (5937539)|STATEMENT_EXECUTE|[6]
10:43:01.0 (5962815)|SYSTEM_MODE_EXIT|false
10:43:01.5 (5990282)|CUMULATIVE_LIMIT_USAGE
10:43:01.5 (5990282)|LIMIT_USAGE_FOR_NS|(default)|
  Number of SOQL queries: 1 out of 100
  Number of query rows: 3 out of 50000
  Number of SOSL queries: 0 out of 20
  Number of DML statements: 0 out of 150
  Number of DML rows: 0 out of 10000
  Maximum CPU time: 0 out of 10000
  Maximum heap size: 0 out of 6000000
  Number of callouts: 0 out of 100
  Number of Email Invocations: 0 out of 10
  Number of future calls: 0 out of 50
  Number of queueable jobs added to the queue: 0 out of 50
  Number of Mobile Apex push calls: 0 out of 10

10:43:01.5 (5990282)|CUMULATIVE_LIMIT_USAGE_END

10:43:01.0 (6026570)|CODE_UNIT_FINISHED|GetCaseController.getNewCases
10:43:01.0 (6093466)|CODE_UNIT_FINISHED|Aura
10:43:01.0 (7188969)|EXECUTION_FINISHED
10:43:01.8 (8568025)|USER_INFO|[EXTERNAL]|0051I00000112gB|trent@testorg.com|Pacific Standard Time|GMT-08:00
10:43:01.8 (8580932)|EXECUTION_STARTED
10:43:01.8 (8587422)|CODE_UNIT_STARTED|[EXTERNAL]|Aura
10:43:01.8 (9270114)|CODE_UNIT_STARTED|[EXTERNAL]|01p1I00000Dc465|GetCaseController.getWorkingCases
10:43:01.8 (9312309)|SYSTEM_MODE_ENTER|false
10:43:01.8 (9330365)|HEAP_ALLOCATE|[11]|Bytes:5
10:43:01.8 (9337152)|STATEMENT_EXECUTE|[10]
10:43:01.8 (9339173)|STATEMENT_EXECUTE|[11]
10:43:01.8 (9342601)|HEAP_ALLOCATE|[11]|Bytes:62
10:43:01.8 (9357438)|HEAP_ALLOCATE|[11]|Bytes:4
10:43:01.8 (9533272)|SOQL_EXECUTE_BEGIN|[11]|Aggregations:0|SELECT Id, Priority FROM Case WHERE Status = 'Working' LIMIT 4
10:43:01.8 (11626490)|SOQL_EXECUTE_END|[11]|Rows:0
10:43:01.8 (11650723)|HEAP_ALLOCATE|[11]|Bytes:4
10:43:01.8 (11659178)|HEAP_ALLOCATE|[11]|Bytes:0
10:43:01.8 (11687501)|HEAP_ALLOCATE|[11]|Bytes:4
10:43:01.8 (11699914)|VARIABLE_SCOPE_BEGIN|[11]|cases|List<Case>|true|false
10:43:01.8 (11718030)|VARIABLE_ASSIGNMENT|[11]|cases|[]|0x24430b95
10:43:01.8 (11727438)|STATEMENT_EXECUTE|[12]
10:43:01.8 (11734603)|SYSTEM_MODE_EXIT|false
10:43:01.11 (11747581)|CUMULATIVE_LIMIT_USAGE
10:43:01.11 (11747581)|LIMIT_USAGE_FOR_NS|(default)|
  Number of SOQL queries: 2 out of 100
  Number of query rows: 3 out of 50000
  Number of SOSL queries: 0 out of 20
  Number of DML statements: 0 out of 150
  Number of DML rows: 0 out of 10000
  Maximum CPU time: 0 out of 10000
  Maximum heap size: 0 out of 6000000
  Number of callouts: 0 out of 100
  Number of Email Invocations: 0 out of 10
  Number of future calls: 0 out of 50
  Number of queueable jobs added to the queue: 0 out of 50
  Number of Mobile Apex push calls: 0 out of 10

10:43:01.11 (11747581)|CUMULATIVE_LIMIT_USAGE_END

10:43:01.8 (11770266)|CODE_UNIT_FINISHED|GetCaseController.getWorkingCases
10:43:01.8 (11812411)|CODE_UNIT_FINISHED|Aura
10:43:01.8 (33743995)|EXECUTION_FINISHED
10:43:01.34 (34649196)|USER_INFO|[EXTERNAL]|0051I00000112gB|trent@testorg.com|Pacific Standard Time|GMT-08:00
10:43:01.34 (34685321)|EXECUTION_STARTED
10:43:01.34 (34688698)|CODE_UNIT_STARTED|[EXTERNAL]|Aura
10:43:01.34 (35421675)|CODE_UNIT_STARTED|[EXTERNAL]|01p1I00000Dc465|GetCaseController.getEscalatedCases
10:43:01.34 (35494751)|SYSTEM_MODE_ENTER|false
10:43:01.34 (35537025)|HEAP_ALLOCATE|[17]|Bytes:5
10:43:01.34 (35547892)|STATEMENT_EXECUTE|[16]
10:43:01.34 (35550504)|STATEMENT_EXECUTE|[17]
10:43:01.34 (35557213)|HEAP_ALLOCATE|[17]|Bytes:64
10:43:01.34 (35593032)|HEAP_ALLOCATE|[17]|Bytes:4
10:43:01.34 (35873532)|SOQL_EXECUTE_BEGIN|[17]|Aggregations:0|SELECT Id, Priority FROM Case WHERE Status = 'Escalated' LIMIT 4
10:43:01.34 (39467805)|SOQL_EXECUTE_END|[17]|Rows:0
10:43:01.34 (39489229)|HEAP_ALLOCATE|[17]|Bytes:4
10:43:01.34 (39500125)|HEAP_ALLOCATE|[17]|Bytes:0
10:43:01.34 (39556706)|HEAP_ALLOCATE|[17]|Bytes:4
10:43:01.34 (39571961)|VARIABLE_SCOPE_BEGIN|[17]|cases|List<Case>|true|false
10:43:01.34 (39602823)|VARIABLE_ASSIGNMENT|[17]|cases|[]|0x4c010ad2
10:43:01.34 (39609927)|STATEMENT_EXECUTE|[18]
10:43:01.34 (39626835)|SYSTEM_MODE_EXIT|false
10:43:01.39 (39653470)|CUMULATIVE_LIMIT_USAGE
10:43:01.39 (39653470)|LIMIT_USAGE_FOR_NS|(default)|
  Number of SOQL queries: 3 out of 100
  Number of query rows: 3 out of 50000
  Number of SOSL queries: 0 out of 20
  Number of DML statements: 0 out of 150
  Number of DML rows: 0 out of 10000
  Maximum CPU time: 0 out of 10000
  Maximum heap size: 0 out of 6000000
  Number of callouts: 0 out of 100
  Number of Email Invocations: 0 out of 10
  Number of future calls: 0 out of 50
  Number of queueable jobs added to the queue: 0 out of 50
  Number of Mobile Apex push calls: 0 out of 10

10:43:01.39 (39653470)|CUMULATIVE_LIMIT_USAGE_END

10:43:01.34 (39688827)|CODE_UNIT_FINISHED|GetCaseController.getEscalatedCases
10:43:01.34 (39748401)|CODE_UNIT_FINISHED|Aura
10:43:01.34 (40781736)|EXECUTION_FINISHED
10:43:01.41 (41450660)|USER_INFO|[EXTERNAL]|0051I00000112gB|trent@testorg.com|Pacific Standard Time|GMT-08:00
10:43:01.41 (41463075)|EXECUTION_STARTED
10:43:01.41 (41465295)|CODE_UNIT_STARTED|[EXTERNAL]|Aura
10:43:01.41 (42276270)|CODE_UNIT_STARTED|[EXTERNAL]|01p1I00000Dc465|GetCaseController.getClosedCases
10:43:01.41 (42312126)|SYSTEM_MODE_ENTER|false
10:43:01.41 (42328799)|HEAP_ALLOCATE|[23]|Bytes:5
10:43:01.41 (42334620)|STATEMENT_EXECUTE|[22]
10:43:01.41 (42336841)|STATEMENT_EXECUTE|[23]
10:43:01.41 (42345099)|HEAP_ALLOCATE|[23]|Bytes:61
10:43:01.41 (42357913)|HEAP_ALLOCATE|[23]|Bytes:4
10:43:01.41 (42496220)|SOQL_EXECUTE_BEGIN|[23]|Aggregations:0|SELECT Id, Priority FROM Case WHERE Status = 'Closed' LIMIT 4
10:43:01.41 (44785307)|SOQL_EXECUTE_END|[23]|Rows:4
10:43:01.41 (44801301)|HEAP_ALLOCATE|[23]|Bytes:20
10:43:01.41 (44821560)|HEAP_ALLOCATE|[23]|Bytes:181
10:43:01.41 (44851412)|HEAP_ALLOCATE|[23]|Bytes:20
10:43:01.41 (44862310)|VARIABLE_SCOPE_BEGIN|[23]|cases|List<Case>|true|false
10:43:01.41 (44901007)|VARIABLE_ASSIGNMENT|[23]|cases|[{"Id":"5001I000003mzcsQAA","Priority":"High"},{"Id":"5001I000003mzctQAA","Priority":"High"},{"Id":"5001I000003mzcvQAA","Priority":"Low"},{"Id":"5001I000003mzcwQAA","Priority":"Medium"}]|0x15b46621
10:43:01.41 (44909664)|STATEMENT_EXECUTE|[24]
10:43:01.41 (44916980)|SYSTEM_MODE_EXIT|false
10:43:01.44 (44930135)|CUMULATIVE_LIMIT_USAGE
10:43:01.44 (44930135)|LIMIT_USAGE_FOR_NS|(default)|
  Number of SOQL queries: 4 out of 100
  Number of query rows: 7 out of 50000
  Number of SOSL queries: 0 out of 20
  Number of DML statements: 0 out of 150
  Number of DML rows: 0 out of 10000
  Maximum CPU time: 0 out of 10000
  Maximum heap size: 0 out of 6000000
  Number of callouts: 0 out of 100
  Number of Email Invocations: 0 out of 10
  Number of future calls: 0 out of 50
  Number of queueable jobs added to the queue: 0 out of 50
  Number of Mobile Apex push calls: 0 out of 10

10:43:01.44 (44930135)|CUMULATIVE_LIMIT_USAGE_END

10:43:01.41 (44952386)|CODE_UNIT_FINISHED|GetCaseController.getClosedCases
10:43:01.41 (45038612)|CODE_UNIT_FINISHED|Aura
10:43:01.41 (46092846)|EXECUTION_FINISHED
