41.0 APEX_CODE,FINEST;APEX_PROFILING,INFO;CALLOUT,INFO;DB,INFO;SYSTEM,DEBUG;VALIDATION,INFO;VISUALFORCE,INFO;WAVE,INFO;WORKFLOW,INFO
10:25:07.0 (335552)|USER_INFO|[EXTERNAL]|0051I00000112gB|trent@testorg.com|Pacific Standard Time|GMT-08:00
10:25:07.0 (532239)|EXECUTION_STARTED
10:25:07.0 (536400)|CODE_UNIT_STARTED|[EXTERNAL]|Aura
10:25:07.0 (1873982)|CODE_UNIT_STARTED|[EXTERNAL]|01p1I00000Dc465|GetCaseController.getNewCases
10:25:07.0 (2423166)|HEAP_ALLOCATE|[72]|Bytes:3
10:25:07.0 (2476368)|HEAP_ALLOCATE|[77]|Bytes:152
10:25:07.0 (2492264)|HEAP_ALLOCATE|[342]|Bytes:408
10:25:07.0 (2507052)|HEAP_ALLOCATE|[355]|Bytes:408
10:25:07.0 (2520260)|HEAP_ALLOCATE|[467]|Bytes:48
10:25:07.0 (2571687)|HEAP_ALLOCATE|[139]|Bytes:6
10:25:07.0 (2637798)|HEAP_ALLOCATE|[EXTERNAL]|Bytes:13
10:25:07.0 (2674109)|METHOD_ENTRY|[1]|01p1I00000Dc465|GetCaseController.GetCaseController()
10:25:07.0 (2679973)|STATEMENT_EXECUTE|[1]
10:25:07.0 (2685120)|STATEMENT_EXECUTE|[1]
10:25:07.0 (2712955)|HEAP_ALLOCATE|[50]|Bytes:5
10:25:07.0 (2733637)|HEAP_ALLOCATE|[56]|Bytes:5
10:25:07.0 (2740565)|HEAP_ALLOCATE|[64]|Bytes:7
10:25:07.0 (2763241)|SYSTEM_MODE_ENTER|false
10:25:07.0 (2866502)|HEAP_ALLOCATE|[EXTERNAL]|Bytes:5
10:25:07.0 (2874494)|SYSTEM_MODE_EXIT|false
10:25:07.0 (2895920)|METHOD_EXIT|[1]|GetCaseController
10:25:07.0 (2910587)|SYSTEM_MODE_ENTER|false
10:25:07.0 (2922704)|HEAP_ALLOCATE|[5]|Bytes:5
10:25:07.0 (2926880)|STATEMENT_EXECUTE|[4]
10:25:07.0 (2928149)|STATEMENT_EXECUTE|[5]
10:25:07.0 (2930318)|HEAP_ALLOCATE|[5]|Bytes:50
10:25:07.0 (2946315)|HEAP_ALLOCATE|[5]|Bytes:4
10:25:07.0 (3886032)|SOQL_EXECUTE_BEGIN|[5]|Aggregations:0|SELECT Id, Priority FROM Case WHERE Status = 'New'
10:25:07.0 (7778560)|SOQL_EXECUTE_END|[5]|Rows:3
10:25:07.0 (7796872)|HEAP_ALLOCATE|[5]|Bytes:16
10:25:07.0 (7814524)|HEAP_ALLOCATE|[5]|Bytes:132
10:25:07.0 (7903615)|HEAP_ALLOCATE|[5]|Bytes:16
10:25:07.0 (7917493)|VARIABLE_SCOPE_BEGIN|[5]|cases|List<Case>|true|false
10:25:07.0 (7956579)|VARIABLE_ASSIGNMENT|[5]|cases|[{"Id":"5001I000003mzcuQAA","Priority":"Low"},{"Id":"5001I000003mzd8QAA","Priority":"Low"},{"Id":"5001I000003mzdGQAQ","Priority":"Low"}]|0x664db2f5
10:25:07.0 (7963842)|STATEMENT_EXECUTE|[6]
10:25:07.0 (7989698)|SYSTEM_MODE_EXIT|false
10:25:07.8 (8014974)|CUMULATIVE_LIMIT_USAGE
10:25:07.8 (8014974)|LIMIT_USAGE_FOR_NS|(default)|
  Number of SOQL queries: 1 out of 100
  Number of query rows: 3 out of 50000
  Number of SOSL queries: 0 out of 20
  Number of DML statements: 0 out of 150
  Number of DML rows: 0 out of 10000
  Maximum CPU time: 0 out of 10000
  Maximum heap size: 0 out of 6000000
  Number of callouts: 0 out of 100
  Number of Email Invocations: 0 out of 10
  Number of future calls: 0 out of 50
  Number of queueable jobs added to the queue: 0 out of 50
  Number of Mobile Apex push calls: 0 out of 10

10:25:07.8 (8014974)|CUMULATIVE_LIMIT_USAGE_END

10:25:07.0 (8050864)|CODE_UNIT_FINISHED|GetCaseController.getNewCases
10:25:07.0 (8117664)|CODE_UNIT_FINISHED|Aura
10:25:07.0 (9155804)|EXECUTION_FINISHED
10:25:07.11 (11601460)|USER_INFO|[EXTERNAL]|0051I00000112gB|trent@testorg.com|Pacific Standard Time|GMT-08:00
10:25:07.11 (11616226)|EXECUTION_STARTED
10:25:07.11 (11618988)|CODE_UNIT_STARTED|[EXTERNAL]|Aura
10:25:07.11 (12314116)|CODE_UNIT_STARTED|[EXTERNAL]|01p1I00000Dc465|GetCaseController.getWorkingCases
10:25:07.11 (12359693)|SYSTEM_MODE_ENTER|false
10:25:07.11 (12376749)|HEAP_ALLOCATE|[11]|Bytes:5
10:25:07.11 (12382951)|STATEMENT_EXECUTE|[10]
10:25:07.11 (12384407)|STATEMENT_EXECUTE|[11]
10:25:07.11 (12387189)|HEAP_ALLOCATE|[11]|Bytes:62
10:25:07.11 (12399702)|HEAP_ALLOCATE|[11]|Bytes:4
10:25:07.11 (12535980)|SOQL_EXECUTE_BEGIN|[11]|Aggregations:0|SELECT Id, Priority FROM Case WHERE Status = 'Working' LIMIT 4
10:25:07.11 (14564771)|SOQL_EXECUTE_END|[11]|Rows:0
10:25:07.11 (14582974)|HEAP_ALLOCATE|[11]|Bytes:4
10:25:07.11 (14591706)|HEAP_ALLOCATE|[11]|Bytes:0
10:25:07.11 (14618109)|HEAP_ALLOCATE|[11]|Bytes:4
10:25:07.11 (14628073)|VARIABLE_SCOPE_BEGIN|[11]|cases|List<Case>|true|false
10:25:07.11 (14644656)|VARIABLE_ASSIGNMENT|[11]|cases|[]|0x5c5448d9
10:25:07.11 (14650597)|STATEMENT_EXECUTE|[12]
10:25:07.11 (14657946)|SYSTEM_MODE_EXIT|false
10:25:07.14 (14671143)|CUMULATIVE_LIMIT_USAGE
10:25:07.14 (14671143)|LIMIT_USAGE_FOR_NS|(default)|
  Number of SOQL queries: 2 out of 100
  Number of query rows: 3 out of 50000
  Number of SOSL queries: 0 out of 20
  Number of DML statements: 0 out of 150
  Number of DML rows: 0 out of 10000
  Maximum CPU time: 0 out of 10000
  Maximum heap size: 0 out of 6000000
  Number of callouts: 0 out of 100
  Number of Email Invocations: 0 out of 10
  Number of future calls: 0 out of 50
  Number of queueable jobs added to the queue: 0 out of 50
  Number of Mobile Apex push calls: 0 out of 10

10:25:07.14 (14671143)|CUMULATIVE_LIMIT_USAGE_END

10:25:07.11 (14692620)|CODE_UNIT_FINISHED|GetCaseController.getWorkingCases
10:25:07.11 (14725859)|CODE_UNIT_FINISHED|Aura
10:25:07.11 (15665368)|EXECUTION_FINISHED
10:25:07.16 (16357353)|USER_INFO|[EXTERNAL]|0051I00000112gB|trent@testorg.com|Pacific Standard Time|GMT-08:00
10:25:07.16 (16368409)|EXECUTION_STARTED
10:25:07.16 (16370415)|CODE_UNIT_STARTED|[EXTERNAL]|Aura
10:25:07.16 (17048582)|CODE_UNIT_STARTED|[EXTERNAL]|01p1I00000Dc465|GetCaseController.getEscalatedCases
10:25:07.16 (17085084)|SYSTEM_MODE_ENTER|false
10:25:07.16 (17100901)|HEAP_ALLOCATE|[17]|Bytes:5
10:25:07.16 (17106336)|STATEMENT_EXECUTE|[16]
10:25:07.16 (17107889)|STATEMENT_EXECUTE|[17]
10:25:07.16 (17110767)|HEAP_ALLOCATE|[17]|Bytes:64
10:25:07.16 (17122364)|HEAP_ALLOCATE|[17]|Bytes:4
10:25:07.16 (17246949)|SOQL_EXECUTE_BEGIN|[17]|Aggregations:0|SELECT Id, Priority FROM Case WHERE Status = 'Escalated' LIMIT 4
10:25:07.16 (19154673)|SOQL_EXECUTE_END|[17]|Rows:0
10:25:07.16 (19172505)|HEAP_ALLOCATE|[17]|Bytes:4
10:25:07.16 (19181224)|HEAP_ALLOCATE|[17]|Bytes:0
10:25:07.16 (19208229)|HEAP_ALLOCATE|[17]|Bytes:4
10:25:07.16 (19218036)|VARIABLE_SCOPE_BEGIN|[17]|cases|List<Case>|true|false
10:25:07.16 (19232718)|VARIABLE_ASSIGNMENT|[17]|cases|[]|0x4eb72799
10:25:07.16 (19238346)|STATEMENT_EXECUTE|[18]
10:25:07.16 (19245361)|SYSTEM_MODE_EXIT|false
10:25:07.19 (19257487)|CUMULATIVE_LIMIT_USAGE
10:25:07.19 (19257487)|LIMIT_USAGE_FOR_NS|(default)|
  Number of SOQL queries: 3 out of 100
  Number of query rows: 3 out of 50000
  Number of SOSL queries: 0 out of 20
  Number of DML statements: 0 out of 150
  Number of DML rows: 0 out of 10000
  Maximum CPU time: 0 out of 10000
  Maximum heap size: 0 out of 6000000
  Number of callouts: 0 out of 100
  Number of Email Invocations: 0 out of 10
  Number of future calls: 0 out of 50
  Number of queueable jobs added to the queue: 0 out of 50
  Number of Mobile Apex push calls: 0 out of 10

10:25:07.19 (19257487)|CUMULATIVE_LIMIT_USAGE_END

10:25:07.16 (19275466)|CODE_UNIT_FINISHED|GetCaseController.getEscalatedCases
10:25:07.16 (19307660)|CODE_UNIT_FINISHED|Aura
10:25:07.16 (20303540)|EXECUTION_FINISHED
10:25:07.21 (21000247)|USER_INFO|[EXTERNAL]|0051I00000112gB|trent@testorg.com|Pacific Standard Time|GMT-08:00
10:25:07.21 (21011919)|EXECUTION_STARTED
10:25:07.21 (21013975)|CODE_UNIT_STARTED|[EXTERNAL]|Aura
10:25:07.21 (21884311)|CODE_UNIT_STARTED|[EXTERNAL]|01p1I00000Dc465|GetCaseController.getClosedCases
10:25:07.21 (21919111)|SYSTEM_MODE_ENTER|false
10:25:07.21 (21934340)|HEAP_ALLOCATE|[23]|Bytes:5
10:25:07.21 (21939865)|STATEMENT_EXECUTE|[22]
10:25:07.21 (21941315)|STATEMENT_EXECUTE|[23]
10:25:07.21 (21943789)|HEAP_ALLOCATE|[23]|Bytes:61
10:25:07.21 (21956512)|HEAP_ALLOCATE|[23]|Bytes:4
10:25:07.21 (22080802)|SOQL_EXECUTE_BEGIN|[23]|Aggregations:0|SELECT Id, Priority FROM Case WHERE Status = 'Closed' LIMIT 4
10:25:07.21 (24138447)|SOQL_EXECUTE_END|[23]|Rows:4
10:25:07.21 (24153868)|HEAP_ALLOCATE|[23]|Bytes:20
10:25:07.21 (24170803)|HEAP_ALLOCATE|[23]|Bytes:181
10:25:07.21 (24197548)|HEAP_ALLOCATE|[23]|Bytes:20
10:25:07.21 (24207479)|VARIABLE_SCOPE_BEGIN|[23]|cases|List<Case>|true|false
10:25:07.21 (24231758)|VARIABLE_ASSIGNMENT|[23]|cases|[{"Id":"5001I000003mzcsQAA","Priority":"High"},{"Id":"5001I000003mzctQAA","Priority":"High"},{"Id":"5001I000003mzcvQAA","Priority":"Low"},{"Id":"5001I000003mzcwQAA","Priority":"Medium"}]|0x6c1cb6a9
10:25:07.21 (24239302)|STATEMENT_EXECUTE|[24]
10:25:07.21 (24246247)|SYSTEM_MODE_EXIT|false
10:25:07.24 (24258552)|CUMULATIVE_LIMIT_USAGE
10:25:07.24 (24258552)|LIMIT_USAGE_FOR_NS|(default)|
  Number of SOQL queries: 4 out of 100
  Number of query rows: 7 out of 50000
  Number of SOSL queries: 0 out of 20
  Number of DML statements: 0 out of 150
  Number of DML rows: 0 out of 10000
  Maximum CPU time: 0 out of 10000
  Maximum heap size: 0 out of 6000000
  Number of callouts: 0 out of 100
  Number of Email Invocations: 0 out of 10
  Number of future calls: 0 out of 50
  Number of queueable jobs added to the queue: 0 out of 50
  Number of Mobile Apex push calls: 0 out of 10

10:25:07.24 (24258552)|CUMULATIVE_LIMIT_USAGE_END

10:25:07.21 (24277022)|CODE_UNIT_FINISHED|GetCaseController.getClosedCases
10:25:07.21 (24323751)|CODE_UNIT_FINISHED|Aura
10:25:07.21 (25289363)|EXECUTION_FINISHED
