41.0 APEX_CODE,FINEST;APEX_PROFILING,INFO;CALLOUT,INFO;DB,INFO;SYSTEM,DEBUG;VALIDATION,INFO;VISUALFORCE,INFO;WAVE,INFO;WORKFLOW,INFO
10:50:33.0 (301510)|USER_INFO|[EXTERNAL]|0051I00000112gB|trent@testorg.com|Pacific Standard Time|GMT-08:00
10:50:33.0 (334107)|EXECUTION_STARTED
10:50:33.0 (339572)|CODE_UNIT_STARTED|[EXTERNAL]|Aura
10:50:33.0 (1655881)|CODE_UNIT_STARTED|[EXTERNAL]|01p1I00000Dc465|GetCaseController.getNewCases
10:50:33.0 (2268755)|HEAP_ALLOCATE|[72]|Bytes:3
10:50:33.0 (2322986)|HEAP_ALLOCATE|[77]|Bytes:152
10:50:33.0 (2339915)|HEAP_ALLOCATE|[342]|Bytes:408
10:50:33.0 (2351734)|HEAP_ALLOCATE|[355]|Bytes:408
10:50:33.0 (2361674)|HEAP_ALLOCATE|[467]|Bytes:48
10:50:33.0 (2388724)|HEAP_ALLOCATE|[139]|Bytes:6
10:50:33.0 (2403397)|HEAP_ALLOCATE|[EXTERNAL]|Bytes:13
10:50:33.0 (2414511)|METHOD_ENTRY|[1]|01p1I00000Dc465|GetCaseController.GetCaseController()
10:50:33.0 (2420386)|STATEMENT_EXECUTE|[1]
10:50:33.0 (2426423)|STATEMENT_EXECUTE|[1]
10:50:33.0 (2461085)|HEAP_ALLOCATE|[50]|Bytes:5
10:50:33.0 (2484989)|HEAP_ALLOCATE|[56]|Bytes:5
10:50:33.0 (2491414)|HEAP_ALLOCATE|[64]|Bytes:7
10:50:33.0 (2512141)|SYSTEM_MODE_ENTER|false
10:50:33.0 (2527583)|HEAP_ALLOCATE|[EXTERNAL]|Bytes:5
10:50:33.0 (2536264)|SYSTEM_MODE_EXIT|false
10:50:33.0 (2544673)|METHOD_EXIT|[1]|GetCaseController
10:50:33.0 (2557594)|SYSTEM_MODE_ENTER|false
10:50:33.0 (2571396)|HEAP_ALLOCATE|[5]|Bytes:5
10:50:33.0 (2575756)|STATEMENT_EXECUTE|[4]
10:50:33.0 (2577014)|STATEMENT_EXECUTE|[5]
10:50:33.0 (2579161)|HEAP_ALLOCATE|[5]|Bytes:50
10:50:33.0 (2602481)|HEAP_ALLOCATE|[5]|Bytes:4
10:50:33.0 (3558822)|SOQL_EXECUTE_BEGIN|[5]|Aggregations:0|SELECT Id, Priority FROM Case WHERE Status = 'New'
10:50:33.0 (7968216)|SOQL_EXECUTE_END|[5]|Rows:3
10:50:33.0 (7988975)|HEAP_ALLOCATE|[5]|Bytes:16
10:50:33.0 (8007876)|HEAP_ALLOCATE|[5]|Bytes:132
10:50:33.0 (8062460)|HEAP_ALLOCATE|[5]|Bytes:16
10:50:33.0 (8077075)|VARIABLE_SCOPE_BEGIN|[5]|cases|List<Case>|true|false
10:50:33.0 (8126241)|VARIABLE_ASSIGNMENT|[5]|cases|[{"Id":"5001I000003mzcuQAA","Priority":"Low"},{"Id":"5001I000003mzd8QAA","Priority":"Low"},{"Id":"5001I000003mzdGQAQ","Priority":"Low"}]|0x63a87366
10:50:33.0 (8138426)|STATEMENT_EXECUTE|[6]
10:50:33.0 (8151936)|SYSTEM_MODE_EXIT|false
10:50:33.8 (8183772)|CUMULATIVE_LIMIT_USAGE
10:50:33.8 (8183772)|LIMIT_USAGE_FOR_NS|(default)|
  Number of SOQL queries: 1 out of 100
  Number of query rows: 3 out of 50000
  Number of SOSL queries: 0 out of 20
  Number of DML statements: 0 out of 150
  Number of DML rows: 0 out of 10000
  Maximum CPU time: 0 out of 10000
  Maximum heap size: 0 out of 6000000
  Number of callouts: 0 out of 100
  Number of Email Invocations: 0 out of 10
  Number of future calls: 0 out of 50
  Number of queueable jobs added to the queue: 0 out of 50
  Number of Mobile Apex push calls: 0 out of 10

10:50:33.8 (8183772)|CUMULATIVE_LIMIT_USAGE_END

10:50:33.0 (8226362)|CODE_UNIT_FINISHED|GetCaseController.getNewCases
10:50:33.0 (8323424)|CODE_UNIT_FINISHED|Aura
10:50:33.0 (9406573)|EXECUTION_FINISHED
10:50:33.10 (10892686)|USER_INFO|[EXTERNAL]|0051I00000112gB|trent@testorg.com|Pacific Standard Time|GMT-08:00
10:50:33.10 (10910506)|EXECUTION_STARTED
10:50:33.10 (10914134)|CODE_UNIT_STARTED|[EXTERNAL]|Aura
10:50:33.10 (11616615)|CODE_UNIT_STARTED|[EXTERNAL]|01p1I00000Dc465|GetCaseController.getWorkingCases
10:50:33.10 (11679994)|SYSTEM_MODE_ENTER|false
10:50:33.10 (11708234)|HEAP_ALLOCATE|[11]|Bytes:5
10:50:33.10 (11716672)|STATEMENT_EXECUTE|[10]
10:50:33.10 (11718734)|STATEMENT_EXECUTE|[11]
10:50:33.10 (11723642)|HEAP_ALLOCATE|[11]|Bytes:62
10:50:33.10 (11745752)|HEAP_ALLOCATE|[11]|Bytes:4
10:50:33.10 (11926624)|SOQL_EXECUTE_BEGIN|[11]|Aggregations:0|SELECT Id, Priority FROM Case WHERE Status = 'Working' LIMIT 4
10:50:33.10 (16397084)|SOQL_EXECUTE_END|[11]|Rows:0
10:50:33.10 (16422806)|HEAP_ALLOCATE|[11]|Bytes:4
10:50:33.10 (16433229)|HEAP_ALLOCATE|[11]|Bytes:0
10:50:33.10 (16473925)|HEAP_ALLOCATE|[11]|Bytes:4
10:50:33.10 (16488586)|VARIABLE_SCOPE_BEGIN|[11]|cases|List<Case>|true|false
10:50:33.10 (16514071)|VARIABLE_ASSIGNMENT|[11]|cases|[]|0xcbf7455
10:50:33.10 (16520858)|STATEMENT_EXECUTE|[12]
10:50:33.10 (16530900)|SYSTEM_MODE_EXIT|false
10:50:33.16 (16553757)|CUMULATIVE_LIMIT_USAGE
10:50:33.16 (16553757)|LIMIT_USAGE_FOR_NS|(default)|
  Number of SOQL queries: 2 out of 100
  Number of query rows: 3 out of 50000
  Number of SOSL queries: 0 out of 20
  Number of DML statements: 0 out of 150
  Number of DML rows: 0 out of 10000
  Maximum CPU time: 0 out of 10000
  Maximum heap size: 0 out of 6000000
  Number of callouts: 0 out of 100
  Number of Email Invocations: 0 out of 10
  Number of future calls: 0 out of 50
  Number of queueable jobs added to the queue: 0 out of 50
  Number of Mobile Apex push calls: 0 out of 10

10:50:33.16 (16553757)|CUMULATIVE_LIMIT_USAGE_END

10:50:33.10 (16583904)|CODE_UNIT_FINISHED|GetCaseController.getWorkingCases
10:50:33.10 (16637504)|CODE_UNIT_FINISHED|Aura
10:50:33.10 (17650251)|EXECUTION_FINISHED
10:50:33.18 (18348675)|USER_INFO|[EXTERNAL]|0051I00000112gB|trent@testorg.com|Pacific Standard Time|GMT-08:00
10:50:33.18 (18360803)|EXECUTION_STARTED
10:50:33.18 (18363234)|CODE_UNIT_STARTED|[EXTERNAL]|Aura
10:50:33.18 (19051866)|CODE_UNIT_STARTED|[EXTERNAL]|01p1I00000Dc465|GetCaseController.getEscalatedCases
10:50:33.18 (19097482)|SYSTEM_MODE_ENTER|false
10:50:33.18 (19117756)|HEAP_ALLOCATE|[17]|Bytes:5
10:50:33.18 (19123548)|STATEMENT_EXECUTE|[16]
10:50:33.18 (19124942)|STATEMENT_EXECUTE|[17]
10:50:33.18 (19128735)|HEAP_ALLOCATE|[17]|Bytes:64
10:50:33.18 (19144273)|HEAP_ALLOCATE|[17]|Bytes:4
10:50:33.18 (19276724)|SOQL_EXECUTE_BEGIN|[17]|Aggregations:0|SELECT Id, Priority FROM Case WHERE Status = 'Escalated' LIMIT 4
10:50:33.18 (21549587)|SOQL_EXECUTE_END|[17]|Rows:0
10:50:33.18 (21567877)|HEAP_ALLOCATE|[17]|Bytes:4
10:50:33.18 (21576775)|HEAP_ALLOCATE|[17]|Bytes:0
10:50:33.18 (21603966)|HEAP_ALLOCATE|[17]|Bytes:4
10:50:33.18 (21614424)|VARIABLE_SCOPE_BEGIN|[17]|cases|List<Case>|true|false
10:50:33.18 (21630839)|VARIABLE_ASSIGNMENT|[17]|cases|[]|0x31939543
10:50:33.18 (21636535)|STATEMENT_EXECUTE|[18]
10:50:33.18 (21643027)|SYSTEM_MODE_EXIT|false
10:50:33.21 (21655703)|CUMULATIVE_LIMIT_USAGE
10:50:33.21 (21655703)|LIMIT_USAGE_FOR_NS|(default)|
  Number of SOQL queries: 3 out of 100
  Number of query rows: 3 out of 50000
  Number of SOSL queries: 0 out of 20
  Number of DML statements: 0 out of 150
  Number of DML rows: 0 out of 10000
  Maximum CPU time: 0 out of 10000
  Maximum heap size: 0 out of 6000000
  Number of callouts: 0 out of 100
  Number of Email Invocations: 0 out of 10
  Number of future calls: 0 out of 50
  Number of queueable jobs added to the queue: 0 out of 50
  Number of Mobile Apex push calls: 0 out of 10

10:50:33.21 (21655703)|CUMULATIVE_LIMIT_USAGE_END

10:50:33.18 (21675204)|CODE_UNIT_FINISHED|GetCaseController.getEscalatedCases
10:50:33.18 (21710902)|CODE_UNIT_FINISHED|Aura
10:50:33.18 (22669361)|EXECUTION_FINISHED
10:50:33.23 (23352992)|USER_INFO|[EXTERNAL]|0051I00000112gB|trent@testorg.com|Pacific Standard Time|GMT-08:00
10:50:33.23 (23364293)|EXECUTION_STARTED
10:50:33.23 (23366484)|CODE_UNIT_STARTED|[EXTERNAL]|Aura
10:50:33.23 (24070713)|CODE_UNIT_STARTED|[EXTERNAL]|01p1I00000Dc465|GetCaseController.getClosedCases
10:50:33.23 (24119234)|SYSTEM_MODE_ENTER|false
10:50:33.23 (24142070)|HEAP_ALLOCATE|[23]|Bytes:5
10:50:33.23 (24149227)|STATEMENT_EXECUTE|[22]
10:50:33.23 (24150789)|STATEMENT_EXECUTE|[23]
10:50:33.23 (24153729)|HEAP_ALLOCATE|[23]|Bytes:61
10:50:33.23 (24167294)|HEAP_ALLOCATE|[23]|Bytes:4
10:50:33.23 (24288751)|SOQL_EXECUTE_BEGIN|[23]|Aggregations:0|SELECT Id, Priority FROM Case WHERE Status = 'Closed' LIMIT 4
10:50:33.23 (26470954)|SOQL_EXECUTE_END|[23]|Rows:4
10:50:33.23 (26486675)|HEAP_ALLOCATE|[23]|Bytes:20
10:50:33.23 (26506658)|HEAP_ALLOCATE|[23]|Bytes:181
10:50:33.23 (26534435)|HEAP_ALLOCATE|[23]|Bytes:20
10:50:33.23 (26546753)|VARIABLE_SCOPE_BEGIN|[23]|cases|List<Case>|true|false
10:50:33.23 (26575044)|VARIABLE_ASSIGNMENT|[23]|cases|[{"Id":"5001I000003mzcsQAA","Priority":"High"},{"Id":"5001I000003mzctQAA","Priority":"High"},{"Id":"5001I000003mzcvQAA","Priority":"Low"},{"Id":"5001I000003mzcwQAA","Priority":"Medium"}]|0x302ebace
10:50:33.23 (26583344)|STATEMENT_EXECUTE|[24]
10:50:33.23 (26589955)|SYSTEM_MODE_EXIT|false
10:50:33.26 (26602755)|CUMULATIVE_LIMIT_USAGE
10:50:33.26 (26602755)|LIMIT_USAGE_FOR_NS|(default)|
  Number of SOQL queries: 4 out of 100
  Number of query rows: 7 out of 50000
  Number of SOSL queries: 0 out of 20
  Number of DML statements: 0 out of 150
  Number of DML rows: 0 out of 10000
  Maximum CPU time: 0 out of 10000
  Maximum heap size: 0 out of 6000000
  Number of callouts: 0 out of 100
  Number of Email Invocations: 0 out of 10
  Number of future calls: 0 out of 50
  Number of queueable jobs added to the queue: 0 out of 50
  Number of Mobile Apex push calls: 0 out of 10

10:50:33.26 (26602755)|CUMULATIVE_LIMIT_USAGE_END

10:50:33.23 (26622087)|CODE_UNIT_FINISHED|GetCaseController.getClosedCases
10:50:33.23 (26670002)|CODE_UNIT_FINISHED|Aura
10:50:33.23 (28079117)|EXECUTION_FINISHED
