41.0 APEX_CODE,FINEST;APEX_PROFILING,INFO;CALLOUT,INFO;DB,INFO;SYSTEM,DEBUG;VALIDATION,INFO;VISUALFORCE,INFO;WAVE,INFO;WORKFLOW,INFO
13:11:18.0 (380566)|USER_INFO|[EXTERNAL]|0051I00000112gB|trent@testorg.com|Pacific Standard Time|GMT-08:00
13:11:18.0 (549650)|EXECUTION_STARTED
13:11:18.0 (554481)|CODE_UNIT_STARTED|[EXTERNAL]|Aura
13:11:18.0 (1897582)|CODE_UNIT_STARTED|[EXTERNAL]|01p1I00000Dc465|GetCaseController.getNewCases
13:11:18.0 (2187478)|HEAP_ALLOCATE|[72]|Bytes:3
13:11:18.0 (2263379)|HEAP_ALLOCATE|[77]|Bytes:152
13:11:18.0 (2279073)|HEAP_ALLOCATE|[342]|Bytes:408
13:11:18.0 (2291899)|HEAP_ALLOCATE|[355]|Bytes:408
13:11:18.0 (2301485)|HEAP_ALLOCATE|[467]|Bytes:48
13:11:18.0 (2360687)|HEAP_ALLOCATE|[139]|Bytes:6
13:11:18.0 (2376690)|HEAP_ALLOCATE|[EXTERNAL]|Bytes:10
13:11:18.0 (2416334)|METHOD_ENTRY|[1]|01p1I00000Dc465|GetCaseController.GetCaseController()
13:11:18.0 (2422120)|STATEMENT_EXECUTE|[1]
13:11:18.0 (2427545)|STATEMENT_EXECUTE|[1]
13:11:18.0 (2460183)|HEAP_ALLOCATE|[50]|Bytes:5
13:11:18.0 (2482072)|HEAP_ALLOCATE|[56]|Bytes:5
13:11:18.0 (2489281)|HEAP_ALLOCATE|[64]|Bytes:7
13:11:18.0 (2512007)|SYSTEM_MODE_ENTER|false
13:11:18.0 (2615097)|HEAP_ALLOCATE|[EXTERNAL]|Bytes:5
13:11:18.0 (2623987)|SYSTEM_MODE_EXIT|false
13:11:18.0 (2646343)|METHOD_EXIT|[1]|GetCaseController
13:11:18.0 (2659046)|SYSTEM_MODE_ENTER|false
13:11:18.0 (2672246)|HEAP_ALLOCATE|[5]|Bytes:5
13:11:18.0 (2676728)|STATEMENT_EXECUTE|[4]
13:11:18.0 (2678039)|STATEMENT_EXECUTE|[5]
13:11:18.0 (2680430)|HEAP_ALLOCATE|[5]|Bytes:50
13:11:18.0 (2700429)|HEAP_ALLOCATE|[5]|Bytes:4
13:11:18.0 (3619117)|SOQL_EXECUTE_BEGIN|[5]|Aggregations:0|SELECT Id, Priority FROM Case WHERE Status = 'New'
13:11:18.0 (7545455)|SOQL_EXECUTE_END|[5]|Rows:3
13:11:18.0 (7564707)|HEAP_ALLOCATE|[5]|Bytes:16
13:11:18.0 (7581209)|HEAP_ALLOCATE|[5]|Bytes:132
13:11:18.0 (7624796)|HEAP_ALLOCATE|[5]|Bytes:16
13:11:18.0 (7635641)|VARIABLE_SCOPE_BEGIN|[5]|cases|List<Case>|true|false
13:11:18.0 (7670714)|VARIABLE_ASSIGNMENT|[5]|cases|[{"Id":"5001I000003mzcuQAA","Priority":"Low"},{"Id":"5001I000003mzd8QAA","Priority":"Low"},{"Id":"5001I000003mzdGQAQ","Priority":"Low"}]|0x48e57544
13:11:18.0 (7678217)|STATEMENT_EXECUTE|[6]
13:11:18.0 (7698491)|SYSTEM_MODE_EXIT|false
13:11:18.7 (7727060)|CUMULATIVE_LIMIT_USAGE
13:11:18.7 (7727060)|LIMIT_USAGE_FOR_NS|(default)|
  Number of SOQL queries: 1 out of 100
  Number of query rows: 3 out of 50000
  Number of SOSL queries: 0 out of 20
  Number of DML statements: 0 out of 150
  Number of DML rows: 0 out of 10000
  Maximum CPU time: 0 out of 10000
  Maximum heap size: 0 out of 6000000
  Number of callouts: 0 out of 100
  Number of Email Invocations: 0 out of 10
  Number of future calls: 0 out of 50
  Number of queueable jobs added to the queue: 0 out of 50
  Number of Mobile Apex push calls: 0 out of 10

13:11:18.7 (7727060)|CUMULATIVE_LIMIT_USAGE_END

13:11:18.0 (7759874)|CODE_UNIT_FINISHED|GetCaseController.getNewCases
13:11:18.0 (7825757)|CODE_UNIT_FINISHED|Aura
13:11:18.0 (8782594)|EXECUTION_FINISHED
13:11:18.10 (10132665)|USER_INFO|[EXTERNAL]|0051I00000112gB|trent@testorg.com|Pacific Standard Time|GMT-08:00
13:11:18.10 (10144873)|EXECUTION_STARTED
13:11:18.10 (10147243)|CODE_UNIT_STARTED|[EXTERNAL]|Aura
13:11:18.10 (10820491)|CODE_UNIT_STARTED|[EXTERNAL]|01p1I00000Dc465|GetCaseController.getWorkingCases
13:11:18.10 (10857082)|SYSTEM_MODE_ENTER|false
13:11:18.10 (10873155)|HEAP_ALLOCATE|[11]|Bytes:5
13:11:18.10 (10878543)|STATEMENT_EXECUTE|[10]
13:11:18.10 (10879944)|STATEMENT_EXECUTE|[11]
13:11:18.10 (10882896)|HEAP_ALLOCATE|[11]|Bytes:54
13:11:18.10 (10894956)|HEAP_ALLOCATE|[11]|Bytes:4
13:11:18.10 (11011738)|SOQL_EXECUTE_BEGIN|[11]|Aggregations:0|SELECT Id, Priority FROM Case WHERE Status = 'Working'
13:11:18.10 (13029535)|SOQL_EXECUTE_END|[11]|Rows:1
13:11:18.10 (13046060)|HEAP_ALLOCATE|[11]|Bytes:8
13:11:18.10 (13057118)|HEAP_ALLOCATE|[11]|Bytes:47
13:11:18.10 (13083703)|HEAP_ALLOCATE|[11]|Bytes:8
13:11:18.10 (13093406)|VARIABLE_SCOPE_BEGIN|[11]|cases|List<Case>|true|false
13:11:18.10 (13114112)|VARIABLE_ASSIGNMENT|[11]|cases|[{"Id":"5001I000002yNMRQA2","Priority":"Medium"}]|0x5058b056
13:11:18.10 (13120888)|STATEMENT_EXECUTE|[12]
13:11:18.10 (13127766)|SYSTEM_MODE_EXIT|false
13:11:18.13 (13140343)|CUMULATIVE_LIMIT_USAGE
13:11:18.13 (13140343)|LIMIT_USAGE_FOR_NS|(default)|
  Number of SOQL queries: 2 out of 100
  Number of query rows: 4 out of 50000
  Number of SOSL queries: 0 out of 20
  Number of DML statements: 0 out of 150
  Number of DML rows: 0 out of 10000
  Maximum CPU time: 0 out of 10000
  Maximum heap size: 0 out of 6000000
  Number of callouts: 0 out of 100
  Number of Email Invocations: 0 out of 10
  Number of future calls: 0 out of 50
  Number of queueable jobs added to the queue: 0 out of 50
  Number of Mobile Apex push calls: 0 out of 10

13:11:18.13 (13140343)|CUMULATIVE_LIMIT_USAGE_END

13:11:18.10 (13374968)|CODE_UNIT_FINISHED|GetCaseController.getWorkingCases
13:11:18.10 (13433365)|CODE_UNIT_FINISHED|Aura
13:11:18.10 (14427880)|EXECUTION_FINISHED
13:11:18.15 (15458242)|USER_INFO|[EXTERNAL]|0051I00000112gB|trent@testorg.com|Pacific Standard Time|GMT-08:00
13:11:18.15 (15471182)|EXECUTION_STARTED
13:11:18.15 (15473303)|CODE_UNIT_STARTED|[EXTERNAL]|Aura
13:11:18.15 (16321431)|CODE_UNIT_STARTED|[EXTERNAL]|01p1I00000Dc465|GetCaseController.getEscalatedCases
13:11:18.15 (16365950)|SYSTEM_MODE_ENTER|false
13:11:18.15 (16382590)|HEAP_ALLOCATE|[17]|Bytes:5
13:11:18.15 (16388183)|STATEMENT_EXECUTE|[16]
13:11:18.15 (16389735)|STATEMENT_EXECUTE|[17]
13:11:18.15 (16393032)|HEAP_ALLOCATE|[17]|Bytes:56
13:11:18.15 (16406026)|HEAP_ALLOCATE|[17]|Bytes:4
13:11:18.15 (16546563)|SOQL_EXECUTE_BEGIN|[17]|Aggregations:0|SELECT Id, Priority FROM Case WHERE Status = 'Escalated'
13:11:18.15 (18663582)|SOQL_EXECUTE_END|[17]|Rows:1
13:11:18.15 (18679511)|HEAP_ALLOCATE|[17]|Bytes:8
13:11:18.15 (18690519)|HEAP_ALLOCATE|[17]|Bytes:45
13:11:18.15 (18718451)|HEAP_ALLOCATE|[17]|Bytes:8
13:11:18.15 (18728415)|VARIABLE_SCOPE_BEGIN|[17]|cases|List<Case>|true|false
13:11:18.15 (18747468)|VARIABLE_ASSIGNMENT|[17]|cases|[{"Id":"5001I000002yNMWQA2","Priority":"High"}]|0x44e511e9
13:11:18.15 (18754399)|STATEMENT_EXECUTE|[18]
13:11:18.15 (18761149)|SYSTEM_MODE_EXIT|false
13:11:18.18 (18772982)|CUMULATIVE_LIMIT_USAGE
13:11:18.18 (18772982)|LIMIT_USAGE_FOR_NS|(default)|
  Number of SOQL queries: 3 out of 100
  Number of query rows: 5 out of 50000
  Number of SOSL queries: 0 out of 20
  Number of DML statements: 0 out of 150
  Number of DML rows: 0 out of 10000
  Maximum CPU time: 0 out of 10000
  Maximum heap size: 0 out of 6000000
  Number of callouts: 0 out of 100
  Number of Email Invocations: 0 out of 10
  Number of future calls: 0 out of 50
  Number of queueable jobs added to the queue: 0 out of 50
  Number of Mobile Apex push calls: 0 out of 10

13:11:18.18 (18772982)|CUMULATIVE_LIMIT_USAGE_END

13:11:18.15 (18793074)|CODE_UNIT_FINISHED|GetCaseController.getEscalatedCases
13:11:18.15 (18832697)|CODE_UNIT_FINISHED|Aura
13:11:18.15 (19778682)|EXECUTION_FINISHED
13:11:18.20 (20801079)|USER_INFO|[EXTERNAL]|0051I00000112gB|trent@testorg.com|Pacific Standard Time|GMT-08:00
13:11:18.20 (20812905)|EXECUTION_STARTED
13:11:18.20 (20814930)|CODE_UNIT_STARTED|[EXTERNAL]|Aura
13:11:18.20 (21502721)|CODE_UNIT_STARTED|[EXTERNAL]|01p1I00000Dc465|GetCaseController.getClosedCases
13:11:18.20 (21538516)|SYSTEM_MODE_ENTER|false
13:11:18.20 (21554586)|HEAP_ALLOCATE|[23]|Bytes:5
13:11:18.20 (21560087)|STATEMENT_EXECUTE|[22]
13:11:18.20 (21561303)|STATEMENT_EXECUTE|[23]
13:11:18.20 (21564074)|HEAP_ALLOCATE|[23]|Bytes:53
13:11:18.20 (21576363)|HEAP_ALLOCATE|[23]|Bytes:4
13:11:18.20 (21694268)|SOQL_EXECUTE_BEGIN|[23]|Aggregations:0|SELECT Id, Priority FROM Case WHERE Status = 'Closed'
13:11:18.20 (23816305)|SOQL_EXECUTE_END|[23]|Rows:23
13:11:18.20 (23832799)|HEAP_ALLOCATE|[23]|Bytes:96
13:11:18.20 (23864027)|HEAP_ALLOCATE|[23]|Bytes:1057
13:11:18.20 (23890527)|HEAP_ALLOCATE|[23]|Bytes:96
13:11:18.20 (23900132)|VARIABLE_SCOPE_BEGIN|[23]|cases|List<Case>|true|false
13:11:18.20 (23916437)|VARIABLE_ASSIGNMENT|[23]|cases|"List of size 23 too large to display"|0x1636b3f4
13:11:18.20 (23922422)|STATEMENT_EXECUTE|[24]
13:11:18.20 (23928925)|SYSTEM_MODE_EXIT|false
13:11:18.23 (23940302)|CUMULATIVE_LIMIT_USAGE
13:11:18.23 (23940302)|LIMIT_USAGE_FOR_NS|(default)|
  Number of SOQL queries: 4 out of 100
  Number of query rows: 28 out of 50000
  Number of SOSL queries: 0 out of 20
  Number of DML statements: 0 out of 150
  Number of DML rows: 0 out of 10000
  Maximum CPU time: 0 out of 10000
  Maximum heap size: 0 out of 6000000
  Number of callouts: 0 out of 100
  Number of Email Invocations: 0 out of 10
  Number of future calls: 0 out of 50
  Number of queueable jobs added to the queue: 0 out of 50
  Number of Mobile Apex push calls: 0 out of 10

13:11:18.23 (23940302)|CUMULATIVE_LIMIT_USAGE_END

13:11:18.20 (23960329)|CODE_UNIT_FINISHED|GetCaseController.getClosedCases
13:11:18.20 (24064686)|CODE_UNIT_FINISHED|Aura
13:11:18.20 (25060324)|EXECUTION_FINISHED
