41.0 APEX_CODE,FINEST;APEX_PROFILING,INFO;CALLOUT,INFO;DB,INFO;SYSTEM,DEBUG;VALIDATION,INFO;VISUALFORCE,INFO;WAVE,INFO;WORKFLOW,INFO
09:34:47.0 (368418)|USER_INFO|[EXTERNAL]|0051I00000112gB|trent@testorg.com|Pacific Standard Time|GMT-08:00
09:34:47.0 (433419)|EXECUTION_STARTED
09:34:47.0 (438928)|CODE_UNIT_STARTED|[EXTERNAL]|Aura
09:34:47.0 (2001792)|CODE_UNIT_STARTED|[EXTERNAL]|01p1I00000Dc465|GetCaseController.getNewCases
09:34:47.0 (2807673)|HEAP_ALLOCATE|[72]|Bytes:3
09:34:47.0 (2858689)|HEAP_ALLOCATE|[77]|Bytes:152
09:34:47.0 (2875681)|HEAP_ALLOCATE|[342]|Bytes:408
09:34:47.0 (2890057)|HEAP_ALLOCATE|[355]|Bytes:408
09:34:47.0 (2903573)|HEAP_ALLOCATE|[467]|Bytes:48
09:34:47.0 (2934762)|HEAP_ALLOCATE|[139]|Bytes:6
09:34:47.0 (2951870)|HEAP_ALLOCATE|[EXTERNAL]|Bytes:13
09:34:47.0 (2993164)|METHOD_ENTRY|[1]|01p1I00000Dc465|GetCaseController.GetCaseController()
09:34:47.0 (2999446)|STATEMENT_EXECUTE|[1]
09:34:47.0 (3005531)|STATEMENT_EXECUTE|[1]
09:34:47.0 (3041965)|HEAP_ALLOCATE|[50]|Bytes:5
09:34:47.0 (3067769)|HEAP_ALLOCATE|[56]|Bytes:5
09:34:47.0 (3074495)|HEAP_ALLOCATE|[64]|Bytes:7
09:34:47.0 (3099275)|SYSTEM_MODE_ENTER|false
09:34:47.0 (3114138)|HEAP_ALLOCATE|[EXTERNAL]|Bytes:5
09:34:47.0 (3123464)|SYSTEM_MODE_EXIT|false
09:34:47.0 (3143446)|METHOD_EXIT|[1]|GetCaseController
09:34:47.0 (3156194)|SYSTEM_MODE_ENTER|false
09:34:47.0 (3172796)|HEAP_ALLOCATE|[5]|Bytes:5
09:34:47.0 (3177017)|STATEMENT_EXECUTE|[4]
09:34:47.0 (3178379)|STATEMENT_EXECUTE|[5]
09:34:47.0 (3180730)|HEAP_ALLOCATE|[5]|Bytes:58
09:34:47.0 (3203679)|HEAP_ALLOCATE|[5]|Bytes:4
09:34:47.0 (4241312)|SOQL_EXECUTE_BEGIN|[5]|Aggregations:0|SELECT Id, Priority FROM Case WHERE Status = 'New' LIMIT 4
09:34:47.0 (10436578)|SOQL_EXECUTE_END|[5]|Rows:3
09:34:47.0 (10456674)|HEAP_ALLOCATE|[5]|Bytes:16
09:34:47.0 (10474415)|HEAP_ALLOCATE|[5]|Bytes:132
09:34:47.0 (10550185)|HEAP_ALLOCATE|[5]|Bytes:16
09:34:47.0 (10564693)|VARIABLE_SCOPE_BEGIN|[5]|cases|List<Case>|true|false
09:34:47.0 (10606933)|VARIABLE_ASSIGNMENT|[5]|cases|[{"Id":"5001I000003mzcuQAA","Priority":"Low"},{"Id":"5001I000003mzd8QAA","Priority":"Low"},{"Id":"5001I000003mzdGQAQ","Priority":"Low"}]|0x12fcb210
09:34:47.0 (10614784)|STATEMENT_EXECUTE|[6]
09:34:47.0 (10623187)|SYSTEM_MODE_EXIT|false
09:34:47.10 (10665195)|CUMULATIVE_LIMIT_USAGE
09:34:47.10 (10665195)|LIMIT_USAGE_FOR_NS|(default)|
  Number of SOQL queries: 1 out of 100
  Number of query rows: 3 out of 50000
  Number of SOSL queries: 0 out of 20
  Number of DML statements: 0 out of 150
  Number of DML rows: 0 out of 10000
  Maximum CPU time: 0 out of 10000
  Maximum heap size: 0 out of 6000000
  Number of callouts: 0 out of 100
  Number of Email Invocations: 0 out of 10
  Number of future calls: 0 out of 50
  Number of queueable jobs added to the queue: 0 out of 50
  Number of Mobile Apex push calls: 0 out of 10

09:34:47.10 (10665195)|CUMULATIVE_LIMIT_USAGE_END

09:34:47.0 (10710415)|CODE_UNIT_FINISHED|GetCaseController.getNewCases
09:34:47.0 (10783375)|CODE_UNIT_FINISHED|Aura
09:34:47.0 (11872517)|EXECUTION_FINISHED
09:34:47.13 (13249787)|USER_INFO|[EXTERNAL]|0051I00000112gB|trent@testorg.com|Pacific Standard Time|GMT-08:00
09:34:47.13 (13273607)|EXECUTION_STARTED
09:34:47.13 (13277589)|CODE_UNIT_STARTED|[EXTERNAL]|Aura
09:34:47.13 (13965431)|CODE_UNIT_STARTED|[EXTERNAL]|01p1I00000Dc465|GetCaseController.getWorkingCases
09:34:47.13 (14009689)|SYSTEM_MODE_ENTER|false
09:34:47.13 (14030180)|HEAP_ALLOCATE|[11]|Bytes:5
09:34:47.13 (14037824)|STATEMENT_EXECUTE|[10]
09:34:47.13 (14039778)|STATEMENT_EXECUTE|[11]
09:34:47.13 (14043875)|HEAP_ALLOCATE|[11]|Bytes:62
09:34:47.13 (14061440)|HEAP_ALLOCATE|[11]|Bytes:4
09:34:47.13 (14208363)|SOQL_EXECUTE_BEGIN|[11]|Aggregations:0|SELECT Id, Priority FROM Case WHERE Status = 'Working' LIMIT 4
09:34:47.13 (16387436)|SOQL_EXECUTE_END|[11]|Rows:0
09:34:47.13 (16410636)|HEAP_ALLOCATE|[11]|Bytes:4
09:34:47.13 (16421878)|HEAP_ALLOCATE|[11]|Bytes:0
09:34:47.13 (16456143)|HEAP_ALLOCATE|[11]|Bytes:4
09:34:47.13 (16484370)|VARIABLE_SCOPE_BEGIN|[11]|cases|List<Case>|true|false
09:34:47.13 (16507154)|VARIABLE_ASSIGNMENT|[11]|cases|[]|0x29642d3
09:34:47.13 (16516235)|STATEMENT_EXECUTE|[12]
09:34:47.13 (16525371)|SYSTEM_MODE_EXIT|false
09:34:47.16 (16541459)|CUMULATIVE_LIMIT_USAGE
09:34:47.16 (16541459)|LIMIT_USAGE_FOR_NS|(default)|
  Number of SOQL queries: 2 out of 100
  Number of query rows: 3 out of 50000
  Number of SOSL queries: 0 out of 20
  Number of DML statements: 0 out of 150
  Number of DML rows: 0 out of 10000
  Maximum CPU time: 0 out of 10000
  Maximum heap size: 0 out of 6000000
  Number of callouts: 0 out of 100
  Number of Email Invocations: 0 out of 10
  Number of future calls: 0 out of 50
  Number of queueable jobs added to the queue: 0 out of 50
  Number of Mobile Apex push calls: 0 out of 10

09:34:47.16 (16541459)|CUMULATIVE_LIMIT_USAGE_END

09:34:47.13 (16569208)|CODE_UNIT_FINISHED|GetCaseController.getWorkingCases
09:34:47.13 (16617435)|CODE_UNIT_FINISHED|Aura
09:34:47.13 (17652521)|EXECUTION_FINISHED
09:34:47.18 (18338912)|USER_INFO|[EXTERNAL]|0051I00000112gB|trent@testorg.com|Pacific Standard Time|GMT-08:00
09:34:47.18 (18351094)|EXECUTION_STARTED
09:34:47.18 (18353363)|CODE_UNIT_STARTED|[EXTERNAL]|Aura
09:34:47.18 (19027488)|CODE_UNIT_STARTED|[EXTERNAL]|01p1I00000Dc465|GetCaseController.getClosedCases
09:34:47.18 (19067643)|SYSTEM_MODE_ENTER|false
09:34:47.18 (19083561)|HEAP_ALLOCATE|[23]|Bytes:5
09:34:47.18 (19088980)|STATEMENT_EXECUTE|[22]
09:34:47.18 (19090350)|STATEMENT_EXECUTE|[23]
09:34:47.18 (19093073)|HEAP_ALLOCATE|[23]|Bytes:61
09:34:47.18 (19116195)|HEAP_ALLOCATE|[23]|Bytes:4
09:34:47.18 (19271664)|SOQL_EXECUTE_BEGIN|[23]|Aggregations:0|SELECT Id, Priority FROM Case WHERE Status = 'Closed' LIMIT 4
09:34:47.18 (21453502)|SOQL_EXECUTE_END|[23]|Rows:4
09:34:47.18 (21484290)|HEAP_ALLOCATE|[23]|Bytes:20
09:34:47.18 (21506566)|HEAP_ALLOCATE|[23]|Bytes:181
09:34:47.18 (21535156)|HEAP_ALLOCATE|[23]|Bytes:20
09:34:47.18 (21545734)|VARIABLE_SCOPE_BEGIN|[23]|cases|List<Case>|true|false
09:34:47.18 (21570389)|VARIABLE_ASSIGNMENT|[23]|cases|[{"Id":"5001I000003mzcsQAA","Priority":"High"},{"Id":"5001I000003mzctQAA","Priority":"High"},{"Id":"5001I000003mzcvQAA","Priority":"Low"},{"Id":"5001I000003mzcwQAA","Priority":"Medium"}]|0x46341065
09:34:47.18 (21578728)|STATEMENT_EXECUTE|[24]
09:34:47.18 (21595774)|SYSTEM_MODE_EXIT|false
09:34:47.21 (21612432)|CUMULATIVE_LIMIT_USAGE
09:34:47.21 (21612432)|LIMIT_USAGE_FOR_NS|(default)|
  Number of SOQL queries: 3 out of 100
  Number of query rows: 7 out of 50000
  Number of SOSL queries: 0 out of 20
  Number of DML statements: 0 out of 150
  Number of DML rows: 0 out of 10000
  Maximum CPU time: 0 out of 10000
  Maximum heap size: 0 out of 6000000
  Number of callouts: 0 out of 100
  Number of Email Invocations: 0 out of 10
  Number of future calls: 0 out of 50
  Number of queueable jobs added to the queue: 0 out of 50
  Number of Mobile Apex push calls: 0 out of 10

09:34:47.21 (21612432)|CUMULATIVE_LIMIT_USAGE_END

09:34:47.18 (21638073)|CODE_UNIT_FINISHED|GetCaseController.getClosedCases
09:34:47.18 (21698816)|CODE_UNIT_FINISHED|Aura
09:34:47.18 (22833517)|EXECUTION_FINISHED
