41.0 APEX_CODE,FINEST;APEX_PROFILING,INFO;CALLOUT,INFO;DB,INFO;SYSTEM,DEBUG;VALIDATION,INFO;VISUALFORCE,INFO;WAVE,INFO;WORKFLOW,INFO
12:53:07.0 (313024)|USER_INFO|[EXTERNAL]|0051I00000112gB|trent@testorg.com|Pacific Standard Time|GMT-08:00
12:53:07.0 (345962)|EXECUTION_STARTED
12:53:07.0 (349661)|CODE_UNIT_STARTED|[EXTERNAL]|Aura
12:53:07.0 (1854551)|CODE_UNIT_STARTED|[EXTERNAL]|01p1I00000Dc465|GetCaseController.getNewCases
12:53:07.0 (2085946)|HEAP_ALLOCATE|[72]|Bytes:3
12:53:07.0 (2117804)|HEAP_ALLOCATE|[77]|Bytes:152
12:53:07.0 (2132651)|HEAP_ALLOCATE|[342]|Bytes:408
12:53:07.0 (2148280)|HEAP_ALLOCATE|[355]|Bytes:408
12:53:07.0 (2161880)|HEAP_ALLOCATE|[467]|Bytes:48
12:53:07.0 (2187722)|HEAP_ALLOCATE|[139]|Bytes:6
12:53:07.0 (2201148)|HEAP_ALLOCATE|[EXTERNAL]|Bytes:10
12:53:07.0 (2211072)|METHOD_ENTRY|[1]|01p1I00000Dc465|GetCaseController.GetCaseController()
12:53:07.0 (2216839)|STATEMENT_EXECUTE|[1]
12:53:07.0 (2221200)|STATEMENT_EXECUTE|[1]
12:53:07.0 (2251101)|HEAP_ALLOCATE|[50]|Bytes:5
12:53:07.0 (2271988)|HEAP_ALLOCATE|[56]|Bytes:5
12:53:07.0 (2278707)|HEAP_ALLOCATE|[64]|Bytes:7
12:53:07.0 (2299149)|SYSTEM_MODE_ENTER|false
12:53:07.0 (2309677)|HEAP_ALLOCATE|[EXTERNAL]|Bytes:5
12:53:07.0 (2316674)|SYSTEM_MODE_EXIT|false
12:53:07.0 (2323497)|METHOD_EXIT|[1]|GetCaseController
12:53:07.0 (2334043)|SYSTEM_MODE_ENTER|false
12:53:07.0 (2344540)|HEAP_ALLOCATE|[5]|Bytes:5
12:53:07.0 (2348842)|STATEMENT_EXECUTE|[4]
12:53:07.0 (2350179)|STATEMENT_EXECUTE|[5]
12:53:07.0 (2352453)|HEAP_ALLOCATE|[5]|Bytes:50
12:53:07.0 (2363793)|HEAP_ALLOCATE|[5]|Bytes:4
12:53:07.0 (2701527)|SOQL_EXECUTE_BEGIN|[5]|Aggregations:0|SELECT Id, Priority FROM Case WHERE Status = 'New'
12:53:07.0 (6446968)|SOQL_EXECUTE_END|[5]|Rows:3
12:53:07.0 (6465473)|HEAP_ALLOCATE|[5]|Bytes:16
12:53:07.0 (6480084)|HEAP_ALLOCATE|[5]|Bytes:132
12:53:07.0 (6514216)|HEAP_ALLOCATE|[5]|Bytes:16
12:53:07.0 (6525490)|VARIABLE_SCOPE_BEGIN|[5]|cases|List<Case>|true|false
12:53:07.0 (6562953)|VARIABLE_ASSIGNMENT|[5]|cases|[{"Id":"5001I000003mzcuQAA","Priority":"Low"},{"Id":"5001I000003mzd8QAA","Priority":"Low"},{"Id":"5001I000003mzdGQAQ","Priority":"Low"}]|0x36e17c05
12:53:07.0 (6571410)|STATEMENT_EXECUTE|[6]
12:53:07.0 (6579130)|SYSTEM_MODE_EXIT|false
12:53:07.6 (6608054)|CUMULATIVE_LIMIT_USAGE
12:53:07.6 (6608054)|LIMIT_USAGE_FOR_NS|(default)|
  Number of SOQL queries: 1 out of 100
  Number of query rows: 3 out of 50000
  Number of SOSL queries: 0 out of 20
  Number of DML statements: 0 out of 150
  Number of DML rows: 0 out of 10000
  Maximum CPU time: 0 out of 10000
  Maximum heap size: 0 out of 6000000
  Number of callouts: 0 out of 100
  Number of Email Invocations: 0 out of 10
  Number of future calls: 0 out of 50
  Number of queueable jobs added to the queue: 0 out of 50
  Number of Mobile Apex push calls: 0 out of 10

12:53:07.6 (6608054)|CUMULATIVE_LIMIT_USAGE_END

12:53:07.0 (6644782)|CODE_UNIT_FINISHED|GetCaseController.getNewCases
12:53:07.0 (6706299)|CODE_UNIT_FINISHED|Aura
12:53:07.0 (7727804)|EXECUTION_FINISHED
12:53:07.9 (9115199)|USER_INFO|[EXTERNAL]|0051I00000112gB|trent@testorg.com|Pacific Standard Time|GMT-08:00
12:53:07.9 (9127544)|EXECUTION_STARTED
12:53:07.9 (9129976)|CODE_UNIT_STARTED|[EXTERNAL]|Aura
12:53:07.9 (9801351)|CODE_UNIT_STARTED|[EXTERNAL]|01p1I00000Dc465|GetCaseController.getWorkingCases
12:53:07.9 (9840622)|SYSTEM_MODE_ENTER|false
12:53:07.9 (9856519)|HEAP_ALLOCATE|[11]|Bytes:5
12:53:07.9 (9861688)|STATEMENT_EXECUTE|[10]
12:53:07.9 (9863086)|STATEMENT_EXECUTE|[11]
12:53:07.9 (9865775)|HEAP_ALLOCATE|[11]|Bytes:54
12:53:07.9 (9878771)|HEAP_ALLOCATE|[11]|Bytes:4
12:53:07.9 (10013108)|SOQL_EXECUTE_BEGIN|[11]|Aggregations:0|SELECT Id, Priority FROM Case WHERE Status = 'Working'
12:53:07.9 (12071678)|SOQL_EXECUTE_END|[11]|Rows:1
12:53:07.9 (12088761)|HEAP_ALLOCATE|[11]|Bytes:8
12:53:07.9 (12100347)|HEAP_ALLOCATE|[11]|Bytes:47
12:53:07.9 (12127058)|HEAP_ALLOCATE|[11]|Bytes:8
12:53:07.9 (12137317)|VARIABLE_SCOPE_BEGIN|[11]|cases|List<Case>|true|false
12:53:07.9 (12157793)|VARIABLE_ASSIGNMENT|[11]|cases|[{"Id":"5001I000002yNMRQA2","Priority":"Medium"}]|0x65d20fdb
12:53:07.9 (12164365)|STATEMENT_EXECUTE|[12]
12:53:07.9 (12171291)|SYSTEM_MODE_EXIT|false
12:53:07.12 (12184820)|CUMULATIVE_LIMIT_USAGE
12:53:07.12 (12184820)|LIMIT_USAGE_FOR_NS|(default)|
  Number of SOQL queries: 2 out of 100
  Number of query rows: 4 out of 50000
  Number of SOSL queries: 0 out of 20
  Number of DML statements: 0 out of 150
  Number of DML rows: 0 out of 10000
  Maximum CPU time: 0 out of 10000
  Maximum heap size: 0 out of 6000000
  Number of callouts: 0 out of 100
  Number of Email Invocations: 0 out of 10
  Number of future calls: 0 out of 50
  Number of queueable jobs added to the queue: 0 out of 50
  Number of Mobile Apex push calls: 0 out of 10

12:53:07.12 (12184820)|CUMULATIVE_LIMIT_USAGE_END

12:53:07.9 (12204930)|CODE_UNIT_FINISHED|GetCaseController.getWorkingCases
12:53:07.9 (12244033)|CODE_UNIT_FINISHED|Aura
12:53:07.9 (13237610)|EXECUTION_FINISHED
12:53:07.13 (13947472)|USER_INFO|[EXTERNAL]|0051I00000112gB|trent@testorg.com|Pacific Standard Time|GMT-08:00
12:53:07.13 (13959281)|EXECUTION_STARTED
12:53:07.13 (13961426)|CODE_UNIT_STARTED|[EXTERNAL]|Aura
12:53:07.13 (14645655)|CODE_UNIT_STARTED|[EXTERNAL]|01p1I00000Dc465|GetCaseController.getEscalatedCases
12:53:07.13 (14683522)|SYSTEM_MODE_ENTER|false
12:53:07.13 (14699320)|HEAP_ALLOCATE|[17]|Bytes:5
12:53:07.13 (14704361)|STATEMENT_EXECUTE|[16]
12:53:07.13 (14705771)|STATEMENT_EXECUTE|[17]
12:53:07.13 (14708608)|HEAP_ALLOCATE|[17]|Bytes:56
12:53:07.13 (14720518)|HEAP_ALLOCATE|[17]|Bytes:4
12:53:07.13 (14845951)|SOQL_EXECUTE_BEGIN|[17]|Aggregations:0|SELECT Id, Priority FROM Case WHERE Status = 'Escalated'
12:53:07.13 (16904834)|SOQL_EXECUTE_END|[17]|Rows:1
12:53:07.13 (16928467)|HEAP_ALLOCATE|[17]|Bytes:8
12:53:07.13 (16944415)|HEAP_ALLOCATE|[17]|Bytes:45
12:53:07.13 (16981293)|HEAP_ALLOCATE|[17]|Bytes:8
12:53:07.13 (16996506)|VARIABLE_SCOPE_BEGIN|[17]|cases|List<Case>|true|false
12:53:07.13 (17042625)|VARIABLE_ASSIGNMENT|[17]|cases|[{"Id":"5001I000002yNMWQA2","Priority":"High"}]|0x54b05908
12:53:07.13 (17054465)|STATEMENT_EXECUTE|[18]
12:53:07.13 (17064482)|SYSTEM_MODE_EXIT|false
12:53:07.17 (17087061)|CUMULATIVE_LIMIT_USAGE
12:53:07.17 (17087061)|LIMIT_USAGE_FOR_NS|(default)|
  Number of SOQL queries: 3 out of 100
  Number of query rows: 5 out of 50000
  Number of SOSL queries: 0 out of 20
  Number of DML statements: 0 out of 150
  Number of DML rows: 0 out of 10000
  Maximum CPU time: 0 out of 10000
  Maximum heap size: 0 out of 6000000
  Number of callouts: 0 out of 100
  Number of Email Invocations: 0 out of 10
  Number of future calls: 0 out of 50
  Number of queueable jobs added to the queue: 0 out of 50
  Number of Mobile Apex push calls: 0 out of 10

12:53:07.17 (17087061)|CUMULATIVE_LIMIT_USAGE_END

12:53:07.13 (17113032)|CODE_UNIT_FINISHED|GetCaseController.getEscalatedCases
12:53:07.13 (17176225)|CODE_UNIT_FINISHED|Aura
12:53:07.13 (18214860)|EXECUTION_FINISHED
12:53:07.18 (18911959)|USER_INFO|[EXTERNAL]|0051I00000112gB|trent@testorg.com|Pacific Standard Time|GMT-08:00
12:53:07.18 (18923383)|EXECUTION_STARTED
12:53:07.18 (18925763)|CODE_UNIT_STARTED|[EXTERNAL]|Aura
12:53:07.18 (19637850)|CODE_UNIT_STARTED|[EXTERNAL]|01p1I00000Dc465|GetCaseController.getClosedCases
12:53:07.18 (19677807)|SYSTEM_MODE_ENTER|false
12:53:07.18 (19694532)|HEAP_ALLOCATE|[23]|Bytes:5
12:53:07.18 (19700277)|STATEMENT_EXECUTE|[22]
12:53:07.18 (19701744)|STATEMENT_EXECUTE|[23]
12:53:07.18 (19704529)|HEAP_ALLOCATE|[23]|Bytes:53
12:53:07.18 (19717259)|HEAP_ALLOCATE|[23]|Bytes:4
12:53:07.18 (19873828)|SOQL_EXECUTE_BEGIN|[23]|Aggregations:0|SELECT Id, Priority FROM Case WHERE Status = 'Closed'
12:53:07.18 (22003485)|SOQL_EXECUTE_END|[23]|Rows:23
12:53:07.18 (22020130)|HEAP_ALLOCATE|[23]|Bytes:96
12:53:07.18 (22052039)|HEAP_ALLOCATE|[23]|Bytes:1057
12:53:07.18 (22079238)|HEAP_ALLOCATE|[23]|Bytes:96
12:53:07.18 (22089503)|VARIABLE_SCOPE_BEGIN|[23]|cases|List<Case>|true|false
12:53:07.18 (22106754)|VARIABLE_ASSIGNMENT|[23]|cases|"List of size 23 too large to display"|0x1ad45b63
12:53:07.18 (22112771)|STATEMENT_EXECUTE|[24]
12:53:07.18 (22119662)|SYSTEM_MODE_EXIT|false
12:53:07.22 (22132779)|CUMULATIVE_LIMIT_USAGE
12:53:07.22 (22132779)|LIMIT_USAGE_FOR_NS|(default)|
  Number of SOQL queries: 4 out of 100
  Number of query rows: 28 out of 50000
  Number of SOSL queries: 0 out of 20
  Number of DML statements: 0 out of 150
  Number of DML rows: 0 out of 10000
  Maximum CPU time: 0 out of 10000
  Maximum heap size: 0 out of 6000000
  Number of callouts: 0 out of 100
  Number of Email Invocations: 0 out of 10
  Number of future calls: 0 out of 50
  Number of queueable jobs added to the queue: 0 out of 50
  Number of Mobile Apex push calls: 0 out of 10

12:53:07.22 (22132779)|CUMULATIVE_LIMIT_USAGE_END

12:53:07.18 (22152905)|CODE_UNIT_FINISHED|GetCaseController.getClosedCases
12:53:07.18 (22275113)|CODE_UNIT_FINISHED|Aura
12:53:07.18 (23275513)|EXECUTION_FINISHED
