41.0 APEX_CODE,FINEST;APEX_PROFILING,INFO;CALLOUT,INFO;DB,INFO;SYSTEM,DEBUG;VALIDATION,INFO;VISUALFORCE,INFO;WAVE,INFO;WORKFLOW,INFO
10:09:55.0 (312989)|USER_INFO|[EXTERNAL]|0051I00000112gB|trent@testorg.com|Pacific Standard Time|GMT-08:00
10:09:55.0 (347825)|EXECUTION_STARTED
10:09:55.0 (351460)|CODE_UNIT_STARTED|[EXTERNAL]|Aura
10:09:55.0 (1745782)|CODE_UNIT_STARTED|[EXTERNAL]|01p1I00000Dc465|GetCaseController.getNewCases
10:09:55.0 (2356290)|HEAP_ALLOCATE|[72]|Bytes:3
10:09:55.0 (2424091)|HEAP_ALLOCATE|[77]|Bytes:152
10:09:55.0 (2438816)|HEAP_ALLOCATE|[342]|Bytes:408
10:09:55.0 (2453660)|HEAP_ALLOCATE|[355]|Bytes:408
10:09:55.0 (2467580)|HEAP_ALLOCATE|[467]|Bytes:48
10:09:55.0 (2530745)|HEAP_ALLOCATE|[139]|Bytes:6
10:09:55.0 (2556192)|HEAP_ALLOCATE|[EXTERNAL]|Bytes:13
10:09:55.0 (2593880)|METHOD_ENTRY|[1]|01p1I00000Dc465|GetCaseController.GetCaseController()
10:09:55.0 (2600514)|STATEMENT_EXECUTE|[1]
10:09:55.0 (2607363)|STATEMENT_EXECUTE|[1]
10:09:55.0 (2638681)|HEAP_ALLOCATE|[50]|Bytes:5
10:09:55.0 (2658462)|HEAP_ALLOCATE|[56]|Bytes:5
10:09:55.0 (2666646)|HEAP_ALLOCATE|[64]|Bytes:7
10:09:55.0 (2686111)|SYSTEM_MODE_ENTER|false
10:09:55.0 (2877813)|HEAP_ALLOCATE|[EXTERNAL]|Bytes:5
10:09:55.0 (2885269)|SYSTEM_MODE_EXIT|false
10:09:55.0 (2906554)|METHOD_EXIT|[1]|GetCaseController
10:09:55.0 (2919166)|SYSTEM_MODE_ENTER|false
10:09:55.0 (2931758)|HEAP_ALLOCATE|[5]|Bytes:5
10:09:55.0 (2936560)|STATEMENT_EXECUTE|[4]
10:09:55.0 (2937764)|STATEMENT_EXECUTE|[5]
10:09:55.0 (2940000)|HEAP_ALLOCATE|[5]|Bytes:50
10:09:55.0 (2956487)|HEAP_ALLOCATE|[5]|Bytes:4
10:09:55.0 (3828696)|SOQL_EXECUTE_BEGIN|[5]|Aggregations:0|SELECT Id, Priority FROM Case WHERE Status = 'New'
10:09:55.0 (10458629)|SOQL_EXECUTE_END|[5]|Rows:3
10:09:55.0 (10478938)|HEAP_ALLOCATE|[5]|Bytes:16
10:09:55.0 (10495839)|HEAP_ALLOCATE|[5]|Bytes:132
10:09:55.0 (10533572)|HEAP_ALLOCATE|[5]|Bytes:16
10:09:55.0 (10544231)|VARIABLE_SCOPE_BEGIN|[5]|cases|List<Case>|true|false
10:09:55.0 (10585287)|VARIABLE_ASSIGNMENT|[5]|cases|[{"Id":"5001I000003mzcuQAA","Priority":"Low"},{"Id":"5001I000003mzd8QAA","Priority":"Low"},{"Id":"5001I000003mzdGQAQ","Priority":"Low"}]|0x2ef70e79
10:09:55.0 (10593913)|STATEMENT_EXECUTE|[6]
10:09:55.0 (10602387)|SYSTEM_MODE_EXIT|false
10:09:55.10 (10629945)|CUMULATIVE_LIMIT_USAGE
10:09:55.10 (10629945)|LIMIT_USAGE_FOR_NS|(default)|
  Number of SOQL queries: 1 out of 100
  Number of query rows: 3 out of 50000
  Number of SOSL queries: 0 out of 20
  Number of DML statements: 0 out of 150
  Number of DML rows: 0 out of 10000
  Maximum CPU time: 0 out of 10000
  Maximum heap size: 0 out of 6000000
  Number of callouts: 0 out of 100
  Number of Email Invocations: 0 out of 10
  Number of future calls: 0 out of 50
  Number of queueable jobs added to the queue: 0 out of 50
  Number of Mobile Apex push calls: 0 out of 10

10:09:55.10 (10629945)|CUMULATIVE_LIMIT_USAGE_END

10:09:55.0 (10664963)|CODE_UNIT_FINISHED|GetCaseController.getNewCases
10:09:55.0 (10733748)|CODE_UNIT_FINISHED|Aura
10:09:55.0 (11767633)|EXECUTION_FINISHED
10:09:55.13 (13244680)|USER_INFO|[EXTERNAL]|0051I00000112gB|trent@testorg.com|Pacific Standard Time|GMT-08:00
10:09:55.13 (13260040)|EXECUTION_STARTED
10:09:55.13 (13262842)|CODE_UNIT_STARTED|[EXTERNAL]|Aura
10:09:55.13 (14027507)|CODE_UNIT_STARTED|[EXTERNAL]|01p1I00000Dc465|GetCaseController.getWorkingCases
10:09:55.13 (14092517)|SYSTEM_MODE_ENTER|false
10:09:55.13 (14127785)|HEAP_ALLOCATE|[11]|Bytes:5
10:09:55.13 (14134353)|STATEMENT_EXECUTE|[10]
10:09:55.13 (14135666)|STATEMENT_EXECUTE|[11]
10:09:55.13 (14138401)|HEAP_ALLOCATE|[11]|Bytes:62
10:09:55.13 (14151180)|HEAP_ALLOCATE|[11]|Bytes:4
10:09:55.13 (14314175)|SOQL_EXECUTE_BEGIN|[11]|Aggregations:0|SELECT Id, Priority FROM Case WHERE Status = 'Working' LIMIT 4
10:09:55.13 (19719732)|SOQL_EXECUTE_END|[11]|Rows:0
10:09:55.13 (19743010)|HEAP_ALLOCATE|[11]|Bytes:4
10:09:55.13 (19760642)|HEAP_ALLOCATE|[11]|Bytes:0
10:09:55.13 (19795882)|HEAP_ALLOCATE|[11]|Bytes:4
10:09:55.13 (19807075)|VARIABLE_SCOPE_BEGIN|[11]|cases|List<Case>|true|false
10:09:55.13 (19832884)|VARIABLE_ASSIGNMENT|[11]|cases|[]|0x72bb7799
10:09:55.13 (19840036)|STATEMENT_EXECUTE|[12]
10:09:55.13 (19847668)|SYSTEM_MODE_EXIT|false
10:09:55.19 (19870769)|CUMULATIVE_LIMIT_USAGE
10:09:55.19 (19870769)|LIMIT_USAGE_FOR_NS|(default)|
  Number of SOQL queries: 2 out of 100
  Number of query rows: 3 out of 50000
  Number of SOSL queries: 0 out of 20
  Number of DML statements: 0 out of 150
  Number of DML rows: 0 out of 10000
  Maximum CPU time: 0 out of 10000
  Maximum heap size: 0 out of 6000000
  Number of callouts: 0 out of 100
  Number of Email Invocations: 0 out of 10
  Number of future calls: 0 out of 50
  Number of queueable jobs added to the queue: 0 out of 50
  Number of Mobile Apex push calls: 0 out of 10

10:09:55.19 (19870769)|CUMULATIVE_LIMIT_USAGE_END

10:09:55.13 (19899874)|CODE_UNIT_FINISHED|GetCaseController.getWorkingCases
10:09:55.13 (19947258)|CODE_UNIT_FINISHED|Aura
10:09:55.13 (21154539)|EXECUTION_FINISHED
10:09:55.22 (22190435)|USER_INFO|[EXTERNAL]|0051I00000112gB|trent@testorg.com|Pacific Standard Time|GMT-08:00
10:09:55.22 (22205153)|EXECUTION_STARTED
10:09:55.22 (22207914)|CODE_UNIT_STARTED|[EXTERNAL]|Aura
10:09:55.22 (23129274)|CODE_UNIT_STARTED|[EXTERNAL]|01p1I00000Dc465|GetCaseController.getEscalatedCases
10:09:55.22 (23177276)|SYSTEM_MODE_ENTER|false
10:09:55.22 (23194372)|HEAP_ALLOCATE|[17]|Bytes:5
10:09:55.22 (23200079)|STATEMENT_EXECUTE|[16]
10:09:55.22 (23201574)|STATEMENT_EXECUTE|[17]
10:09:55.22 (23204290)|HEAP_ALLOCATE|[17]|Bytes:64
10:09:55.22 (23217900)|HEAP_ALLOCATE|[17]|Bytes:4
10:09:55.22 (23356244)|SOQL_EXECUTE_BEGIN|[17]|Aggregations:0|SELECT Id, Priority FROM Case WHERE Status = 'Escalated' LIMIT 4
10:09:55.22 (26581485)|SOQL_EXECUTE_END|[17]|Rows:0
10:09:55.22 (26604368)|HEAP_ALLOCATE|[17]|Bytes:4
10:09:55.22 (26665469)|HEAP_ALLOCATE|[17]|Bytes:0
10:09:55.22 (26709052)|HEAP_ALLOCATE|[17]|Bytes:4
10:09:55.22 (26724734)|VARIABLE_SCOPE_BEGIN|[17]|cases|List<Case>|true|false
10:09:55.22 (26754930)|VARIABLE_ASSIGNMENT|[17]|cases|[]|0x6da1c67
10:09:55.22 (26767553)|STATEMENT_EXECUTE|[18]
10:09:55.22 (26777601)|SYSTEM_MODE_EXIT|false
10:09:55.26 (26804706)|CUMULATIVE_LIMIT_USAGE
10:09:55.26 (26804706)|LIMIT_USAGE_FOR_NS|(default)|
  Number of SOQL queries: 3 out of 100
  Number of query rows: 3 out of 50000
  Number of SOSL queries: 0 out of 20
  Number of DML statements: 0 out of 150
  Number of DML rows: 0 out of 10000
  Maximum CPU time: 0 out of 10000
  Maximum heap size: 0 out of 6000000
  Number of callouts: 0 out of 100
  Number of Email Invocations: 0 out of 10
  Number of future calls: 0 out of 50
  Number of queueable jobs added to the queue: 0 out of 50
  Number of Mobile Apex push calls: 0 out of 10

10:09:55.26 (26804706)|CUMULATIVE_LIMIT_USAGE_END

10:09:55.22 (26902952)|CODE_UNIT_FINISHED|GetCaseController.getEscalatedCases
10:09:55.22 (26962295)|CODE_UNIT_FINISHED|Aura
10:09:55.22 (28254012)|EXECUTION_FINISHED
10:09:55.29 (29162276)|USER_INFO|[EXTERNAL]|0051I00000112gB|trent@testorg.com|Pacific Standard Time|GMT-08:00
10:09:55.29 (29181799)|EXECUTION_STARTED
10:09:55.29 (29184804)|CODE_UNIT_STARTED|[EXTERNAL]|Aura
10:09:55.29 (30162447)|CODE_UNIT_STARTED|[EXTERNAL]|01p1I00000Dc465|GetCaseController.getClosedCases
10:09:55.29 (30212876)|SYSTEM_MODE_ENTER|false
10:09:55.29 (30231553)|HEAP_ALLOCATE|[23]|Bytes:5
10:09:55.29 (30237909)|STATEMENT_EXECUTE|[22]
10:09:55.29 (30239461)|STATEMENT_EXECUTE|[23]
10:09:55.29 (30242664)|HEAP_ALLOCATE|[23]|Bytes:61
10:09:55.29 (30255179)|HEAP_ALLOCATE|[23]|Bytes:4
10:09:55.29 (30395759)|SOQL_EXECUTE_BEGIN|[23]|Aggregations:0|SELECT Id, Priority FROM Case WHERE Status = 'Closed' LIMIT 4
10:09:55.29 (34003568)|SOQL_EXECUTE_END|[23]|Rows:4
10:09:55.29 (34024348)|HEAP_ALLOCATE|[23]|Bytes:20
10:09:55.29 (34045802)|HEAP_ALLOCATE|[23]|Bytes:181
10:09:55.29 (34081356)|HEAP_ALLOCATE|[23]|Bytes:20
10:09:55.29 (34098979)|VARIABLE_SCOPE_BEGIN|[23]|cases|List<Case>|true|false
10:09:55.29 (34143134)|VARIABLE_ASSIGNMENT|[23]|cases|[{"Id":"5001I000003mzcsQAA","Priority":"High"},{"Id":"5001I000003mzctQAA","Priority":"High"},{"Id":"5001I000003mzcvQAA","Priority":"Low"},{"Id":"5001I000003mzcwQAA","Priority":"Medium"}]|0x7b7f32e5
10:09:55.29 (34154955)|STATEMENT_EXECUTE|[24]
10:09:55.29 (34164232)|SYSTEM_MODE_EXIT|false
10:09:55.34 (34189639)|CUMULATIVE_LIMIT_USAGE
10:09:55.34 (34189639)|LIMIT_USAGE_FOR_NS|(default)|
  Number of SOQL queries: 4 out of 100
  Number of query rows: 7 out of 50000
  Number of SOSL queries: 0 out of 20
  Number of DML statements: 0 out of 150
  Number of DML rows: 0 out of 10000
  Maximum CPU time: 0 out of 10000
  Maximum heap size: 0 out of 6000000
  Number of callouts: 0 out of 100
  Number of Email Invocations: 0 out of 10
  Number of future calls: 0 out of 50
  Number of queueable jobs added to the queue: 0 out of 50
  Number of Mobile Apex push calls: 0 out of 10

10:09:55.34 (34189639)|CUMULATIVE_LIMIT_USAGE_END

10:09:55.29 (34222154)|CODE_UNIT_FINISHED|GetCaseController.getClosedCases
10:09:55.29 (34453174)|CODE_UNIT_FINISHED|Aura
10:09:55.29 (35841581)|EXECUTION_FINISHED
