41.0 APEX_CODE,FINEST;APEX_PROFILING,INFO;CALLOUT,INFO;DB,INFO;SYSTEM,DEBUG;VALIDATION,INFO;VISUALFORCE,INFO;WAVE,INFO;WORKFLOW,INFO
10:41:20.0 (335589)|USER_INFO|[EXTERNAL]|0051I00000112gB|trent@testorg.com|Pacific Standard Time|GMT-08:00
10:41:20.0 (367596)|EXECUTION_STARTED
10:41:20.0 (372098)|CODE_UNIT_STARTED|[EXTERNAL]|Aura
10:41:20.0 (1810714)|CODE_UNIT_STARTED|[EXTERNAL]|01p1I00000Dc465|GetCaseController.getNewCases
10:41:20.0 (2492595)|HEAP_ALLOCATE|[72]|Bytes:3
10:41:20.0 (2542853)|HEAP_ALLOCATE|[77]|Bytes:152
10:41:20.0 (2571923)|HEAP_ALLOCATE|[342]|Bytes:408
10:41:20.0 (2599616)|HEAP_ALLOCATE|[355]|Bytes:408
10:41:20.0 (2614326)|HEAP_ALLOCATE|[467]|Bytes:48
10:41:20.0 (2645544)|HEAP_ALLOCATE|[139]|Bytes:6
10:41:20.0 (2661275)|HEAP_ALLOCATE|[EXTERNAL]|Bytes:13
10:41:20.0 (2673364)|METHOD_ENTRY|[1]|01p1I00000Dc465|GetCaseController.GetCaseController()
10:41:20.0 (2681192)|STATEMENT_EXECUTE|[1]
10:41:20.0 (2687345)|STATEMENT_EXECUTE|[1]
10:41:20.0 (2722894)|HEAP_ALLOCATE|[50]|Bytes:5
10:41:20.0 (2747842)|HEAP_ALLOCATE|[56]|Bytes:5
10:41:20.0 (2756008)|HEAP_ALLOCATE|[64]|Bytes:7
10:41:20.0 (2778483)|SYSTEM_MODE_ENTER|false
10:41:20.0 (2794732)|HEAP_ALLOCATE|[EXTERNAL]|Bytes:5
10:41:20.0 (2802766)|SYSTEM_MODE_EXIT|false
10:41:20.0 (2810480)|METHOD_EXIT|[1]|GetCaseController
10:41:20.0 (2820003)|SYSTEM_MODE_ENTER|false
10:41:20.0 (2832246)|HEAP_ALLOCATE|[5]|Bytes:5
10:41:20.0 (2837811)|STATEMENT_EXECUTE|[4]
10:41:20.0 (2839669)|STATEMENT_EXECUTE|[5]
10:41:20.0 (2843374)|HEAP_ALLOCATE|[5]|Bytes:50
10:41:20.0 (2873563)|HEAP_ALLOCATE|[5]|Bytes:4
10:41:20.0 (4034067)|SOQL_EXECUTE_BEGIN|[5]|Aggregations:0|SELECT Id, Priority FROM Case WHERE Status = 'New'
10:41:20.0 (8812785)|SOQL_EXECUTE_END|[5]|Rows:3
10:41:20.0 (8838975)|HEAP_ALLOCATE|[5]|Bytes:16
10:41:20.0 (8859170)|HEAP_ALLOCATE|[5]|Bytes:132
10:41:20.0 (8923353)|HEAP_ALLOCATE|[5]|Bytes:16
10:41:20.0 (8939139)|VARIABLE_SCOPE_BEGIN|[5]|cases|List<Case>|true|false
10:41:20.0 (8989808)|VARIABLE_ASSIGNMENT|[5]|cases|[{"Id":"5001I000003mzcuQAA","Priority":"Low"},{"Id":"5001I000003mzd8QAA","Priority":"Low"},{"Id":"5001I000003mzdGQAQ","Priority":"Low"}]|0x21e5423e
10:41:20.0 (8998641)|STATEMENT_EXECUTE|[6]
10:41:20.0 (9010308)|SYSTEM_MODE_EXIT|false
10:41:20.9 (9035132)|CUMULATIVE_LIMIT_USAGE
10:41:20.9 (9035132)|LIMIT_USAGE_FOR_NS|(default)|
  Number of SOQL queries: 1 out of 100
  Number of query rows: 3 out of 50000
  Number of SOSL queries: 0 out of 20
  Number of DML statements: 0 out of 150
  Number of DML rows: 0 out of 10000
  Maximum CPU time: 0 out of 10000
  Maximum heap size: 0 out of 6000000
  Number of callouts: 0 out of 100
  Number of Email Invocations: 0 out of 10
  Number of future calls: 0 out of 50
  Number of queueable jobs added to the queue: 0 out of 50
  Number of Mobile Apex push calls: 0 out of 10

10:41:20.9 (9035132)|CUMULATIVE_LIMIT_USAGE_END

10:41:20.0 (9073556)|CODE_UNIT_FINISHED|GetCaseController.getNewCases
10:41:20.0 (9149973)|CODE_UNIT_FINISHED|Aura
10:41:20.0 (10245967)|EXECUTION_FINISHED
10:41:20.11 (11775479)|USER_INFO|[EXTERNAL]|0051I00000112gB|trent@testorg.com|Pacific Standard Time|GMT-08:00
10:41:20.11 (11798609)|EXECUTION_STARTED
10:41:20.11 (11803152)|CODE_UNIT_STARTED|[EXTERNAL]|Aura
10:41:20.11 (12514739)|CODE_UNIT_STARTED|[EXTERNAL]|01p1I00000Dc465|GetCaseController.getWorkingCases
10:41:20.11 (12570133)|SYSTEM_MODE_ENTER|false
10:41:20.11 (12593716)|HEAP_ALLOCATE|[11]|Bytes:5
10:41:20.11 (12599552)|STATEMENT_EXECUTE|[10]
10:41:20.11 (12601052)|STATEMENT_EXECUTE|[11]
10:41:20.11 (12604282)|HEAP_ALLOCATE|[11]|Bytes:62
10:41:20.11 (12622431)|HEAP_ALLOCATE|[11]|Bytes:4
10:41:20.11 (12788478)|SOQL_EXECUTE_BEGIN|[11]|Aggregations:0|SELECT Id, Priority FROM Case WHERE Status = 'Working' LIMIT 4
10:41:20.11 (17357440)|SOQL_EXECUTE_END|[11]|Rows:0
10:41:20.11 (17376796)|HEAP_ALLOCATE|[11]|Bytes:4
10:41:20.11 (17387063)|HEAP_ALLOCATE|[11]|Bytes:0
10:41:20.11 (17425822)|HEAP_ALLOCATE|[11]|Bytes:4
10:41:20.11 (17436952)|VARIABLE_SCOPE_BEGIN|[11]|cases|List<Case>|true|false
10:41:20.11 (17458974)|VARIABLE_ASSIGNMENT|[11]|cases|[]|0x2f4e570b
10:41:20.11 (17465499)|STATEMENT_EXECUTE|[12]
10:41:20.11 (17474031)|SYSTEM_MODE_EXIT|false
10:41:20.17 (17491346)|CUMULATIVE_LIMIT_USAGE
10:41:20.17 (17491346)|LIMIT_USAGE_FOR_NS|(default)|
  Number of SOQL queries: 2 out of 100
  Number of query rows: 3 out of 50000
  Number of SOSL queries: 0 out of 20
  Number of DML statements: 0 out of 150
  Number of DML rows: 0 out of 10000
  Maximum CPU time: 0 out of 10000
  Maximum heap size: 0 out of 6000000
  Number of callouts: 0 out of 100
  Number of Email Invocations: 0 out of 10
  Number of future calls: 0 out of 50
  Number of queueable jobs added to the queue: 0 out of 50
  Number of Mobile Apex push calls: 0 out of 10

10:41:20.17 (17491346)|CUMULATIVE_LIMIT_USAGE_END

10:41:20.11 (17518582)|CODE_UNIT_FINISHED|GetCaseController.getWorkingCases
10:41:20.11 (17560997)|CODE_UNIT_FINISHED|Aura
10:41:20.11 (18645522)|EXECUTION_FINISHED
10:41:20.19 (19653778)|USER_INFO|[EXTERNAL]|0051I00000112gB|trent@testorg.com|Pacific Standard Time|GMT-08:00
10:41:20.19 (19666885)|EXECUTION_STARTED
10:41:20.19 (19669311)|CODE_UNIT_STARTED|[EXTERNAL]|Aura
10:41:20.19 (20630016)|CODE_UNIT_STARTED|[EXTERNAL]|01p1I00000Dc465|GetCaseController.getEscalatedCases
10:41:20.19 (20681943)|SYSTEM_MODE_ENTER|false
10:41:20.19 (20703969)|HEAP_ALLOCATE|[17]|Bytes:5
10:41:20.19 (20709668)|STATEMENT_EXECUTE|[16]
10:41:20.19 (20711195)|STATEMENT_EXECUTE|[17]
10:41:20.19 (20714796)|HEAP_ALLOCATE|[17]|Bytes:64
10:41:20.19 (20730168)|HEAP_ALLOCATE|[17]|Bytes:4
10:41:20.19 (20873240)|SOQL_EXECUTE_BEGIN|[17]|Aggregations:0|SELECT Id, Priority FROM Case WHERE Status = 'Escalated' LIMIT 4
10:41:20.19 (23158473)|SOQL_EXECUTE_END|[17]|Rows:0
10:41:20.19 (23179824)|HEAP_ALLOCATE|[17]|Bytes:4
10:41:20.19 (23189558)|HEAP_ALLOCATE|[17]|Bytes:0
10:41:20.19 (23221959)|HEAP_ALLOCATE|[17]|Bytes:4
10:41:20.19 (23233510)|VARIABLE_SCOPE_BEGIN|[17]|cases|List<Case>|true|false
10:41:20.19 (23255698)|VARIABLE_ASSIGNMENT|[17]|cases|[]|0x7af9e6b5
10:41:20.19 (23262291)|STATEMENT_EXECUTE|[18]
10:41:20.19 (23270236)|SYSTEM_MODE_EXIT|false
10:41:20.23 (23285885)|CUMULATIVE_LIMIT_USAGE
10:41:20.23 (23285885)|LIMIT_USAGE_FOR_NS|(default)|
  Number of SOQL queries: 3 out of 100
  Number of query rows: 3 out of 50000
  Number of SOSL queries: 0 out of 20
  Number of DML statements: 0 out of 150
  Number of DML rows: 0 out of 10000
  Maximum CPU time: 0 out of 10000
  Maximum heap size: 0 out of 6000000
  Number of callouts: 0 out of 100
  Number of Email Invocations: 0 out of 10
  Number of future calls: 0 out of 50
  Number of queueable jobs added to the queue: 0 out of 50
  Number of Mobile Apex push calls: 0 out of 10

10:41:20.23 (23285885)|CUMULATIVE_LIMIT_USAGE_END

10:41:20.19 (23310121)|CODE_UNIT_FINISHED|GetCaseController.getEscalatedCases
10:41:20.19 (23350488)|CODE_UNIT_FINISHED|Aura
10:41:20.19 (24353103)|EXECUTION_FINISHED
10:41:20.25 (25204438)|USER_INFO|[EXTERNAL]|0051I00000112gB|trent@testorg.com|Pacific Standard Time|GMT-08:00
10:41:20.25 (25217910)|EXECUTION_STARTED
10:41:20.25 (25220370)|CODE_UNIT_STARTED|[EXTERNAL]|Aura
10:41:20.25 (25914485)|CODE_UNIT_STARTED|[EXTERNAL]|01p1I00000Dc465|GetCaseController.getClosedCases
10:41:20.25 (25966226)|SYSTEM_MODE_ENTER|false
10:41:20.25 (25984381)|HEAP_ALLOCATE|[23]|Bytes:5
10:41:20.25 (25990358)|STATEMENT_EXECUTE|[22]
10:41:20.25 (25991854)|STATEMENT_EXECUTE|[23]
10:41:20.25 (25994960)|HEAP_ALLOCATE|[23]|Bytes:61
10:41:20.25 (26008074)|HEAP_ALLOCATE|[23]|Bytes:4
10:41:20.25 (26139932)|SOQL_EXECUTE_BEGIN|[23]|Aggregations:0|SELECT Id, Priority FROM Case WHERE Status = 'Closed' LIMIT 4
10:41:20.25 (28421501)|SOQL_EXECUTE_END|[23]|Rows:4
10:41:20.25 (28438708)|HEAP_ALLOCATE|[23]|Bytes:20
10:41:20.25 (28457091)|HEAP_ALLOCATE|[23]|Bytes:181
10:41:20.25 (28487102)|HEAP_ALLOCATE|[23]|Bytes:20
10:41:20.25 (28498487)|VARIABLE_SCOPE_BEGIN|[23]|cases|List<Case>|true|false
10:41:20.25 (28526426)|VARIABLE_ASSIGNMENT|[23]|cases|[{"Id":"5001I000003mzcsQAA","Priority":"High"},{"Id":"5001I000003mzctQAA","Priority":"High"},{"Id":"5001I000003mzcvQAA","Priority":"Low"},{"Id":"5001I000003mzcwQAA","Priority":"Medium"}]|0x7592c8f2
10:41:20.25 (28535380)|STATEMENT_EXECUTE|[24]
10:41:20.25 (28543020)|SYSTEM_MODE_EXIT|false
10:41:20.28 (28555123)|CUMULATIVE_LIMIT_USAGE
10:41:20.28 (28555123)|LIMIT_USAGE_FOR_NS|(default)|
  Number of SOQL queries: 4 out of 100
  Number of query rows: 7 out of 50000
  Number of SOSL queries: 0 out of 20
  Number of DML statements: 0 out of 150
  Number of DML rows: 0 out of 10000
  Maximum CPU time: 0 out of 10000
  Maximum heap size: 0 out of 6000000
  Number of callouts: 0 out of 100
  Number of Email Invocations: 0 out of 10
  Number of future calls: 0 out of 50
  Number of queueable jobs added to the queue: 0 out of 50
  Number of Mobile Apex push calls: 0 out of 10

10:41:20.28 (28555123)|CUMULATIVE_LIMIT_USAGE_END

10:41:20.25 (28577033)|CODE_UNIT_FINISHED|GetCaseController.getClosedCases
10:41:20.25 (28628822)|CODE_UNIT_FINISHED|Aura
10:41:20.25 (29630611)|EXECUTION_FINISHED
