41.0 APEX_CODE,FINEST;APEX_PROFILING,INFO;CALLOUT,INFO;DB,INFO;SYSTEM,DEBUG;VALIDATION,INFO;VISUALFORCE,INFO;WAVE,INFO;WORKFLOW,INFO
10:46:00.0 (301230)|USER_INFO|[EXTERNAL]|0051I00000112gB|trent@testorg.com|Pacific Standard Time|GMT-08:00
10:46:00.0 (353264)|EXECUTION_STARTED
10:46:00.0 (357996)|CODE_UNIT_STARTED|[EXTERNAL]|Aura
10:46:00.0 (1903527)|CODE_UNIT_STARTED|[EXTERNAL]|01p1I00000Dc465|GetCaseController.getNewCases
10:46:00.0 (2469416)|HEAP_ALLOCATE|[72]|Bytes:3
10:46:00.0 (2507372)|HEAP_ALLOCATE|[77]|Bytes:152
10:46:00.0 (2527306)|HEAP_ALLOCATE|[342]|Bytes:408
10:46:00.0 (2556810)|HEAP_ALLOCATE|[355]|Bytes:408
10:46:00.0 (2579058)|HEAP_ALLOCATE|[467]|Bytes:48
10:46:00.0 (2611310)|HEAP_ALLOCATE|[139]|Bytes:6
10:46:00.0 (2628465)|HEAP_ALLOCATE|[EXTERNAL]|Bytes:13
10:46:00.0 (2642235)|METHOD_ENTRY|[1]|01p1I00000Dc465|GetCaseController.GetCaseController()
10:46:00.0 (2651047)|STATEMENT_EXECUTE|[1]
10:46:00.0 (2657905)|STATEMENT_EXECUTE|[1]
10:46:00.0 (2695393)|HEAP_ALLOCATE|[50]|Bytes:5
10:46:00.0 (2717423)|HEAP_ALLOCATE|[56]|Bytes:5
10:46:00.0 (2727171)|HEAP_ALLOCATE|[64]|Bytes:7
10:46:00.0 (2751901)|SYSTEM_MODE_ENTER|false
10:46:00.0 (2763750)|HEAP_ALLOCATE|[EXTERNAL]|Bytes:5
10:46:00.0 (2773018)|SYSTEM_MODE_EXIT|false
10:46:00.0 (2782202)|METHOD_EXIT|[1]|GetCaseController
10:46:00.0 (2798423)|SYSTEM_MODE_ENTER|false
10:46:00.0 (2813114)|HEAP_ALLOCATE|[5]|Bytes:5
10:46:00.0 (2818570)|STATEMENT_EXECUTE|[4]
10:46:00.0 (2820436)|STATEMENT_EXECUTE|[5]
10:46:00.0 (2823574)|HEAP_ALLOCATE|[5]|Bytes:50
10:46:00.0 (2838794)|HEAP_ALLOCATE|[5]|Bytes:4
10:46:00.0 (3821829)|SOQL_EXECUTE_BEGIN|[5]|Aggregations:0|SELECT Id, Priority FROM Case WHERE Status = 'New'
10:46:00.0 (8681105)|SOQL_EXECUTE_END|[5]|Rows:3
10:46:00.0 (8707070)|HEAP_ALLOCATE|[5]|Bytes:16
10:46:00.0 (8728145)|HEAP_ALLOCATE|[5]|Bytes:132
10:46:00.0 (8775894)|HEAP_ALLOCATE|[5]|Bytes:16
10:46:00.0 (8794894)|VARIABLE_SCOPE_BEGIN|[5]|cases|List<Case>|true|false
10:46:00.0 (8853893)|VARIABLE_ASSIGNMENT|[5]|cases|[{"Id":"5001I000003mzcuQAA","Priority":"Low"},{"Id":"5001I000003mzd8QAA","Priority":"Low"},{"Id":"5001I000003mzdGQAQ","Priority":"Low"}]|0x7a04fc
10:46:00.0 (8867137)|STATEMENT_EXECUTE|[6]
10:46:00.0 (8877637)|SYSTEM_MODE_EXIT|false
10:46:00.8 (8910828)|CUMULATIVE_LIMIT_USAGE
10:46:00.8 (8910828)|LIMIT_USAGE_FOR_NS|(default)|
  Number of SOQL queries: 1 out of 100
  Number of query rows: 3 out of 50000
  Number of SOSL queries: 0 out of 20
  Number of DML statements: 0 out of 150
  Number of DML rows: 0 out of 10000
  Maximum CPU time: 0 out of 10000
  Maximum heap size: 0 out of 6000000
  Number of callouts: 0 out of 100
  Number of Email Invocations: 0 out of 10
  Number of future calls: 0 out of 50
  Number of queueable jobs added to the queue: 0 out of 50
  Number of Mobile Apex push calls: 0 out of 10

10:46:00.8 (8910828)|CUMULATIVE_LIMIT_USAGE_END

10:46:00.0 (8957492)|CODE_UNIT_FINISHED|GetCaseController.getNewCases
10:46:00.0 (9101372)|CODE_UNIT_FINISHED|Aura
10:46:00.0 (10253283)|EXECUTION_FINISHED
10:46:00.11 (11845359)|USER_INFO|[EXTERNAL]|0051I00000112gB|trent@testorg.com|Pacific Standard Time|GMT-08:00
10:46:00.11 (11860360)|EXECUTION_STARTED
10:46:00.11 (11863867)|CODE_UNIT_STARTED|[EXTERNAL]|Aura
10:46:00.11 (12603915)|CODE_UNIT_STARTED|[EXTERNAL]|01p1I00000Dc465|GetCaseController.getWorkingCases
10:46:00.11 (12675625)|SYSTEM_MODE_ENTER|false
10:46:00.11 (12699387)|HEAP_ALLOCATE|[11]|Bytes:5
10:46:00.11 (12708186)|STATEMENT_EXECUTE|[10]
10:46:00.11 (12710314)|STATEMENT_EXECUTE|[11]
10:46:00.11 (12714388)|HEAP_ALLOCATE|[11]|Bytes:62
10:46:00.11 (12730261)|HEAP_ALLOCATE|[11]|Bytes:4
10:46:00.11 (12911142)|SOQL_EXECUTE_BEGIN|[11]|Aggregations:0|SELECT Id, Priority FROM Case WHERE Status = 'Working' LIMIT 4
10:46:00.11 (19147913)|SOQL_EXECUTE_END|[11]|Rows:0
10:46:00.11 (19174153)|HEAP_ALLOCATE|[11]|Bytes:4
10:46:00.11 (19186737)|HEAP_ALLOCATE|[11]|Bytes:0
10:46:00.11 (19226073)|HEAP_ALLOCATE|[11]|Bytes:4
10:46:00.11 (19244898)|VARIABLE_SCOPE_BEGIN|[11]|cases|List<Case>|true|false
10:46:00.11 (19275393)|VARIABLE_ASSIGNMENT|[11]|cases|[]|0x5e14c345
10:46:00.11 (19283878)|STATEMENT_EXECUTE|[12]
10:46:00.11 (19293465)|SYSTEM_MODE_EXIT|false
10:46:00.19 (19319043)|CUMULATIVE_LIMIT_USAGE
10:46:00.19 (19319043)|LIMIT_USAGE_FOR_NS|(default)|
  Number of SOQL queries: 2 out of 100
  Number of query rows: 3 out of 50000
  Number of SOSL queries: 0 out of 20
  Number of DML statements: 0 out of 150
  Number of DML rows: 0 out of 10000
  Maximum CPU time: 0 out of 10000
  Maximum heap size: 0 out of 6000000
  Number of callouts: 0 out of 100
  Number of Email Invocations: 0 out of 10
  Number of future calls: 0 out of 50
  Number of queueable jobs added to the queue: 0 out of 50
  Number of Mobile Apex push calls: 0 out of 10

10:46:00.19 (19319043)|CUMULATIVE_LIMIT_USAGE_END

10:46:00.11 (19354417)|CODE_UNIT_FINISHED|GetCaseController.getWorkingCases
10:46:00.11 (19424929)|CODE_UNIT_FINISHED|Aura
10:46:00.11 (21056029)|EXECUTION_FINISHED
10:46:00.22 (22262707)|USER_INFO|[EXTERNAL]|0051I00000112gB|trent@testorg.com|Pacific Standard Time|GMT-08:00
10:46:00.22 (22278545)|EXECUTION_STARTED
10:46:00.22 (22281794)|CODE_UNIT_STARTED|[EXTERNAL]|Aura
10:46:00.22 (23419907)|CODE_UNIT_STARTED|[EXTERNAL]|01p1I00000Dc465|GetCaseController.getEscalatedCases
10:46:00.22 (23478911)|SYSTEM_MODE_ENTER|false
10:46:00.22 (23498193)|HEAP_ALLOCATE|[17]|Bytes:5
10:46:00.22 (23506937)|STATEMENT_EXECUTE|[16]
10:46:00.22 (23508357)|STATEMENT_EXECUTE|[17]
10:46:00.22 (23511482)|HEAP_ALLOCATE|[17]|Bytes:64
10:46:00.22 (23524313)|HEAP_ALLOCATE|[17]|Bytes:4
10:46:00.22 (23741609)|SOQL_EXECUTE_BEGIN|[17]|Aggregations:0|SELECT Id, Priority FROM Case WHERE Status = 'Escalated' LIMIT 4
10:46:00.22 (28048775)|SOQL_EXECUTE_END|[17]|Rows:0
10:46:00.22 (28071898)|HEAP_ALLOCATE|[17]|Bytes:4
10:46:00.22 (28083496)|HEAP_ALLOCATE|[17]|Bytes:0
10:46:00.22 (28116647)|HEAP_ALLOCATE|[17]|Bytes:4
10:46:00.22 (28132962)|VARIABLE_SCOPE_BEGIN|[17]|cases|List<Case>|true|false
10:46:00.22 (28169758)|VARIABLE_ASSIGNMENT|[17]|cases|[]|0x46237a34
10:46:00.22 (28179977)|STATEMENT_EXECUTE|[18]
10:46:00.22 (28189685)|SYSTEM_MODE_EXIT|false
10:46:00.28 (28216102)|CUMULATIVE_LIMIT_USAGE
10:46:00.28 (28216102)|LIMIT_USAGE_FOR_NS|(default)|
  Number of SOQL queries: 3 out of 100
  Number of query rows: 3 out of 50000
  Number of SOSL queries: 0 out of 20
  Number of DML statements: 0 out of 150
  Number of DML rows: 0 out of 10000
  Maximum CPU time: 0 out of 10000
  Maximum heap size: 0 out of 6000000
  Number of callouts: 0 out of 100
  Number of Email Invocations: 0 out of 10
  Number of future calls: 0 out of 50
  Number of queueable jobs added to the queue: 0 out of 50
  Number of Mobile Apex push calls: 0 out of 10

10:46:00.28 (28216102)|CUMULATIVE_LIMIT_USAGE_END

10:46:00.22 (28256578)|CODE_UNIT_FINISHED|GetCaseController.getEscalatedCases
10:46:00.22 (28328258)|CODE_UNIT_FINISHED|Aura
10:46:00.22 (29829570)|EXECUTION_FINISHED
10:46:00.30 (30695404)|USER_INFO|[EXTERNAL]|0051I00000112gB|trent@testorg.com|Pacific Standard Time|GMT-08:00
10:46:00.30 (30716024)|EXECUTION_STARTED
10:46:00.30 (30720830)|CODE_UNIT_STARTED|[EXTERNAL]|Aura
10:46:00.30 (31684050)|CODE_UNIT_STARTED|[EXTERNAL]|01p1I00000Dc465|GetCaseController.getClosedCases
10:46:00.30 (31775682)|SYSTEM_MODE_ENTER|false
10:46:00.30 (31801426)|HEAP_ALLOCATE|[23]|Bytes:5
10:46:00.30 (31812838)|STATEMENT_EXECUTE|[22]
10:46:00.30 (31814693)|STATEMENT_EXECUTE|[23]
10:46:00.30 (31818889)|HEAP_ALLOCATE|[23]|Bytes:61
10:46:00.30 (31837769)|HEAP_ALLOCATE|[23]|Bytes:4
10:46:00.30 (32017713)|SOQL_EXECUTE_BEGIN|[23]|Aggregations:0|SELECT Id, Priority FROM Case WHERE Status = 'Closed' LIMIT 4
10:46:00.30 (34715660)|SOQL_EXECUTE_END|[23]|Rows:4
10:46:00.30 (34733357)|HEAP_ALLOCATE|[23]|Bytes:20
10:46:00.30 (34753340)|HEAP_ALLOCATE|[23]|Bytes:181
10:46:00.30 (34803680)|HEAP_ALLOCATE|[23]|Bytes:20
10:46:00.30 (34822202)|VARIABLE_SCOPE_BEGIN|[23]|cases|List<Case>|true|false
10:46:00.30 (34875242)|VARIABLE_ASSIGNMENT|[23]|cases|[{"Id":"5001I000003mzcsQAA","Priority":"High"},{"Id":"5001I000003mzctQAA","Priority":"High"},{"Id":"5001I000003mzcvQAA","Priority":"Low"},{"Id":"5001I000003mzcwQAA","Priority":"Medium"}]|0x6c5f64ea
10:46:00.30 (34885305)|STATEMENT_EXECUTE|[24]
10:46:00.30 (34894342)|SYSTEM_MODE_EXIT|false
10:46:00.34 (34914027)|CUMULATIVE_LIMIT_USAGE
10:46:00.34 (34914027)|LIMIT_USAGE_FOR_NS|(default)|
  Number of SOQL queries: 4 out of 100
  Number of query rows: 7 out of 50000
  Number of SOSL queries: 0 out of 20
  Number of DML statements: 0 out of 150
  Number of DML rows: 0 out of 10000
  Maximum CPU time: 0 out of 10000
  Maximum heap size: 0 out of 6000000
  Number of callouts: 0 out of 100
  Number of Email Invocations: 0 out of 10
  Number of future calls: 0 out of 50
  Number of queueable jobs added to the queue: 0 out of 50
  Number of Mobile Apex push calls: 0 out of 10

10:46:00.34 (34914027)|CUMULATIVE_LIMIT_USAGE_END

10:46:00.30 (34945009)|CODE_UNIT_FINISHED|GetCaseController.getClosedCases
10:46:00.30 (35014618)|CODE_UNIT_FINISHED|Aura
10:46:00.30 (36129700)|EXECUTION_FINISHED
