41.0 APEX_CODE,FINEST;APEX_PROFILING,INFO;CALLOUT,INFO;DB,INFO;SYSTEM,DEBUG;VALIDATION,INFO;VISUALFORCE,INFO;WAVE,INFO;WORKFLOW,INFO
09:08:30.0 (320861)|USER_INFO|[EXTERNAL]|0051I00000112gB|trent@testorg.com|Pacific Standard Time|GMT-08:00
09:08:30.0 (363930)|EXECUTION_STARTED
09:08:30.0 (369491)|CODE_UNIT_STARTED|[EXTERNAL]|Aura
09:08:30.0 (1689313)|CODE_UNIT_STARTED|[EXTERNAL]|01p1I00000Dc465|GetCaseController.getNewCases
09:08:30.0 (2215439)|HEAP_ALLOCATE|[72]|Bytes:3
09:08:30.0 (2273686)|HEAP_ALLOCATE|[77]|Bytes:152
09:08:30.0 (2289030)|HEAP_ALLOCATE|[342]|Bytes:408
09:08:30.0 (2302761)|HEAP_ALLOCATE|[355]|Bytes:408
09:08:30.0 (2315048)|HEAP_ALLOCATE|[467]|Bytes:48
09:08:30.0 (2341045)|HEAP_ALLOCATE|[139]|Bytes:6
09:08:30.0 (2355434)|HEAP_ALLOCATE|[EXTERNAL]|Bytes:13
09:08:30.0 (2389394)|METHOD_ENTRY|[1]|01p1I00000Dc465|GetCaseController.GetCaseController()
09:08:30.0 (2395398)|STATEMENT_EXECUTE|[1]
09:08:30.0 (2400287)|STATEMENT_EXECUTE|[1]
09:08:30.0 (2425790)|HEAP_ALLOCATE|[50]|Bytes:5
09:08:30.0 (2444849)|HEAP_ALLOCATE|[56]|Bytes:5
09:08:30.0 (2451789)|HEAP_ALLOCATE|[64]|Bytes:7
09:08:30.0 (2470150)|SYSTEM_MODE_ENTER|false
09:08:30.0 (2615493)|HEAP_ALLOCATE|[EXTERNAL]|Bytes:5
09:08:30.0 (2622355)|SYSTEM_MODE_EXIT|false
09:08:30.0 (2629345)|METHOD_EXIT|[1]|GetCaseController
09:08:30.0 (2640798)|SYSTEM_MODE_ENTER|false
09:08:30.0 (2651597)|HEAP_ALLOCATE|[5]|Bytes:5
09:08:30.0 (2655204)|STATEMENT_EXECUTE|[4]
09:08:30.0 (2656362)|STATEMENT_EXECUTE|[5]
09:08:30.0 (2658255)|HEAP_ALLOCATE|[5]|Bytes:58
09:08:30.0 (2671563)|HEAP_ALLOCATE|[5]|Bytes:4
09:08:30.0 (3435820)|SOQL_EXECUTE_BEGIN|[5]|Aggregations:0|SELECT Id, Priority FROM Case WHERE Status = 'New' LIMIT 4
09:08:30.0 (14860933)|SOQL_EXECUTE_END|[5]|Rows:3
09:08:30.0 (14885182)|HEAP_ALLOCATE|[5]|Bytes:16
09:08:30.0 (14906428)|HEAP_ALLOCATE|[5]|Bytes:132
09:08:30.0 (14978615)|HEAP_ALLOCATE|[5]|Bytes:16
09:08:30.0 (14997078)|VARIABLE_SCOPE_BEGIN|[5]|cases|List<Case>|true|false
09:08:30.0 (15050056)|VARIABLE_ASSIGNMENT|[5]|cases|[{"Id":"5001I000003mzcuQAA","Priority":"Low"},{"Id":"5001I000003mzd8QAA","Priority":"Low"},{"Id":"5001I000003mzdGQAQ","Priority":"Low"}]|0x2133cb9d
09:08:30.0 (15059880)|STATEMENT_EXECUTE|[6]
09:08:30.0 (15071111)|SYSTEM_MODE_EXIT|false
09:08:30.15 (15093623)|CUMULATIVE_LIMIT_USAGE
09:08:30.15 (15093623)|LIMIT_USAGE_FOR_NS|(default)|
  Number of SOQL queries: 1 out of 100
  Number of query rows: 3 out of 50000
  Number of SOSL queries: 0 out of 20
  Number of DML statements: 0 out of 150
  Number of DML rows: 0 out of 10000
  Maximum CPU time: 0 out of 10000
  Maximum heap size: 0 out of 6000000
  Number of callouts: 0 out of 100
  Number of Email Invocations: 0 out of 10
  Number of future calls: 0 out of 50
  Number of queueable jobs added to the queue: 0 out of 50
  Number of Mobile Apex push calls: 0 out of 10

09:08:30.15 (15093623)|CUMULATIVE_LIMIT_USAGE_END

09:08:30.0 (15127360)|CODE_UNIT_FINISHED|GetCaseController.getNewCases
09:08:30.0 (15195447)|CODE_UNIT_FINISHED|Aura
09:08:30.0 (16205108)|EXECUTION_FINISHED
