41.0 APEX_CODE,FINEST;APEX_PROFILING,INFO;CALLOUT,INFO;DB,INFO;SYSTEM,DEBUG;VALIDATION,INFO;VISUALFORCE,INFO;WAVE,INFO;WORKFLOW,INFO
08:56:41.0 (350600)|USER_INFO|[EXTERNAL]|0051I00000112gB|trent@testorg.com|Pacific Standard Time|GMT-08:00
08:56:41.0 (389945)|EXECUTION_STARTED
08:56:41.0 (394847)|CODE_UNIT_STARTED|[EXTERNAL]|Aura
08:56:41.0 (2080397)|CODE_UNIT_STARTED|[EXTERNAL]|01p1I00000Dc465|GetCaseController.getAllCases
08:56:41.0 (2767321)|HEAP_ALLOCATE|[72]|Bytes:3
08:56:41.0 (2851714)|HEAP_ALLOCATE|[77]|Bytes:152
08:56:41.0 (2878230)|HEAP_ALLOCATE|[342]|Bytes:408
08:56:41.0 (2918051)|HEAP_ALLOCATE|[355]|Bytes:408
08:56:41.0 (2936800)|HEAP_ALLOCATE|[467]|Bytes:48
08:56:41.0 (3007782)|HEAP_ALLOCATE|[139]|Bytes:6
08:56:41.0 (3036446)|HEAP_ALLOCATE|[EXTERNAL]|Bytes:6
08:56:41.0 (3090758)|METHOD_ENTRY|[1]|01p1I00000Dc465|GetCaseController.GetCaseController()
08:56:41.0 (3097907)|STATEMENT_EXECUTE|[1]
08:56:41.0 (3102063)|STATEMENT_EXECUTE|[1]
08:56:41.0 (3136243)|HEAP_ALLOCATE|[50]|Bytes:5
08:56:41.0 (3159885)|HEAP_ALLOCATE|[56]|Bytes:5
08:56:41.0 (3167419)|HEAP_ALLOCATE|[64]|Bytes:7
08:56:41.0 (3190608)|SYSTEM_MODE_ENTER|false
08:56:41.0 (3384363)|HEAP_ALLOCATE|[EXTERNAL]|Bytes:5
08:56:41.0 (3393685)|SYSTEM_MODE_EXIT|false
08:56:41.0 (3423523)|METHOD_EXIT|[1]|GetCaseController
08:56:41.0 (3454645)|SYSTEM_MODE_ENTER|false
08:56:41.0 (3473488)|HEAP_ALLOCATE|[16]|Bytes:5
08:56:41.0 (3479635)|STATEMENT_EXECUTE|[15]
08:56:41.0 (3481396)|STATEMENT_EXECUTE|[16]
08:56:41.0 (3484445)|HEAP_ALLOCATE|[16]|Bytes:29
08:56:41.0 (3515016)|HEAP_ALLOCATE|[16]|Bytes:4
08:56:41.0 (4581558)|SOQL_EXECUTE_BEGIN|[16]|Aggregations:0|SELECT Id, Priority FROM Case
08:56:41.0 (7356464)|SOQL_EXECUTE_END|[16]|Rows:26
08:56:41.0 (7377018)|HEAP_ALLOCATE|[16]|Bytes:108
08:56:41.0 (7420519)|HEAP_ALLOCATE|[16]|Bytes:1189
08:56:41.0 (7490831)|HEAP_ALLOCATE|[16]|Bytes:108
08:56:41.0 (7503477)|VARIABLE_SCOPE_BEGIN|[16]|cases|List<Case>|true|false
08:56:41.0 (7534121)|VARIABLE_ASSIGNMENT|[16]|cases|"List of size 26 too large to display"|0x62bbcc3d
08:56:41.0 (7540538)|STATEMENT_EXECUTE|[17]
08:56:41.0 (7563316)|SYSTEM_MODE_EXIT|false
08:56:41.7 (7585245)|CUMULATIVE_LIMIT_USAGE
08:56:41.7 (7585245)|LIMIT_USAGE_FOR_NS|(default)|
  Number of SOQL queries: 1 out of 100
  Number of query rows: 26 out of 50000
  Number of SOSL queries: 0 out of 20
  Number of DML statements: 0 out of 150
  Number of DML rows: 0 out of 10000
  Maximum CPU time: 0 out of 10000
  Maximum heap size: 0 out of 6000000
  Number of callouts: 0 out of 100
  Number of Email Invocations: 0 out of 10
  Number of future calls: 0 out of 50
  Number of queueable jobs added to the queue: 0 out of 50
  Number of Mobile Apex push calls: 0 out of 10

08:56:41.7 (7585245)|CUMULATIVE_LIMIT_USAGE_END

08:56:41.0 (7624793)|CODE_UNIT_FINISHED|GetCaseController.getAllCases
08:56:41.0 (7802835)|CODE_UNIT_FINISHED|Aura
08:56:41.0 (8823546)|EXECUTION_FINISHED
