41.0 APEX_CODE,FINEST;APEX_PROFILING,INFO;CALLOUT,INFO;DB,INFO;SYSTEM,DEBUG;VALIDATION,INFO;VISUALFORCE,INFO;WAVE,INFO;WORKFLOW,INFO
10:26:58.0 (322401)|USER_INFO|[EXTERNAL]|0051I00000112gB|trent@testorg.com|Pacific Standard Time|GMT-08:00
10:26:58.0 (361820)|EXECUTION_STARTED
10:26:58.0 (365326)|CODE_UNIT_STARTED|[EXTERNAL]|Aura
10:26:58.0 (1820398)|CODE_UNIT_STARTED|[EXTERNAL]|01p1I00000Dc465|GetCaseController.getNewCases
10:26:58.0 (2484205)|HEAP_ALLOCATE|[72]|Bytes:3
10:26:58.0 (2555452)|HEAP_ALLOCATE|[77]|Bytes:152
10:26:58.0 (2582870)|HEAP_ALLOCATE|[342]|Bytes:408
10:26:58.0 (2610004)|HEAP_ALLOCATE|[355]|Bytes:408
10:26:58.0 (2633846)|HEAP_ALLOCATE|[467]|Bytes:48
10:26:58.0 (2674455)|HEAP_ALLOCATE|[139]|Bytes:6
10:26:58.0 (2698661)|HEAP_ALLOCATE|[EXTERNAL]|Bytes:13
10:26:58.0 (2762886)|METHOD_ENTRY|[1]|01p1I00000Dc465|GetCaseController.GetCaseController()
10:26:58.0 (2773124)|STATEMENT_EXECUTE|[1]
10:26:58.0 (2781037)|STATEMENT_EXECUTE|[1]
10:26:58.0 (2817953)|HEAP_ALLOCATE|[50]|Bytes:5
10:26:58.0 (2845496)|HEAP_ALLOCATE|[56]|Bytes:5
10:26:58.0 (2858451)|HEAP_ALLOCATE|[64]|Bytes:7
10:26:58.0 (2888085)|SYSTEM_MODE_ENTER|false
10:26:58.0 (3117356)|HEAP_ALLOCATE|[EXTERNAL]|Bytes:5
10:26:58.0 (3132584)|SYSTEM_MODE_EXIT|false
10:26:58.0 (3161237)|METHOD_EXIT|[1]|GetCaseController
10:26:58.0 (3183297)|SYSTEM_MODE_ENTER|false
10:26:58.0 (3205009)|HEAP_ALLOCATE|[5]|Bytes:5
10:26:58.0 (3216685)|STATEMENT_EXECUTE|[4]
10:26:58.0 (3218522)|STATEMENT_EXECUTE|[5]
10:26:58.0 (3222397)|HEAP_ALLOCATE|[5]|Bytes:50
10:26:58.0 (3242799)|HEAP_ALLOCATE|[5]|Bytes:4
10:26:58.0 (4170435)|SOQL_EXECUTE_BEGIN|[5]|Aggregations:0|SELECT Id, Priority FROM Case WHERE Status = 'New'
10:26:58.0 (8497414)|SOQL_EXECUTE_END|[5]|Rows:3
10:26:58.0 (8518550)|HEAP_ALLOCATE|[5]|Bytes:16
10:26:58.0 (8542544)|HEAP_ALLOCATE|[5]|Bytes:132
10:26:58.0 (8592654)|HEAP_ALLOCATE|[5]|Bytes:16
10:26:58.0 (8605886)|VARIABLE_SCOPE_BEGIN|[5]|cases|List<Case>|true|false
10:26:58.0 (8652860)|VARIABLE_ASSIGNMENT|[5]|cases|[{"Id":"5001I000003mzcuQAA","Priority":"Low"},{"Id":"5001I000003mzd8QAA","Priority":"Low"},{"Id":"5001I000003mzdGQAQ","Priority":"Low"}]|0x530db836
10:26:58.0 (8661791)|STATEMENT_EXECUTE|[6]
10:26:58.0 (8670223)|SYSTEM_MODE_EXIT|false
10:26:58.8 (8693612)|CUMULATIVE_LIMIT_USAGE
10:26:58.8 (8693612)|LIMIT_USAGE_FOR_NS|(default)|
  Number of SOQL queries: 1 out of 100
  Number of query rows: 3 out of 50000
  Number of SOSL queries: 0 out of 20
  Number of DML statements: 0 out of 150
  Number of DML rows: 0 out of 10000
  Maximum CPU time: 0 out of 10000
  Maximum heap size: 0 out of 6000000
  Number of callouts: 0 out of 100
  Number of Email Invocations: 0 out of 10
  Number of future calls: 0 out of 50
  Number of queueable jobs added to the queue: 0 out of 50
  Number of Mobile Apex push calls: 0 out of 10

10:26:58.8 (8693612)|CUMULATIVE_LIMIT_USAGE_END

10:26:58.0 (8729414)|CODE_UNIT_FINISHED|GetCaseController.getNewCases
10:26:58.0 (8808802)|CODE_UNIT_FINISHED|Aura
10:26:58.0 (9876296)|EXECUTION_FINISHED
10:26:58.11 (11474272)|USER_INFO|[EXTERNAL]|0051I00000112gB|trent@testorg.com|Pacific Standard Time|GMT-08:00
10:26:58.11 (11490141)|EXECUTION_STARTED
10:26:58.11 (11493696)|CODE_UNIT_STARTED|[EXTERNAL]|Aura
10:26:58.11 (12330097)|CODE_UNIT_STARTED|[EXTERNAL]|01p1I00000Dc465|GetCaseController.getWorkingCases
10:26:58.11 (12379327)|SYSTEM_MODE_ENTER|false
10:26:58.11 (12398759)|HEAP_ALLOCATE|[11]|Bytes:5
10:26:58.11 (12404443)|STATEMENT_EXECUTE|[10]
10:26:58.11 (12406046)|STATEMENT_EXECUTE|[11]
10:26:58.11 (12409174)|HEAP_ALLOCATE|[11]|Bytes:62
10:26:58.11 (12424601)|HEAP_ALLOCATE|[11]|Bytes:4
10:26:58.11 (12596744)|SOQL_EXECUTE_BEGIN|[11]|Aggregations:0|SELECT Id, Priority FROM Case WHERE Status = 'Working' LIMIT 4
10:26:58.11 (16994553)|SOQL_EXECUTE_END|[11]|Rows:0
10:26:58.11 (17016272)|HEAP_ALLOCATE|[11]|Bytes:4
10:26:58.11 (17026527)|HEAP_ALLOCATE|[11]|Bytes:0
10:26:58.11 (17065135)|HEAP_ALLOCATE|[11]|Bytes:4
10:26:58.11 (17076234)|VARIABLE_SCOPE_BEGIN|[11]|cases|List<Case>|true|false
10:26:58.11 (17113403)|VARIABLE_ASSIGNMENT|[11]|cases|[]|0x2bb24713
10:26:58.11 (17120762)|STATEMENT_EXECUTE|[12]
10:26:58.11 (17130125)|SYSTEM_MODE_EXIT|false
10:26:58.17 (17149834)|CUMULATIVE_LIMIT_USAGE
10:26:58.17 (17149834)|LIMIT_USAGE_FOR_NS|(default)|
  Number of SOQL queries: 2 out of 100
  Number of query rows: 3 out of 50000
  Number of SOSL queries: 0 out of 20
  Number of DML statements: 0 out of 150
  Number of DML rows: 0 out of 10000
  Maximum CPU time: 0 out of 10000
  Maximum heap size: 0 out of 6000000
  Number of callouts: 0 out of 100
  Number of Email Invocations: 0 out of 10
  Number of future calls: 0 out of 50
  Number of queueable jobs added to the queue: 0 out of 50
  Number of Mobile Apex push calls: 0 out of 10

10:26:58.17 (17149834)|CUMULATIVE_LIMIT_USAGE_END

10:26:58.11 (17179728)|CODE_UNIT_FINISHED|GetCaseController.getWorkingCases
10:26:58.11 (17230531)|CODE_UNIT_FINISHED|Aura
10:26:58.11 (18253911)|EXECUTION_FINISHED
10:26:58.18 (18963125)|USER_INFO|[EXTERNAL]|0051I00000112gB|trent@testorg.com|Pacific Standard Time|GMT-08:00
10:26:58.18 (18976037)|EXECUTION_STARTED
10:26:58.18 (18978411)|CODE_UNIT_STARTED|[EXTERNAL]|Aura
10:26:58.18 (19723786)|CODE_UNIT_STARTED|[EXTERNAL]|01p1I00000Dc465|GetCaseController.getEscalatedCases
10:26:58.18 (19769862)|SYSTEM_MODE_ENTER|false
10:26:58.18 (19789678)|HEAP_ALLOCATE|[17]|Bytes:5
10:26:58.18 (19795688)|STATEMENT_EXECUTE|[16]
10:26:58.18 (19797062)|STATEMENT_EXECUTE|[17]
10:26:58.18 (19800471)|HEAP_ALLOCATE|[17]|Bytes:64
10:26:58.18 (19814696)|HEAP_ALLOCATE|[17]|Bytes:4
10:26:58.18 (19968518)|SOQL_EXECUTE_BEGIN|[17]|Aggregations:0|SELECT Id, Priority FROM Case WHERE Status = 'Escalated' LIMIT 4
10:26:58.18 (22092054)|SOQL_EXECUTE_END|[17]|Rows:0
10:26:58.18 (22111622)|HEAP_ALLOCATE|[17]|Bytes:4
10:26:58.18 (22121240)|HEAP_ALLOCATE|[17]|Bytes:0
10:26:58.18 (22153720)|HEAP_ALLOCATE|[17]|Bytes:4
10:26:58.18 (22163724)|VARIABLE_SCOPE_BEGIN|[17]|cases|List<Case>|true|false
10:26:58.18 (22182689)|VARIABLE_ASSIGNMENT|[17]|cases|[]|0x4e44b080
10:26:58.18 (22189061)|STATEMENT_EXECUTE|[18]
10:26:58.18 (22196314)|SYSTEM_MODE_EXIT|false
10:26:58.22 (22211562)|CUMULATIVE_LIMIT_USAGE
10:26:58.22 (22211562)|LIMIT_USAGE_FOR_NS|(default)|
  Number of SOQL queries: 3 out of 100
  Number of query rows: 3 out of 50000
  Number of SOSL queries: 0 out of 20
  Number of DML statements: 0 out of 150
  Number of DML rows: 0 out of 10000
  Maximum CPU time: 0 out of 10000
  Maximum heap size: 0 out of 6000000
  Number of callouts: 0 out of 100
  Number of Email Invocations: 0 out of 10
  Number of future calls: 0 out of 50
  Number of queueable jobs added to the queue: 0 out of 50
  Number of Mobile Apex push calls: 0 out of 10

10:26:58.22 (22211562)|CUMULATIVE_LIMIT_USAGE_END

10:26:58.18 (22234379)|CODE_UNIT_FINISHED|GetCaseController.getEscalatedCases
10:26:58.18 (22274535)|CODE_UNIT_FINISHED|Aura
10:26:58.18 (23241957)|EXECUTION_FINISHED
10:26:58.23 (23914590)|USER_INFO|[EXTERNAL]|0051I00000112gB|trent@testorg.com|Pacific Standard Time|GMT-08:00
10:26:58.23 (23926220)|EXECUTION_STARTED
10:26:58.23 (23928326)|CODE_UNIT_STARTED|[EXTERNAL]|Aura
10:26:58.23 (24598709)|CODE_UNIT_STARTED|[EXTERNAL]|01p1I00000Dc465|GetCaseController.getClosedCases
10:26:58.23 (24643284)|SYSTEM_MODE_ENTER|false
10:26:58.23 (24661759)|HEAP_ALLOCATE|[23]|Bytes:5
10:26:58.23 (24668029)|STATEMENT_EXECUTE|[22]
10:26:58.23 (24669514)|STATEMENT_EXECUTE|[23]
10:26:58.23 (24672702)|HEAP_ALLOCATE|[23]|Bytes:61
10:26:58.23 (24685399)|HEAP_ALLOCATE|[23]|Bytes:4
10:26:58.23 (24827931)|SOQL_EXECUTE_BEGIN|[23]|Aggregations:0|SELECT Id, Priority FROM Case WHERE Status = 'Closed' LIMIT 4
10:26:58.23 (27000659)|SOQL_EXECUTE_END|[23]|Rows:4
10:26:58.23 (27018295)|HEAP_ALLOCATE|[23]|Bytes:20
10:26:58.23 (27040728)|HEAP_ALLOCATE|[23]|Bytes:181
10:26:58.23 (27073116)|HEAP_ALLOCATE|[23]|Bytes:20
10:26:58.23 (27082923)|VARIABLE_SCOPE_BEGIN|[23]|cases|List<Case>|true|false
10:26:58.23 (27111931)|VARIABLE_ASSIGNMENT|[23]|cases|[{"Id":"5001I000003mzcsQAA","Priority":"High"},{"Id":"5001I000003mzctQAA","Priority":"High"},{"Id":"5001I000003mzcvQAA","Priority":"Low"},{"Id":"5001I000003mzcwQAA","Priority":"Medium"}]|0x6cea55bc
10:26:58.23 (27120621)|STATEMENT_EXECUTE|[24]
10:26:58.23 (27128626)|SYSTEM_MODE_EXIT|false
10:26:58.27 (27142299)|CUMULATIVE_LIMIT_USAGE
10:26:58.27 (27142299)|LIMIT_USAGE_FOR_NS|(default)|
  Number of SOQL queries: 4 out of 100
  Number of query rows: 7 out of 50000
  Number of SOSL queries: 0 out of 20
  Number of DML statements: 0 out of 150
  Number of DML rows: 0 out of 10000
  Maximum CPU time: 0 out of 10000
  Maximum heap size: 0 out of 6000000
  Number of callouts: 0 out of 100
  Number of Email Invocations: 0 out of 10
  Number of future calls: 0 out of 50
  Number of queueable jobs added to the queue: 0 out of 50
  Number of Mobile Apex push calls: 0 out of 10

10:26:58.27 (27142299)|CUMULATIVE_LIMIT_USAGE_END

10:26:58.23 (27166645)|CODE_UNIT_FINISHED|GetCaseController.getClosedCases
10:26:58.23 (27221129)|CODE_UNIT_FINISHED|Aura
10:26:58.23 (28224320)|EXECUTION_FINISHED
