41.0 APEX_CODE,FINEST;APEX_PROFILING,INFO;CALLOUT,INFO;DB,INFO;SYSTEM,DEBUG;VALIDATION,INFO;VISUALFORCE,INFO;WAVE,INFO;WORKFLOW,INFO
15:49:34.0 (277715)|USER_INFO|[EXTERNAL]|0051I00000112gB|trent@testorg.com|Pacific Standard Time|GMT-08:00
15:49:34.0 (309332)|EXECUTION_STARTED
15:49:34.0 (313864)|CODE_UNIT_STARTED|[EXTERNAL]|Aura
15:49:34.0 (1584958)|CODE_UNIT_STARTED|[EXTERNAL]|01p1I00000Dc465|GetCaseController.getNewCases
15:49:34.0 (2186005)|HEAP_ALLOCATE|[72]|Bytes:3
15:49:34.0 (2230351)|HEAP_ALLOCATE|[77]|Bytes:152
15:49:34.0 (2247151)|HEAP_ALLOCATE|[342]|Bytes:408
15:49:34.0 (2261997)|HEAP_ALLOCATE|[355]|Bytes:408
15:49:34.0 (2274658)|HEAP_ALLOCATE|[467]|Bytes:48
15:49:34.0 (2302004)|HEAP_ALLOCATE|[139]|Bytes:6
15:49:34.0 (2315836)|HEAP_ALLOCATE|[EXTERNAL]|Bytes:6
15:49:34.0 (2326395)|METHOD_ENTRY|[1]|01p1I00000Dc465|GetCaseController.GetCaseController()
15:49:34.0 (2331526)|STATEMENT_EXECUTE|[1]
15:49:34.0 (2336172)|STATEMENT_EXECUTE|[1]
15:49:34.0 (2368369)|HEAP_ALLOCATE|[50]|Bytes:5
15:49:34.0 (2391991)|HEAP_ALLOCATE|[56]|Bytes:5
15:49:34.0 (2398926)|HEAP_ALLOCATE|[64]|Bytes:7
15:49:34.0 (2419008)|SYSTEM_MODE_ENTER|false
15:49:34.0 (2432357)|HEAP_ALLOCATE|[EXTERNAL]|Bytes:5
15:49:34.0 (2439078)|SYSTEM_MODE_EXIT|false
15:49:34.0 (2447046)|METHOD_EXIT|[1]|GetCaseController
15:49:34.0 (2456059)|SYSTEM_MODE_ENTER|false
15:49:34.0 (2468466)|HEAP_ALLOCATE|[10]|Bytes:5
15:49:34.0 (2472294)|STATEMENT_EXECUTE|[9]
15:49:34.0 (2473474)|STATEMENT_EXECUTE|[10]
15:49:34.0 (2475940)|HEAP_ALLOCATE|[10]|Bytes:58
15:49:34.0 (2493979)|HEAP_ALLOCATE|[10]|Bytes:4
15:49:34.0 (3358619)|SOQL_EXECUTE_BEGIN|[10]|Aggregations:0|SELECT Id, Priority FROM Case WHERE Status = 'New' LIMIT 4
15:49:34.0 (8700924)|SOQL_EXECUTE_END|[10]|Rows:3
15:49:34.0 (8720186)|HEAP_ALLOCATE|[10]|Bytes:16
15:49:34.0 (8738320)|HEAP_ALLOCATE|[10]|Bytes:132
15:49:34.0 (8779192)|HEAP_ALLOCATE|[10]|Bytes:16
15:49:34.0 (8792015)|VARIABLE_SCOPE_BEGIN|[10]|cases|List<Case>|true|false
15:49:34.0 (8829573)|VARIABLE_ASSIGNMENT|[10]|cases|[{"Id":"5001I000003mzcuQAA","Priority":"Low"},{"Id":"5001I000003mzd8QAA","Priority":"Low"},{"Id":"5001I000003mzdGQAQ","Priority":"Low"}]|0x6fb17421
15:49:34.0 (8838392)|STATEMENT_EXECUTE|[11]
15:49:34.0 (8847088)|SYSTEM_MODE_EXIT|false
15:49:34.8 (8867075)|CUMULATIVE_LIMIT_USAGE
15:49:34.8 (8867075)|LIMIT_USAGE_FOR_NS|(default)|
  Number of SOQL queries: 1 out of 100
  Number of query rows: 3 out of 50000
  Number of SOSL queries: 0 out of 20
  Number of DML statements: 0 out of 150
  Number of DML rows: 0 out of 10000
  Maximum CPU time: 0 out of 10000
  Maximum heap size: 0 out of 6000000
  Number of callouts: 0 out of 100
  Number of Email Invocations: 0 out of 10
  Number of future calls: 0 out of 50
  Number of queueable jobs added to the queue: 0 out of 50
  Number of Mobile Apex push calls: 0 out of 10

15:49:34.8 (8867075)|CUMULATIVE_LIMIT_USAGE_END

15:49:34.0 (8905719)|CODE_UNIT_FINISHED|GetCaseController.getNewCases
15:49:34.0 (8963430)|CODE_UNIT_FINISHED|Aura
15:49:34.0 (9948691)|EXECUTION_FINISHED
