41.0 APEX_CODE,FINEST;APEX_PROFILING,INFO;CALLOUT,INFO;DB,INFO;SYSTEM,DEBUG;VALIDATION,INFO;VISUALFORCE,INFO;WAVE,INFO;WORKFLOW,INFO
09:13:50.0 (371600)|USER_INFO|[EXTERNAL]|0051I00000112gB|trent@testorg.com|Pacific Standard Time|GMT-08:00
09:13:50.0 (410880)|EXECUTION_STARTED
09:13:50.0 (415503)|CODE_UNIT_STARTED|[EXTERNAL]|Aura
09:13:50.0 (1938758)|CODE_UNIT_STARTED|[EXTERNAL]|01p1I00000Dc465|GetCaseController.getWorkingCases
09:13:50.0 (2590945)|HEAP_ALLOCATE|[72]|Bytes:3
09:13:50.0 (2661742)|HEAP_ALLOCATE|[77]|Bytes:152
09:13:50.0 (2684389)|HEAP_ALLOCATE|[342]|Bytes:408
09:13:50.0 (2700123)|HEAP_ALLOCATE|[355]|Bytes:408
09:13:50.0 (2712732)|HEAP_ALLOCATE|[467]|Bytes:48
09:13:50.0 (2758451)|HEAP_ALLOCATE|[139]|Bytes:6
09:13:50.0 (2782195)|HEAP_ALLOCATE|[EXTERNAL]|Bytes:13
09:13:50.0 (2794630)|METHOD_ENTRY|[1]|01p1I00000Dc465|GetCaseController.GetCaseController()
09:13:50.0 (2801228)|STATEMENT_EXECUTE|[1]
09:13:50.0 (2806577)|STATEMENT_EXECUTE|[1]
09:13:50.0 (2841109)|HEAP_ALLOCATE|[50]|Bytes:5
09:13:50.0 (2867374)|HEAP_ALLOCATE|[56]|Bytes:5
09:13:50.0 (2873915)|HEAP_ALLOCATE|[64]|Bytes:7
09:13:50.0 (2897687)|SYSTEM_MODE_ENTER|false
09:13:50.0 (2913046)|HEAP_ALLOCATE|[EXTERNAL]|Bytes:5
09:13:50.0 (2921603)|SYSTEM_MODE_EXIT|false
09:13:50.0 (2929271)|METHOD_EXIT|[1]|GetCaseController
09:13:50.0 (2939072)|SYSTEM_MODE_ENTER|false
09:13:50.0 (2951957)|HEAP_ALLOCATE|[11]|Bytes:5
09:13:50.0 (2956078)|STATEMENT_EXECUTE|[10]
09:13:50.0 (2957173)|STATEMENT_EXECUTE|[11]
09:13:50.0 (2959596)|HEAP_ALLOCATE|[11]|Bytes:62
09:13:50.0 (2982004)|HEAP_ALLOCATE|[11]|Bytes:4
09:13:50.0 (3950979)|SOQL_EXECUTE_BEGIN|[11]|Aggregations:0|SELECT Id, Priority FROM Case WHERE Status = 'Working' LIMIT 4
09:13:50.0 (19446891)|SOQL_EXECUTE_END|[11]|Rows:0
09:13:50.0 (19483691)|HEAP_ALLOCATE|[11]|Bytes:4
09:13:50.0 (19501315)|HEAP_ALLOCATE|[11]|Bytes:0
09:13:50.0 (19574183)|HEAP_ALLOCATE|[11]|Bytes:4
09:13:50.0 (19598497)|VARIABLE_SCOPE_BEGIN|[11]|cases|List<Case>|true|false
09:13:50.0 (19630758)|VARIABLE_ASSIGNMENT|[11]|cases|[]|0x2928f8b7
09:13:50.0 (19638093)|STATEMENT_EXECUTE|[12]
09:13:50.0 (19650829)|SYSTEM_MODE_EXIT|false
09:13:50.19 (19701464)|CUMULATIVE_LIMIT_USAGE
09:13:50.19 (19701464)|LIMIT_USAGE_FOR_NS|(default)|
  Number of SOQL queries: 1 out of 100
  Number of query rows: 0 out of 50000
  Number of SOSL queries: 0 out of 20
  Number of DML statements: 0 out of 150
  Number of DML rows: 0 out of 10000
  Maximum CPU time: 0 out of 10000
  Maximum heap size: 0 out of 6000000
  Number of callouts: 0 out of 100
  Number of Email Invocations: 0 out of 10
  Number of future calls: 0 out of 50
  Number of queueable jobs added to the queue: 0 out of 50
  Number of Mobile Apex push calls: 0 out of 10

09:13:50.19 (19701464)|CUMULATIVE_LIMIT_USAGE_END

09:13:50.0 (19745981)|CODE_UNIT_FINISHED|GetCaseController.getWorkingCases
09:13:50.0 (19829667)|CODE_UNIT_FINISHED|Aura
09:13:50.0 (20962080)|EXECUTION_FINISHED
