41.0 APEX_CODE,FINEST;APEX_PROFILING,INFO;CALLOUT,INFO;DB,INFO;SYSTEM,DEBUG;VALIDATION,INFO;VISUALFORCE,INFO;WAVE,INFO;WORKFLOW,INFO
12:55:44.0 (343076)|USER_INFO|[EXTERNAL]|0051I00000112gB|trent@testorg.com|Pacific Standard Time|GMT-08:00
12:55:44.0 (376692)|EXECUTION_STARTED
12:55:44.0 (383271)|CODE_UNIT_STARTED|[EXTERNAL]|Aura
12:55:44.0 (1874016)|CODE_UNIT_STARTED|[EXTERNAL]|01p1I00000Dc465|GetCaseController.getNewCases
12:55:44.0 (2224762)|HEAP_ALLOCATE|[72]|Bytes:3
12:55:44.0 (2271061)|HEAP_ALLOCATE|[77]|Bytes:152
12:55:44.0 (2290032)|HEAP_ALLOCATE|[342]|Bytes:408
12:55:44.0 (2304713)|HEAP_ALLOCATE|[355]|Bytes:408
12:55:44.0 (2317929)|HEAP_ALLOCATE|[467]|Bytes:48
12:55:44.0 (2345720)|HEAP_ALLOCATE|[139]|Bytes:6
12:55:44.0 (2360980)|HEAP_ALLOCATE|[EXTERNAL]|Bytes:10
12:55:44.0 (2373069)|METHOD_ENTRY|[1]|01p1I00000Dc465|GetCaseController.GetCaseController()
12:55:44.0 (2379045)|STATEMENT_EXECUTE|[1]
12:55:44.0 (2384286)|STATEMENT_EXECUTE|[1]
12:55:44.0 (2417199)|HEAP_ALLOCATE|[50]|Bytes:5
12:55:44.0 (2441460)|HEAP_ALLOCATE|[56]|Bytes:5
12:55:44.0 (2447839)|HEAP_ALLOCATE|[64]|Bytes:7
12:55:44.0 (2468639)|SYSTEM_MODE_ENTER|false
12:55:44.0 (2486944)|HEAP_ALLOCATE|[EXTERNAL]|Bytes:5
12:55:44.0 (2495534)|SYSTEM_MODE_EXIT|false
12:55:44.0 (2502841)|METHOD_EXIT|[1]|GetCaseController
12:55:44.0 (2534817)|SYSTEM_MODE_ENTER|false
12:55:44.0 (2551776)|HEAP_ALLOCATE|[5]|Bytes:5
12:55:44.0 (2556119)|STATEMENT_EXECUTE|[4]
12:55:44.0 (2557465)|STATEMENT_EXECUTE|[5]
12:55:44.0 (2559664)|HEAP_ALLOCATE|[5]|Bytes:50
12:55:44.0 (2582245)|HEAP_ALLOCATE|[5]|Bytes:4
12:55:44.0 (3602926)|SOQL_EXECUTE_BEGIN|[5]|Aggregations:0|SELECT Id, Priority FROM Case WHERE Status = 'New'
12:55:44.0 (7843392)|SOQL_EXECUTE_END|[5]|Rows:3
12:55:44.0 (7865172)|HEAP_ALLOCATE|[5]|Bytes:16
12:55:44.0 (7885775)|HEAP_ALLOCATE|[5]|Bytes:132
12:55:44.0 (7939253)|HEAP_ALLOCATE|[5]|Bytes:16
12:55:44.0 (7952294)|VARIABLE_SCOPE_BEGIN|[5]|cases|List<Case>|true|false
12:55:44.0 (7996443)|VARIABLE_ASSIGNMENT|[5]|cases|[{"Id":"5001I000003mzcuQAA","Priority":"Low"},{"Id":"5001I000003mzd8QAA","Priority":"Low"},{"Id":"5001I000003mzdGQAQ","Priority":"Low"}]|0x38c12b94
12:55:44.0 (8006011)|STATEMENT_EXECUTE|[6]
12:55:44.0 (8016379)|SYSTEM_MODE_EXIT|false
12:55:44.8 (8049379)|CUMULATIVE_LIMIT_USAGE
12:55:44.8 (8049379)|LIMIT_USAGE_FOR_NS|(default)|
  Number of SOQL queries: 1 out of 100
  Number of query rows: 3 out of 50000
  Number of SOSL queries: 0 out of 20
  Number of DML statements: 0 out of 150
  Number of DML rows: 0 out of 10000
  Maximum CPU time: 0 out of 10000
  Maximum heap size: 0 out of 6000000
  Number of callouts: 0 out of 100
  Number of Email Invocations: 0 out of 10
  Number of future calls: 0 out of 50
  Number of queueable jobs added to the queue: 0 out of 50
  Number of Mobile Apex push calls: 0 out of 10

12:55:44.8 (8049379)|CUMULATIVE_LIMIT_USAGE_END

12:55:44.0 (8084206)|CODE_UNIT_FINISHED|GetCaseController.getNewCases
12:55:44.0 (8154157)|CODE_UNIT_FINISHED|Aura
12:55:44.0 (9175297)|EXECUTION_FINISHED
12:55:44.10 (10534524)|USER_INFO|[EXTERNAL]|0051I00000112gB|trent@testorg.com|Pacific Standard Time|GMT-08:00
12:55:44.10 (10547418)|EXECUTION_STARTED
12:55:44.10 (10550436)|CODE_UNIT_STARTED|[EXTERNAL]|Aura
12:55:44.10 (11230909)|CODE_UNIT_STARTED|[EXTERNAL]|01p1I00000Dc465|GetCaseController.getWorkingCases
12:55:44.10 (11282844)|SYSTEM_MODE_ENTER|false
12:55:44.10 (11303642)|HEAP_ALLOCATE|[11]|Bytes:5
12:55:44.10 (11309040)|STATEMENT_EXECUTE|[10]
12:55:44.10 (11310426)|STATEMENT_EXECUTE|[11]
12:55:44.10 (11313514)|HEAP_ALLOCATE|[11]|Bytes:54
12:55:44.10 (11330704)|HEAP_ALLOCATE|[11]|Bytes:4
12:55:44.10 (11482728)|SOQL_EXECUTE_BEGIN|[11]|Aggregations:0|SELECT Id, Priority FROM Case WHERE Status = 'Working'
12:55:44.10 (13695342)|SOQL_EXECUTE_END|[11]|Rows:1
12:55:44.10 (13711705)|HEAP_ALLOCATE|[11]|Bytes:8
12:55:44.10 (13724381)|HEAP_ALLOCATE|[11]|Bytes:47
12:55:44.10 (13755667)|HEAP_ALLOCATE|[11]|Bytes:8
12:55:44.10 (13766460)|VARIABLE_SCOPE_BEGIN|[11]|cases|List<Case>|true|false
12:55:44.10 (13790713)|VARIABLE_ASSIGNMENT|[11]|cases|[{"Id":"5001I000002yNMRQA2","Priority":"Medium"}]|0x27988ab5
12:55:44.10 (13797260)|STATEMENT_EXECUTE|[12]
12:55:44.10 (13805471)|SYSTEM_MODE_EXIT|false
12:55:44.13 (13821172)|CUMULATIVE_LIMIT_USAGE
12:55:44.13 (13821172)|LIMIT_USAGE_FOR_NS|(default)|
  Number of SOQL queries: 2 out of 100
  Number of query rows: 4 out of 50000
  Number of SOSL queries: 0 out of 20
  Number of DML statements: 0 out of 150
  Number of DML rows: 0 out of 10000
  Maximum CPU time: 0 out of 10000
  Maximum heap size: 0 out of 6000000
  Number of callouts: 0 out of 100
  Number of Email Invocations: 0 out of 10
  Number of future calls: 0 out of 50
  Number of queueable jobs added to the queue: 0 out of 50
  Number of Mobile Apex push calls: 0 out of 10

12:55:44.13 (13821172)|CUMULATIVE_LIMIT_USAGE_END

12:55:44.10 (13842889)|CODE_UNIT_FINISHED|GetCaseController.getWorkingCases
12:55:44.10 (13886621)|CODE_UNIT_FINISHED|Aura
12:55:44.10 (14850976)|EXECUTION_FINISHED
12:55:44.15 (15525827)|USER_INFO|[EXTERNAL]|0051I00000112gB|trent@testorg.com|Pacific Standard Time|GMT-08:00
12:55:44.15 (15536970)|EXECUTION_STARTED
12:55:44.15 (15539290)|CODE_UNIT_STARTED|[EXTERNAL]|Aura
12:55:44.15 (16203351)|CODE_UNIT_STARTED|[EXTERNAL]|01p1I00000Dc465|GetCaseController.getEscalatedCases
12:55:44.15 (16245913)|SYSTEM_MODE_ENTER|false
12:55:44.15 (16263406)|HEAP_ALLOCATE|[17]|Bytes:5
12:55:44.15 (16268768)|STATEMENT_EXECUTE|[16]
12:55:44.15 (16270247)|STATEMENT_EXECUTE|[17]
12:55:44.15 (16273234)|HEAP_ALLOCATE|[17]|Bytes:56
12:55:44.15 (16288792)|HEAP_ALLOCATE|[17]|Bytes:4
12:55:44.15 (16420581)|SOQL_EXECUTE_BEGIN|[17]|Aggregations:0|SELECT Id, Priority FROM Case WHERE Status = 'Escalated'
12:55:44.15 (18578101)|SOQL_EXECUTE_END|[17]|Rows:1
12:55:44.15 (18594034)|HEAP_ALLOCATE|[17]|Bytes:8
12:55:44.15 (18606771)|HEAP_ALLOCATE|[17]|Bytes:45
12:55:44.15 (18635751)|HEAP_ALLOCATE|[17]|Bytes:8
12:55:44.15 (18646038)|VARIABLE_SCOPE_BEGIN|[17]|cases|List<Case>|true|false
12:55:44.15 (18667954)|VARIABLE_ASSIGNMENT|[17]|cases|[{"Id":"5001I000002yNMWQA2","Priority":"High"}]|0xf83513e
12:55:44.15 (18674159)|STATEMENT_EXECUTE|[18]
12:55:44.15 (18681881)|SYSTEM_MODE_EXIT|false
12:55:44.18 (18694927)|CUMULATIVE_LIMIT_USAGE
12:55:44.18 (18694927)|LIMIT_USAGE_FOR_NS|(default)|
  Number of SOQL queries: 3 out of 100
  Number of query rows: 5 out of 50000
  Number of SOSL queries: 0 out of 20
  Number of DML statements: 0 out of 150
  Number of DML rows: 0 out of 10000
  Maximum CPU time: 0 out of 10000
  Maximum heap size: 0 out of 6000000
  Number of callouts: 0 out of 100
  Number of Email Invocations: 0 out of 10
  Number of future calls: 0 out of 50
  Number of queueable jobs added to the queue: 0 out of 50
  Number of Mobile Apex push calls: 0 out of 10

12:55:44.18 (18694927)|CUMULATIVE_LIMIT_USAGE_END

12:55:44.15 (18714853)|CODE_UNIT_FINISHED|GetCaseController.getEscalatedCases
12:55:44.15 (18755356)|CODE_UNIT_FINISHED|Aura
12:55:44.15 (19706961)|EXECUTION_FINISHED
12:55:44.20 (20373576)|USER_INFO|[EXTERNAL]|0051I00000112gB|trent@testorg.com|Pacific Standard Time|GMT-08:00
12:55:44.20 (20384627)|EXECUTION_STARTED
12:55:44.20 (20386606)|CODE_UNIT_STARTED|[EXTERNAL]|Aura
12:55:44.20 (21043539)|CODE_UNIT_STARTED|[EXTERNAL]|01p1I00000Dc465|GetCaseController.getClosedCases
12:55:44.20 (21084709)|SYSTEM_MODE_ENTER|false
12:55:44.20 (21102762)|HEAP_ALLOCATE|[23]|Bytes:5
12:55:44.20 (21108369)|STATEMENT_EXECUTE|[22]
12:55:44.20 (21109919)|STATEMENT_EXECUTE|[23]
12:55:44.20 (21113008)|HEAP_ALLOCATE|[23]|Bytes:53
12:55:44.20 (21127670)|HEAP_ALLOCATE|[23]|Bytes:4
12:55:44.20 (21257077)|SOQL_EXECUTE_BEGIN|[23]|Aggregations:0|SELECT Id, Priority FROM Case WHERE Status = 'Closed'
12:55:44.20 (23381925)|SOQL_EXECUTE_END|[23]|Rows:23
12:55:44.20 (23397414)|HEAP_ALLOCATE|[23]|Bytes:96
12:55:44.20 (23432560)|HEAP_ALLOCATE|[23]|Bytes:1057
12:55:44.20 (23461514)|HEAP_ALLOCATE|[23]|Bytes:96
12:55:44.20 (23472249)|VARIABLE_SCOPE_BEGIN|[23]|cases|List<Case>|true|false
12:55:44.20 (23493492)|VARIABLE_ASSIGNMENT|[23]|cases|"List of size 23 too large to display"|0x1e619ad4
12:55:44.20 (23499409)|STATEMENT_EXECUTE|[24]
12:55:44.20 (23507350)|SYSTEM_MODE_EXIT|false
12:55:44.23 (23520427)|CUMULATIVE_LIMIT_USAGE
12:55:44.23 (23520427)|LIMIT_USAGE_FOR_NS|(default)|
  Number of SOQL queries: 4 out of 100
  Number of query rows: 28 out of 50000
  Number of SOSL queries: 0 out of 20
  Number of DML statements: 0 out of 150
  Number of DML rows: 0 out of 10000
  Maximum CPU time: 0 out of 10000
  Maximum heap size: 0 out of 6000000
  Number of callouts: 0 out of 100
  Number of Email Invocations: 0 out of 10
  Number of future calls: 0 out of 50
  Number of queueable jobs added to the queue: 0 out of 50
  Number of Mobile Apex push calls: 0 out of 10

12:55:44.23 (23520427)|CUMULATIVE_LIMIT_USAGE_END

12:55:44.20 (23541400)|CODE_UNIT_FINISHED|GetCaseController.getClosedCases
12:55:44.20 (23649151)|CODE_UNIT_FINISHED|Aura
12:55:44.20 (24614389)|EXECUTION_FINISHED
