41.0 APEX_CODE,FINEST;APEX_PROFILING,INFO;CALLOUT,INFO;DB,INFO;SYSTEM,DEBUG;VALIDATION,INFO;VISUALFORCE,INFO;WAVE,INFO;WORKFLOW,INFO
10:49:56.0 (429461)|USER_INFO|[EXTERNAL]|0051I00000112gB|trent@testorg.com|Pacific Standard Time|GMT-08:00
10:49:56.0 (679106)|EXECUTION_STARTED
10:49:56.0 (686011)|CODE_UNIT_STARTED|[EXTERNAL]|Aura
10:49:56.0 (3175194)|CODE_UNIT_STARTED|[EXTERNAL]|01p1I00000Dc465|GetCaseController.getNewCases
10:49:56.0 (4155476)|HEAP_ALLOCATE|[72]|Bytes:3
10:49:56.0 (4259693)|HEAP_ALLOCATE|[77]|Bytes:152
10:49:56.0 (4286172)|HEAP_ALLOCATE|[342]|Bytes:408
10:49:56.0 (4315348)|HEAP_ALLOCATE|[355]|Bytes:408
10:49:56.0 (4338519)|HEAP_ALLOCATE|[467]|Bytes:48
10:49:56.0 (4421408)|HEAP_ALLOCATE|[139]|Bytes:6
10:49:56.0 (4459905)|HEAP_ALLOCATE|[EXTERNAL]|Bytes:13
10:49:56.0 (4517477)|METHOD_ENTRY|[1]|01p1I00000Dc465|GetCaseController.GetCaseController()
10:49:56.0 (4528559)|STATEMENT_EXECUTE|[1]
10:49:56.0 (4536642)|STATEMENT_EXECUTE|[1]
10:49:56.0 (4584282)|HEAP_ALLOCATE|[50]|Bytes:5
10:49:56.0 (4618808)|HEAP_ALLOCATE|[56]|Bytes:5
10:49:56.0 (4629695)|HEAP_ALLOCATE|[64]|Bytes:7
10:49:56.0 (4659837)|SYSTEM_MODE_ENTER|false
10:49:56.0 (4945528)|HEAP_ALLOCATE|[EXTERNAL]|Bytes:5
10:49:56.0 (4965057)|SYSTEM_MODE_EXIT|false
10:49:56.0 (5019748)|METHOD_EXIT|[1]|GetCaseController
10:49:56.0 (5085976)|SYSTEM_MODE_ENTER|false
10:49:56.0 (5111803)|HEAP_ALLOCATE|[5]|Bytes:5
10:49:56.0 (5119101)|STATEMENT_EXECUTE|[4]
10:49:56.0 (5121820)|STATEMENT_EXECUTE|[5]
10:49:56.0 (5125185)|HEAP_ALLOCATE|[5]|Bytes:50
10:49:56.0 (5163030)|HEAP_ALLOCATE|[5]|Bytes:4
10:49:56.0 (6442793)|SOQL_EXECUTE_BEGIN|[5]|Aggregations:0|SELECT Id, Priority FROM Case WHERE Status = 'New'
10:49:56.0 (32760666)|SOQL_EXECUTE_END|[5]|Rows:3
10:49:56.0 (32806809)|HEAP_ALLOCATE|[5]|Bytes:16
10:49:56.0 (32839579)|HEAP_ALLOCATE|[5]|Bytes:132
10:49:56.0 (32963372)|HEAP_ALLOCATE|[5]|Bytes:16
10:49:56.0 (33000629)|VARIABLE_SCOPE_BEGIN|[5]|cases|List<Case>|true|false
10:49:56.0 (33057889)|VARIABLE_ASSIGNMENT|[5]|cases|[{"Id":"5001I000003mzcuQAA","Priority":"Low"},{"Id":"5001I000003mzd8QAA","Priority":"Low"},{"Id":"5001I000003mzdGQAQ","Priority":"Low"}]|0x41d972ea
10:49:56.0 (33077167)|STATEMENT_EXECUTE|[6]
10:49:56.0 (33101016)|SYSTEM_MODE_EXIT|false
10:49:56.33 (33137631)|CUMULATIVE_LIMIT_USAGE
10:49:56.33 (33137631)|LIMIT_USAGE_FOR_NS|(default)|
  Number of SOQL queries: 1 out of 100
  Number of query rows: 3 out of 50000
  Number of SOSL queries: 0 out of 20
  Number of DML statements: 0 out of 150
  Number of DML rows: 0 out of 10000
  Maximum CPU time: 0 out of 10000
  Maximum heap size: 0 out of 6000000
  Number of callouts: 0 out of 100
  Number of Email Invocations: 0 out of 10
  Number of future calls: 0 out of 50
  Number of queueable jobs added to the queue: 0 out of 50
  Number of Mobile Apex push calls: 0 out of 10

10:49:56.33 (33137631)|CUMULATIVE_LIMIT_USAGE_END

10:49:56.0 (33189931)|CODE_UNIT_FINISHED|GetCaseController.getNewCases
10:49:56.0 (33295687)|CODE_UNIT_FINISHED|Aura
10:49:56.0 (35081113)|EXECUTION_FINISHED
10:49:56.39 (39525236)|USER_INFO|[EXTERNAL]|0051I00000112gB|trent@testorg.com|Pacific Standard Time|GMT-08:00
10:49:56.39 (39550715)|EXECUTION_STARTED
10:49:56.39 (39555877)|CODE_UNIT_STARTED|[EXTERNAL]|Aura
10:49:56.39 (40611679)|CODE_UNIT_STARTED|[EXTERNAL]|01p1I00000Dc465|GetCaseController.getWorkingCases
10:49:56.39 (40691609)|SYSTEM_MODE_ENTER|false
10:49:56.39 (40718182)|HEAP_ALLOCATE|[11]|Bytes:5
10:49:56.39 (40727852)|STATEMENT_EXECUTE|[10]
10:49:56.39 (40729857)|STATEMENT_EXECUTE|[11]
10:49:56.39 (40734460)|HEAP_ALLOCATE|[11]|Bytes:62
10:49:56.39 (40760845)|HEAP_ALLOCATE|[11]|Bytes:4
10:49:56.39 (40938865)|SOQL_EXECUTE_BEGIN|[11]|Aggregations:0|SELECT Id, Priority FROM Case WHERE Status = 'Working' LIMIT 4
10:49:56.39 (65720428)|SOQL_EXECUTE_END|[11]|Rows:0
10:49:56.39 (65767398)|HEAP_ALLOCATE|[11]|Bytes:4
10:49:56.39 (65785472)|HEAP_ALLOCATE|[11]|Bytes:0
10:49:56.39 (65868549)|HEAP_ALLOCATE|[11]|Bytes:4
10:49:56.39 (65901182)|VARIABLE_SCOPE_BEGIN|[11]|cases|List<Case>|true|false
10:49:56.39 (65944925)|VARIABLE_ASSIGNMENT|[11]|cases|[]|0x5b02257c
10:49:56.39 (65954028)|STATEMENT_EXECUTE|[12]
10:49:56.39 (65971903)|SYSTEM_MODE_EXIT|false
10:49:56.65 (65999593)|CUMULATIVE_LIMIT_USAGE
10:49:56.65 (65999593)|LIMIT_USAGE_FOR_NS|(default)|
  Number of SOQL queries: 2 out of 100
  Number of query rows: 3 out of 50000
  Number of SOSL queries: 0 out of 20
  Number of DML statements: 0 out of 150
  Number of DML rows: 0 out of 10000
  Maximum CPU time: 0 out of 10000
  Maximum heap size: 0 out of 6000000
  Number of callouts: 0 out of 100
  Number of Email Invocations: 0 out of 10
  Number of future calls: 0 out of 50
  Number of queueable jobs added to the queue: 0 out of 50
  Number of Mobile Apex push calls: 0 out of 10

10:49:56.65 (65999593)|CUMULATIVE_LIMIT_USAGE_END

10:49:56.39 (66062739)|CODE_UNIT_FINISHED|GetCaseController.getWorkingCases
10:49:56.39 (66149304)|CODE_UNIT_FINISHED|Aura
10:49:56.39 (67552249)|EXECUTION_FINISHED
10:49:56.68 (68378500)|USER_INFO|[EXTERNAL]|0051I00000112gB|trent@testorg.com|Pacific Standard Time|GMT-08:00
10:49:56.68 (68399629)|EXECUTION_STARTED
10:49:56.68 (68404776)|CODE_UNIT_STARTED|[EXTERNAL]|Aura
10:49:56.68 (69186274)|CODE_UNIT_STARTED|[EXTERNAL]|01p1I00000Dc465|GetCaseController.getEscalatedCases
10:49:56.68 (69252420)|SYSTEM_MODE_ENTER|false
10:49:56.68 (69280278)|HEAP_ALLOCATE|[17]|Bytes:5
10:49:56.68 (69288614)|STATEMENT_EXECUTE|[16]
10:49:56.68 (69290616)|STATEMENT_EXECUTE|[17]
10:49:56.68 (69295312)|HEAP_ALLOCATE|[17]|Bytes:64
10:49:56.68 (69314313)|HEAP_ALLOCATE|[17]|Bytes:4
10:49:56.68 (69496031)|SOQL_EXECUTE_BEGIN|[17]|Aggregations:0|SELECT Id, Priority FROM Case WHERE Status = 'Escalated' LIMIT 4
10:49:56.68 (71976974)|SOQL_EXECUTE_END|[17]|Rows:0
10:49:56.68 (72005615)|HEAP_ALLOCATE|[17]|Bytes:4
10:49:56.68 (72018013)|HEAP_ALLOCATE|[17]|Bytes:0
10:49:56.68 (72057885)|HEAP_ALLOCATE|[17]|Bytes:4
10:49:56.68 (72073163)|VARIABLE_SCOPE_BEGIN|[17]|cases|List<Case>|true|false
10:49:56.68 (72099502)|VARIABLE_ASSIGNMENT|[17]|cases|[]|0xf5b1232
10:49:56.68 (72106003)|STATEMENT_EXECUTE|[18]
10:49:56.68 (72118353)|SYSTEM_MODE_EXIT|false
10:49:56.72 (72140439)|CUMULATIVE_LIMIT_USAGE
10:49:56.72 (72140439)|LIMIT_USAGE_FOR_NS|(default)|
  Number of SOQL queries: 3 out of 100
  Number of query rows: 3 out of 50000
  Number of SOSL queries: 0 out of 20
  Number of DML statements: 0 out of 150
  Number of DML rows: 0 out of 10000
  Maximum CPU time: 0 out of 10000
  Maximum heap size: 0 out of 6000000
  Number of callouts: 0 out of 100
  Number of Email Invocations: 0 out of 10
  Number of future calls: 0 out of 50
  Number of queueable jobs added to the queue: 0 out of 50
  Number of Mobile Apex push calls: 0 out of 10

10:49:56.72 (72140439)|CUMULATIVE_LIMIT_USAGE_END

10:49:56.68 (72176181)|CODE_UNIT_FINISHED|GetCaseController.getEscalatedCases
10:49:56.68 (72228314)|CODE_UNIT_FINISHED|Aura
10:49:56.68 (73432560)|EXECUTION_FINISHED
10:49:56.74 (74227941)|USER_INFO|[EXTERNAL]|0051I00000112gB|trent@testorg.com|Pacific Standard Time|GMT-08:00
10:49:56.74 (74243014)|EXECUTION_STARTED
10:49:56.74 (74246044)|CODE_UNIT_STARTED|[EXTERNAL]|Aura
10:49:56.74 (75001149)|CODE_UNIT_STARTED|[EXTERNAL]|01p1I00000Dc465|GetCaseController.getClosedCases
10:49:56.74 (75070119)|SYSTEM_MODE_ENTER|false
10:49:56.74 (75093980)|HEAP_ALLOCATE|[23]|Bytes:5
10:49:56.74 (75102299)|STATEMENT_EXECUTE|[22]
10:49:56.74 (75104170)|STATEMENT_EXECUTE|[23]
10:49:56.74 (75107925)|HEAP_ALLOCATE|[23]|Bytes:61
10:49:56.74 (75129958)|HEAP_ALLOCATE|[23]|Bytes:4
10:49:56.74 (75323783)|SOQL_EXECUTE_BEGIN|[23]|Aggregations:0|SELECT Id, Priority FROM Case WHERE Status = 'Closed' LIMIT 4
10:49:56.74 (77938904)|SOQL_EXECUTE_END|[23]|Rows:4
10:49:56.74 (77959655)|HEAP_ALLOCATE|[23]|Bytes:20
10:49:56.74 (77982253)|HEAP_ALLOCATE|[23]|Bytes:181
10:49:56.74 (78014519)|HEAP_ALLOCATE|[23]|Bytes:20
10:49:56.74 (78029780)|VARIABLE_SCOPE_BEGIN|[23]|cases|List<Case>|true|false
10:49:56.74 (78071956)|VARIABLE_ASSIGNMENT|[23]|cases|[{"Id":"5001I000003mzcsQAA","Priority":"High"},{"Id":"5001I000003mzctQAA","Priority":"High"},{"Id":"5001I000003mzcvQAA","Priority":"Low"},{"Id":"5001I000003mzcwQAA","Priority":"Medium"}]|0x4a5f2d5b
10:49:56.74 (78081535)|STATEMENT_EXECUTE|[24]
10:49:56.74 (78091764)|SYSTEM_MODE_EXIT|false
10:49:56.78 (78113509)|CUMULATIVE_LIMIT_USAGE
10:49:56.78 (78113509)|LIMIT_USAGE_FOR_NS|(default)|
  Number of SOQL queries: 4 out of 100
  Number of query rows: 7 out of 50000
  Number of SOSL queries: 0 out of 20
  Number of DML statements: 0 out of 150
  Number of DML rows: 0 out of 10000
  Maximum CPU time: 0 out of 10000
  Maximum heap size: 0 out of 6000000
  Number of callouts: 0 out of 100
  Number of Email Invocations: 0 out of 10
  Number of future calls: 0 out of 50
  Number of queueable jobs added to the queue: 0 out of 50
  Number of Mobile Apex push calls: 0 out of 10

10:49:56.78 (78113509)|CUMULATIVE_LIMIT_USAGE_END

10:49:56.74 (78150764)|CODE_UNIT_FINISHED|GetCaseController.getClosedCases
10:49:56.74 (78219428)|CODE_UNIT_FINISHED|Aura
10:49:56.74 (79430493)|EXECUTION_FINISHED
