41.0 APEX_CODE,FINEST;APEX_PROFILING,INFO;CALLOUT,INFO;DB,INFO;SYSTEM,DEBUG;VALIDATION,INFO;VISUALFORCE,INFO;WAVE,INFO;WORKFLOW,INFO
10:52:52.0 (313569)|USER_INFO|[EXTERNAL]|0051I00000112gB|trent@testorg.com|Pacific Standard Time|GMT-08:00
10:52:52.0 (347180)|EXECUTION_STARTED
10:52:52.0 (351331)|CODE_UNIT_STARTED|[EXTERNAL]|Aura
10:52:52.0 (1794739)|CODE_UNIT_STARTED|[EXTERNAL]|01p1I00000Dc465|GetCaseController.getNewCases
10:52:52.0 (2417662)|HEAP_ALLOCATE|[72]|Bytes:3
10:52:52.0 (2456417)|HEAP_ALLOCATE|[77]|Bytes:152
10:52:52.0 (2472256)|HEAP_ALLOCATE|[342]|Bytes:408
10:52:52.0 (2486408)|HEAP_ALLOCATE|[355]|Bytes:408
10:52:52.0 (2498944)|HEAP_ALLOCATE|[467]|Bytes:48
10:52:52.0 (2524695)|HEAP_ALLOCATE|[139]|Bytes:6
10:52:52.0 (2538820)|HEAP_ALLOCATE|[EXTERNAL]|Bytes:13
10:52:52.0 (2550691)|METHOD_ENTRY|[1]|01p1I00000Dc465|GetCaseController.GetCaseController()
10:52:52.0 (2556452)|STATEMENT_EXECUTE|[1]
10:52:52.0 (2561980)|STATEMENT_EXECUTE|[1]
10:52:52.0 (2590509)|HEAP_ALLOCATE|[50]|Bytes:5
10:52:52.0 (2610067)|HEAP_ALLOCATE|[56]|Bytes:5
10:52:52.0 (2616940)|HEAP_ALLOCATE|[64]|Bytes:7
10:52:52.0 (2637542)|SYSTEM_MODE_ENTER|false
10:52:52.0 (2648684)|HEAP_ALLOCATE|[EXTERNAL]|Bytes:5
10:52:52.0 (2654598)|SYSTEM_MODE_EXIT|false
10:52:52.0 (2661506)|METHOD_EXIT|[1]|GetCaseController
10:52:52.0 (2671751)|SYSTEM_MODE_ENTER|false
10:52:52.0 (2686758)|HEAP_ALLOCATE|[5]|Bytes:5
10:52:52.0 (2691424)|STATEMENT_EXECUTE|[4]
10:52:52.0 (2692716)|STATEMENT_EXECUTE|[5]
10:52:52.0 (2713892)|HEAP_ALLOCATE|[5]|Bytes:50
10:52:52.0 (2731809)|HEAP_ALLOCATE|[5]|Bytes:4
10:52:52.0 (3686951)|SOQL_EXECUTE_BEGIN|[5]|Aggregations:0|SELECT Id, Priority FROM Case WHERE Status = 'New'
10:52:52.0 (8246489)|SOQL_EXECUTE_END|[5]|Rows:3
10:52:52.0 (8263123)|HEAP_ALLOCATE|[5]|Bytes:16
10:52:52.0 (8279943)|HEAP_ALLOCATE|[5]|Bytes:132
10:52:52.0 (8322753)|HEAP_ALLOCATE|[5]|Bytes:16
10:52:52.0 (8334790)|VARIABLE_SCOPE_BEGIN|[5]|cases|List<Case>|true|false
10:52:52.0 (8378498)|VARIABLE_ASSIGNMENT|[5]|cases|[{"Id":"5001I000003mzcuQAA","Priority":"Low"},{"Id":"5001I000003mzd8QAA","Priority":"Low"},{"Id":"5001I000003mzdGQAQ","Priority":"Low"}]|0x32fa2c08
10:52:52.0 (8386174)|STATEMENT_EXECUTE|[6]
10:52:52.0 (8393950)|SYSTEM_MODE_EXIT|false
10:52:52.8 (8427721)|CUMULATIVE_LIMIT_USAGE
10:52:52.8 (8427721)|LIMIT_USAGE_FOR_NS|(default)|
  Number of SOQL queries: 1 out of 100
  Number of query rows: 3 out of 50000
  Number of SOSL queries: 0 out of 20
  Number of DML statements: 0 out of 150
  Number of DML rows: 0 out of 10000
  Maximum CPU time: 0 out of 10000
  Maximum heap size: 0 out of 6000000
  Number of callouts: 0 out of 100
  Number of Email Invocations: 0 out of 10
  Number of future calls: 0 out of 50
  Number of queueable jobs added to the queue: 0 out of 50
  Number of Mobile Apex push calls: 0 out of 10

10:52:52.8 (8427721)|CUMULATIVE_LIMIT_USAGE_END

10:52:52.0 (8463657)|CODE_UNIT_FINISHED|GetCaseController.getNewCases
10:52:52.0 (8540077)|CODE_UNIT_FINISHED|Aura
10:52:52.0 (9575781)|EXECUTION_FINISHED
10:52:52.16 (16530465)|USER_INFO|[EXTERNAL]|0051I00000112gB|trent@testorg.com|Pacific Standard Time|GMT-08:00
10:52:52.16 (16544887)|EXECUTION_STARTED
10:52:52.16 (16548124)|CODE_UNIT_STARTED|[EXTERNAL]|Aura
10:52:52.16 (17240341)|CODE_UNIT_STARTED|[EXTERNAL]|01p1I00000Dc465|GetCaseController.getWorkingCases
10:52:52.16 (17293305)|SYSTEM_MODE_ENTER|false
10:52:52.16 (17311906)|HEAP_ALLOCATE|[11]|Bytes:5
10:52:52.16 (17317885)|STATEMENT_EXECUTE|[10]
10:52:52.16 (17319503)|STATEMENT_EXECUTE|[11]
10:52:52.16 (17322593)|HEAP_ALLOCATE|[11]|Bytes:62
10:52:52.16 (17337976)|HEAP_ALLOCATE|[11]|Bytes:4
10:52:52.16 (17491752)|SOQL_EXECUTE_BEGIN|[11]|Aggregations:0|SELECT Id, Priority FROM Case WHERE Status = 'Working' LIMIT 4
10:52:52.16 (21766301)|SOQL_EXECUTE_END|[11]|Rows:0
10:52:52.16 (21786291)|HEAP_ALLOCATE|[11]|Bytes:4
10:52:52.16 (21797374)|HEAP_ALLOCATE|[11]|Bytes:0
10:52:52.16 (21836094)|HEAP_ALLOCATE|[11]|Bytes:4
10:52:52.16 (21849585)|VARIABLE_SCOPE_BEGIN|[11]|cases|List<Case>|true|false
10:52:52.16 (21877769)|VARIABLE_ASSIGNMENT|[11]|cases|[]|0x187ab9e5
10:52:52.16 (21883616)|STATEMENT_EXECUTE|[12]
10:52:52.16 (21892341)|SYSTEM_MODE_EXIT|false
10:52:52.21 (21915541)|CUMULATIVE_LIMIT_USAGE
10:52:52.21 (21915541)|LIMIT_USAGE_FOR_NS|(default)|
  Number of SOQL queries: 2 out of 100
  Number of query rows: 3 out of 50000
  Number of SOSL queries: 0 out of 20
  Number of DML statements: 0 out of 150
  Number of DML rows: 0 out of 10000
  Maximum CPU time: 0 out of 10000
  Maximum heap size: 0 out of 6000000
  Number of callouts: 0 out of 100
  Number of Email Invocations: 0 out of 10
  Number of future calls: 0 out of 50
  Number of queueable jobs added to the queue: 0 out of 50
  Number of Mobile Apex push calls: 0 out of 10

10:52:52.21 (21915541)|CUMULATIVE_LIMIT_USAGE_END

10:52:52.16 (21944667)|CODE_UNIT_FINISHED|GetCaseController.getWorkingCases
10:52:52.16 (21990692)|CODE_UNIT_FINISHED|Aura
10:52:52.16 (22977646)|EXECUTION_FINISHED
10:52:52.23 (23685079)|USER_INFO|[EXTERNAL]|0051I00000112gB|trent@testorg.com|Pacific Standard Time|GMT-08:00
10:52:52.23 (23698118)|EXECUTION_STARTED
10:52:52.23 (23700677)|CODE_UNIT_STARTED|[EXTERNAL]|Aura
10:52:52.23 (24530928)|CODE_UNIT_STARTED|[EXTERNAL]|01p1I00000Dc465|GetCaseController.getEscalatedCases
10:52:52.23 (24576095)|SYSTEM_MODE_ENTER|false
10:52:52.23 (24594908)|HEAP_ALLOCATE|[17]|Bytes:5
10:52:52.23 (24600926)|STATEMENT_EXECUTE|[16]
10:52:52.23 (24602406)|STATEMENT_EXECUTE|[17]
10:52:52.23 (24605930)|HEAP_ALLOCATE|[17]|Bytes:64
10:52:52.23 (24620719)|HEAP_ALLOCATE|[17]|Bytes:4
10:52:52.23 (24775251)|SOQL_EXECUTE_BEGIN|[17]|Aggregations:0|SELECT Id, Priority FROM Case WHERE Status = 'Escalated' LIMIT 4
10:52:52.23 (26812049)|SOQL_EXECUTE_END|[17]|Rows:0
10:52:52.23 (26829458)|HEAP_ALLOCATE|[17]|Bytes:4
10:52:52.23 (26838414)|HEAP_ALLOCATE|[17]|Bytes:0
10:52:52.23 (26869063)|HEAP_ALLOCATE|[17]|Bytes:4
10:52:52.23 (26880113)|VARIABLE_SCOPE_BEGIN|[17]|cases|List<Case>|true|false
10:52:52.23 (26899670)|VARIABLE_ASSIGNMENT|[17]|cases|[]|0x660c4b6a
10:52:52.23 (26905092)|STATEMENT_EXECUTE|[18]
10:52:52.23 (26911943)|SYSTEM_MODE_EXIT|false
10:52:52.26 (26927826)|CUMULATIVE_LIMIT_USAGE
10:52:52.26 (26927826)|LIMIT_USAGE_FOR_NS|(default)|
  Number of SOQL queries: 3 out of 100
  Number of query rows: 3 out of 50000
  Number of SOSL queries: 0 out of 20
  Number of DML statements: 0 out of 150
  Number of DML rows: 0 out of 10000
  Maximum CPU time: 0 out of 10000
  Maximum heap size: 0 out of 6000000
  Number of callouts: 0 out of 100
  Number of Email Invocations: 0 out of 10
  Number of future calls: 0 out of 50
  Number of queueable jobs added to the queue: 0 out of 50
  Number of Mobile Apex push calls: 0 out of 10

10:52:52.26 (26927826)|CUMULATIVE_LIMIT_USAGE_END

10:52:52.23 (26948656)|CODE_UNIT_FINISHED|GetCaseController.getEscalatedCases
10:52:52.23 (26984018)|CODE_UNIT_FINISHED|Aura
10:52:52.23 (27953588)|EXECUTION_FINISHED
10:52:52.28 (28682031)|USER_INFO|[EXTERNAL]|0051I00000112gB|trent@testorg.com|Pacific Standard Time|GMT-08:00
10:52:52.28 (28693831)|EXECUTION_STARTED
10:52:52.28 (28696203)|CODE_UNIT_STARTED|[EXTERNAL]|Aura
10:52:52.28 (29407157)|CODE_UNIT_STARTED|[EXTERNAL]|01p1I00000Dc465|GetCaseController.getClosedCases
10:52:52.28 (29445594)|SYSTEM_MODE_ENTER|false
10:52:52.28 (29461346)|HEAP_ALLOCATE|[23]|Bytes:5
10:52:52.28 (29466603)|STATEMENT_EXECUTE|[22]
10:52:52.28 (29468041)|STATEMENT_EXECUTE|[23]
10:52:52.28 (29471530)|HEAP_ALLOCATE|[23]|Bytes:61
10:52:52.28 (29484459)|HEAP_ALLOCATE|[23]|Bytes:4
10:52:52.28 (29620001)|SOQL_EXECUTE_BEGIN|[23]|Aggregations:0|SELECT Id, Priority FROM Case WHERE Status = 'Closed' LIMIT 4
10:52:52.28 (31651217)|SOQL_EXECUTE_END|[23]|Rows:4
10:52:52.28 (31666536)|HEAP_ALLOCATE|[23]|Bytes:20
10:52:52.28 (31690293)|HEAP_ALLOCATE|[23]|Bytes:181
10:52:52.28 (31719847)|HEAP_ALLOCATE|[23]|Bytes:20
10:52:52.28 (31730437)|VARIABLE_SCOPE_BEGIN|[23]|cases|List<Case>|true|false
10:52:52.28 (31759088)|VARIABLE_ASSIGNMENT|[23]|cases|[{"Id":"5001I000003mzcsQAA","Priority":"High"},{"Id":"5001I000003mzctQAA","Priority":"High"},{"Id":"5001I000003mzcvQAA","Priority":"Low"},{"Id":"5001I000003mzcwQAA","Priority":"Medium"}]|0x4e229141
10:52:52.28 (31768615)|STATEMENT_EXECUTE|[24]
10:52:52.28 (31775244)|SYSTEM_MODE_EXIT|false
10:52:52.31 (31788774)|CUMULATIVE_LIMIT_USAGE
10:52:52.31 (31788774)|LIMIT_USAGE_FOR_NS|(default)|
  Number of SOQL queries: 4 out of 100
  Number of query rows: 7 out of 50000
  Number of SOSL queries: 0 out of 20
  Number of DML statements: 0 out of 150
  Number of DML rows: 0 out of 10000
  Maximum CPU time: 0 out of 10000
  Maximum heap size: 0 out of 6000000
  Number of callouts: 0 out of 100
  Number of Email Invocations: 0 out of 10
  Number of future calls: 0 out of 50
  Number of queueable jobs added to the queue: 0 out of 50
  Number of Mobile Apex push calls: 0 out of 10

10:52:52.31 (31788774)|CUMULATIVE_LIMIT_USAGE_END

10:52:52.28 (31808044)|CODE_UNIT_FINISHED|GetCaseController.getClosedCases
10:52:52.28 (31857744)|CODE_UNIT_FINISHED|Aura
10:52:52.28 (32929537)|EXECUTION_FINISHED
