41.0 APEX_CODE,FINEST;APEX_PROFILING,INFO;CALLOUT,INFO;DB,INFO;SYSTEM,DEBUG;VALIDATION,INFO;VISUALFORCE,INFO;WAVE,INFO;WORKFLOW,INFO
15:39:32.0 (349237)|USER_INFO|[EXTERNAL]|0051I00000112gB|trent@testorg.com|Pacific Standard Time|GMT-08:00
15:39:32.0 (381834)|EXECUTION_STARTED
15:39:32.0 (386156)|CODE_UNIT_STARTED|[EXTERNAL]|Aura
15:39:32.0 (1660461)|CODE_UNIT_STARTED|[EXTERNAL]|01p1I00000Dc465|CaseController.getNewCases
15:39:32.0 (2176736)|HEAP_ALLOCATE|[72]|Bytes:3
15:39:32.0 (2258323)|HEAP_ALLOCATE|[77]|Bytes:152
15:39:32.0 (2276796)|HEAP_ALLOCATE|[342]|Bytes:408
15:39:32.0 (2291516)|HEAP_ALLOCATE|[355]|Bytes:408
15:39:32.0 (2304969)|HEAP_ALLOCATE|[467]|Bytes:48
15:39:32.0 (2358262)|HEAP_ALLOCATE|[139]|Bytes:6
15:39:32.0 (2419189)|HEAP_ALLOCATE|[EXTERNAL]|Bytes:6
15:39:32.0 (2460230)|METHOD_ENTRY|[1]|01p1I00000Dc465|CaseController.CaseController()
15:39:32.0 (2468046)|STATEMENT_EXECUTE|[1]
15:39:32.0 (2477105)|STATEMENT_EXECUTE|[1]
15:39:32.0 (2520025)|HEAP_ALLOCATE|[50]|Bytes:5
15:39:32.0 (2546649)|HEAP_ALLOCATE|[56]|Bytes:5
15:39:32.0 (2554060)|HEAP_ALLOCATE|[64]|Bytes:7
15:39:32.0 (2579771)|SYSTEM_MODE_ENTER|false
15:39:32.0 (2594758)|HEAP_ALLOCATE|[EXTERNAL]|Bytes:5
15:39:32.0 (2605071)|SYSTEM_MODE_EXIT|false
15:39:32.0 (2640271)|METHOD_EXIT|[1]|CaseController
15:39:32.0 (2663264)|SYSTEM_MODE_ENTER|false
15:39:32.0 (2686996)|HEAP_ALLOCATE|[10]|Bytes:5
15:39:32.0 (2695164)|STATEMENT_EXECUTE|[9]
15:39:32.0 (2697049)|STATEMENT_EXECUTE|[10]
15:39:32.0 (2700184)|HEAP_ALLOCATE|[10]|Bytes:58
15:39:32.0 (2733801)|HEAP_ALLOCATE|[10]|Bytes:4
15:39:32.0 (3672203)|SOQL_EXECUTE_BEGIN|[10]|Aggregations:0|SELECT Id, Priority FROM Case WHERE Status = 'New' LIMIT 4
15:39:32.0 (9186343)|SOQL_EXECUTE_END|[10]|Rows:3
15:39:32.0 (9207038)|HEAP_ALLOCATE|[10]|Bytes:16
15:39:32.0 (9226418)|HEAP_ALLOCATE|[10]|Bytes:132
15:39:32.0 (9318626)|HEAP_ALLOCATE|[10]|Bytes:16
15:39:32.0 (9333503)|VARIABLE_SCOPE_BEGIN|[10]|cases|List<Case>|true|false
15:39:32.0 (9374202)|VARIABLE_ASSIGNMENT|[10]|cases|[{"Id":"5001I000003mzcuQAA","Priority":"Low"},{"Id":"5001I000003mzd8QAA","Priority":"Low"},{"Id":"5001I000003mzdGQAQ","Priority":"Low"}]|0x1ac15642
15:39:32.0 (9384064)|STATEMENT_EXECUTE|[11]
15:39:32.0 (9392293)|SYSTEM_MODE_EXIT|false
15:39:32.9 (9418482)|CUMULATIVE_LIMIT_USAGE
15:39:32.9 (9418482)|LIMIT_USAGE_FOR_NS|(default)|
  Number of SOQL queries: 1 out of 100
  Number of query rows: 3 out of 50000
  Number of SOSL queries: 0 out of 20
  Number of DML statements: 0 out of 150
  Number of DML rows: 0 out of 10000
  Maximum CPU time: 0 out of 10000
  Maximum heap size: 0 out of 6000000
  Number of callouts: 0 out of 100
  Number of Email Invocations: 0 out of 10
  Number of future calls: 0 out of 50
  Number of queueable jobs added to the queue: 0 out of 50
  Number of Mobile Apex push calls: 0 out of 10

15:39:32.9 (9418482)|CUMULATIVE_LIMIT_USAGE_END

15:39:32.0 (9448821)|CODE_UNIT_FINISHED|CaseController.getNewCases
15:39:32.0 (9508627)|CODE_UNIT_FINISHED|Aura
15:39:32.0 (10497771)|EXECUTION_FINISHED
