41.0 APEX_CODE,FINEST;APEX_PROFILING,INFO;CALLOUT,INFO;DB,INFO;SYSTEM,DEBUG;VALIDATION,INFO;VISUALFORCE,INFO;WAVE,INFO;WORKFLOW,INFO
15:52:49.0 (393065)|USER_INFO|[EXTERNAL]|0051I00000112gB|trent@testorg.com|Pacific Standard Time|GMT-08:00
15:52:49.0 (440133)|EXECUTION_STARTED
15:52:49.0 (445983)|CODE_UNIT_STARTED|[EXTERNAL]|Aura
15:52:49.0 (1887329)|CODE_UNIT_STARTED|[EXTERNAL]|01p1I00000Dc465|GetCaseController.getAllCases
15:52:49.0 (2459763)|HEAP_ALLOCATE|[72]|Bytes:3
15:52:49.0 (2529217)|HEAP_ALLOCATE|[77]|Bytes:152
15:52:49.0 (2546981)|HEAP_ALLOCATE|[342]|Bytes:408
15:52:49.0 (2559793)|HEAP_ALLOCATE|[355]|Bytes:408
15:52:49.0 (2570184)|HEAP_ALLOCATE|[467]|Bytes:48
15:52:49.0 (2632694)|HEAP_ALLOCATE|[139]|Bytes:6
15:52:49.0 (2652950)|HEAP_ALLOCATE|[EXTERNAL]|Bytes:6
15:52:49.0 (2689003)|METHOD_ENTRY|[1]|01p1I00000Dc465|GetCaseController.GetCaseController()
15:52:49.0 (2695073)|STATEMENT_EXECUTE|[1]
15:52:49.0 (2701232)|STATEMENT_EXECUTE|[1]
15:52:49.0 (2731933)|HEAP_ALLOCATE|[50]|Bytes:5
15:52:49.0 (2756044)|HEAP_ALLOCATE|[56]|Bytes:5
15:52:49.0 (2763059)|HEAP_ALLOCATE|[64]|Bytes:7
15:52:49.0 (2787758)|SYSTEM_MODE_ENTER|false
15:52:49.0 (2801694)|HEAP_ALLOCATE|[EXTERNAL]|Bytes:5
15:52:49.0 (2811886)|SYSTEM_MODE_EXIT|false
15:52:49.0 (2837803)|METHOD_EXIT|[1]|GetCaseController
15:52:49.0 (2850841)|SYSTEM_MODE_ENTER|false
15:52:49.0 (2864433)|HEAP_ALLOCATE|[16]|Bytes:5
15:52:49.0 (2868590)|STATEMENT_EXECUTE|[15]
15:52:49.0 (2870079)|STATEMENT_EXECUTE|[16]
15:52:49.0 (2873490)|HEAP_ALLOCATE|[16]|Bytes:29
15:52:49.0 (2896365)|HEAP_ALLOCATE|[16]|Bytes:4
15:52:49.0 (3850397)|SOQL_EXECUTE_BEGIN|[16]|Aggregations:0|SELECT Id, Priority FROM Case
15:52:49.0 (15256147)|SOQL_EXECUTE_END|[16]|Rows:26
15:52:49.0 (15277498)|HEAP_ALLOCATE|[16]|Bytes:108
15:52:49.0 (15318821)|HEAP_ALLOCATE|[16]|Bytes:1189
15:52:49.0 (15373190)|HEAP_ALLOCATE|[16]|Bytes:108
15:52:49.0 (15385510)|VARIABLE_SCOPE_BEGIN|[16]|cases|List<Case>|true|false
15:52:49.0 (15418014)|VARIABLE_ASSIGNMENT|[16]|cases|"List of size 26 too large to display"|0x2aab94b9
15:52:49.0 (15427476)|STATEMENT_EXECUTE|[17]
15:52:49.0 (15455177)|SYSTEM_MODE_EXIT|false
15:52:49.15 (15485354)|CUMULATIVE_LIMIT_USAGE
15:52:49.15 (15485354)|LIMIT_USAGE_FOR_NS|(default)|
  Number of SOQL queries: 1 out of 100
  Number of query rows: 26 out of 50000
  Number of SOSL queries: 0 out of 20
  Number of DML statements: 0 out of 150
  Number of DML rows: 0 out of 10000
  Maximum CPU time: 0 out of 10000
  Maximum heap size: 0 out of 6000000
  Number of callouts: 0 out of 100
  Number of Email Invocations: 0 out of 10
  Number of future calls: 0 out of 50
  Number of queueable jobs added to the queue: 0 out of 50
  Number of Mobile Apex push calls: 0 out of 10

15:52:49.15 (15485354)|CUMULATIVE_LIMIT_USAGE_END

15:52:49.0 (15522658)|CODE_UNIT_FINISHED|GetCaseController.getAllCases
15:52:49.0 (15673413)|CODE_UNIT_FINISHED|Aura
15:52:49.0 (16706529)|EXECUTION_FINISHED
