41.0 APEX_CODE,FINEST;APEX_PROFILING,INFO;CALLOUT,INFO;DB,INFO;SYSTEM,DEBUG;VALIDATION,INFO;VISUALFORCE,INFO;WAVE,INFO;WORKFLOW,INFO
08:47:48.1 (1572432)|USER_INFO|[EXTERNAL]|0051I00000112gB|trent@testorg.com|Pacific Standard Time|GMT-08:00
08:47:48.1 (1609627)|EXECUTION_STARTED
08:47:48.1 (1614374)|CODE_UNIT_STARTED|[EXTERNAL]|Aura
08:47:48.1 (3682524)|CODE_UNIT_STARTED|[EXTERNAL]|01p1I00000Dc465|GetCaseController.getAllCases
08:47:48.1 (4262592)|HEAP_ALLOCATE|[72]|Bytes:3
08:47:48.1 (4297338)|HEAP_ALLOCATE|[77]|Bytes:152
08:47:48.1 (4314180)|HEAP_ALLOCATE|[342]|Bytes:408
08:47:48.1 (4329638)|HEAP_ALLOCATE|[355]|Bytes:408
08:47:48.1 (4343044)|HEAP_ALLOCATE|[467]|Bytes:48
08:47:48.1 (4370629)|HEAP_ALLOCATE|[139]|Bytes:6
08:47:48.1 (4387864)|HEAP_ALLOCATE|[EXTERNAL]|Bytes:6
08:47:48.1 (4398062)|METHOD_ENTRY|[1]|01p1I00000Dc465|GetCaseController.GetCaseController()
08:47:48.1 (4404157)|STATEMENT_EXECUTE|[1]
08:47:48.1 (4408881)|STATEMENT_EXECUTE|[1]
08:47:48.1 (4437205)|HEAP_ALLOCATE|[50]|Bytes:5
08:47:48.1 (4455400)|HEAP_ALLOCATE|[56]|Bytes:5
08:47:48.1 (4467030)|HEAP_ALLOCATE|[64]|Bytes:7
08:47:48.1 (4486183)|SYSTEM_MODE_ENTER|false
08:47:48.1 (4497488)|HEAP_ALLOCATE|[EXTERNAL]|Bytes:5
08:47:48.1 (4504687)|SYSTEM_MODE_EXIT|false
08:47:48.1 (4511884)|METHOD_EXIT|[1]|GetCaseController
08:47:48.1 (4522914)|SYSTEM_MODE_ENTER|false
08:47:48.1 (4535227)|HEAP_ALLOCATE|[16]|Bytes:5
08:47:48.1 (4538936)|STATEMENT_EXECUTE|[15]
08:47:48.1 (4540288)|STATEMENT_EXECUTE|[16]
08:47:48.1 (4542389)|HEAP_ALLOCATE|[16]|Bytes:29
08:47:48.1 (4561029)|HEAP_ALLOCATE|[16]|Bytes:4
08:47:48.1 (5399788)|SOQL_EXECUTE_BEGIN|[16]|Aggregations:0|SELECT Id, Priority FROM Case
08:47:48.1 (15659529)|SOQL_EXECUTE_END|[16]|Rows:26
08:47:48.1 (15682812)|HEAP_ALLOCATE|[16]|Bytes:108
08:47:48.1 (15717931)|HEAP_ALLOCATE|[16]|Bytes:1189
08:47:48.1 (15764158)|HEAP_ALLOCATE|[16]|Bytes:108
08:47:48.1 (15777201)|VARIABLE_SCOPE_BEGIN|[16]|cases|List<Case>|true|false
08:47:48.1 (15809283)|VARIABLE_ASSIGNMENT|[16]|cases|"List of size 26 too large to display"|0x562db5d5
08:47:48.1 (15815869)|STATEMENT_EXECUTE|[17]
08:47:48.1 (15823986)|SYSTEM_MODE_EXIT|false
08:47:48.15 (15849648)|CUMULATIVE_LIMIT_USAGE
08:47:48.15 (15849648)|LIMIT_USAGE_FOR_NS|(default)|
  Number of SOQL queries: 1 out of 100
  Number of query rows: 26 out of 50000
  Number of SOSL queries: 0 out of 20
  Number of DML statements: 0 out of 150
  Number of DML rows: 0 out of 10000
  Maximum CPU time: 0 out of 10000
  Maximum heap size: 0 out of 6000000
  Number of callouts: 0 out of 100
  Number of Email Invocations: 0 out of 10
  Number of future calls: 0 out of 50
  Number of queueable jobs added to the queue: 0 out of 50
  Number of Mobile Apex push calls: 0 out of 10

08:47:48.15 (15849648)|CUMULATIVE_LIMIT_USAGE_END

08:47:48.1 (15885647)|CODE_UNIT_FINISHED|GetCaseController.getAllCases
08:47:48.1 (16034525)|CODE_UNIT_FINISHED|Aura
08:47:48.1 (17317084)|EXECUTION_FINISHED
