41.0 APEX_CODE,FINEST;APEX_PROFILING,INFO;CALLOUT,INFO;DB,INFO;SYSTEM,DEBUG;VALIDATION,INFO;VISUALFORCE,INFO;WAVE,INFO;WORKFLOW,INFO
09:09:34.0 (333055)|USER_INFO|[EXTERNAL]|0051I00000112gB|trent@testorg.com|Pacific Standard Time|GMT-08:00
09:09:34.0 (369370)|EXECUTION_STARTED
09:09:34.0 (373623)|CODE_UNIT_STARTED|[EXTERNAL]|Aura
09:09:34.0 (1754244)|CODE_UNIT_STARTED|[EXTERNAL]|01p1I00000Dc465|GetCaseController.getNewCases
09:09:34.0 (2437135)|HEAP_ALLOCATE|[72]|Bytes:3
09:09:34.0 (2497233)|HEAP_ALLOCATE|[77]|Bytes:152
09:09:34.0 (2511383)|HEAP_ALLOCATE|[342]|Bytes:408
09:09:34.0 (2522943)|HEAP_ALLOCATE|[355]|Bytes:408
09:09:34.0 (2532612)|HEAP_ALLOCATE|[467]|Bytes:48
09:09:34.0 (2595422)|HEAP_ALLOCATE|[139]|Bytes:6
09:09:34.0 (2610454)|HEAP_ALLOCATE|[EXTERNAL]|Bytes:13
09:09:34.0 (2645472)|METHOD_ENTRY|[1]|01p1I00000Dc465|GetCaseController.GetCaseController()
09:09:34.0 (2652057)|STATEMENT_EXECUTE|[1]
09:09:34.0 (2655246)|STATEMENT_EXECUTE|[1]
09:09:34.0 (2683098)|HEAP_ALLOCATE|[50]|Bytes:5
09:09:34.0 (2700054)|HEAP_ALLOCATE|[56]|Bytes:5
09:09:34.0 (2706634)|HEAP_ALLOCATE|[64]|Bytes:7
09:09:34.0 (2726508)|SYSTEM_MODE_ENTER|false
09:09:34.0 (2906606)|HEAP_ALLOCATE|[EXTERNAL]|Bytes:5
09:09:34.0 (2914321)|SYSTEM_MODE_EXIT|false
09:09:34.0 (2935583)|METHOD_EXIT|[1]|GetCaseController
09:09:34.0 (2949811)|SYSTEM_MODE_ENTER|false
09:09:34.0 (2961769)|HEAP_ALLOCATE|[5]|Bytes:5
09:09:34.0 (2966015)|STATEMENT_EXECUTE|[4]
09:09:34.0 (2967313)|STATEMENT_EXECUTE|[5]
09:09:34.0 (2969496)|HEAP_ALLOCATE|[5]|Bytes:58
09:09:34.0 (2984713)|HEAP_ALLOCATE|[5]|Bytes:4
09:09:34.0 (3941404)|SOQL_EXECUTE_BEGIN|[5]|Aggregations:0|SELECT Id, Priority FROM Case WHERE Status = 'New' LIMIT 4
09:09:34.0 (10289997)|SOQL_EXECUTE_END|[5]|Rows:3
09:09:34.0 (10308124)|HEAP_ALLOCATE|[5]|Bytes:16
09:09:34.0 (10326885)|HEAP_ALLOCATE|[5]|Bytes:132
09:09:34.0 (10364987)|HEAP_ALLOCATE|[5]|Bytes:16
09:09:34.0 (10377066)|VARIABLE_SCOPE_BEGIN|[5]|cases|List<Case>|true|false
09:09:34.0 (10417819)|VARIABLE_ASSIGNMENT|[5]|cases|[{"Id":"5001I000003mzcuQAA","Priority":"Low"},{"Id":"5001I000003mzd8QAA","Priority":"Low"},{"Id":"5001I000003mzdGQAQ","Priority":"Low"}]|0x2507ef96
09:09:34.0 (10425812)|STATEMENT_EXECUTE|[6]
09:09:34.0 (10448403)|SYSTEM_MODE_EXIT|false
09:09:34.10 (10486877)|CUMULATIVE_LIMIT_USAGE
09:09:34.10 (10486877)|LIMIT_USAGE_FOR_NS|(default)|
  Number of SOQL queries: 1 out of 100
  Number of query rows: 3 out of 50000
  Number of SOSL queries: 0 out of 20
  Number of DML statements: 0 out of 150
  Number of DML rows: 0 out of 10000
  Maximum CPU time: 0 out of 10000
  Maximum heap size: 0 out of 6000000
  Number of callouts: 0 out of 100
  Number of Email Invocations: 0 out of 10
  Number of future calls: 0 out of 50
  Number of queueable jobs added to the queue: 0 out of 50
  Number of Mobile Apex push calls: 0 out of 10

09:09:34.10 (10486877)|CUMULATIVE_LIMIT_USAGE_END

09:09:34.0 (10520888)|CODE_UNIT_FINISHED|GetCaseController.getNewCases
09:09:34.0 (10597183)|CODE_UNIT_FINISHED|Aura
09:09:34.0 (11723189)|EXECUTION_FINISHED
