41.0 APEX_CODE,FINEST;APEX_PROFILING,INFO;CALLOUT,INFO;DB,INFO;SYSTEM,DEBUG;VALIDATION,INFO;VISUALFORCE,INFO;WAVE,INFO;WORKFLOW,INFO
15:19:19.0 (311666)|USER_INFO|[EXTERNAL]|0051I00000112gB|trent@testorg.com|Pacific Standard Time|GMT-08:00
15:19:19.0 (349569)|EXECUTION_STARTED
15:19:19.0 (353972)|CODE_UNIT_STARTED|[EXTERNAL]|Aura
15:19:19.0 (1914615)|CODE_UNIT_STARTED|[EXTERNAL]|01p1I00000Dc465|CaseController.getNewCases
15:19:19.0 (2448738)|HEAP_ALLOCATE|[72]|Bytes:3
15:19:19.0 (2497844)|HEAP_ALLOCATE|[77]|Bytes:152
15:19:19.0 (2512951)|HEAP_ALLOCATE|[342]|Bytes:408
15:19:19.0 (2523265)|HEAP_ALLOCATE|[355]|Bytes:408
15:19:19.0 (2533058)|HEAP_ALLOCATE|[467]|Bytes:48
15:19:19.0 (2560386)|HEAP_ALLOCATE|[139]|Bytes:6
15:19:19.0 (2577483)|HEAP_ALLOCATE|[EXTERNAL]|Bytes:6
15:19:19.0 (2588133)|METHOD_ENTRY|[1]|01p1I00000Dc465|CaseController.CaseController()
15:19:19.0 (2593769)|STATEMENT_EXECUTE|[1]
15:19:19.0 (2599579)|STATEMENT_EXECUTE|[1]
15:19:19.0 (2630504)|HEAP_ALLOCATE|[50]|Bytes:5
15:19:19.0 (2652985)|HEAP_ALLOCATE|[56]|Bytes:5
15:19:19.0 (2659749)|HEAP_ALLOCATE|[64]|Bytes:7
15:19:19.0 (2681502)|SYSTEM_MODE_ENTER|false
15:19:19.0 (2695776)|HEAP_ALLOCATE|[EXTERNAL]|Bytes:5
15:19:19.0 (2703231)|SYSTEM_MODE_EXIT|false
15:19:19.0 (2710691)|METHOD_EXIT|[1]|CaseController
15:19:19.0 (2720861)|SYSTEM_MODE_ENTER|false
15:19:19.0 (2732542)|HEAP_ALLOCATE|[10]|Bytes:5
15:19:19.0 (2736421)|STATEMENT_EXECUTE|[9]
15:19:19.0 (2737573)|STATEMENT_EXECUTE|[10]
15:19:19.0 (2739621)|HEAP_ALLOCATE|[10]|Bytes:58
15:19:19.0 (2759360)|HEAP_ALLOCATE|[10]|Bytes:4
15:19:19.0 (3660553)|SOQL_EXECUTE_BEGIN|[10]|Aggregations:0|SELECT Id, Priority FROM Case WHERE Status = 'New' LIMIT 4
15:19:19.0 (9699836)|SOQL_EXECUTE_END|[10]|Rows:3
15:19:19.0 (9718465)|HEAP_ALLOCATE|[10]|Bytes:16
15:19:19.0 (9736985)|HEAP_ALLOCATE|[10]|Bytes:132
15:19:19.0 (9784090)|HEAP_ALLOCATE|[10]|Bytes:16
15:19:19.0 (9795692)|VARIABLE_SCOPE_BEGIN|[10]|cases|List<Case>|true|false
15:19:19.0 (9834831)|VARIABLE_ASSIGNMENT|[10]|cases|[{"Id":"5001I000003mzcuQAA","Priority":"Low"},{"Id":"5001I000003mzd8QAA","Priority":"Low"},{"Id":"5001I000003mzdGQAQ","Priority":"Low"}]|0x48318a90
15:19:19.0 (9842440)|STATEMENT_EXECUTE|[11]
15:19:19.0 (9850559)|SYSTEM_MODE_EXIT|false
15:19:19.9 (9870834)|CUMULATIVE_LIMIT_USAGE
15:19:19.9 (9870834)|LIMIT_USAGE_FOR_NS|(default)|
  Number of SOQL queries: 1 out of 100
  Number of query rows: 3 out of 50000
  Number of SOSL queries: 0 out of 20
  Number of DML statements: 0 out of 150
  Number of DML rows: 0 out of 10000
  Maximum CPU time: 0 out of 10000
  Maximum heap size: 0 out of 6000000
  Number of callouts: 0 out of 100
  Number of Email Invocations: 0 out of 10
  Number of future calls: 0 out of 50
  Number of queueable jobs added to the queue: 0 out of 50
  Number of Mobile Apex push calls: 0 out of 10

15:19:19.9 (9870834)|CUMULATIVE_LIMIT_USAGE_END

15:19:19.0 (9905057)|CODE_UNIT_FINISHED|CaseController.getNewCases
15:19:19.0 (9963636)|CODE_UNIT_FINISHED|Aura
15:19:19.0 (10962783)|EXECUTION_FINISHED
