41.0 APEX_CODE,FINEST;APEX_PROFILING,INFO;CALLOUT,INFO;DB,INFO;SYSTEM,DEBUG;VALIDATION,INFO;VISUALFORCE,INFO;WAVE,INFO;WORKFLOW,INFO
10:49:53.0 (400711)|USER_INFO|[EXTERNAL]|0051I00000112gB|trent@testorg.com|Pacific Standard Time|GMT-08:00
10:49:53.0 (447025)|EXECUTION_STARTED
10:49:53.0 (450845)|CODE_UNIT_STARTED|[EXTERNAL]|Aura
10:49:53.0 (1912463)|CODE_UNIT_STARTED|[EXTERNAL]|01p1I00000Dc465|GetCaseController.getNewCases
10:49:53.0 (2554499)|HEAP_ALLOCATE|[72]|Bytes:3
10:49:53.0 (2591155)|HEAP_ALLOCATE|[77]|Bytes:152
10:49:53.0 (2605126)|HEAP_ALLOCATE|[342]|Bytes:408
10:49:53.0 (2619062)|HEAP_ALLOCATE|[355]|Bytes:408
10:49:53.0 (2632568)|HEAP_ALLOCATE|[467]|Bytes:48
10:49:53.0 (2660953)|HEAP_ALLOCATE|[139]|Bytes:6
10:49:53.0 (2675072)|HEAP_ALLOCATE|[EXTERNAL]|Bytes:13
10:49:53.0 (2686317)|METHOD_ENTRY|[1]|01p1I00000Dc465|GetCaseController.GetCaseController()
10:49:53.0 (2692432)|STATEMENT_EXECUTE|[1]
10:49:53.0 (2697930)|STATEMENT_EXECUTE|[1]
10:49:53.0 (2724545)|HEAP_ALLOCATE|[50]|Bytes:5
10:49:53.0 (2743545)|HEAP_ALLOCATE|[56]|Bytes:5
10:49:53.0 (2750748)|HEAP_ALLOCATE|[64]|Bytes:7
10:49:53.0 (2770650)|SYSTEM_MODE_ENTER|false
10:49:53.0 (2782045)|HEAP_ALLOCATE|[EXTERNAL]|Bytes:5
10:49:53.0 (2789022)|SYSTEM_MODE_EXIT|false
10:49:53.0 (2797195)|METHOD_EXIT|[1]|GetCaseController
10:49:53.0 (2827951)|SYSTEM_MODE_ENTER|false
10:49:53.0 (2840943)|HEAP_ALLOCATE|[5]|Bytes:5
10:49:53.0 (2845939)|STATEMENT_EXECUTE|[4]
10:49:53.0 (2847298)|STATEMENT_EXECUTE|[5]
10:49:53.0 (2849567)|HEAP_ALLOCATE|[5]|Bytes:50
10:49:53.0 (2864299)|HEAP_ALLOCATE|[5]|Bytes:4
10:49:53.0 (3761555)|SOQL_EXECUTE_BEGIN|[5]|Aggregations:0|SELECT Id, Priority FROM Case WHERE Status = 'New'
10:49:53.0 (10142319)|SOQL_EXECUTE_END|[5]|Rows:3
10:49:53.0 (10177464)|HEAP_ALLOCATE|[5]|Bytes:16
10:49:53.0 (10200979)|HEAP_ALLOCATE|[5]|Bytes:132
10:49:53.0 (10277366)|HEAP_ALLOCATE|[5]|Bytes:16
10:49:53.0 (10297436)|VARIABLE_SCOPE_BEGIN|[5]|cases|List<Case>|true|false
10:49:53.0 (10344391)|VARIABLE_ASSIGNMENT|[5]|cases|[{"Id":"5001I000003mzcuQAA","Priority":"Low"},{"Id":"5001I000003mzd8QAA","Priority":"Low"},{"Id":"5001I000003mzdGQAQ","Priority":"Low"}]|0x6953df57
10:49:53.0 (10353980)|STATEMENT_EXECUTE|[6]
10:49:53.0 (10369336)|SYSTEM_MODE_EXIT|false
10:49:53.10 (10400233)|CUMULATIVE_LIMIT_USAGE
10:49:53.10 (10400233)|LIMIT_USAGE_FOR_NS|(default)|
  Number of SOQL queries: 1 out of 100
  Number of query rows: 3 out of 50000
  Number of SOSL queries: 0 out of 20
  Number of DML statements: 0 out of 150
  Number of DML rows: 0 out of 10000
  Maximum CPU time: 0 out of 10000
  Maximum heap size: 0 out of 6000000
  Number of callouts: 0 out of 100
  Number of Email Invocations: 0 out of 10
  Number of future calls: 0 out of 50
  Number of queueable jobs added to the queue: 0 out of 50
  Number of Mobile Apex push calls: 0 out of 10

10:49:53.10 (10400233)|CUMULATIVE_LIMIT_USAGE_END

10:49:53.0 (10454346)|CODE_UNIT_FINISHED|GetCaseController.getNewCases
10:49:53.0 (10537950)|CODE_UNIT_FINISHED|Aura
10:49:53.0 (11580891)|EXECUTION_FINISHED
10:49:53.18 (18504468)|USER_INFO|[EXTERNAL]|0051I00000112gB|trent@testorg.com|Pacific Standard Time|GMT-08:00
10:49:53.18 (18531569)|EXECUTION_STARTED
10:49:53.18 (18535420)|CODE_UNIT_STARTED|[EXTERNAL]|Aura
10:49:53.18 (19273035)|CODE_UNIT_STARTED|[EXTERNAL]|01p1I00000Dc465|GetCaseController.getWorkingCases
10:49:53.18 (19335454)|SYSTEM_MODE_ENTER|false
10:49:53.18 (19358163)|HEAP_ALLOCATE|[11]|Bytes:5
10:49:53.18 (19367863)|STATEMENT_EXECUTE|[10]
10:49:53.18 (19369893)|STATEMENT_EXECUTE|[11]
10:49:53.18 (19375020)|HEAP_ALLOCATE|[11]|Bytes:62
10:49:53.18 (19394771)|HEAP_ALLOCATE|[11]|Bytes:4
10:49:53.18 (19645716)|SOQL_EXECUTE_BEGIN|[11]|Aggregations:0|SELECT Id, Priority FROM Case WHERE Status = 'Working' LIMIT 4
10:49:53.18 (26018457)|SOQL_EXECUTE_END|[11]|Rows:0
10:49:53.18 (26065797)|HEAP_ALLOCATE|[11]|Bytes:4
10:49:53.18 (26085054)|HEAP_ALLOCATE|[11]|Bytes:0
10:49:53.18 (26143652)|HEAP_ALLOCATE|[11]|Bytes:4
10:49:53.18 (26169938)|VARIABLE_SCOPE_BEGIN|[11]|cases|List<Case>|true|false
10:49:53.18 (26212472)|VARIABLE_ASSIGNMENT|[11]|cases|[]|0x342ac34c
10:49:53.18 (26224426)|STATEMENT_EXECUTE|[12]
10:49:53.18 (26243311)|SYSTEM_MODE_EXIT|false
10:49:53.26 (26276161)|CUMULATIVE_LIMIT_USAGE
10:49:53.26 (26276161)|LIMIT_USAGE_FOR_NS|(default)|
  Number of SOQL queries: 2 out of 100
  Number of query rows: 3 out of 50000
  Number of SOSL queries: 0 out of 20
  Number of DML statements: 0 out of 150
  Number of DML rows: 0 out of 10000
  Maximum CPU time: 0 out of 10000
  Maximum heap size: 0 out of 6000000
  Number of callouts: 0 out of 100
  Number of Email Invocations: 0 out of 10
  Number of future calls: 0 out of 50
  Number of queueable jobs added to the queue: 0 out of 50
  Number of Mobile Apex push calls: 0 out of 10

10:49:53.26 (26276161)|CUMULATIVE_LIMIT_USAGE_END

10:49:53.18 (26330823)|CODE_UNIT_FINISHED|GetCaseController.getWorkingCases
10:49:53.18 (26407330)|CODE_UNIT_FINISHED|Aura
10:49:53.18 (27407599)|EXECUTION_FINISHED
10:49:53.28 (28183881)|USER_INFO|[EXTERNAL]|0051I00000112gB|trent@testorg.com|Pacific Standard Time|GMT-08:00
10:49:53.28 (28210677)|EXECUTION_STARTED
10:49:53.28 (28215130)|CODE_UNIT_STARTED|[EXTERNAL]|Aura
10:49:53.28 (29122843)|CODE_UNIT_STARTED|[EXTERNAL]|01p1I00000Dc465|GetCaseController.getEscalatedCases
10:49:53.28 (29213580)|SYSTEM_MODE_ENTER|false
10:49:53.28 (29241154)|HEAP_ALLOCATE|[17]|Bytes:5
10:49:53.28 (29252068)|STATEMENT_EXECUTE|[16]
10:49:53.28 (29254836)|STATEMENT_EXECUTE|[17]
10:49:53.28 (29261006)|HEAP_ALLOCATE|[17]|Bytes:64
10:49:53.28 (29286052)|HEAP_ALLOCATE|[17]|Bytes:4
10:49:53.28 (29619337)|SOQL_EXECUTE_BEGIN|[17]|Aggregations:0|SELECT Id, Priority FROM Case WHERE Status = 'Escalated' LIMIT 4
10:49:53.28 (34350703)|SOQL_EXECUTE_END|[17]|Rows:0
10:49:53.28 (34385868)|HEAP_ALLOCATE|[17]|Bytes:4
10:49:53.28 (34399312)|HEAP_ALLOCATE|[17]|Bytes:0
10:49:53.28 (34453785)|HEAP_ALLOCATE|[17]|Bytes:4
10:49:53.28 (34473150)|VARIABLE_SCOPE_BEGIN|[17]|cases|List<Case>|true|false
10:49:53.28 (34504491)|VARIABLE_ASSIGNMENT|[17]|cases|[]|0x3ebf83b6
10:49:53.28 (34513013)|STATEMENT_EXECUTE|[18]
10:49:53.28 (34524712)|SYSTEM_MODE_EXIT|false
10:49:53.34 (34553554)|CUMULATIVE_LIMIT_USAGE
10:49:53.34 (34553554)|LIMIT_USAGE_FOR_NS|(default)|
  Number of SOQL queries: 3 out of 100
  Number of query rows: 3 out of 50000
  Number of SOSL queries: 0 out of 20
  Number of DML statements: 0 out of 150
  Number of DML rows: 0 out of 10000
  Maximum CPU time: 0 out of 10000
  Maximum heap size: 0 out of 6000000
  Number of callouts: 0 out of 100
  Number of Email Invocations: 0 out of 10
  Number of future calls: 0 out of 50
  Number of queueable jobs added to the queue: 0 out of 50
  Number of Mobile Apex push calls: 0 out of 10

10:49:53.34 (34553554)|CUMULATIVE_LIMIT_USAGE_END

10:49:53.28 (34591381)|CODE_UNIT_FINISHED|GetCaseController.getEscalatedCases
10:49:53.28 (34677313)|CODE_UNIT_FINISHED|Aura
10:49:53.28 (35829737)|EXECUTION_FINISHED
10:49:53.36 (36628933)|USER_INFO|[EXTERNAL]|0051I00000112gB|trent@testorg.com|Pacific Standard Time|GMT-08:00
10:49:53.36 (36646753)|EXECUTION_STARTED
10:49:53.36 (36650552)|CODE_UNIT_STARTED|[EXTERNAL]|Aura
10:49:53.36 (37394832)|CODE_UNIT_STARTED|[EXTERNAL]|01p1I00000Dc465|GetCaseController.getClosedCases
10:49:53.36 (37471257)|SYSTEM_MODE_ENTER|false
10:49:53.36 (37500331)|HEAP_ALLOCATE|[23]|Bytes:5
10:49:53.36 (37509710)|STATEMENT_EXECUTE|[22]
10:49:53.36 (37511755)|STATEMENT_EXECUTE|[23]
10:49:53.36 (37516796)|HEAP_ALLOCATE|[23]|Bytes:61
10:49:53.36 (37539398)|HEAP_ALLOCATE|[23]|Bytes:4
10:49:53.36 (37756402)|SOQL_EXECUTE_BEGIN|[23]|Aggregations:0|SELECT Id, Priority FROM Case WHERE Status = 'Closed' LIMIT 4
10:49:53.36 (41674669)|SOQL_EXECUTE_END|[23]|Rows:4
10:49:53.36 (41706621)|HEAP_ALLOCATE|[23]|Bytes:20
10:49:53.36 (41733468)|HEAP_ALLOCATE|[23]|Bytes:181
10:49:53.36 (41790539)|HEAP_ALLOCATE|[23]|Bytes:20
10:49:53.36 (41810193)|VARIABLE_SCOPE_BEGIN|[23]|cases|List<Case>|true|false
10:49:53.36 (41857704)|VARIABLE_ASSIGNMENT|[23]|cases|[{"Id":"5001I000003mzcsQAA","Priority":"High"},{"Id":"5001I000003mzctQAA","Priority":"High"},{"Id":"5001I000003mzcvQAA","Priority":"Low"},{"Id":"5001I000003mzcwQAA","Priority":"Medium"}]|0x33d79d14
10:49:53.36 (41867822)|STATEMENT_EXECUTE|[24]
10:49:53.36 (41884729)|SYSTEM_MODE_EXIT|false
10:49:53.41 (41916470)|CUMULATIVE_LIMIT_USAGE
10:49:53.41 (41916470)|LIMIT_USAGE_FOR_NS|(default)|
  Number of SOQL queries: 4 out of 100
  Number of query rows: 7 out of 50000
  Number of SOSL queries: 0 out of 20
  Number of DML statements: 0 out of 150
  Number of DML rows: 0 out of 10000
  Maximum CPU time: 0 out of 10000
  Maximum heap size: 0 out of 6000000
  Number of callouts: 0 out of 100
  Number of Email Invocations: 0 out of 10
  Number of future calls: 0 out of 50
  Number of queueable jobs added to the queue: 0 out of 50
  Number of Mobile Apex push calls: 0 out of 10

10:49:53.41 (41916470)|CUMULATIVE_LIMIT_USAGE_END

10:49:53.36 (41954724)|CODE_UNIT_FINISHED|GetCaseController.getClosedCases
10:49:53.36 (42035648)|CODE_UNIT_FINISHED|Aura
10:49:53.36 (43106792)|EXECUTION_FINISHED
