41.0 APEX_CODE,FINEST;APEX_PROFILING,INFO;CALLOUT,INFO;DB,INFO;SYSTEM,DEBUG;VALIDATION,INFO;VISUALFORCE,INFO;WAVE,INFO;WORKFLOW,INFO
09:19:43.0 (333993)|USER_INFO|[EXTERNAL]|0051I00000112gB|trent@testorg.com|Pacific Standard Time|GMT-08:00
09:19:43.0 (368897)|EXECUTION_STARTED
09:19:43.0 (373258)|CODE_UNIT_STARTED|[EXTERNAL]|Aura
09:19:43.0 (1759453)|CODE_UNIT_STARTED|[EXTERNAL]|01p1I00000Dc465|GetCaseController.getNewCases
09:19:43.0 (2429415)|HEAP_ALLOCATE|[72]|Bytes:3
09:19:43.0 (2477129)|HEAP_ALLOCATE|[77]|Bytes:152
09:19:43.0 (2494048)|HEAP_ALLOCATE|[342]|Bytes:408
09:19:43.0 (2508009)|HEAP_ALLOCATE|[355]|Bytes:408
09:19:43.0 (2520659)|HEAP_ALLOCATE|[467]|Bytes:48
09:19:43.0 (2549856)|HEAP_ALLOCATE|[139]|Bytes:6
09:19:43.0 (2565591)|HEAP_ALLOCATE|[EXTERNAL]|Bytes:13
09:19:43.0 (2576795)|METHOD_ENTRY|[1]|01p1I00000Dc465|GetCaseController.GetCaseController()
09:19:43.0 (2582774)|STATEMENT_EXECUTE|[1]
09:19:43.0 (2587199)|STATEMENT_EXECUTE|[1]
09:19:43.0 (2620260)|HEAP_ALLOCATE|[50]|Bytes:5
09:19:43.0 (2645347)|HEAP_ALLOCATE|[56]|Bytes:5
09:19:43.0 (2652451)|HEAP_ALLOCATE|[64]|Bytes:7
09:19:43.0 (2673554)|SYSTEM_MODE_ENTER|false
09:19:43.0 (2690845)|HEAP_ALLOCATE|[EXTERNAL]|Bytes:5
09:19:43.0 (2698834)|SYSTEM_MODE_EXIT|false
09:19:43.0 (2706623)|METHOD_EXIT|[1]|GetCaseController
09:19:43.0 (2717798)|SYSTEM_MODE_ENTER|false
09:19:43.0 (2730925)|HEAP_ALLOCATE|[5]|Bytes:5
09:19:43.0 (2735154)|STATEMENT_EXECUTE|[4]
09:19:43.0 (2736366)|STATEMENT_EXECUTE|[5]
09:19:43.0 (2738819)|HEAP_ALLOCATE|[5]|Bytes:58
09:19:43.0 (2759175)|HEAP_ALLOCATE|[5]|Bytes:4
09:19:43.0 (3708376)|SOQL_EXECUTE_BEGIN|[5]|Aggregations:0|SELECT Id, Priority FROM Case WHERE Status = 'New' LIMIT 4
09:19:43.0 (11160134)|SOQL_EXECUTE_END|[5]|Rows:3
09:19:43.0 (11180381)|HEAP_ALLOCATE|[5]|Bytes:16
09:19:43.0 (11198482)|HEAP_ALLOCATE|[5]|Bytes:132
09:19:43.0 (11253803)|HEAP_ALLOCATE|[5]|Bytes:16
09:19:43.0 (11266960)|VARIABLE_SCOPE_BEGIN|[5]|cases|List<Case>|true|false
09:19:43.0 (11315126)|VARIABLE_ASSIGNMENT|[5]|cases|[{"Id":"5001I000003mzcuQAA","Priority":"Low"},{"Id":"5001I000003mzd8QAA","Priority":"Low"},{"Id":"5001I000003mzdGQAQ","Priority":"Low"}]|0x3e35096f
09:19:43.0 (11322912)|STATEMENT_EXECUTE|[6]
09:19:43.0 (11334621)|SYSTEM_MODE_EXIT|false
09:19:43.11 (11361840)|CUMULATIVE_LIMIT_USAGE
09:19:43.11 (11361840)|LIMIT_USAGE_FOR_NS|(default)|
  Number of SOQL queries: 1 out of 100
  Number of query rows: 3 out of 50000
  Number of SOSL queries: 0 out of 20
  Number of DML statements: 0 out of 150
  Number of DML rows: 0 out of 10000
  Maximum CPU time: 0 out of 10000
  Maximum heap size: 0 out of 6000000
  Number of callouts: 0 out of 100
  Number of Email Invocations: 0 out of 10
  Number of future calls: 0 out of 50
  Number of queueable jobs added to the queue: 0 out of 50
  Number of Mobile Apex push calls: 0 out of 10

09:19:43.11 (11361840)|CUMULATIVE_LIMIT_USAGE_END

09:19:43.0 (11400715)|CODE_UNIT_FINISHED|GetCaseController.getNewCases
09:19:43.0 (11473316)|CODE_UNIT_FINISHED|Aura
09:19:43.0 (12554993)|EXECUTION_FINISHED
09:19:43.14 (14005125)|USER_INFO|[EXTERNAL]|0051I00000112gB|trent@testorg.com|Pacific Standard Time|GMT-08:00
09:19:43.14 (14019063)|EXECUTION_STARTED
09:19:43.14 (14021943)|CODE_UNIT_STARTED|[EXTERNAL]|Aura
09:19:43.14 (14682450)|CODE_UNIT_STARTED|[EXTERNAL]|01p1I00000Dc465|GetCaseController.getWorkingCases
09:19:43.14 (14732069)|SYSTEM_MODE_ENTER|false
09:19:43.14 (14752130)|HEAP_ALLOCATE|[11]|Bytes:5
09:19:43.14 (14758645)|STATEMENT_EXECUTE|[10]
09:19:43.14 (14760035)|STATEMENT_EXECUTE|[11]
09:19:43.14 (14763064)|HEAP_ALLOCATE|[11]|Bytes:62
09:19:43.14 (14779186)|HEAP_ALLOCATE|[11]|Bytes:4
09:19:43.14 (14943827)|SOQL_EXECUTE_BEGIN|[11]|Aggregations:0|SELECT Id, Priority FROM Case WHERE Status = 'Working' LIMIT 4
09:19:43.14 (17065278)|SOQL_EXECUTE_END|[11]|Rows:0
09:19:43.14 (17083817)|HEAP_ALLOCATE|[11]|Bytes:4
09:19:43.14 (17093626)|HEAP_ALLOCATE|[11]|Bytes:0
09:19:43.14 (17122764)|HEAP_ALLOCATE|[11]|Bytes:4
09:19:43.14 (17133474)|VARIABLE_SCOPE_BEGIN|[11]|cases|List<Case>|true|false
09:19:43.14 (17154019)|VARIABLE_ASSIGNMENT|[11]|cases|[]|0x676e0cd7
09:19:43.14 (17160490)|STATEMENT_EXECUTE|[12]
09:19:43.14 (17168504)|SYSTEM_MODE_EXIT|false
09:19:43.17 (17182527)|CUMULATIVE_LIMIT_USAGE
09:19:43.17 (17182527)|LIMIT_USAGE_FOR_NS|(default)|
  Number of SOQL queries: 2 out of 100
  Number of query rows: 3 out of 50000
  Number of SOSL queries: 0 out of 20
  Number of DML statements: 0 out of 150
  Number of DML rows: 0 out of 10000
  Maximum CPU time: 0 out of 10000
  Maximum heap size: 0 out of 6000000
  Number of callouts: 0 out of 100
  Number of Email Invocations: 0 out of 10
  Number of future calls: 0 out of 50
  Number of queueable jobs added to the queue: 0 out of 50
  Number of Mobile Apex push calls: 0 out of 10

09:19:43.17 (17182527)|CUMULATIVE_LIMIT_USAGE_END

09:19:43.14 (17204905)|CODE_UNIT_FINISHED|GetCaseController.getWorkingCases
09:19:43.14 (17242244)|CODE_UNIT_FINISHED|Aura
09:19:43.14 (18536488)|EXECUTION_FINISHED
09:19:43.19 (19210776)|USER_INFO|[EXTERNAL]|0051I00000112gB|trent@testorg.com|Pacific Standard Time|GMT-08:00
09:19:43.19 (19222942)|EXECUTION_STARTED
09:19:43.19 (19225048)|CODE_UNIT_STARTED|[EXTERNAL]|Aura
09:19:43.19 (20112512)|CODE_UNIT_STARTED|[EXTERNAL]|01p1I00000Dc465|GetCaseController.getClosedCases
09:19:43.19 (20152852)|SYSTEM_MODE_ENTER|false
09:19:43.19 (20168630)|HEAP_ALLOCATE|[23]|Bytes:5
09:19:43.19 (20174428)|STATEMENT_EXECUTE|[22]
09:19:43.19 (20175655)|STATEMENT_EXECUTE|[23]
09:19:43.19 (20178547)|HEAP_ALLOCATE|[23]|Bytes:61
09:19:43.19 (20191135)|HEAP_ALLOCATE|[23]|Bytes:4
09:19:43.19 (20330166)|SOQL_EXECUTE_BEGIN|[23]|Aggregations:0|SELECT Id, Priority FROM Case WHERE Status = 'Closed' LIMIT 4
09:19:43.19 (65048699)|SOQL_EXECUTE_END|[23]|Rows:4
09:19:43.19 (65064826)|HEAP_ALLOCATE|[23]|Bytes:20
09:19:43.19 (65081321)|HEAP_ALLOCATE|[23]|Bytes:181
09:19:43.19 (65110537)|HEAP_ALLOCATE|[23]|Bytes:20
09:19:43.19 (65121003)|VARIABLE_SCOPE_BEGIN|[23]|cases|List<Case>|true|false
09:19:43.19 (65149457)|VARIABLE_ASSIGNMENT|[23]|cases|[{"Id":"5001I000003mzcsQAA","Priority":"High"},{"Id":"5001I000003mzctQAA","Priority":"High"},{"Id":"5001I000003mzcvQAA","Priority":"Low"},{"Id":"5001I000003mzcwQAA","Priority":"Medium"}]|0x14ff5364
09:19:43.19 (65157975)|STATEMENT_EXECUTE|[24]
09:19:43.19 (65165507)|SYSTEM_MODE_EXIT|false
09:19:43.65 (65181207)|CUMULATIVE_LIMIT_USAGE
09:19:43.65 (65181207)|LIMIT_USAGE_FOR_NS|(default)|
  Number of SOQL queries: 3 out of 100
  Number of query rows: 7 out of 50000
  Number of SOSL queries: 0 out of 20
  Number of DML statements: 0 out of 150
  Number of DML rows: 0 out of 10000
  Maximum CPU time: 0 out of 10000
  Maximum heap size: 0 out of 6000000
  Number of callouts: 0 out of 100
  Number of Email Invocations: 0 out of 10
  Number of future calls: 0 out of 50
  Number of queueable jobs added to the queue: 0 out of 50
  Number of Mobile Apex push calls: 0 out of 10

09:19:43.65 (65181207)|CUMULATIVE_LIMIT_USAGE_END

09:19:43.19 (65202776)|CODE_UNIT_FINISHED|GetCaseController.getClosedCases
09:19:43.19 (65259089)|CODE_UNIT_FINISHED|Aura
09:19:43.19 (66464628)|EXECUTION_FINISHED
