41.0 APEX_CODE,FINEST;APEX_PROFILING,INFO;CALLOUT,INFO;DB,INFO;SYSTEM,DEBUG;VALIDATION,INFO;VISUALFORCE,INFO;WAVE,INFO;WORKFLOW,INFO
15:10:13.0 (314492)|USER_INFO|[EXTERNAL]|0051I00000112gB|trent@testorg.com|Pacific Standard Time|GMT-08:00
15:10:13.0 (498895)|EXECUTION_STARTED
15:10:13.0 (503311)|CODE_UNIT_STARTED|[EXTERNAL]|Aura
15:10:13.0 (1778961)|CODE_UNIT_STARTED|[EXTERNAL]|01p1I00000Dc465|CaseController.getNewCases
15:10:13.0 (2296922)|HEAP_ALLOCATE|[72]|Bytes:3
15:10:13.0 (2362405)|HEAP_ALLOCATE|[77]|Bytes:152
15:10:13.0 (2377427)|HEAP_ALLOCATE|[342]|Bytes:408
15:10:13.0 (2396850)|HEAP_ALLOCATE|[355]|Bytes:408
15:10:13.0 (2411753)|HEAP_ALLOCATE|[467]|Bytes:48
15:10:13.0 (2462987)|HEAP_ALLOCATE|[139]|Bytes:6
15:10:13.0 (2479444)|HEAP_ALLOCATE|[EXTERNAL]|Bytes:6
15:10:13.0 (2510782)|METHOD_ENTRY|[1]|01p1I00000Dc465|CaseController.CaseController()
15:10:13.0 (2516617)|STATEMENT_EXECUTE|[1]
15:10:13.0 (2521355)|STATEMENT_EXECUTE|[1]
15:10:13.0 (2549796)|HEAP_ALLOCATE|[50]|Bytes:5
15:10:13.0 (2569130)|HEAP_ALLOCATE|[56]|Bytes:5
15:10:13.0 (2576003)|HEAP_ALLOCATE|[64]|Bytes:7
15:10:13.0 (2595481)|SYSTEM_MODE_ENTER|false
15:10:13.0 (2694440)|HEAP_ALLOCATE|[EXTERNAL]|Bytes:5
15:10:13.0 (2700805)|SYSTEM_MODE_EXIT|false
15:10:13.0 (2721530)|METHOD_EXIT|[1]|CaseController
15:10:13.0 (2732209)|SYSTEM_MODE_ENTER|false
15:10:13.0 (2743779)|HEAP_ALLOCATE|[10]|Bytes:5
15:10:13.0 (2751880)|STATEMENT_EXECUTE|[9]
15:10:13.0 (2753082)|STATEMENT_EXECUTE|[10]
15:10:13.0 (2755846)|HEAP_ALLOCATE|[10]|Bytes:58
15:10:13.0 (2771132)|HEAP_ALLOCATE|[10]|Bytes:4
15:10:13.0 (3642567)|SOQL_EXECUTE_BEGIN|[10]|Aggregations:0|SELECT Id, Priority FROM Case WHERE Status = 'New' LIMIT 4
15:10:13.0 (15304410)|SOQL_EXECUTE_END|[10]|Rows:3
15:10:13.0 (15322507)|HEAP_ALLOCATE|[10]|Bytes:16
15:10:13.0 (15337765)|HEAP_ALLOCATE|[10]|Bytes:132
15:10:13.0 (15371808)|HEAP_ALLOCATE|[10]|Bytes:16
15:10:13.0 (15384056)|VARIABLE_SCOPE_BEGIN|[10]|cases|List<Case>|true|false
15:10:13.0 (15423397)|VARIABLE_ASSIGNMENT|[10]|cases|[{"Id":"5001I000003mzcuQAA","Priority":"Low"},{"Id":"5001I000003mzd8QAA","Priority":"Low"},{"Id":"5001I000003mzdGQAQ","Priority":"Low"}]|0x3c64fddd
15:10:13.0 (15431687)|STATEMENT_EXECUTE|[11]
15:10:13.0 (15438571)|SYSTEM_MODE_EXIT|false
15:10:13.15 (15458954)|CUMULATIVE_LIMIT_USAGE
15:10:13.15 (15458954)|LIMIT_USAGE_FOR_NS|(default)|
  Number of SOQL queries: 1 out of 100
  Number of query rows: 3 out of 50000
  Number of SOSL queries: 0 out of 20
  Number of DML statements: 0 out of 150
  Number of DML rows: 0 out of 10000
  Maximum CPU time: 0 out of 10000
  Maximum heap size: 0 out of 6000000
  Number of callouts: 0 out of 100
  Number of Email Invocations: 0 out of 10
  Number of future calls: 0 out of 50
  Number of queueable jobs added to the queue: 0 out of 50
  Number of Mobile Apex push calls: 0 out of 10

15:10:13.15 (15458954)|CUMULATIVE_LIMIT_USAGE_END

15:10:13.0 (15490440)|CODE_UNIT_FINISHED|CaseController.getNewCases
15:10:13.0 (15548526)|CODE_UNIT_FINISHED|Aura
15:10:13.0 (16520722)|EXECUTION_FINISHED
