41.0 APEX_CODE,FINEST;APEX_PROFILING,INFO;CALLOUT,INFO;DB,INFO;SYSTEM,DEBUG;VALIDATION,INFO;VISUALFORCE,INFO;WAVE,INFO;WORKFLOW,INFO
09:48:07.0 (353122)|USER_INFO|[EXTERNAL]|0051I00000112gB|trent@testorg.com|Pacific Standard Time|GMT-08:00
09:48:07.0 (399778)|EXECUTION_STARTED
09:48:07.0 (405674)|CODE_UNIT_STARTED|[EXTERNAL]|Aura
09:48:07.0 (2121075)|CODE_UNIT_STARTED|[EXTERNAL]|01p1I00000Dc465|GetCaseController.getNewCases
09:48:07.0 (2783772)|HEAP_ALLOCATE|[72]|Bytes:3
09:48:07.0 (2813992)|HEAP_ALLOCATE|[77]|Bytes:152
09:48:07.0 (2827246)|HEAP_ALLOCATE|[342]|Bytes:408
09:48:07.0 (2840402)|HEAP_ALLOCATE|[355]|Bytes:408
09:48:07.0 (2852813)|HEAP_ALLOCATE|[467]|Bytes:48
09:48:07.0 (2877505)|HEAP_ALLOCATE|[139]|Bytes:6
09:48:07.0 (2890864)|HEAP_ALLOCATE|[EXTERNAL]|Bytes:13
09:48:07.0 (2901199)|METHOD_ENTRY|[1]|01p1I00000Dc465|GetCaseController.GetCaseController()
09:48:07.0 (2906795)|STATEMENT_EXECUTE|[1]
09:48:07.0 (2910628)|STATEMENT_EXECUTE|[1]
09:48:07.0 (2935785)|HEAP_ALLOCATE|[50]|Bytes:5
09:48:07.0 (2953927)|HEAP_ALLOCATE|[56]|Bytes:5
09:48:07.0 (2960866)|HEAP_ALLOCATE|[64]|Bytes:7
09:48:07.0 (2979573)|SYSTEM_MODE_ENTER|false
09:48:07.0 (2990400)|HEAP_ALLOCATE|[EXTERNAL]|Bytes:5
09:48:07.0 (2996372)|SYSTEM_MODE_EXIT|false
09:48:07.0 (3002821)|METHOD_EXIT|[1]|GetCaseController
09:48:07.0 (3012665)|SYSTEM_MODE_ENTER|false
09:48:07.0 (3021850)|HEAP_ALLOCATE|[5]|Bytes:5
09:48:07.0 (3025307)|STATEMENT_EXECUTE|[4]
09:48:07.0 (3026551)|STATEMENT_EXECUTE|[5]
09:48:07.0 (3028565)|HEAP_ALLOCATE|[5]|Bytes:50
09:48:07.0 (3042351)|HEAP_ALLOCATE|[5]|Bytes:4
09:48:07.0 (3981229)|SOQL_EXECUTE_BEGIN|[5]|Aggregations:0|SELECT Id, Priority FROM Case WHERE Status = 'New'
09:48:07.0 (8255138)|SOQL_EXECUTE_END|[5]|Rows:3
09:48:07.0 (8279963)|HEAP_ALLOCATE|[5]|Bytes:16
09:48:07.0 (8305528)|HEAP_ALLOCATE|[5]|Bytes:132
09:48:07.0 (8348836)|HEAP_ALLOCATE|[5]|Bytes:16
09:48:07.0 (8364145)|VARIABLE_SCOPE_BEGIN|[5]|cases|List<Case>|true|false
09:48:07.0 (8409403)|VARIABLE_ASSIGNMENT|[5]|cases|[{"Id":"5001I000003mzcuQAA","Priority":"Low"},{"Id":"5001I000003mzd8QAA","Priority":"Low"},{"Id":"5001I000003mzdGQAQ","Priority":"Low"}]|0x1e7aa382
09:48:07.0 (8418976)|STATEMENT_EXECUTE|[6]
09:48:07.0 (8428450)|SYSTEM_MODE_EXIT|false
09:48:07.8 (8453939)|CUMULATIVE_LIMIT_USAGE
09:48:07.8 (8453939)|LIMIT_USAGE_FOR_NS|(default)|
  Number of SOQL queries: 1 out of 100
  Number of query rows: 3 out of 50000
  Number of SOSL queries: 0 out of 20
  Number of DML statements: 0 out of 150
  Number of DML rows: 0 out of 10000
  Maximum CPU time: 0 out of 10000
  Maximum heap size: 0 out of 6000000
  Number of callouts: 0 out of 100
  Number of Email Invocations: 0 out of 10
  Number of future calls: 0 out of 50
  Number of queueable jobs added to the queue: 0 out of 50
  Number of Mobile Apex push calls: 0 out of 10

09:48:07.8 (8453939)|CUMULATIVE_LIMIT_USAGE_END

09:48:07.0 (8484292)|CODE_UNIT_FINISHED|GetCaseController.getNewCases
09:48:07.0 (8555250)|CODE_UNIT_FINISHED|Aura
09:48:07.0 (9666659)|EXECUTION_FINISHED
09:48:07.11 (11195526)|USER_INFO|[EXTERNAL]|0051I00000112gB|trent@testorg.com|Pacific Standard Time|GMT-08:00
09:48:07.11 (11210564)|EXECUTION_STARTED
09:48:07.11 (11213545)|CODE_UNIT_STARTED|[EXTERNAL]|Aura
09:48:07.11 (12007394)|CODE_UNIT_STARTED|[EXTERNAL]|01p1I00000Dc465|GetCaseController.getWorkingCases
09:48:07.11 (12060942)|SYSTEM_MODE_ENTER|false
09:48:07.11 (12077575)|HEAP_ALLOCATE|[11]|Bytes:5
09:48:07.11 (12083229)|STATEMENT_EXECUTE|[10]
09:48:07.11 (12084652)|STATEMENT_EXECUTE|[11]
09:48:07.11 (12087579)|HEAP_ALLOCATE|[11]|Bytes:62
09:48:07.11 (12099722)|HEAP_ALLOCATE|[11]|Bytes:4
09:48:07.11 (12244313)|SOQL_EXECUTE_BEGIN|[11]|Aggregations:0|SELECT Id, Priority FROM Case WHERE Status = 'Working' LIMIT 4
09:48:07.11 (16561085)|SOQL_EXECUTE_END|[11]|Rows:0
09:48:07.11 (16584487)|HEAP_ALLOCATE|[11]|Bytes:4
09:48:07.11 (16595433)|HEAP_ALLOCATE|[11]|Bytes:0
09:48:07.11 (16623880)|HEAP_ALLOCATE|[11]|Bytes:4
09:48:07.11 (16634656)|VARIABLE_SCOPE_BEGIN|[11]|cases|List<Case>|true|false
09:48:07.11 (16660049)|VARIABLE_ASSIGNMENT|[11]|cases|[]|0x56dd9649
09:48:07.11 (16665901)|STATEMENT_EXECUTE|[12]
09:48:07.11 (16673144)|SYSTEM_MODE_EXIT|false
09:48:07.16 (16692225)|CUMULATIVE_LIMIT_USAGE
09:48:07.16 (16692225)|LIMIT_USAGE_FOR_NS|(default)|
  Number of SOQL queries: 2 out of 100
  Number of query rows: 3 out of 50000
  Number of SOSL queries: 0 out of 20
  Number of DML statements: 0 out of 150
  Number of DML rows: 0 out of 10000
  Maximum CPU time: 0 out of 10000
  Maximum heap size: 0 out of 6000000
  Number of callouts: 0 out of 100
  Number of Email Invocations: 0 out of 10
  Number of future calls: 0 out of 50
  Number of queueable jobs added to the queue: 0 out of 50
  Number of Mobile Apex push calls: 0 out of 10

09:48:07.16 (16692225)|CUMULATIVE_LIMIT_USAGE_END

09:48:07.11 (16718025)|CODE_UNIT_FINISHED|GetCaseController.getWorkingCases
09:48:07.11 (16764565)|CODE_UNIT_FINISHED|Aura
09:48:07.11 (17816362)|EXECUTION_FINISHED
09:48:07.18 (18648341)|USER_INFO|[EXTERNAL]|0051I00000112gB|trent@testorg.com|Pacific Standard Time|GMT-08:00
09:48:07.18 (18661064)|EXECUTION_STARTED
09:48:07.18 (18663498)|CODE_UNIT_STARTED|[EXTERNAL]|Aura
09:48:07.18 (19408278)|CODE_UNIT_STARTED|[EXTERNAL]|01p1I00000Dc465|GetCaseController.getClosedCases
09:48:07.18 (19450712)|SYSTEM_MODE_ENTER|false
09:48:07.18 (19465666)|HEAP_ALLOCATE|[23]|Bytes:5
09:48:07.18 (19470752)|STATEMENT_EXECUTE|[22]
09:48:07.18 (19472149)|STATEMENT_EXECUTE|[23]
09:48:07.18 (19475143)|HEAP_ALLOCATE|[23]|Bytes:61
09:48:07.18 (19487397)|HEAP_ALLOCATE|[23]|Bytes:4
09:48:07.18 (19621402)|SOQL_EXECUTE_BEGIN|[23]|Aggregations:0|SELECT Id, Priority FROM Case WHERE Status = 'Closed' LIMIT 4
09:48:07.18 (21763706)|SOQL_EXECUTE_END|[23]|Rows:4
09:48:07.18 (21779339)|HEAP_ALLOCATE|[23]|Bytes:20
09:48:07.18 (21797145)|HEAP_ALLOCATE|[23]|Bytes:181
09:48:07.18 (21824591)|HEAP_ALLOCATE|[23]|Bytes:20
09:48:07.18 (21834748)|VARIABLE_SCOPE_BEGIN|[23]|cases|List<Case>|true|false
09:48:07.18 (21864119)|VARIABLE_ASSIGNMENT|[23]|cases|[{"Id":"5001I000003mzcsQAA","Priority":"High"},{"Id":"5001I000003mzctQAA","Priority":"High"},{"Id":"5001I000003mzcvQAA","Priority":"Low"},{"Id":"5001I000003mzcwQAA","Priority":"Medium"}]|0x2287c195
09:48:07.18 (21872314)|STATEMENT_EXECUTE|[24]
09:48:07.18 (21879352)|SYSTEM_MODE_EXIT|false
09:48:07.21 (21893208)|CUMULATIVE_LIMIT_USAGE
09:48:07.21 (21893208)|LIMIT_USAGE_FOR_NS|(default)|
  Number of SOQL queries: 3 out of 100
  Number of query rows: 7 out of 50000
  Number of SOSL queries: 0 out of 20
  Number of DML statements: 0 out of 150
  Number of DML rows: 0 out of 10000
  Maximum CPU time: 0 out of 10000
  Maximum heap size: 0 out of 6000000
  Number of callouts: 0 out of 100
  Number of Email Invocations: 0 out of 10
  Number of future calls: 0 out of 50
  Number of queueable jobs added to the queue: 0 out of 50
  Number of Mobile Apex push calls: 0 out of 10

09:48:07.21 (21893208)|CUMULATIVE_LIMIT_USAGE_END

09:48:07.18 (21914265)|CODE_UNIT_FINISHED|GetCaseController.getClosedCases
09:48:07.18 (21963451)|CODE_UNIT_FINISHED|Aura
09:48:07.18 (23434742)|EXECUTION_FINISHED
