41.0 APEX_CODE,FINEST;APEX_PROFILING,INFO;CALLOUT,INFO;DB,INFO;SYSTEM,DEBUG;VALIDATION,INFO;VISUALFORCE,INFO;WAVE,INFO;WORKFLOW,INFO
13:10:44.0 (395927)|USER_INFO|[EXTERNAL]|0051I00000112gB|trent@testorg.com|Pacific Standard Time|GMT-08:00
13:10:44.0 (435404)|EXECUTION_STARTED
13:10:44.0 (440288)|CODE_UNIT_STARTED|[EXTERNAL]|Aura
13:10:44.0 (10709787)|CODE_UNIT_STARTED|[EXTERNAL]|01p1I00000Dc465|GetCaseController.getNewCases
13:10:44.0 (11106160)|HEAP_ALLOCATE|[72]|Bytes:3
13:10:44.0 (11181788)|HEAP_ALLOCATE|[77]|Bytes:152
13:10:44.0 (11198859)|HEAP_ALLOCATE|[342]|Bytes:408
13:10:44.0 (11218033)|HEAP_ALLOCATE|[355]|Bytes:408
13:10:44.0 (11233098)|HEAP_ALLOCATE|[467]|Bytes:48
13:10:44.0 (11292892)|HEAP_ALLOCATE|[139]|Bytes:6
13:10:44.0 (11309834)|HEAP_ALLOCATE|[EXTERNAL]|Bytes:10
13:10:44.0 (11345580)|METHOD_ENTRY|[1]|01p1I00000Dc465|GetCaseController.GetCaseController()
13:10:44.0 (11352239)|STATEMENT_EXECUTE|[1]
13:10:44.0 (11358602)|STATEMENT_EXECUTE|[1]
13:10:44.0 (11391301)|HEAP_ALLOCATE|[50]|Bytes:5
13:10:44.0 (11416513)|HEAP_ALLOCATE|[56]|Bytes:5
13:10:44.0 (11423731)|HEAP_ALLOCATE|[64]|Bytes:7
13:10:44.0 (11447018)|SYSTEM_MODE_ENTER|false
13:10:44.0 (11593996)|HEAP_ALLOCATE|[EXTERNAL]|Bytes:5
13:10:44.0 (11605182)|SYSTEM_MODE_EXIT|false
13:10:44.0 (11629210)|METHOD_EXIT|[1]|GetCaseController
13:10:44.0 (11646269)|SYSTEM_MODE_ENTER|false
13:10:44.0 (11666761)|HEAP_ALLOCATE|[5]|Bytes:5
13:10:44.0 (11673617)|STATEMENT_EXECUTE|[4]
13:10:44.0 (11675319)|STATEMENT_EXECUTE|[5]
13:10:44.0 (11678481)|HEAP_ALLOCATE|[5]|Bytes:50
13:10:44.0 (11707915)|HEAP_ALLOCATE|[5]|Bytes:4
13:10:44.0 (12819290)|SOQL_EXECUTE_BEGIN|[5]|Aggregations:0|SELECT Id, Priority FROM Case WHERE Status = 'New'
13:10:44.0 (17055153)|SOQL_EXECUTE_END|[5]|Rows:3
13:10:44.0 (17078772)|HEAP_ALLOCATE|[5]|Bytes:16
13:10:44.0 (17100641)|HEAP_ALLOCATE|[5]|Bytes:132
13:10:44.0 (17169771)|HEAP_ALLOCATE|[5]|Bytes:16
13:10:44.0 (17186425)|VARIABLE_SCOPE_BEGIN|[5]|cases|List<Case>|true|false
13:10:44.0 (17226187)|VARIABLE_ASSIGNMENT|[5]|cases|[{"Id":"5001I000003mzcuQAA","Priority":"Low"},{"Id":"5001I000003mzd8QAA","Priority":"Low"},{"Id":"5001I000003mzdGQAQ","Priority":"Low"}]|0x38170ad8
13:10:44.0 (17234618)|STATEMENT_EXECUTE|[6]
13:10:44.0 (17262732)|SYSTEM_MODE_EXIT|false
13:10:44.17 (17290020)|CUMULATIVE_LIMIT_USAGE
13:10:44.17 (17290020)|LIMIT_USAGE_FOR_NS|(default)|
  Number of SOQL queries: 1 out of 100
  Number of query rows: 3 out of 50000
  Number of SOSL queries: 0 out of 20
  Number of DML statements: 0 out of 150
  Number of DML rows: 0 out of 10000
  Maximum CPU time: 0 out of 10000
  Maximum heap size: 0 out of 6000000
  Number of callouts: 0 out of 100
  Number of Email Invocations: 0 out of 10
  Number of future calls: 0 out of 50
  Number of queueable jobs added to the queue: 0 out of 50
  Number of Mobile Apex push calls: 0 out of 10

13:10:44.17 (17290020)|CUMULATIVE_LIMIT_USAGE_END

13:10:44.0 (17321798)|CODE_UNIT_FINISHED|GetCaseController.getNewCases
13:10:44.0 (17423227)|CODE_UNIT_FINISHED|Aura
13:10:44.0 (18565757)|EXECUTION_FINISHED
13:10:44.30 (30740088)|USER_INFO|[EXTERNAL]|0051I00000112gB|trent@testorg.com|Pacific Standard Time|GMT-08:00
13:10:44.30 (30767714)|EXECUTION_STARTED
13:10:44.30 (30773578)|CODE_UNIT_STARTED|[EXTERNAL]|Aura
13:10:44.30 (31560302)|CODE_UNIT_STARTED|[EXTERNAL]|01p1I00000Dc465|GetCaseController.getWorkingCases
13:10:44.30 (31632249)|SYSTEM_MODE_ENTER|false
13:10:44.30 (31672185)|HEAP_ALLOCATE|[11]|Bytes:5
13:10:44.30 (31681987)|STATEMENT_EXECUTE|[10]
13:10:44.30 (31684141)|STATEMENT_EXECUTE|[11]
13:10:44.30 (31689315)|HEAP_ALLOCATE|[11]|Bytes:54
13:10:44.30 (31718420)|HEAP_ALLOCATE|[11]|Bytes:4
13:10:44.30 (31884767)|SOQL_EXECUTE_BEGIN|[11]|Aggregations:0|SELECT Id, Priority FROM Case WHERE Status = 'Working'
13:10:44.30 (34258973)|SOQL_EXECUTE_END|[11]|Rows:1
13:10:44.30 (34278869)|HEAP_ALLOCATE|[11]|Bytes:8
13:10:44.30 (34295488)|HEAP_ALLOCATE|[11]|Bytes:47
13:10:44.30 (34343964)|HEAP_ALLOCATE|[11]|Bytes:8
13:10:44.30 (34357024)|VARIABLE_SCOPE_BEGIN|[11]|cases|List<Case>|true|false
13:10:44.30 (34394282)|VARIABLE_ASSIGNMENT|[11]|cases|[{"Id":"5001I000002yNMRQA2","Priority":"Medium"}]|0x57e4d6fd
13:10:44.30 (34400815)|STATEMENT_EXECUTE|[12]
13:10:44.30 (34416428)|SYSTEM_MODE_EXIT|false
13:10:44.34 (34439742)|CUMULATIVE_LIMIT_USAGE
13:10:44.34 (34439742)|LIMIT_USAGE_FOR_NS|(default)|
  Number of SOQL queries: 2 out of 100
  Number of query rows: 4 out of 50000
  Number of SOSL queries: 0 out of 20
  Number of DML statements: 0 out of 150
  Number of DML rows: 0 out of 10000
  Maximum CPU time: 0 out of 10000
  Maximum heap size: 0 out of 6000000
  Number of callouts: 0 out of 100
  Number of Email Invocations: 0 out of 10
  Number of future calls: 0 out of 50
  Number of queueable jobs added to the queue: 0 out of 50
  Number of Mobile Apex push calls: 0 out of 10

13:10:44.34 (34439742)|CUMULATIVE_LIMIT_USAGE_END

13:10:44.30 (34470828)|CODE_UNIT_FINISHED|GetCaseController.getWorkingCases
13:10:44.30 (34526376)|CODE_UNIT_FINISHED|Aura
13:10:44.30 (35627335)|EXECUTION_FINISHED
13:10:44.36 (36354034)|USER_INFO|[EXTERNAL]|0051I00000112gB|trent@testorg.com|Pacific Standard Time|GMT-08:00
13:10:44.36 (36368489)|EXECUTION_STARTED
13:10:44.36 (36370750)|CODE_UNIT_STARTED|[EXTERNAL]|Aura
13:10:44.36 (37069516)|CODE_UNIT_STARTED|[EXTERNAL]|01p1I00000Dc465|GetCaseController.getEscalatedCases
13:10:44.36 (37120953)|SYSTEM_MODE_ENTER|false
13:10:44.36 (37146739)|HEAP_ALLOCATE|[17]|Bytes:5
13:10:44.36 (37152686)|STATEMENT_EXECUTE|[16]
13:10:44.36 (37154020)|STATEMENT_EXECUTE|[17]
13:10:44.36 (37157841)|HEAP_ALLOCATE|[17]|Bytes:56
13:10:44.36 (37178613)|HEAP_ALLOCATE|[17]|Bytes:4
13:10:44.36 (37320475)|SOQL_EXECUTE_BEGIN|[17]|Aggregations:0|SELECT Id, Priority FROM Case WHERE Status = 'Escalated'
13:10:44.36 (39635287)|SOQL_EXECUTE_END|[17]|Rows:1
13:10:44.36 (39653243)|HEAP_ALLOCATE|[17]|Bytes:8
13:10:44.36 (39668919)|HEAP_ALLOCATE|[17]|Bytes:45
13:10:44.36 (39710243)|HEAP_ALLOCATE|[17]|Bytes:8
13:10:44.36 (39720987)|VARIABLE_SCOPE_BEGIN|[17]|cases|List<Case>|true|false
13:10:44.36 (39749344)|VARIABLE_ASSIGNMENT|[17]|cases|[{"Id":"5001I000002yNMWQA2","Priority":"High"}]|0x606a0db0
13:10:44.36 (39756064)|STATEMENT_EXECUTE|[18]
13:10:44.36 (39768712)|SYSTEM_MODE_EXIT|false
13:10:44.39 (39789451)|CUMULATIVE_LIMIT_USAGE
13:10:44.39 (39789451)|LIMIT_USAGE_FOR_NS|(default)|
  Number of SOQL queries: 3 out of 100
  Number of query rows: 5 out of 50000
  Number of SOSL queries: 0 out of 20
  Number of DML statements: 0 out of 150
  Number of DML rows: 0 out of 10000
  Maximum CPU time: 0 out of 10000
  Maximum heap size: 0 out of 6000000
  Number of callouts: 0 out of 100
  Number of Email Invocations: 0 out of 10
  Number of future calls: 0 out of 50
  Number of queueable jobs added to the queue: 0 out of 50
  Number of Mobile Apex push calls: 0 out of 10

13:10:44.39 (39789451)|CUMULATIVE_LIMIT_USAGE_END

13:10:44.36 (39816308)|CODE_UNIT_FINISHED|GetCaseController.getEscalatedCases
13:10:44.36 (39867245)|CODE_UNIT_FINISHED|Aura
13:10:44.36 (40850601)|EXECUTION_FINISHED
13:10:44.41 (41552583)|USER_INFO|[EXTERNAL]|0051I00000112gB|trent@testorg.com|Pacific Standard Time|GMT-08:00
13:10:44.41 (41566041)|EXECUTION_STARTED
13:10:44.41 (41568284)|CODE_UNIT_STARTED|[EXTERNAL]|Aura
13:10:44.41 (42245124)|CODE_UNIT_STARTED|[EXTERNAL]|01p1I00000Dc465|GetCaseController.getClosedCases
13:10:44.41 (42288379)|SYSTEM_MODE_ENTER|false
13:10:44.41 (42309323)|HEAP_ALLOCATE|[23]|Bytes:5
13:10:44.41 (42315466)|STATEMENT_EXECUTE|[22]
13:10:44.41 (42316899)|STATEMENT_EXECUTE|[23]
13:10:44.41 (42320014)|HEAP_ALLOCATE|[23]|Bytes:53
13:10:44.41 (42337677)|HEAP_ALLOCATE|[23]|Bytes:4
13:10:44.41 (42478796)|SOQL_EXECUTE_BEGIN|[23]|Aggregations:0|SELECT Id, Priority FROM Case WHERE Status = 'Closed'
13:10:44.41 (44655310)|SOQL_EXECUTE_END|[23]|Rows:23
13:10:44.41 (44672293)|HEAP_ALLOCATE|[23]|Bytes:96
13:10:44.41 (44706978)|HEAP_ALLOCATE|[23]|Bytes:1057
13:10:44.41 (44740091)|HEAP_ALLOCATE|[23]|Bytes:96
13:10:44.41 (44750753)|VARIABLE_SCOPE_BEGIN|[23]|cases|List<Case>|true|false
13:10:44.41 (44770494)|VARIABLE_ASSIGNMENT|[23]|cases|"List of size 23 too large to display"|0x617133af
13:10:44.41 (44776249)|STATEMENT_EXECUTE|[24]
13:10:44.41 (44786228)|SYSTEM_MODE_EXIT|false
13:10:44.44 (44803662)|CUMULATIVE_LIMIT_USAGE
13:10:44.44 (44803662)|LIMIT_USAGE_FOR_NS|(default)|
  Number of SOQL queries: 4 out of 100
  Number of query rows: 28 out of 50000
  Number of SOSL queries: 0 out of 20
  Number of DML statements: 0 out of 150
  Number of DML rows: 0 out of 10000
  Maximum CPU time: 0 out of 10000
  Maximum heap size: 0 out of 6000000
  Number of callouts: 0 out of 100
  Number of Email Invocations: 0 out of 10
  Number of future calls: 0 out of 50
  Number of queueable jobs added to the queue: 0 out of 50
  Number of Mobile Apex push calls: 0 out of 10

13:10:44.44 (44803662)|CUMULATIVE_LIMIT_USAGE_END

13:10:44.41 (44827802)|CODE_UNIT_FINISHED|GetCaseController.getClosedCases
13:10:44.41 (44946091)|CODE_UNIT_FINISHED|Aura
13:10:44.41 (45943109)|EXECUTION_FINISHED
