41.0 APEX_CODE,FINEST;APEX_PROFILING,INFO;CALLOUT,INFO;DB,INFO;SYSTEM,DEBUG;VALIDATION,INFO;VISUALFORCE,INFO;WAVE,INFO;WORKFLOW,INFO
15:23:09.0 (369242)|USER_INFO|[EXTERNAL]|0051I00000112gB|trent@testorg.com|Pacific Standard Time|GMT-08:00
15:23:09.0 (406565)|EXECUTION_STARTED
15:23:09.0 (411786)|CODE_UNIT_STARTED|[EXTERNAL]|Aura
15:23:09.0 (1820081)|CODE_UNIT_STARTED|[EXTERNAL]|01p1I00000Dc465|CaseController.getNewCases
15:23:09.0 (2394052)|HEAP_ALLOCATE|[72]|Bytes:3
15:23:09.0 (2445527)|HEAP_ALLOCATE|[77]|Bytes:152
15:23:09.0 (2465392)|HEAP_ALLOCATE|[342]|Bytes:408
15:23:09.0 (2496108)|HEAP_ALLOCATE|[355]|Bytes:408
15:23:09.0 (2522659)|HEAP_ALLOCATE|[467]|Bytes:48
15:23:09.0 (2567955)|HEAP_ALLOCATE|[139]|Bytes:6
15:23:09.0 (2599772)|HEAP_ALLOCATE|[EXTERNAL]|Bytes:6
15:23:09.0 (2617126)|METHOD_ENTRY|[1]|01p1I00000Dc465|CaseController.CaseController()
15:23:09.0 (2625553)|STATEMENT_EXECUTE|[1]
15:23:09.0 (2631938)|STATEMENT_EXECUTE|[1]
15:23:09.0 (2668249)|HEAP_ALLOCATE|[50]|Bytes:5
15:23:09.0 (2694582)|HEAP_ALLOCATE|[56]|Bytes:5
15:23:09.0 (2713614)|HEAP_ALLOCATE|[64]|Bytes:7
15:23:09.0 (2745396)|SYSTEM_MODE_ENTER|false
15:23:09.0 (2761604)|HEAP_ALLOCATE|[EXTERNAL]|Bytes:5
15:23:09.0 (2770949)|SYSTEM_MODE_EXIT|false
15:23:09.0 (2779895)|METHOD_EXIT|[1]|CaseController
15:23:09.0 (2799513)|SYSTEM_MODE_ENTER|false
15:23:09.0 (2829096)|HEAP_ALLOCATE|[10]|Bytes:5
15:23:09.0 (2833724)|STATEMENT_EXECUTE|[9]
15:23:09.0 (2835178)|STATEMENT_EXECUTE|[10]
15:23:09.0 (2838150)|HEAP_ALLOCATE|[10]|Bytes:58
15:23:09.0 (2862098)|HEAP_ALLOCATE|[10]|Bytes:4
15:23:09.0 (3931972)|SOQL_EXECUTE_BEGIN|[10]|Aggregations:0|SELECT Id, Priority FROM Case WHERE Status = 'New' LIMIT 4
15:23:09.0 (10195745)|SOQL_EXECUTE_END|[10]|Rows:3
15:23:09.0 (10221173)|HEAP_ALLOCATE|[10]|Bytes:16
15:23:09.0 (10240404)|HEAP_ALLOCATE|[10]|Bytes:132
15:23:09.0 (10322709)|HEAP_ALLOCATE|[10]|Bytes:16
15:23:09.0 (10339475)|VARIABLE_SCOPE_BEGIN|[10]|cases|List<Case>|true|false
15:23:09.0 (10379149)|VARIABLE_ASSIGNMENT|[10]|cases|[{"Id":"5001I000003mzcuQAA","Priority":"Low"},{"Id":"5001I000003mzd8QAA","Priority":"Low"},{"Id":"5001I000003mzdGQAQ","Priority":"Low"}]|0x6ddd88b5
15:23:09.0 (10387261)|STATEMENT_EXECUTE|[11]
15:23:09.0 (10400448)|SYSTEM_MODE_EXIT|false
15:23:09.10 (10422350)|CUMULATIVE_LIMIT_USAGE
15:23:09.10 (10422350)|LIMIT_USAGE_FOR_NS|(default)|
  Number of SOQL queries: 1 out of 100
  Number of query rows: 3 out of 50000
  Number of SOSL queries: 0 out of 20
  Number of DML statements: 0 out of 150
  Number of DML rows: 0 out of 10000
  Maximum CPU time: 0 out of 10000
  Maximum heap size: 0 out of 6000000
  Number of callouts: 0 out of 100
  Number of Email Invocations: 0 out of 10
  Number of future calls: 0 out of 50
  Number of queueable jobs added to the queue: 0 out of 50
  Number of Mobile Apex push calls: 0 out of 10

15:23:09.10 (10422350)|CUMULATIVE_LIMIT_USAGE_END

15:23:09.0 (10455487)|CODE_UNIT_FINISHED|CaseController.getNewCases
15:23:09.0 (10517656)|CODE_UNIT_FINISHED|Aura
15:23:09.0 (11686829)|EXECUTION_FINISHED
