41.0 APEX_CODE,FINEST;APEX_PROFILING,INFO;CALLOUT,INFO;DB,INFO;SYSTEM,DEBUG;VALIDATION,INFO;VISUALFORCE,INFO;WAVE,INFO;WORKFLOW,INFO
10:24:16.0 (291961)|USER_INFO|[EXTERNAL]|0051I00000112gB|trent@testorg.com|Pacific Standard Time|GMT-08:00
10:24:16.0 (330814)|EXECUTION_STARTED
10:24:16.0 (333979)|CODE_UNIT_STARTED|[EXTERNAL]|Aura
10:24:16.0 (1672132)|CODE_UNIT_STARTED|[EXTERNAL]|01p1I00000Dc465|GetCaseController.getNewCases
10:24:16.0 (2298590)|HEAP_ALLOCATE|[72]|Bytes:3
10:24:16.0 (2354219)|HEAP_ALLOCATE|[77]|Bytes:152
10:24:16.0 (2367667)|HEAP_ALLOCATE|[342]|Bytes:408
10:24:16.0 (2381202)|HEAP_ALLOCATE|[355]|Bytes:408
10:24:16.0 (2393829)|HEAP_ALLOCATE|[467]|Bytes:48
10:24:16.0 (2418800)|HEAP_ALLOCATE|[139]|Bytes:6
10:24:16.0 (2432635)|HEAP_ALLOCATE|[EXTERNAL]|Bytes:13
10:24:16.0 (2471031)|METHOD_ENTRY|[1]|01p1I00000Dc465|GetCaseController.GetCaseController()
10:24:16.0 (2478305)|STATEMENT_EXECUTE|[1]
10:24:16.0 (2482856)|STATEMENT_EXECUTE|[1]
10:24:16.0 (2509149)|HEAP_ALLOCATE|[50]|Bytes:5
10:24:16.0 (2525843)|HEAP_ALLOCATE|[56]|Bytes:5
10:24:16.0 (2532918)|HEAP_ALLOCATE|[64]|Bytes:7
10:24:16.0 (2551534)|SYSTEM_MODE_ENTER|false
10:24:16.0 (2562448)|HEAP_ALLOCATE|[EXTERNAL]|Bytes:5
10:24:16.0 (2568689)|SYSTEM_MODE_EXIT|false
10:24:16.0 (2586328)|METHOD_EXIT|[1]|GetCaseController
10:24:16.0 (2597657)|SYSTEM_MODE_ENTER|false
10:24:16.0 (2609429)|HEAP_ALLOCATE|[5]|Bytes:5
10:24:16.0 (2613953)|STATEMENT_EXECUTE|[4]
10:24:16.0 (2615205)|STATEMENT_EXECUTE|[5]
10:24:16.0 (2617920)|HEAP_ALLOCATE|[5]|Bytes:50
10:24:16.0 (2630091)|HEAP_ALLOCATE|[5]|Bytes:4
10:24:16.0 (3462076)|SOQL_EXECUTE_BEGIN|[5]|Aggregations:0|SELECT Id, Priority FROM Case WHERE Status = 'New'
10:24:16.0 (7351412)|SOQL_EXECUTE_END|[5]|Rows:3
10:24:16.0 (7369706)|HEAP_ALLOCATE|[5]|Bytes:16
10:24:16.0 (7386793)|HEAP_ALLOCATE|[5]|Bytes:132
10:24:16.0 (7423674)|HEAP_ALLOCATE|[5]|Bytes:16
10:24:16.0 (7435977)|VARIABLE_SCOPE_BEGIN|[5]|cases|List<Case>|true|false
10:24:16.0 (7638331)|VARIABLE_ASSIGNMENT|[5]|cases|[{"Id":"5001I000003mzcuQAA","Priority":"Low"},{"Id":"5001I000003mzd8QAA","Priority":"Low"},{"Id":"5001I000003mzdGQAQ","Priority":"Low"}]|0x1c610d22
10:24:16.0 (7646200)|STATEMENT_EXECUTE|[6]
10:24:16.0 (7653758)|SYSTEM_MODE_EXIT|false
10:24:16.7 (7675480)|CUMULATIVE_LIMIT_USAGE
10:24:16.7 (7675480)|LIMIT_USAGE_FOR_NS|(default)|
  Number of SOQL queries: 1 out of 100
  Number of query rows: 3 out of 50000
  Number of SOSL queries: 0 out of 20
  Number of DML statements: 0 out of 150
  Number of DML rows: 0 out of 10000
  Maximum CPU time: 0 out of 10000
  Maximum heap size: 0 out of 6000000
  Number of callouts: 0 out of 100
  Number of Email Invocations: 0 out of 10
  Number of future calls: 0 out of 50
  Number of queueable jobs added to the queue: 0 out of 50
  Number of Mobile Apex push calls: 0 out of 10

10:24:16.7 (7675480)|CUMULATIVE_LIMIT_USAGE_END

10:24:16.0 (7705704)|CODE_UNIT_FINISHED|GetCaseController.getNewCases
10:24:16.0 (7759914)|CODE_UNIT_FINISHED|Aura
10:24:16.0 (8790424)|EXECUTION_FINISHED
10:24:16.10 (10564212)|USER_INFO|[EXTERNAL]|0051I00000112gB|trent@testorg.com|Pacific Standard Time|GMT-08:00
10:24:16.10 (10577687)|EXECUTION_STARTED
10:24:16.10 (10580374)|CODE_UNIT_STARTED|[EXTERNAL]|Aura
10:24:16.10 (11267862)|CODE_UNIT_STARTED|[EXTERNAL]|01p1I00000Dc465|GetCaseController.getWorkingCases
10:24:16.10 (11315446)|SYSTEM_MODE_ENTER|false
10:24:16.10 (11332475)|HEAP_ALLOCATE|[11]|Bytes:5
10:24:16.10 (11338361)|STATEMENT_EXECUTE|[10]
10:24:16.10 (11339884)|STATEMENT_EXECUTE|[11]
10:24:16.10 (11342678)|HEAP_ALLOCATE|[11]|Bytes:62
10:24:16.10 (11354703)|HEAP_ALLOCATE|[11]|Bytes:4
10:24:16.10 (11528136)|SOQL_EXECUTE_BEGIN|[11]|Aggregations:0|SELECT Id, Priority FROM Case WHERE Status = 'Working' LIMIT 4
10:24:16.10 (15537936)|SOQL_EXECUTE_END|[11]|Rows:0
10:24:16.10 (33522373)|HEAP_ALLOCATE|[11]|Bytes:4
10:24:16.10 (33563175)|HEAP_ALLOCATE|[11]|Bytes:0
10:24:16.10 (33655298)|HEAP_ALLOCATE|[11]|Bytes:4
10:24:16.10 (33681151)|VARIABLE_SCOPE_BEGIN|[11]|cases|List<Case>|true|false
10:24:16.10 (33718997)|VARIABLE_ASSIGNMENT|[11]|cases|[]|0x743648cc
10:24:16.10 (33727324)|STATEMENT_EXECUTE|[12]
10:24:16.10 (33747371)|SYSTEM_MODE_EXIT|false
10:24:16.33 (33786171)|CUMULATIVE_LIMIT_USAGE
10:24:16.33 (33786171)|LIMIT_USAGE_FOR_NS|(default)|
  Number of SOQL queries: 2 out of 100
  Number of query rows: 3 out of 50000
  Number of SOSL queries: 0 out of 20
  Number of DML statements: 0 out of 150
  Number of DML rows: 0 out of 10000
  Maximum CPU time: 0 out of 10000
  Maximum heap size: 0 out of 6000000
  Number of callouts: 0 out of 100
  Number of Email Invocations: 0 out of 10
  Number of future calls: 0 out of 50
  Number of queueable jobs added to the queue: 0 out of 50
  Number of Mobile Apex push calls: 0 out of 10

10:24:16.33 (33786171)|CUMULATIVE_LIMIT_USAGE_END

10:24:16.10 (33845714)|CODE_UNIT_FINISHED|GetCaseController.getWorkingCases
10:24:16.10 (33929263)|CODE_UNIT_FINISHED|Aura
10:24:16.10 (35036186)|EXECUTION_FINISHED
10:24:16.35 (35775741)|USER_INFO|[EXTERNAL]|0051I00000112gB|trent@testorg.com|Pacific Standard Time|GMT-08:00
10:24:16.35 (35790644)|EXECUTION_STARTED
10:24:16.35 (35793691)|CODE_UNIT_STARTED|[EXTERNAL]|Aura
10:24:16.35 (36536659)|CODE_UNIT_STARTED|[EXTERNAL]|01p1I00000Dc465|GetCaseController.getEscalatedCases
10:24:16.35 (36604576)|SYSTEM_MODE_ENTER|false
10:24:16.35 (36624420)|HEAP_ALLOCATE|[17]|Bytes:5
10:24:16.35 (36630907)|STATEMENT_EXECUTE|[16]
10:24:16.35 (36632498)|STATEMENT_EXECUTE|[17]
10:24:16.35 (36635357)|HEAP_ALLOCATE|[17]|Bytes:64
10:24:16.35 (36647425)|HEAP_ALLOCATE|[17]|Bytes:4
10:24:16.35 (36796318)|SOQL_EXECUTE_BEGIN|[17]|Aggregations:0|SELECT Id, Priority FROM Case WHERE Status = 'Escalated' LIMIT 4
10:24:16.35 (38906649)|SOQL_EXECUTE_END|[17]|Rows:0
10:24:16.35 (38924927)|HEAP_ALLOCATE|[17]|Bytes:4
10:24:16.35 (38933863)|HEAP_ALLOCATE|[17]|Bytes:0
10:24:16.35 (38961474)|HEAP_ALLOCATE|[17]|Bytes:4
10:24:16.35 (38971983)|VARIABLE_SCOPE_BEGIN|[17]|cases|List<Case>|true|false
10:24:16.35 (38990846)|VARIABLE_ASSIGNMENT|[17]|cases|[]|0x6eac12c4
10:24:16.35 (38997380)|STATEMENT_EXECUTE|[18]
10:24:16.35 (39004051)|SYSTEM_MODE_EXIT|false
10:24:16.39 (39018843)|CUMULATIVE_LIMIT_USAGE
10:24:16.39 (39018843)|LIMIT_USAGE_FOR_NS|(default)|
  Number of SOQL queries: 3 out of 100
  Number of query rows: 3 out of 50000
  Number of SOSL queries: 0 out of 20
  Number of DML statements: 0 out of 150
  Number of DML rows: 0 out of 10000
  Maximum CPU time: 0 out of 10000
  Maximum heap size: 0 out of 6000000
  Number of callouts: 0 out of 100
  Number of Email Invocations: 0 out of 10
  Number of future calls: 0 out of 50
  Number of queueable jobs added to the queue: 0 out of 50
  Number of Mobile Apex push calls: 0 out of 10

10:24:16.39 (39018843)|CUMULATIVE_LIMIT_USAGE_END

10:24:16.35 (39042067)|CODE_UNIT_FINISHED|GetCaseController.getEscalatedCases
10:24:16.35 (39085734)|CODE_UNIT_FINISHED|Aura
10:24:16.35 (40007414)|EXECUTION_FINISHED
10:24:16.40 (40671353)|USER_INFO|[EXTERNAL]|0051I00000112gB|trent@testorg.com|Pacific Standard Time|GMT-08:00
10:24:16.40 (40683253)|EXECUTION_STARTED
10:24:16.40 (40685553)|CODE_UNIT_STARTED|[EXTERNAL]|Aura
10:24:16.40 (41353048)|CODE_UNIT_STARTED|[EXTERNAL]|01p1I00000Dc465|GetCaseController.getClosedCases
10:24:16.40 (41397950)|SYSTEM_MODE_ENTER|false
10:24:16.40 (41419413)|HEAP_ALLOCATE|[23]|Bytes:5
10:24:16.40 (41425078)|STATEMENT_EXECUTE|[22]
10:24:16.40 (41426703)|STATEMENT_EXECUTE|[23]
10:24:16.40 (41429585)|HEAP_ALLOCATE|[23]|Bytes:61
10:24:16.40 (41442944)|HEAP_ALLOCATE|[23]|Bytes:4
10:24:16.40 (41574345)|SOQL_EXECUTE_BEGIN|[23]|Aggregations:0|SELECT Id, Priority FROM Case WHERE Status = 'Closed' LIMIT 4
10:24:16.40 (43893814)|SOQL_EXECUTE_END|[23]|Rows:4
10:24:16.40 (43909856)|HEAP_ALLOCATE|[23]|Bytes:20
10:24:16.40 (43926956)|HEAP_ALLOCATE|[23]|Bytes:181
10:24:16.40 (43955165)|HEAP_ALLOCATE|[23]|Bytes:20
10:24:16.40 (43968718)|VARIABLE_SCOPE_BEGIN|[23]|cases|List<Case>|true|false
10:24:16.40 (44000188)|VARIABLE_ASSIGNMENT|[23]|cases|[{"Id":"5001I000003mzcsQAA","Priority":"High"},{"Id":"5001I000003mzctQAA","Priority":"High"},{"Id":"5001I000003mzcvQAA","Priority":"Low"},{"Id":"5001I000003mzcwQAA","Priority":"Medium"}]|0x3e3aa00
10:24:16.40 (44008852)|STATEMENT_EXECUTE|[24]
10:24:16.40 (44015896)|SYSTEM_MODE_EXIT|false
10:24:16.44 (44029955)|CUMULATIVE_LIMIT_USAGE
10:24:16.44 (44029955)|LIMIT_USAGE_FOR_NS|(default)|
  Number of SOQL queries: 4 out of 100
  Number of query rows: 7 out of 50000
  Number of SOSL queries: 0 out of 20
  Number of DML statements: 0 out of 150
  Number of DML rows: 0 out of 10000
  Maximum CPU time: 0 out of 10000
  Maximum heap size: 0 out of 6000000
  Number of callouts: 0 out of 100
  Number of Email Invocations: 0 out of 10
  Number of future calls: 0 out of 50
  Number of queueable jobs added to the queue: 0 out of 50
  Number of Mobile Apex push calls: 0 out of 10

10:24:16.44 (44029955)|CUMULATIVE_LIMIT_USAGE_END

10:24:16.40 (44052583)|CODE_UNIT_FINISHED|GetCaseController.getClosedCases
10:24:16.40 (44105717)|CODE_UNIT_FINISHED|Aura
10:24:16.40 (45058865)|EXECUTION_FINISHED
