41.0 APEX_CODE,FINEST;APEX_PROFILING,INFO;CALLOUT,INFO;DB,INFO;SYSTEM,DEBUG;VALIDATION,INFO;VISUALFORCE,INFO;WAVE,INFO;WORKFLOW,INFO
10:00:18.0 (294050)|USER_INFO|[EXTERNAL]|0051I00000112gB|trent@testorg.com|Pacific Standard Time|GMT-08:00
10:00:18.0 (325849)|EXECUTION_STARTED
10:00:18.0 (329934)|CODE_UNIT_STARTED|[EXTERNAL]|Aura
10:00:18.0 (1814625)|CODE_UNIT_STARTED|[EXTERNAL]|01p1I00000Dc465|GetCaseController.getNewCases
10:00:18.0 (2396871)|HEAP_ALLOCATE|[72]|Bytes:3
10:00:18.0 (2473640)|HEAP_ALLOCATE|[77]|Bytes:152
10:00:18.0 (2487663)|HEAP_ALLOCATE|[342]|Bytes:408
10:00:18.0 (2503239)|HEAP_ALLOCATE|[355]|Bytes:408
10:00:18.0 (2519885)|HEAP_ALLOCATE|[467]|Bytes:48
10:00:18.0 (2548498)|HEAP_ALLOCATE|[139]|Bytes:6
10:00:18.0 (2590335)|HEAP_ALLOCATE|[EXTERNAL]|Bytes:13
10:00:18.0 (2641953)|METHOD_ENTRY|[1]|01p1I00000Dc465|GetCaseController.GetCaseController()
10:00:18.0 (2651708)|STATEMENT_EXECUTE|[1]
10:00:18.0 (2658147)|STATEMENT_EXECUTE|[1]
10:00:18.0 (2694549)|HEAP_ALLOCATE|[50]|Bytes:5
10:00:18.0 (2718739)|HEAP_ALLOCATE|[56]|Bytes:5
10:00:18.0 (2726242)|HEAP_ALLOCATE|[64]|Bytes:7
10:00:18.0 (2749944)|SYSTEM_MODE_ENTER|false
10:00:18.0 (2935695)|HEAP_ALLOCATE|[EXTERNAL]|Bytes:5
10:00:18.0 (2946691)|SYSTEM_MODE_EXIT|false
10:00:18.0 (2968625)|METHOD_EXIT|[1]|GetCaseController
10:00:18.0 (2984553)|SYSTEM_MODE_ENTER|false
10:00:18.0 (2997061)|HEAP_ALLOCATE|[5]|Bytes:5
10:00:18.0 (3001314)|STATEMENT_EXECUTE|[4]
10:00:18.0 (3003539)|STATEMENT_EXECUTE|[5]
10:00:18.0 (3005846)|HEAP_ALLOCATE|[5]|Bytes:50
10:00:18.0 (3023400)|HEAP_ALLOCATE|[5]|Bytes:4
10:00:18.0 (3952010)|SOQL_EXECUTE_BEGIN|[5]|Aggregations:0|SELECT Id, Priority FROM Case WHERE Status = 'New'
10:00:18.0 (9260934)|SOQL_EXECUTE_END|[5]|Rows:3
10:00:18.0 (9301226)|HEAP_ALLOCATE|[5]|Bytes:16
10:00:18.0 (9327290)|HEAP_ALLOCATE|[5]|Bytes:132
10:00:18.0 (9476227)|HEAP_ALLOCATE|[5]|Bytes:16
10:00:18.0 (9500897)|VARIABLE_SCOPE_BEGIN|[5]|cases|List<Case>|true|false
10:00:18.0 (9546479)|VARIABLE_ASSIGNMENT|[5]|cases|[{"Id":"5001I000003mzcuQAA","Priority":"Low"},{"Id":"5001I000003mzd8QAA","Priority":"Low"},{"Id":"5001I000003mzdGQAQ","Priority":"Low"}]|0x95a89d8
10:00:18.0 (9555018)|STATEMENT_EXECUTE|[6]
10:00:18.0 (9572119)|SYSTEM_MODE_EXIT|false
10:00:18.9 (9623518)|CUMULATIVE_LIMIT_USAGE
10:00:18.9 (9623518)|LIMIT_USAGE_FOR_NS|(default)|
  Number of SOQL queries: 1 out of 100
  Number of query rows: 3 out of 50000
  Number of SOSL queries: 0 out of 20
  Number of DML statements: 0 out of 150
  Number of DML rows: 0 out of 10000
  Maximum CPU time: 0 out of 10000
  Maximum heap size: 0 out of 6000000
  Number of callouts: 0 out of 100
  Number of Email Invocations: 0 out of 10
  Number of future calls: 0 out of 50
  Number of queueable jobs added to the queue: 0 out of 50
  Number of Mobile Apex push calls: 0 out of 10

10:00:18.9 (9623518)|CUMULATIVE_LIMIT_USAGE_END

10:00:18.0 (9664375)|CODE_UNIT_FINISHED|GetCaseController.getNewCases
10:00:18.0 (9742183)|CODE_UNIT_FINISHED|Aura
10:00:18.0 (11426038)|EXECUTION_FINISHED
10:00:18.13 (13608473)|USER_INFO|[EXTERNAL]|0051I00000112gB|trent@testorg.com|Pacific Standard Time|GMT-08:00
10:00:18.13 (13637078)|EXECUTION_STARTED
10:00:18.13 (13643217)|CODE_UNIT_STARTED|[EXTERNAL]|Aura
10:00:18.13 (14754434)|CODE_UNIT_STARTED|[EXTERNAL]|01p1I00000Dc465|GetCaseController.getWorkingCases
10:00:18.13 (14812879)|SYSTEM_MODE_ENTER|false
10:00:18.13 (14831890)|HEAP_ALLOCATE|[11]|Bytes:5
10:00:18.13 (14843788)|STATEMENT_EXECUTE|[10]
10:00:18.13 (14846746)|STATEMENT_EXECUTE|[11]
10:00:18.13 (14850192)|HEAP_ALLOCATE|[11]|Bytes:62
10:00:18.13 (14871080)|HEAP_ALLOCATE|[11]|Bytes:4
10:00:18.13 (15060703)|SOQL_EXECUTE_BEGIN|[11]|Aggregations:0|SELECT Id, Priority FROM Case WHERE Status = 'Working' LIMIT 4
10:00:18.13 (17443042)|SOQL_EXECUTE_END|[11]|Rows:0
10:00:18.13 (17461507)|HEAP_ALLOCATE|[11]|Bytes:4
10:00:18.13 (17470183)|HEAP_ALLOCATE|[11]|Bytes:0
10:00:18.13 (17503602)|HEAP_ALLOCATE|[11]|Bytes:4
10:00:18.13 (17516550)|VARIABLE_SCOPE_BEGIN|[11]|cases|List<Case>|true|false
10:00:18.13 (17553962)|VARIABLE_ASSIGNMENT|[11]|cases|[]|0x26cf295c
10:00:18.13 (17561746)|STATEMENT_EXECUTE|[12]
10:00:18.13 (17570989)|SYSTEM_MODE_EXIT|false
10:00:18.17 (17599635)|CUMULATIVE_LIMIT_USAGE
10:00:18.17 (17599635)|LIMIT_USAGE_FOR_NS|(default)|
  Number of SOQL queries: 2 out of 100
  Number of query rows: 3 out of 50000
  Number of SOSL queries: 0 out of 20
  Number of DML statements: 0 out of 150
  Number of DML rows: 0 out of 10000
  Maximum CPU time: 0 out of 10000
  Maximum heap size: 0 out of 6000000
  Number of callouts: 0 out of 100
  Number of Email Invocations: 0 out of 10
  Number of future calls: 0 out of 50
  Number of queueable jobs added to the queue: 0 out of 50
  Number of Mobile Apex push calls: 0 out of 10

10:00:18.17 (17599635)|CUMULATIVE_LIMIT_USAGE_END

10:00:18.13 (17639483)|CODE_UNIT_FINISHED|GetCaseController.getWorkingCases
10:00:18.13 (17693711)|CODE_UNIT_FINISHED|Aura
10:00:18.13 (19338124)|EXECUTION_FINISHED
10:00:18.20 (20404634)|USER_INFO|[EXTERNAL]|0051I00000112gB|trent@testorg.com|Pacific Standard Time|GMT-08:00
10:00:18.20 (20419070)|EXECUTION_STARTED
10:00:18.20 (20421703)|CODE_UNIT_STARTED|[EXTERNAL]|Aura
10:00:18.20 (21505395)|CODE_UNIT_STARTED|[EXTERNAL]|01p1I00000Dc465|GetCaseController.getEscalatedCases
10:00:18.20 (21560038)|SYSTEM_MODE_ENTER|false
10:00:18.20 (21577494)|HEAP_ALLOCATE|[17]|Bytes:5
10:00:18.20 (21583357)|STATEMENT_EXECUTE|[16]
10:00:18.20 (21584835)|STATEMENT_EXECUTE|[17]
10:00:18.20 (21587649)|HEAP_ALLOCATE|[17]|Bytes:64
10:00:18.20 (21602936)|HEAP_ALLOCATE|[17]|Bytes:4
10:00:18.20 (21734294)|SOQL_EXECUTE_BEGIN|[17]|Aggregations:0|SELECT Id, Priority FROM Case WHERE Status = 'Escalated' LIMIT 4
10:00:18.20 (24089843)|SOQL_EXECUTE_END|[17]|Rows:0
10:00:18.20 (24109091)|HEAP_ALLOCATE|[17]|Bytes:4
10:00:18.20 (24119121)|HEAP_ALLOCATE|[17]|Bytes:0
10:00:18.20 (24150275)|HEAP_ALLOCATE|[17]|Bytes:4
10:00:18.20 (24161768)|VARIABLE_SCOPE_BEGIN|[17]|cases|List<Case>|true|false
10:00:18.20 (24185636)|VARIABLE_ASSIGNMENT|[17]|cases|[]|0x228d5d81
10:00:18.20 (24191869)|STATEMENT_EXECUTE|[18]
10:00:18.20 (24199264)|SYSTEM_MODE_EXIT|false
10:00:18.24 (24221121)|CUMULATIVE_LIMIT_USAGE
10:00:18.24 (24221121)|LIMIT_USAGE_FOR_NS|(default)|
  Number of SOQL queries: 3 out of 100
  Number of query rows: 3 out of 50000
  Number of SOSL queries: 0 out of 20
  Number of DML statements: 0 out of 150
  Number of DML rows: 0 out of 10000
  Maximum CPU time: 0 out of 10000
  Maximum heap size: 0 out of 6000000
  Number of callouts: 0 out of 100
  Number of Email Invocations: 0 out of 10
  Number of future calls: 0 out of 50
  Number of queueable jobs added to the queue: 0 out of 50
  Number of Mobile Apex push calls: 0 out of 10

10:00:18.24 (24221121)|CUMULATIVE_LIMIT_USAGE_END

10:00:18.20 (24248538)|CODE_UNIT_FINISHED|GetCaseController.getEscalatedCases
10:00:18.20 (24301479)|CODE_UNIT_FINISHED|Aura
10:00:18.20 (25879620)|EXECUTION_FINISHED
10:00:18.26 (26958526)|USER_INFO|[EXTERNAL]|0051I00000112gB|trent@testorg.com|Pacific Standard Time|GMT-08:00
10:00:18.26 (26971943)|EXECUTION_STARTED
10:00:18.26 (26974470)|CODE_UNIT_STARTED|[EXTERNAL]|Aura
10:00:18.26 (28019135)|CODE_UNIT_STARTED|[EXTERNAL]|01p1I00000Dc465|GetCaseController.getClosedCases
10:00:18.26 (28061176)|SYSTEM_MODE_ENTER|false
10:00:18.26 (28077682)|HEAP_ALLOCATE|[23]|Bytes:5
10:00:18.26 (28082839)|STATEMENT_EXECUTE|[22]
10:00:18.26 (28084196)|STATEMENT_EXECUTE|[23]
10:00:18.26 (28086585)|HEAP_ALLOCATE|[23]|Bytes:61
10:00:18.26 (28098635)|HEAP_ALLOCATE|[23]|Bytes:4
10:00:18.26 (28228590)|SOQL_EXECUTE_BEGIN|[23]|Aggregations:0|SELECT Id, Priority FROM Case WHERE Status = 'Closed' LIMIT 4
10:00:18.26 (30728967)|SOQL_EXECUTE_END|[23]|Rows:4
10:00:18.26 (30752400)|HEAP_ALLOCATE|[23]|Bytes:20
10:00:18.26 (30773305)|HEAP_ALLOCATE|[23]|Bytes:181
10:00:18.26 (30809751)|HEAP_ALLOCATE|[23]|Bytes:20
10:00:18.26 (30824740)|VARIABLE_SCOPE_BEGIN|[23]|cases|List<Case>|true|false
10:00:18.26 (30869072)|VARIABLE_ASSIGNMENT|[23]|cases|[{"Id":"5001I000003mzcsQAA","Priority":"High"},{"Id":"5001I000003mzctQAA","Priority":"High"},{"Id":"5001I000003mzcvQAA","Priority":"Low"},{"Id":"5001I000003mzcwQAA","Priority":"Medium"}]|0x6ecbdf7f
10:00:18.26 (30880337)|STATEMENT_EXECUTE|[24]
10:00:18.26 (30889935)|SYSTEM_MODE_EXIT|false
10:00:18.30 (30916209)|CUMULATIVE_LIMIT_USAGE
10:00:18.30 (30916209)|LIMIT_USAGE_FOR_NS|(default)|
  Number of SOQL queries: 4 out of 100
  Number of query rows: 7 out of 50000
  Number of SOSL queries: 0 out of 20
  Number of DML statements: 0 out of 150
  Number of DML rows: 0 out of 10000
  Maximum CPU time: 0 out of 10000
  Maximum heap size: 0 out of 6000000
  Number of callouts: 0 out of 100
  Number of Email Invocations: 0 out of 10
  Number of future calls: 0 out of 50
  Number of queueable jobs added to the queue: 0 out of 50
  Number of Mobile Apex push calls: 0 out of 10

10:00:18.30 (30916209)|CUMULATIVE_LIMIT_USAGE_END

10:00:18.26 (30948477)|CODE_UNIT_FINISHED|GetCaseController.getClosedCases
10:00:18.26 (31235546)|CODE_UNIT_FINISHED|Aura
10:00:18.26 (32774302)|EXECUTION_FINISHED
