41.0 APEX_CODE,FINEST;APEX_PROFILING,INFO;CALLOUT,INFO;DB,INFO;SYSTEM,DEBUG;VALIDATION,INFO;VISUALFORCE,INFO;WAVE,INFO;WORKFLOW,INFO
15:07:06.1 (1387633)|USER_INFO|[EXTERNAL]|0051I00000112gB|trent@testorg.com|Pacific Standard Time|GMT-08:00
15:07:06.1 (1422666)|EXECUTION_STARTED
15:07:06.1 (1427657)|CODE_UNIT_STARTED|[EXTERNAL]|Aura
15:07:06.1 (3630719)|CODE_UNIT_STARTED|[EXTERNAL]|01p1I00000Dc465|GetCaseController.getNumCases
15:07:06.1 (4347562)|HEAP_ALLOCATE|[72]|Bytes:3
15:07:06.1 (4392618)|HEAP_ALLOCATE|[77]|Bytes:152
15:07:06.1 (4408846)|HEAP_ALLOCATE|[342]|Bytes:408
15:07:06.1 (4423732)|HEAP_ALLOCATE|[355]|Bytes:408
15:07:06.1 (4436326)|HEAP_ALLOCATE|[467]|Bytes:48
15:07:06.1 (4467345)|HEAP_ALLOCATE|[139]|Bytes:6
15:07:06.1 (4485929)|HEAP_ALLOCATE|[EXTERNAL]|Bytes:6
15:07:06.1 (4532386)|METHOD_ENTRY|[1]|01p1I00000Dc465|GetCaseController.GetCaseController()
15:07:06.1 (4538312)|STATEMENT_EXECUTE|[1]
15:07:06.1 (4543893)|STATEMENT_EXECUTE|[1]
15:07:06.1 (4581270)|HEAP_ALLOCATE|[50]|Bytes:5
15:07:06.1 (4607081)|HEAP_ALLOCATE|[56]|Bytes:5
15:07:06.1 (4614210)|HEAP_ALLOCATE|[64]|Bytes:7
15:07:06.1 (4637956)|SYSTEM_MODE_ENTER|false
15:07:06.1 (4654020)|HEAP_ALLOCATE|[EXTERNAL]|Bytes:5
15:07:06.1 (4661667)|SYSTEM_MODE_EXIT|false
15:07:06.1 (4668906)|METHOD_EXIT|[1]|GetCaseController
15:07:06.1 (4678350)|SYSTEM_MODE_ENTER|false
15:07:06.1 (4687941)|VARIABLE_SCOPE_BEGIN|[3]|status|String|false|false
15:07:06.1 (4707186)|VARIABLE_ASSIGNMENT|[3]|status|null
15:07:06.1 (4724586)|HEAP_ALLOCATE|[4]|Bytes:5
15:07:06.1 (4729241)|STATEMENT_EXECUTE|[3]
15:07:06.1 (4730631)|STATEMENT_EXECUTE|[4]
15:07:06.1 (4733247)|HEAP_ALLOCATE|[4]|Bytes:48
15:07:06.1 (4756141)|HEAP_ALLOCATE|[4]|Bytes:4
15:07:06.1 (4769872)|HEAP_ALLOCATE|[4]|Bytes:7
15:07:06.1 (5803469)|SOQL_EXECUTE_BEGIN|[4]|Aggregations:0|SELECT COUNT() FROM Case WHERE Status = :tmpVar1
15:07:06.1 (14010975)|SOQL_EXECUTE_END|[4]|Rows:0
15:07:06.1 (14030000)|HEAP_ALLOCATE|[4]|Bytes:4
15:07:06.1 (14056216)|VARIABLE_SCOPE_BEGIN|[4]|num|Integer|false|false
15:07:06.1 (14066180)|HEAP_ALLOCATE|[4]|Bytes:4
15:07:06.1 (14084028)|VARIABLE_ASSIGNMENT|[4]|num|0
15:07:06.1 (14090773)|STATEMENT_EXECUTE|[5]
15:07:06.1 (14093319)|HEAP_ALLOCATE|[5]|Bytes:4
15:07:06.1 (14102655)|HEAP_ALLOCATE|[5]|Bytes:4
15:07:06.1 (14114416)|SYSTEM_MODE_EXIT|false
15:07:06.14 (14145589)|CUMULATIVE_LIMIT_USAGE
15:07:06.14 (14145589)|LIMIT_USAGE_FOR_NS|(default)|
  Number of SOQL queries: 1 out of 100
  Number of query rows: 0 out of 50000
  Number of SOSL queries: 0 out of 20
  Number of DML statements: 0 out of 150
  Number of DML rows: 0 out of 10000
  Maximum CPU time: 0 out of 10000
  Maximum heap size: 0 out of 6000000
  Number of callouts: 0 out of 100
  Number of Email Invocations: 0 out of 10
  Number of future calls: 0 out of 50
  Number of queueable jobs added to the queue: 0 out of 50
  Number of Mobile Apex push calls: 0 out of 10

15:07:06.14 (14145589)|CUMULATIVE_LIMIT_USAGE_END

15:07:06.1 (14183747)|CODE_UNIT_FINISHED|GetCaseController.getNumCases
15:07:06.1 (14252572)|CODE_UNIT_FINISHED|Aura
15:07:06.1 (15385828)|EXECUTION_FINISHED
