41.0 APEX_CODE,FINEST;APEX_PROFILING,INFO;CALLOUT,INFO;DB,INFO;SYSTEM,DEBUG;VALIDATION,INFO;VISUALFORCE,INFO;WAVE,INFO;WORKFLOW,INFO
09:16:57.0 (332338)|USER_INFO|[EXTERNAL]|0051I00000112gB|trent@testorg.com|Pacific Standard Time|GMT-08:00
09:16:57.0 (365820)|EXECUTION_STARTED
09:16:57.0 (370162)|CODE_UNIT_STARTED|[EXTERNAL]|Aura
09:16:57.0 (1791991)|CODE_UNIT_STARTED|[EXTERNAL]|01p1I00000Dc465|GetCaseController.getNewCases
09:16:57.0 (2420093)|HEAP_ALLOCATE|[72]|Bytes:3
09:16:57.0 (2469450)|HEAP_ALLOCATE|[77]|Bytes:152
09:16:57.0 (2487584)|HEAP_ALLOCATE|[342]|Bytes:408
09:16:57.0 (2503777)|HEAP_ALLOCATE|[355]|Bytes:408
09:16:57.0 (2516112)|HEAP_ALLOCATE|[467]|Bytes:48
09:16:57.0 (2545345)|HEAP_ALLOCATE|[139]|Bytes:6
09:16:57.0 (2559681)|HEAP_ALLOCATE|[EXTERNAL]|Bytes:13
09:16:57.0 (2572092)|METHOD_ENTRY|[1]|01p1I00000Dc465|GetCaseController.GetCaseController()
09:16:57.0 (2577669)|STATEMENT_EXECUTE|[1]
09:16:57.0 (2583151)|STATEMENT_EXECUTE|[1]
09:16:57.0 (2621346)|HEAP_ALLOCATE|[50]|Bytes:5
09:16:57.0 (2645607)|HEAP_ALLOCATE|[56]|Bytes:5
09:16:57.0 (2652752)|HEAP_ALLOCATE|[64]|Bytes:7
09:16:57.0 (2678090)|SYSTEM_MODE_ENTER|false
09:16:57.0 (2693253)|HEAP_ALLOCATE|[EXTERNAL]|Bytes:5
09:16:57.0 (2700552)|SYSTEM_MODE_EXIT|false
09:16:57.0 (2707419)|METHOD_EXIT|[1]|GetCaseController
09:16:57.0 (2716797)|SYSTEM_MODE_ENTER|false
09:16:57.0 (2729125)|HEAP_ALLOCATE|[5]|Bytes:5
09:16:57.0 (2733173)|STATEMENT_EXECUTE|[4]
09:16:57.0 (2734240)|STATEMENT_EXECUTE|[5]
09:16:57.0 (2736268)|HEAP_ALLOCATE|[5]|Bytes:58
09:16:57.0 (2757245)|HEAP_ALLOCATE|[5]|Bytes:4
09:16:57.0 (3678927)|SOQL_EXECUTE_BEGIN|[5]|Aggregations:0|SELECT Id, Priority FROM Case WHERE Status = 'New' LIMIT 4
09:16:57.0 (10580970)|SOQL_EXECUTE_END|[5]|Rows:3
09:16:57.0 (10611501)|HEAP_ALLOCATE|[5]|Bytes:16
09:16:57.0 (10629361)|HEAP_ALLOCATE|[5]|Bytes:132
09:16:57.0 (10687473)|HEAP_ALLOCATE|[5]|Bytes:16
09:16:57.0 (10703083)|VARIABLE_SCOPE_BEGIN|[5]|cases|List<Case>|true|false
09:16:57.0 (10740771)|VARIABLE_ASSIGNMENT|[5]|cases|[{"Id":"5001I000003mzcuQAA","Priority":"Low"},{"Id":"5001I000003mzd8QAA","Priority":"Low"},{"Id":"5001I000003mzdGQAQ","Priority":"Low"}]|0x132f7953
09:16:57.0 (10748932)|STATEMENT_EXECUTE|[6]
09:16:57.0 (10760371)|SYSTEM_MODE_EXIT|false
09:16:57.10 (10780779)|CUMULATIVE_LIMIT_USAGE
09:16:57.10 (10780779)|LIMIT_USAGE_FOR_NS|(default)|
  Number of SOQL queries: 1 out of 100
  Number of query rows: 3 out of 50000
  Number of SOSL queries: 0 out of 20
  Number of DML statements: 0 out of 150
  Number of DML rows: 0 out of 10000
  Maximum CPU time: 0 out of 10000
  Maximum heap size: 0 out of 6000000
  Number of callouts: 0 out of 100
  Number of Email Invocations: 0 out of 10
  Number of future calls: 0 out of 50
  Number of queueable jobs added to the queue: 0 out of 50
  Number of Mobile Apex push calls: 0 out of 10

09:16:57.10 (10780779)|CUMULATIVE_LIMIT_USAGE_END

09:16:57.0 (10814957)|CODE_UNIT_FINISHED|GetCaseController.getNewCases
09:16:57.0 (10870388)|CODE_UNIT_FINISHED|Aura
09:16:57.0 (12141932)|EXECUTION_FINISHED
09:16:57.13 (13970432)|USER_INFO|[EXTERNAL]|0051I00000112gB|trent@testorg.com|Pacific Standard Time|GMT-08:00
09:16:57.13 (13985106)|EXECUTION_STARTED
09:16:57.13 (13988276)|CODE_UNIT_STARTED|[EXTERNAL]|Aura
09:16:57.13 (15080003)|CODE_UNIT_STARTED|[EXTERNAL]|01p1I00000Dc465|GetCaseController.getWorkingCases
09:16:57.13 (15134645)|SYSTEM_MODE_ENTER|false
09:16:57.13 (15158264)|HEAP_ALLOCATE|[11]|Bytes:5
09:16:57.13 (15164706)|STATEMENT_EXECUTE|[10]
09:16:57.13 (15166090)|STATEMENT_EXECUTE|[11]
09:16:57.13 (15169869)|HEAP_ALLOCATE|[11]|Bytes:62
09:16:57.13 (15190627)|HEAP_ALLOCATE|[11]|Bytes:4
09:16:57.13 (15342621)|SOQL_EXECUTE_BEGIN|[11]|Aggregations:0|SELECT Id, Priority FROM Case WHERE Status = 'Working' LIMIT 4
09:16:57.13 (17440867)|SOQL_EXECUTE_END|[11]|Rows:0
09:16:57.13 (17462184)|HEAP_ALLOCATE|[11]|Bytes:4
09:16:57.13 (17471892)|HEAP_ALLOCATE|[11]|Bytes:0
09:16:57.13 (17506439)|HEAP_ALLOCATE|[11]|Bytes:4
09:16:57.13 (17518751)|VARIABLE_SCOPE_BEGIN|[11]|cases|List<Case>|true|false
09:16:57.13 (17540497)|VARIABLE_ASSIGNMENT|[11]|cases|[]|0x46b5a27f
09:16:57.13 (17547240)|STATEMENT_EXECUTE|[12]
09:16:57.13 (17556005)|SYSTEM_MODE_EXIT|false
09:16:57.17 (17571761)|CUMULATIVE_LIMIT_USAGE
09:16:57.17 (17571761)|LIMIT_USAGE_FOR_NS|(default)|
  Number of SOQL queries: 2 out of 100
  Number of query rows: 3 out of 50000
  Number of SOSL queries: 0 out of 20
  Number of DML statements: 0 out of 150
  Number of DML rows: 0 out of 10000
  Maximum CPU time: 0 out of 10000
  Maximum heap size: 0 out of 6000000
  Number of callouts: 0 out of 100
  Number of Email Invocations: 0 out of 10
  Number of future calls: 0 out of 50
  Number of queueable jobs added to the queue: 0 out of 50
  Number of Mobile Apex push calls: 0 out of 10

09:16:57.17 (17571761)|CUMULATIVE_LIMIT_USAGE_END

09:16:57.13 (17596309)|CODE_UNIT_FINISHED|GetCaseController.getWorkingCases
09:16:57.13 (17634485)|CODE_UNIT_FINISHED|Aura
09:16:57.13 (18624846)|EXECUTION_FINISHED
