41.0 APEX_CODE,FINEST;APEX_PROFILING,INFO;CALLOUT,INFO;DB,INFO;SYSTEM,DEBUG;VALIDATION,INFO;VISUALFORCE,INFO;WAVE,INFO;WORKFLOW,INFO
10:42:43.0 (362393)|USER_INFO|[EXTERNAL]|0051I00000112gB|trent@testorg.com|Pacific Standard Time|GMT-08:00
10:42:43.0 (399263)|EXECUTION_STARTED
10:42:43.0 (403350)|CODE_UNIT_STARTED|[EXTERNAL]|Aura
10:42:43.0 (1981415)|CODE_UNIT_STARTED|[EXTERNAL]|01p1I00000Dc465|GetCaseController.getNewCases
10:42:43.0 (2782106)|HEAP_ALLOCATE|[72]|Bytes:3
10:42:43.0 (2863276)|HEAP_ALLOCATE|[77]|Bytes:152
10:42:43.0 (2888575)|HEAP_ALLOCATE|[342]|Bytes:408
10:42:43.0 (2915938)|HEAP_ALLOCATE|[355]|Bytes:408
10:42:43.0 (2939674)|HEAP_ALLOCATE|[467]|Bytes:48
10:42:43.0 (3005306)|HEAP_ALLOCATE|[139]|Bytes:6
10:42:43.0 (3026828)|HEAP_ALLOCATE|[EXTERNAL]|Bytes:13
10:42:43.0 (3064726)|METHOD_ENTRY|[1]|01p1I00000Dc465|GetCaseController.GetCaseController()
10:42:43.0 (3071853)|STATEMENT_EXECUTE|[1]
10:42:43.0 (3076949)|STATEMENT_EXECUTE|[1]
10:42:43.0 (3114261)|HEAP_ALLOCATE|[50]|Bytes:5
10:42:43.0 (3142182)|HEAP_ALLOCATE|[56]|Bytes:5
10:42:43.0 (3149947)|HEAP_ALLOCATE|[64]|Bytes:7
10:42:43.0 (3171530)|SYSTEM_MODE_ENTER|false
10:42:43.0 (23813598)|HEAP_ALLOCATE|[EXTERNAL]|Bytes:5
10:42:43.0 (23828561)|SYSTEM_MODE_EXIT|false
10:42:43.0 (23862751)|METHOD_EXIT|[1]|GetCaseController
10:42:43.0 (23892887)|SYSTEM_MODE_ENTER|false
10:42:43.0 (23917455)|HEAP_ALLOCATE|[5]|Bytes:5
10:42:43.0 (23925996)|STATEMENT_EXECUTE|[4]
10:42:43.0 (23928300)|STATEMENT_EXECUTE|[5]
10:42:43.0 (23933131)|HEAP_ALLOCATE|[5]|Bytes:50
10:42:43.0 (23970342)|HEAP_ALLOCATE|[5]|Bytes:4
10:42:43.0 (25281691)|SOQL_EXECUTE_BEGIN|[5]|Aggregations:0|SELECT Id, Priority FROM Case WHERE Status = 'New'
10:42:43.0 (30174081)|SOQL_EXECUTE_END|[5]|Rows:3
10:42:43.0 (30223958)|HEAP_ALLOCATE|[5]|Bytes:16
10:42:43.0 (30255352)|HEAP_ALLOCATE|[5]|Bytes:132
10:42:43.0 (30379957)|HEAP_ALLOCATE|[5]|Bytes:16
10:42:43.0 (30411637)|VARIABLE_SCOPE_BEGIN|[5]|cases|List<Case>|true|false
10:42:43.0 (30464372)|VARIABLE_ASSIGNMENT|[5]|cases|[{"Id":"5001I000003mzcuQAA","Priority":"Low"},{"Id":"5001I000003mzd8QAA","Priority":"Low"},{"Id":"5001I000003mzdGQAQ","Priority":"Low"}]|0xeb9f9be
10:42:43.0 (30478113)|STATEMENT_EXECUTE|[6]
10:42:43.0 (30501603)|SYSTEM_MODE_EXIT|false
10:42:43.30 (30537125)|CUMULATIVE_LIMIT_USAGE
10:42:43.30 (30537125)|LIMIT_USAGE_FOR_NS|(default)|
  Number of SOQL queries: 1 out of 100
  Number of query rows: 3 out of 50000
  Number of SOSL queries: 0 out of 20
  Number of DML statements: 0 out of 150
  Number of DML rows: 0 out of 10000
  Maximum CPU time: 0 out of 10000
  Maximum heap size: 0 out of 6000000
  Number of callouts: 0 out of 100
  Number of Email Invocations: 0 out of 10
  Number of future calls: 0 out of 50
  Number of queueable jobs added to the queue: 0 out of 50
  Number of Mobile Apex push calls: 0 out of 10

10:42:43.30 (30537125)|CUMULATIVE_LIMIT_USAGE_END

10:42:43.0 (30585009)|CODE_UNIT_FINISHED|GetCaseController.getNewCases
10:42:43.0 (30696599)|CODE_UNIT_FINISHED|Aura
10:42:43.0 (32015193)|EXECUTION_FINISHED
10:42:43.33 (33551720)|USER_INFO|[EXTERNAL]|0051I00000112gB|trent@testorg.com|Pacific Standard Time|GMT-08:00
10:42:43.33 (33570723)|EXECUTION_STARTED
10:42:43.33 (33575228)|CODE_UNIT_STARTED|[EXTERNAL]|Aura
10:42:43.33 (34295794)|CODE_UNIT_STARTED|[EXTERNAL]|01p1I00000Dc465|GetCaseController.getWorkingCases
10:42:43.33 (34380151)|SYSTEM_MODE_ENTER|false
10:42:43.33 (34420489)|HEAP_ALLOCATE|[11]|Bytes:5
10:42:43.33 (34430951)|STATEMENT_EXECUTE|[10]
10:42:43.33 (34433674)|STATEMENT_EXECUTE|[11]
10:42:43.33 (34446304)|HEAP_ALLOCATE|[11]|Bytes:62
10:42:43.33 (34481626)|HEAP_ALLOCATE|[11]|Bytes:4
10:42:43.33 (34738806)|SOQL_EXECUTE_BEGIN|[11]|Aggregations:0|SELECT Id, Priority FROM Case WHERE Status = 'Working' LIMIT 4
10:42:43.33 (40660578)|SOQL_EXECUTE_END|[11]|Rows:0
10:42:43.33 (40699610)|HEAP_ALLOCATE|[11]|Bytes:4
10:42:43.33 (40720221)|HEAP_ALLOCATE|[11]|Bytes:0
10:42:43.33 (40812524)|HEAP_ALLOCATE|[11]|Bytes:4
10:42:43.33 (40850680)|VARIABLE_SCOPE_BEGIN|[11]|cases|List<Case>|true|false
10:42:43.33 (40890546)|VARIABLE_ASSIGNMENT|[11]|cases|[]|0x338c8895
10:42:43.33 (40901736)|STATEMENT_EXECUTE|[12]
10:42:43.33 (40924589)|SYSTEM_MODE_EXIT|false
10:42:43.40 (40957001)|CUMULATIVE_LIMIT_USAGE
10:42:43.40 (40957001)|LIMIT_USAGE_FOR_NS|(default)|
  Number of SOQL queries: 2 out of 100
  Number of query rows: 3 out of 50000
  Number of SOSL queries: 0 out of 20
  Number of DML statements: 0 out of 150
  Number of DML rows: 0 out of 10000
  Maximum CPU time: 0 out of 10000
  Maximum heap size: 0 out of 6000000
  Number of callouts: 0 out of 100
  Number of Email Invocations: 0 out of 10
  Number of future calls: 0 out of 50
  Number of queueable jobs added to the queue: 0 out of 50
  Number of Mobile Apex push calls: 0 out of 10

10:42:43.40 (40957001)|CUMULATIVE_LIMIT_USAGE_END

10:42:43.33 (41002487)|CODE_UNIT_FINISHED|GetCaseController.getWorkingCases
10:42:43.33 (41066194)|CODE_UNIT_FINISHED|Aura
10:42:43.33 (42404009)|EXECUTION_FINISHED
10:42:43.43 (43152518)|USER_INFO|[EXTERNAL]|0051I00000112gB|trent@testorg.com|Pacific Standard Time|GMT-08:00
10:42:43.43 (43172456)|EXECUTION_STARTED
10:42:43.43 (43177180)|CODE_UNIT_STARTED|[EXTERNAL]|Aura
10:42:43.43 (43908547)|CODE_UNIT_STARTED|[EXTERNAL]|01p1I00000Dc465|GetCaseController.getEscalatedCases
10:42:43.43 (44014248)|SYSTEM_MODE_ENTER|false
10:42:43.43 (44063300)|HEAP_ALLOCATE|[17]|Bytes:5
10:42:43.43 (44075301)|STATEMENT_EXECUTE|[16]
10:42:43.43 (44077594)|STATEMENT_EXECUTE|[17]
10:42:43.43 (44085395)|HEAP_ALLOCATE|[17]|Bytes:64
10:42:43.43 (44120361)|HEAP_ALLOCATE|[17]|Bytes:4
10:42:43.43 (44423312)|SOQL_EXECUTE_BEGIN|[17]|Aggregations:0|SELECT Id, Priority FROM Case WHERE Status = 'Escalated' LIMIT 4
10:42:43.43 (46866244)|SOQL_EXECUTE_END|[17]|Rows:0
10:42:43.43 (46892975)|HEAP_ALLOCATE|[17]|Bytes:4
10:42:43.43 (46905995)|HEAP_ALLOCATE|[17]|Bytes:0
10:42:43.43 (46966224)|HEAP_ALLOCATE|[17]|Bytes:4
10:42:43.43 (46985580)|VARIABLE_SCOPE_BEGIN|[17]|cases|List<Case>|true|false
10:42:43.43 (47014325)|VARIABLE_ASSIGNMENT|[17]|cases|[]|0x2a32e616
10:42:43.43 (47022697)|STATEMENT_EXECUTE|[18]
10:42:43.43 (47038999)|SYSTEM_MODE_EXIT|false
10:42:43.47 (47061485)|CUMULATIVE_LIMIT_USAGE
10:42:43.47 (47061485)|LIMIT_USAGE_FOR_NS|(default)|
  Number of SOQL queries: 3 out of 100
  Number of query rows: 3 out of 50000
  Number of SOSL queries: 0 out of 20
  Number of DML statements: 0 out of 150
  Number of DML rows: 0 out of 10000
  Maximum CPU time: 0 out of 10000
  Maximum heap size: 0 out of 6000000
  Number of callouts: 0 out of 100
  Number of Email Invocations: 0 out of 10
  Number of future calls: 0 out of 50
  Number of queueable jobs added to the queue: 0 out of 50
  Number of Mobile Apex push calls: 0 out of 10

10:42:43.47 (47061485)|CUMULATIVE_LIMIT_USAGE_END

10:42:43.43 (47092989)|CODE_UNIT_FINISHED|GetCaseController.getEscalatedCases
10:42:43.43 (47145002)|CODE_UNIT_FINISHED|Aura
10:42:43.43 (68472545)|EXECUTION_FINISHED
10:42:43.69 (69229644)|USER_INFO|[EXTERNAL]|0051I00000112gB|trent@testorg.com|Pacific Standard Time|GMT-08:00
10:42:43.69 (69246236)|EXECUTION_STARTED
10:42:43.69 (69249828)|CODE_UNIT_STARTED|[EXTERNAL]|Aura
10:42:43.69 (69960375)|CODE_UNIT_STARTED|[EXTERNAL]|01p1I00000Dc465|GetCaseController.getClosedCases
10:42:43.69 (70046731)|SYSTEM_MODE_ENTER|false
10:42:43.69 (70095748)|HEAP_ALLOCATE|[23]|Bytes:5
10:42:43.69 (70107052)|STATEMENT_EXECUTE|[22]
10:42:43.69 (70109427)|STATEMENT_EXECUTE|[23]
10:42:43.69 (70116675)|HEAP_ALLOCATE|[23]|Bytes:61
10:42:43.69 (70152291)|HEAP_ALLOCATE|[23]|Bytes:4
10:42:43.69 (70555237)|SOQL_EXECUTE_BEGIN|[23]|Aggregations:0|SELECT Id, Priority FROM Case WHERE Status = 'Closed' LIMIT 4
10:42:43.69 (74223587)|SOQL_EXECUTE_END|[23]|Rows:4
10:42:43.69 (74248367)|HEAP_ALLOCATE|[23]|Bytes:20
10:42:43.69 (74275766)|HEAP_ALLOCATE|[23]|Bytes:181
10:42:43.69 (74316935)|HEAP_ALLOCATE|[23]|Bytes:20
10:42:43.69 (74334843)|VARIABLE_SCOPE_BEGIN|[23]|cases|List<Case>|true|false
10:42:43.69 (74375896)|VARIABLE_ASSIGNMENT|[23]|cases|[{"Id":"5001I000003mzcsQAA","Priority":"High"},{"Id":"5001I000003mzctQAA","Priority":"High"},{"Id":"5001I000003mzcvQAA","Priority":"Low"},{"Id":"5001I000003mzcwQAA","Priority":"Medium"}]|0x2426c6fb
10:42:43.69 (74386564)|STATEMENT_EXECUTE|[24]
10:42:43.69 (74397175)|SYSTEM_MODE_EXIT|false
10:42:43.74 (74420826)|CUMULATIVE_LIMIT_USAGE
10:42:43.74 (74420826)|LIMIT_USAGE_FOR_NS|(default)|
  Number of SOQL queries: 4 out of 100
  Number of query rows: 7 out of 50000
  Number of SOSL queries: 0 out of 20
  Number of DML statements: 0 out of 150
  Number of DML rows: 0 out of 10000
  Maximum CPU time: 0 out of 10000
  Maximum heap size: 0 out of 6000000
  Number of callouts: 0 out of 100
  Number of Email Invocations: 0 out of 10
  Number of future calls: 0 out of 50
  Number of queueable jobs added to the queue: 0 out of 50
  Number of Mobile Apex push calls: 0 out of 10

10:42:43.74 (74420826)|CUMULATIVE_LIMIT_USAGE_END

10:42:43.69 (74452451)|CODE_UNIT_FINISHED|GetCaseController.getClosedCases
10:42:43.69 (74526613)|CODE_UNIT_FINISHED|Aura
10:42:43.69 (75623199)|EXECUTION_FINISHED
