41.0 APEX_CODE,FINEST;APEX_PROFILING,INFO;CALLOUT,INFO;DB,INFO;SYSTEM,DEBUG;VALIDATION,INFO;VISUALFORCE,INFO;WAVE,INFO;WORKFLOW,INFO
09:52:15.0 (305236)|USER_INFO|[EXTERNAL]|0051I00000112gB|trent@testorg.com|Pacific Standard Time|GMT-08:00
09:52:15.0 (336808)|EXECUTION_STARTED
09:52:15.0 (341123)|CODE_UNIT_STARTED|[EXTERNAL]|Aura
09:52:15.0 (1629180)|CODE_UNIT_STARTED|[EXTERNAL]|01p1I00000Dc465|GetCaseController.getNewCases
09:52:15.0 (2245266)|HEAP_ALLOCATE|[72]|Bytes:3
09:52:15.0 (2292311)|HEAP_ALLOCATE|[77]|Bytes:152
09:52:15.0 (2307073)|HEAP_ALLOCATE|[342]|Bytes:408
09:52:15.0 (2322624)|HEAP_ALLOCATE|[355]|Bytes:408
09:52:15.0 (2336113)|HEAP_ALLOCATE|[467]|Bytes:48
09:52:15.0 (2365322)|HEAP_ALLOCATE|[139]|Bytes:6
09:52:15.0 (2379598)|HEAP_ALLOCATE|[EXTERNAL]|Bytes:13
09:52:15.0 (2391120)|METHOD_ENTRY|[1]|01p1I00000Dc465|GetCaseController.GetCaseController()
09:52:15.0 (2398251)|STATEMENT_EXECUTE|[1]
09:52:15.0 (2403557)|STATEMENT_EXECUTE|[1]
09:52:15.0 (2435943)|HEAP_ALLOCATE|[50]|Bytes:5
09:52:15.0 (2458108)|HEAP_ALLOCATE|[56]|Bytes:5
09:52:15.0 (2465112)|HEAP_ALLOCATE|[64]|Bytes:7
09:52:15.0 (2485717)|SYSTEM_MODE_ENTER|false
09:52:15.0 (2499746)|HEAP_ALLOCATE|[EXTERNAL]|Bytes:5
09:52:15.0 (2508327)|SYSTEM_MODE_EXIT|false
09:52:15.0 (2516050)|METHOD_EXIT|[1]|GetCaseController
09:52:15.0 (2526765)|SYSTEM_MODE_ENTER|false
09:52:15.0 (2539832)|HEAP_ALLOCATE|[5]|Bytes:5
09:52:15.0 (2543710)|STATEMENT_EXECUTE|[4]
09:52:15.0 (2544937)|STATEMENT_EXECUTE|[5]
09:52:15.0 (2546901)|HEAP_ALLOCATE|[5]|Bytes:50
09:52:15.0 (2567106)|HEAP_ALLOCATE|[5]|Bytes:4
09:52:15.0 (3361929)|SOQL_EXECUTE_BEGIN|[5]|Aggregations:0|SELECT Id, Priority FROM Case WHERE Status = 'New'
09:52:15.0 (6589922)|SOQL_EXECUTE_END|[5]|Rows:3
09:52:15.0 (6609900)|HEAP_ALLOCATE|[5]|Bytes:16
09:52:15.0 (6628760)|HEAP_ALLOCATE|[5]|Bytes:132
09:52:15.0 (6676400)|HEAP_ALLOCATE|[5]|Bytes:16
09:52:15.0 (6686908)|VARIABLE_SCOPE_BEGIN|[5]|cases|List<Case>|true|false
09:52:15.0 (6728789)|VARIABLE_ASSIGNMENT|[5]|cases|[{"Id":"5001I000003mzcuQAA","Priority":"Low"},{"Id":"5001I000003mzd8QAA","Priority":"Low"},{"Id":"5001I000003mzdGQAQ","Priority":"Low"}]|0x682dbe14
09:52:15.0 (6736902)|STATEMENT_EXECUTE|[6]
09:52:15.0 (6745424)|SYSTEM_MODE_EXIT|false
09:52:15.6 (6771021)|CUMULATIVE_LIMIT_USAGE
09:52:15.6 (6771021)|LIMIT_USAGE_FOR_NS|(default)|
  Number of SOQL queries: 1 out of 100
  Number of query rows: 3 out of 50000
  Number of SOSL queries: 0 out of 20
  Number of DML statements: 0 out of 150
  Number of DML rows: 0 out of 10000
  Maximum CPU time: 0 out of 10000
  Maximum heap size: 0 out of 6000000
  Number of callouts: 0 out of 100
  Number of Email Invocations: 0 out of 10
  Number of future calls: 0 out of 50
  Number of queueable jobs added to the queue: 0 out of 50
  Number of Mobile Apex push calls: 0 out of 10

09:52:15.6 (6771021)|CUMULATIVE_LIMIT_USAGE_END

09:52:15.0 (6805203)|CODE_UNIT_FINISHED|GetCaseController.getNewCases
09:52:15.0 (6869843)|CODE_UNIT_FINISHED|Aura
09:52:15.0 (7869210)|EXECUTION_FINISHED
09:52:15.9 (9244717)|USER_INFO|[EXTERNAL]|0051I00000112gB|trent@testorg.com|Pacific Standard Time|GMT-08:00
09:52:15.9 (9257386)|EXECUTION_STARTED
09:52:15.9 (9259623)|CODE_UNIT_STARTED|[EXTERNAL]|Aura
09:52:15.9 (9931133)|CODE_UNIT_STARTED|[EXTERNAL]|01p1I00000Dc465|GetCaseController.getWorkingCases
09:52:15.9 (9977307)|SYSTEM_MODE_ENTER|false
09:52:15.9 (9993886)|HEAP_ALLOCATE|[11]|Bytes:5
09:52:15.9 (9999988)|STATEMENT_EXECUTE|[10]
09:52:15.9 (10001628)|STATEMENT_EXECUTE|[11]
09:52:15.9 (10005126)|HEAP_ALLOCATE|[11]|Bytes:62
09:52:15.9 (10018195)|HEAP_ALLOCATE|[11]|Bytes:4
09:52:15.9 (10149940)|SOQL_EXECUTE_BEGIN|[11]|Aggregations:0|SELECT Id, Priority FROM Case WHERE Status = 'Working' LIMIT 4
09:52:15.9 (14064769)|SOQL_EXECUTE_END|[11]|Rows:0
09:52:15.9 (14084201)|HEAP_ALLOCATE|[11]|Bytes:4
09:52:15.9 (14093490)|HEAP_ALLOCATE|[11]|Bytes:0
09:52:15.9 (14124791)|HEAP_ALLOCATE|[11]|Bytes:4
09:52:15.9 (14134735)|VARIABLE_SCOPE_BEGIN|[11]|cases|List<Case>|true|false
09:52:15.9 (14154304)|VARIABLE_ASSIGNMENT|[11]|cases|[]|0x735384f6
09:52:15.9 (14160391)|STATEMENT_EXECUTE|[12]
09:52:15.9 (14167747)|SYSTEM_MODE_EXIT|false
09:52:15.14 (14183357)|CUMULATIVE_LIMIT_USAGE
09:52:15.14 (14183357)|LIMIT_USAGE_FOR_NS|(default)|
  Number of SOQL queries: 2 out of 100
  Number of query rows: 3 out of 50000
  Number of SOSL queries: 0 out of 20
  Number of DML statements: 0 out of 150
  Number of DML rows: 0 out of 10000
  Maximum CPU time: 0 out of 10000
  Maximum heap size: 0 out of 6000000
  Number of callouts: 0 out of 100
  Number of Email Invocations: 0 out of 10
  Number of future calls: 0 out of 50
  Number of queueable jobs added to the queue: 0 out of 50
  Number of Mobile Apex push calls: 0 out of 10

09:52:15.14 (14183357)|CUMULATIVE_LIMIT_USAGE_END

09:52:15.9 (14206924)|CODE_UNIT_FINISHED|GetCaseController.getWorkingCases
09:52:15.9 (14242637)|CODE_UNIT_FINISHED|Aura
09:52:15.9 (15288355)|EXECUTION_FINISHED
09:52:15.15 (15996609)|USER_INFO|[EXTERNAL]|0051I00000112gB|trent@testorg.com|Pacific Standard Time|GMT-08:00
09:52:15.15 (16009197)|EXECUTION_STARTED
09:52:15.15 (16011466)|CODE_UNIT_STARTED|[EXTERNAL]|Aura
09:52:15.15 (16680726)|CODE_UNIT_STARTED|[EXTERNAL]|01p1I00000Dc465|GetCaseController.getClosedCases
09:52:15.15 (16715869)|SYSTEM_MODE_ENTER|false
09:52:15.15 (16731441)|HEAP_ALLOCATE|[23]|Bytes:5
09:52:15.15 (16737128)|STATEMENT_EXECUTE|[22]
09:52:15.15 (16738439)|STATEMENT_EXECUTE|[23]
09:52:15.15 (16741068)|HEAP_ALLOCATE|[23]|Bytes:61
09:52:15.15 (16753652)|HEAP_ALLOCATE|[23]|Bytes:4
09:52:15.15 (16879268)|SOQL_EXECUTE_BEGIN|[23]|Aggregations:0|SELECT Id, Priority FROM Case WHERE Status = 'Closed' LIMIT 4
09:52:15.15 (18910446)|SOQL_EXECUTE_END|[23]|Rows:4
09:52:15.15 (18926472)|HEAP_ALLOCATE|[23]|Bytes:20
09:52:15.15 (18944511)|HEAP_ALLOCATE|[23]|Bytes:181
09:52:15.15 (18971977)|HEAP_ALLOCATE|[23]|Bytes:20
09:52:15.15 (18991387)|VARIABLE_SCOPE_BEGIN|[23]|cases|List<Case>|true|false
09:52:15.15 (19016903)|VARIABLE_ASSIGNMENT|[23]|cases|[{"Id":"5001I000003mzcsQAA","Priority":"High"},{"Id":"5001I000003mzctQAA","Priority":"High"},{"Id":"5001I000003mzcvQAA","Priority":"Low"},{"Id":"5001I000003mzcwQAA","Priority":"Medium"}]|0x736c4aed
09:52:15.15 (19025774)|STATEMENT_EXECUTE|[24]
09:52:15.15 (19033007)|SYSTEM_MODE_EXIT|false
09:52:15.19 (19045344)|CUMULATIVE_LIMIT_USAGE
09:52:15.19 (19045344)|LIMIT_USAGE_FOR_NS|(default)|
  Number of SOQL queries: 3 out of 100
  Number of query rows: 7 out of 50000
  Number of SOSL queries: 0 out of 20
  Number of DML statements: 0 out of 150
  Number of DML rows: 0 out of 10000
  Maximum CPU time: 0 out of 10000
  Maximum heap size: 0 out of 6000000
  Number of callouts: 0 out of 100
  Number of Email Invocations: 0 out of 10
  Number of future calls: 0 out of 50
  Number of queueable jobs added to the queue: 0 out of 50
  Number of Mobile Apex push calls: 0 out of 10

09:52:15.19 (19045344)|CUMULATIVE_LIMIT_USAGE_END

09:52:15.15 (19065517)|CODE_UNIT_FINISHED|GetCaseController.getClosedCases
09:52:15.15 (19138601)|CODE_UNIT_FINISHED|Aura
09:52:15.15 (20107838)|EXECUTION_FINISHED
