41.0 APEX_CODE,FINEST;APEX_PROFILING,INFO;CALLOUT,INFO;DB,INFO;SYSTEM,DEBUG;VALIDATION,INFO;VISUALFORCE,INFO;WAVE,INFO;WORKFLOW,INFO
10:39:13.0 (355217)|USER_INFO|[EXTERNAL]|0051I00000112gB|trent@testorg.com|Pacific Standard Time|GMT-08:00
10:39:13.0 (971883)|EXECUTION_STARTED
10:39:13.0 (976510)|CODE_UNIT_STARTED|[EXTERNAL]|Aura
10:39:13.0 (2826447)|CODE_UNIT_STARTED|[EXTERNAL]|01p1I00000Dc465|GetCaseController.getNewCases
10:39:13.0 (30594641)|HEAP_ALLOCATE|[72]|Bytes:3
10:39:13.0 (30984181)|HEAP_ALLOCATE|[77]|Bytes:152
10:39:13.0 (31010660)|HEAP_ALLOCATE|[342]|Bytes:408
10:39:13.0 (31038566)|HEAP_ALLOCATE|[355]|Bytes:408
10:39:13.0 (31065645)|HEAP_ALLOCATE|[467]|Bytes:48
10:39:13.0 (31173953)|HEAP_ALLOCATE|[139]|Bytes:6
10:39:13.0 (31204531)|HEAP_ALLOCATE|[EXTERNAL]|Bytes:13
10:39:13.0 (31268148)|METHOD_ENTRY|[1]|01p1I00000Dc465|GetCaseController.GetCaseController()
10:39:13.0 (31281988)|STATEMENT_EXECUTE|[1]
10:39:13.0 (31289654)|STATEMENT_EXECUTE|[1]
10:39:13.0 (31337267)|HEAP_ALLOCATE|[50]|Bytes:5
10:39:13.0 (31368989)|HEAP_ALLOCATE|[56]|Bytes:5
10:39:13.0 (31379147)|HEAP_ALLOCATE|[64]|Bytes:7
10:39:13.0 (31414848)|SYSTEM_MODE_ENTER|false
10:39:13.0 (32191977)|HEAP_ALLOCATE|[EXTERNAL]|Bytes:5
10:39:13.0 (32218861)|SYSTEM_MODE_EXIT|false
10:39:13.0 (32270619)|METHOD_EXIT|[1]|GetCaseController
10:39:13.0 (32318465)|SYSTEM_MODE_ENTER|false
10:39:13.0 (32341612)|HEAP_ALLOCATE|[5]|Bytes:5
10:39:13.0 (32350700)|STATEMENT_EXECUTE|[4]
10:39:13.0 (32353506)|STATEMENT_EXECUTE|[5]
10:39:13.0 (32359925)|HEAP_ALLOCATE|[5]|Bytes:50
10:39:13.0 (32398405)|HEAP_ALLOCATE|[5]|Bytes:4
10:39:13.0 (33754425)|SOQL_EXECUTE_BEGIN|[5]|Aggregations:0|SELECT Id, Priority FROM Case WHERE Status = 'New'
10:39:13.0 (61636559)|SOQL_EXECUTE_END|[5]|Rows:3
10:39:13.0 (61683529)|HEAP_ALLOCATE|[5]|Bytes:16
10:39:13.0 (61714978)|HEAP_ALLOCATE|[5]|Bytes:132
10:39:13.0 (61807820)|HEAP_ALLOCATE|[5]|Bytes:16
10:39:13.0 (61834475)|VARIABLE_SCOPE_BEGIN|[5]|cases|List<Case>|true|false
10:39:13.0 (61894193)|VARIABLE_ASSIGNMENT|[5]|cases|[{"Id":"5001I000003mzcuQAA","Priority":"Low"},{"Id":"5001I000003mzd8QAA","Priority":"Low"},{"Id":"5001I000003mzdGQAQ","Priority":"Low"}]|0x4d096d15
10:39:13.0 (61910022)|STATEMENT_EXECUTE|[6]
10:39:13.0 (61946280)|SYSTEM_MODE_EXIT|false
10:39:13.61 (61997573)|CUMULATIVE_LIMIT_USAGE
10:39:13.61 (61997573)|LIMIT_USAGE_FOR_NS|(default)|
  Number of SOQL queries: 1 out of 100
  Number of query rows: 3 out of 50000
  Number of SOSL queries: 0 out of 20
  Number of DML statements: 0 out of 150
  Number of DML rows: 0 out of 10000
  Maximum CPU time: 0 out of 10000
  Maximum heap size: 0 out of 6000000
  Number of callouts: 0 out of 100
  Number of Email Invocations: 0 out of 10
  Number of future calls: 0 out of 50
  Number of queueable jobs added to the queue: 0 out of 50
  Number of Mobile Apex push calls: 0 out of 10

10:39:13.61 (61997573)|CUMULATIVE_LIMIT_USAGE_END

10:39:13.0 (62046512)|CODE_UNIT_FINISHED|GetCaseController.getNewCases
10:39:13.0 (62170570)|CODE_UNIT_FINISHED|Aura
10:39:13.0 (63438507)|EXECUTION_FINISHED
10:39:13.65 (65298031)|USER_INFO|[EXTERNAL]|0051I00000112gB|trent@testorg.com|Pacific Standard Time|GMT-08:00
10:39:13.65 (65315981)|EXECUTION_STARTED
10:39:13.65 (65319880)|CODE_UNIT_STARTED|[EXTERNAL]|Aura
10:39:13.65 (66164817)|CODE_UNIT_STARTED|[EXTERNAL]|01p1I00000Dc465|GetCaseController.getWorkingCases
10:39:13.65 (66268510)|SYSTEM_MODE_ENTER|false
10:39:13.65 (66296447)|HEAP_ALLOCATE|[11]|Bytes:5
10:39:13.65 (66309397)|STATEMENT_EXECUTE|[10]
10:39:13.65 (66311776)|STATEMENT_EXECUTE|[11]
10:39:13.65 (66316389)|HEAP_ALLOCATE|[11]|Bytes:62
10:39:13.65 (66335075)|HEAP_ALLOCATE|[11]|Bytes:4
10:39:13.65 (66542472)|SOQL_EXECUTE_BEGIN|[11]|Aggregations:0|SELECT Id, Priority FROM Case WHERE Status = 'Working' LIMIT 4
10:39:13.65 (72110761)|SOQL_EXECUTE_END|[11]|Rows:0
10:39:13.65 (72148830)|HEAP_ALLOCATE|[11]|Bytes:4
10:39:13.65 (72167873)|HEAP_ALLOCATE|[11]|Bytes:0
10:39:13.65 (72236116)|HEAP_ALLOCATE|[11]|Bytes:4
10:39:13.65 (72264146)|VARIABLE_SCOPE_BEGIN|[11]|cases|List<Case>|true|false
10:39:13.65 (72326030)|VARIABLE_ASSIGNMENT|[11]|cases|[]|0x1b6cf2de
10:39:13.65 (72340672)|STATEMENT_EXECUTE|[12]
10:39:13.65 (72361075)|SYSTEM_MODE_EXIT|false
10:39:13.72 (72404832)|CUMULATIVE_LIMIT_USAGE
10:39:13.72 (72404832)|LIMIT_USAGE_FOR_NS|(default)|
  Number of SOQL queries: 2 out of 100
  Number of query rows: 3 out of 50000
  Number of SOSL queries: 0 out of 20
  Number of DML statements: 0 out of 150
  Number of DML rows: 0 out of 10000
  Maximum CPU time: 0 out of 10000
  Maximum heap size: 0 out of 6000000
  Number of callouts: 0 out of 100
  Number of Email Invocations: 0 out of 10
  Number of future calls: 0 out of 50
  Number of queueable jobs added to the queue: 0 out of 50
  Number of Mobile Apex push calls: 0 out of 10

10:39:13.72 (72404832)|CUMULATIVE_LIMIT_USAGE_END

10:39:13.65 (72455541)|CODE_UNIT_FINISHED|GetCaseController.getWorkingCases
10:39:13.65 (72531097)|CODE_UNIT_FINISHED|Aura
10:39:13.65 (73698532)|EXECUTION_FINISHED
10:39:13.74 (74521965)|USER_INFO|[EXTERNAL]|0051I00000112gB|trent@testorg.com|Pacific Standard Time|GMT-08:00
10:39:13.74 (74547676)|EXECUTION_STARTED
10:39:13.74 (74552664)|CODE_UNIT_STARTED|[EXTERNAL]|Aura
10:39:13.74 (75339455)|CODE_UNIT_STARTED|[EXTERNAL]|01p1I00000Dc465|GetCaseController.getEscalatedCases
10:39:13.74 (75431399)|SYSTEM_MODE_ENTER|false
10:39:13.74 (75508825)|HEAP_ALLOCATE|[17]|Bytes:5
10:39:13.74 (75523422)|STATEMENT_EXECUTE|[16]
10:39:13.74 (75526044)|STATEMENT_EXECUTE|[17]
10:39:13.74 (75535153)|HEAP_ALLOCATE|[17]|Bytes:64
10:39:13.74 (75574759)|HEAP_ALLOCATE|[17]|Bytes:4
10:39:13.74 (75875835)|SOQL_EXECUTE_BEGIN|[17]|Aggregations:0|SELECT Id, Priority FROM Case WHERE Status = 'Escalated' LIMIT 4
10:39:13.74 (99320178)|SOQL_EXECUTE_END|[17]|Rows:0
10:39:13.74 (99354469)|HEAP_ALLOCATE|[17]|Bytes:4
10:39:13.74 (99369462)|HEAP_ALLOCATE|[17]|Bytes:0
10:39:13.74 (99410000)|HEAP_ALLOCATE|[17]|Bytes:4
10:39:13.74 (99431804)|VARIABLE_SCOPE_BEGIN|[17]|cases|List<Case>|true|false
10:39:13.74 (99472477)|VARIABLE_ASSIGNMENT|[17]|cases|[]|0x5c198c2c
10:39:13.74 (99484901)|STATEMENT_EXECUTE|[18]
10:39:13.74 (99501955)|SYSTEM_MODE_EXIT|false
10:39:13.99 (99543342)|CUMULATIVE_LIMIT_USAGE
10:39:13.99 (99543342)|LIMIT_USAGE_FOR_NS|(default)|
  Number of SOQL queries: 3 out of 100
  Number of query rows: 3 out of 50000
  Number of SOSL queries: 0 out of 20
  Number of DML statements: 0 out of 150
  Number of DML rows: 0 out of 10000
  Maximum CPU time: 0 out of 10000
  Maximum heap size: 0 out of 6000000
  Number of callouts: 0 out of 100
  Number of Email Invocations: 0 out of 10
  Number of future calls: 0 out of 50
  Number of queueable jobs added to the queue: 0 out of 50
  Number of Mobile Apex push calls: 0 out of 10

10:39:13.99 (99543342)|CUMULATIVE_LIMIT_USAGE_END

10:39:13.74 (99594289)|CODE_UNIT_FINISHED|GetCaseController.getEscalatedCases
10:39:13.74 (99679482)|CODE_UNIT_FINISHED|Aura
10:39:13.74 (101207526)|EXECUTION_FINISHED
10:39:13.102 (102040315)|USER_INFO|[EXTERNAL]|0051I00000112gB|trent@testorg.com|Pacific Standard Time|GMT-08:00
10:39:13.102 (102072004)|EXECUTION_STARTED
10:39:13.102 (102076012)|CODE_UNIT_STARTED|[EXTERNAL]|Aura
10:39:13.102 (102882340)|CODE_UNIT_STARTED|[EXTERNAL]|01p1I00000Dc465|GetCaseController.getClosedCases
10:39:13.102 (102959087)|SYSTEM_MODE_ENTER|false
10:39:13.102 (102989642)|HEAP_ALLOCATE|[23]|Bytes:5
10:39:13.102 (102999654)|STATEMENT_EXECUTE|[22]
10:39:13.102 (103003018)|STATEMENT_EXECUTE|[23]
10:39:13.102 (103009001)|HEAP_ALLOCATE|[23]|Bytes:61
10:39:13.102 (103031877)|HEAP_ALLOCATE|[23]|Bytes:4
10:39:13.102 (103278112)|SOQL_EXECUTE_BEGIN|[23]|Aggregations:0|SELECT Id, Priority FROM Case WHERE Status = 'Closed' LIMIT 4
10:39:13.102 (106562724)|SOQL_EXECUTE_END|[23]|Rows:4
10:39:13.102 (106590697)|HEAP_ALLOCATE|[23]|Bytes:20
10:39:13.102 (106617326)|HEAP_ALLOCATE|[23]|Bytes:181
10:39:13.102 (106665044)|HEAP_ALLOCATE|[23]|Bytes:20
10:39:13.102 (106686224)|VARIABLE_SCOPE_BEGIN|[23]|cases|List<Case>|true|false
10:39:13.102 (106742282)|VARIABLE_ASSIGNMENT|[23]|cases|[{"Id":"5001I000003mzcsQAA","Priority":"High"},{"Id":"5001I000003mzctQAA","Priority":"High"},{"Id":"5001I000003mzcvQAA","Priority":"Low"},{"Id":"5001I000003mzcwQAA","Priority":"Medium"}]|0x32cbbfbe
10:39:13.102 (106758027)|STATEMENT_EXECUTE|[24]
10:39:13.102 (106774330)|SYSTEM_MODE_EXIT|false
10:39:13.106 (106811287)|CUMULATIVE_LIMIT_USAGE
10:39:13.106 (106811287)|LIMIT_USAGE_FOR_NS|(default)|
  Number of SOQL queries: 4 out of 100
  Number of query rows: 7 out of 50000
  Number of SOSL queries: 0 out of 20
  Number of DML statements: 0 out of 150
  Number of DML rows: 0 out of 10000
  Maximum CPU time: 0 out of 10000
  Maximum heap size: 0 out of 6000000
  Number of callouts: 0 out of 100
  Number of Email Invocations: 0 out of 10
  Number of future calls: 0 out of 50
  Number of queueable jobs added to the queue: 0 out of 50
  Number of Mobile Apex push calls: 0 out of 10

10:39:13.106 (106811287)|CUMULATIVE_LIMIT_USAGE_END

10:39:13.102 (106872372)|CODE_UNIT_FINISHED|GetCaseController.getClosedCases
10:39:13.102 (106984964)|CODE_UNIT_FINISHED|Aura
10:39:13.102 (108159478)|EXECUTION_FINISHED
