41.0 APEX_CODE,FINEST;APEX_PROFILING,INFO;CALLOUT,INFO;DB,INFO;SYSTEM,DEBUG;VALIDATION,INFO;VISUALFORCE,INFO;WAVE,INFO;WORKFLOW,INFO
10:52:45.0 (317620)|USER_INFO|[EXTERNAL]|0051I00000112gB|trent@testorg.com|Pacific Standard Time|GMT-08:00
10:52:45.0 (356123)|EXECUTION_STARTED
10:52:45.0 (359812)|CODE_UNIT_STARTED|[EXTERNAL]|Aura
10:52:45.0 (1862693)|CODE_UNIT_STARTED|[EXTERNAL]|01p1I00000Dc465|GetCaseController.getNewCases
10:52:45.0 (2558735)|HEAP_ALLOCATE|[72]|Bytes:3
10:52:45.0 (2603463)|HEAP_ALLOCATE|[77]|Bytes:152
10:52:45.0 (2621922)|HEAP_ALLOCATE|[342]|Bytes:408
10:52:45.0 (2635466)|HEAP_ALLOCATE|[355]|Bytes:408
10:52:45.0 (2648375)|HEAP_ALLOCATE|[467]|Bytes:48
10:52:45.0 (2676780)|HEAP_ALLOCATE|[139]|Bytes:6
10:52:45.0 (2691780)|HEAP_ALLOCATE|[EXTERNAL]|Bytes:13
10:52:45.0 (2701787)|METHOD_ENTRY|[1]|01p1I00000Dc465|GetCaseController.GetCaseController()
10:52:45.0 (2707680)|STATEMENT_EXECUTE|[1]
10:52:45.0 (2712624)|STATEMENT_EXECUTE|[1]
10:52:45.0 (2745988)|HEAP_ALLOCATE|[50]|Bytes:5
10:52:45.0 (2771426)|HEAP_ALLOCATE|[56]|Bytes:5
10:52:45.0 (2778224)|HEAP_ALLOCATE|[64]|Bytes:7
10:52:45.0 (2800282)|SYSTEM_MODE_ENTER|false
10:52:45.0 (2815624)|HEAP_ALLOCATE|[EXTERNAL]|Bytes:5
10:52:45.0 (2824987)|SYSTEM_MODE_EXIT|false
10:52:45.0 (2834741)|METHOD_EXIT|[1]|GetCaseController
10:52:45.0 (2845161)|SYSTEM_MODE_ENTER|false
10:52:45.0 (2857416)|HEAP_ALLOCATE|[5]|Bytes:5
10:52:45.0 (2861626)|STATEMENT_EXECUTE|[4]
10:52:45.0 (2862886)|STATEMENT_EXECUTE|[5]
10:52:45.0 (2864967)|HEAP_ALLOCATE|[5]|Bytes:50
10:52:45.0 (2888199)|HEAP_ALLOCATE|[5]|Bytes:4
10:52:45.0 (4018984)|SOQL_EXECUTE_BEGIN|[5]|Aggregations:0|SELECT Id, Priority FROM Case WHERE Status = 'New'
10:52:45.0 (8380759)|SOQL_EXECUTE_END|[5]|Rows:3
10:52:45.0 (8403166)|HEAP_ALLOCATE|[5]|Bytes:16
10:52:45.0 (8421833)|HEAP_ALLOCATE|[5]|Bytes:132
10:52:45.0 (8485003)|HEAP_ALLOCATE|[5]|Bytes:16
10:52:45.0 (8498503)|VARIABLE_SCOPE_BEGIN|[5]|cases|List<Case>|true|false
10:52:45.0 (8535012)|VARIABLE_ASSIGNMENT|[5]|cases|[{"Id":"5001I000003mzcuQAA","Priority":"Low"},{"Id":"5001I000003mzd8QAA","Priority":"Low"},{"Id":"5001I000003mzdGQAQ","Priority":"Low"}]|0x1cb90230
10:52:45.0 (8543690)|STATEMENT_EXECUTE|[6]
10:52:45.0 (8554232)|SYSTEM_MODE_EXIT|false
10:52:45.8 (8580346)|CUMULATIVE_LIMIT_USAGE
10:52:45.8 (8580346)|LIMIT_USAGE_FOR_NS|(default)|
  Number of SOQL queries: 1 out of 100
  Number of query rows: 3 out of 50000
  Number of SOSL queries: 0 out of 20
  Number of DML statements: 0 out of 150
  Number of DML rows: 0 out of 10000
  Maximum CPU time: 0 out of 10000
  Maximum heap size: 0 out of 6000000
  Number of callouts: 0 out of 100
  Number of Email Invocations: 0 out of 10
  Number of future calls: 0 out of 50
  Number of queueable jobs added to the queue: 0 out of 50
  Number of Mobile Apex push calls: 0 out of 10

10:52:45.8 (8580346)|CUMULATIVE_LIMIT_USAGE_END

10:52:45.0 (8615326)|CODE_UNIT_FINISHED|GetCaseController.getNewCases
10:52:45.0 (8675554)|CODE_UNIT_FINISHED|Aura
10:52:45.0 (9677030)|EXECUTION_FINISHED
10:52:45.11 (11071662)|USER_INFO|[EXTERNAL]|0051I00000112gB|trent@testorg.com|Pacific Standard Time|GMT-08:00
10:52:45.11 (11084981)|EXECUTION_STARTED
10:52:45.11 (11087628)|CODE_UNIT_STARTED|[EXTERNAL]|Aura
10:52:45.11 (11779696)|CODE_UNIT_STARTED|[EXTERNAL]|01p1I00000Dc465|GetCaseController.getWorkingCases
10:52:45.11 (11823472)|SYSTEM_MODE_ENTER|false
10:52:45.11 (11841950)|HEAP_ALLOCATE|[11]|Bytes:5
10:52:45.11 (11848714)|STATEMENT_EXECUTE|[10]
10:52:45.11 (11850254)|STATEMENT_EXECUTE|[11]
10:52:45.11 (11853554)|HEAP_ALLOCATE|[11]|Bytes:62
10:52:45.11 (11868074)|HEAP_ALLOCATE|[11]|Bytes:4
10:52:45.11 (12026496)|SOQL_EXECUTE_BEGIN|[11]|Aggregations:0|SELECT Id, Priority FROM Case WHERE Status = 'Working' LIMIT 4
10:52:45.11 (15996783)|SOQL_EXECUTE_END|[11]|Rows:0
10:52:45.11 (16015952)|HEAP_ALLOCATE|[11]|Bytes:4
10:52:45.11 (16025584)|HEAP_ALLOCATE|[11]|Bytes:0
10:52:45.11 (16058367)|HEAP_ALLOCATE|[11]|Bytes:4
10:52:45.11 (16069359)|VARIABLE_SCOPE_BEGIN|[11]|cases|List<Case>|true|false
10:52:45.11 (16086953)|VARIABLE_ASSIGNMENT|[11]|cases|[]|0x4f617a00
10:52:45.11 (16093275)|STATEMENT_EXECUTE|[12]
10:52:45.11 (16100952)|SYSTEM_MODE_EXIT|false
10:52:45.16 (16116157)|CUMULATIVE_LIMIT_USAGE
10:52:45.16 (16116157)|LIMIT_USAGE_FOR_NS|(default)|
  Number of SOQL queries: 2 out of 100
  Number of query rows: 3 out of 50000
  Number of SOSL queries: 0 out of 20
  Number of DML statements: 0 out of 150
  Number of DML rows: 0 out of 10000
  Maximum CPU time: 0 out of 10000
  Maximum heap size: 0 out of 6000000
  Number of callouts: 0 out of 100
  Number of Email Invocations: 0 out of 10
  Number of future calls: 0 out of 50
  Number of queueable jobs added to the queue: 0 out of 50
  Number of Mobile Apex push calls: 0 out of 10

10:52:45.16 (16116157)|CUMULATIVE_LIMIT_USAGE_END

10:52:45.11 (16138775)|CODE_UNIT_FINISHED|GetCaseController.getWorkingCases
10:52:45.11 (16177210)|CODE_UNIT_FINISHED|Aura
10:52:45.11 (17146971)|EXECUTION_FINISHED
10:52:45.17 (17845460)|USER_INFO|[EXTERNAL]|0051I00000112gB|trent@testorg.com|Pacific Standard Time|GMT-08:00
10:52:45.17 (17858195)|EXECUTION_STARTED
10:52:45.17 (17860330)|CODE_UNIT_STARTED|[EXTERNAL]|Aura
10:52:45.17 (18551000)|CODE_UNIT_STARTED|[EXTERNAL]|01p1I00000Dc465|GetCaseController.getEscalatedCases
10:52:45.17 (18590468)|SYSTEM_MODE_ENTER|false
10:52:45.17 (18607117)|HEAP_ALLOCATE|[17]|Bytes:5
10:52:45.17 (18613312)|STATEMENT_EXECUTE|[16]
10:52:45.17 (18614597)|STATEMENT_EXECUTE|[17]
10:52:45.17 (18617444)|HEAP_ALLOCATE|[17]|Bytes:64
10:52:45.17 (18631101)|HEAP_ALLOCATE|[17]|Bytes:4
10:52:45.17 (18764951)|SOQL_EXECUTE_BEGIN|[17]|Aggregations:0|SELECT Id, Priority FROM Case WHERE Status = 'Escalated' LIMIT 4
10:52:45.17 (20732055)|SOQL_EXECUTE_END|[17]|Rows:0
10:52:45.17 (20754805)|HEAP_ALLOCATE|[17]|Bytes:4
10:52:45.17 (20766192)|HEAP_ALLOCATE|[17]|Bytes:0
10:52:45.17 (20795550)|HEAP_ALLOCATE|[17]|Bytes:4
10:52:45.17 (20806296)|VARIABLE_SCOPE_BEGIN|[17]|cases|List<Case>|true|false
10:52:45.17 (20824910)|VARIABLE_ASSIGNMENT|[17]|cases|[]|0x65c3032a
10:52:45.17 (20831031)|STATEMENT_EXECUTE|[18]
10:52:45.17 (20838480)|SYSTEM_MODE_EXIT|false
10:52:45.20 (20852306)|CUMULATIVE_LIMIT_USAGE
10:52:45.20 (20852306)|LIMIT_USAGE_FOR_NS|(default)|
  Number of SOQL queries: 3 out of 100
  Number of query rows: 3 out of 50000
  Number of SOSL queries: 0 out of 20
  Number of DML statements: 0 out of 150
  Number of DML rows: 0 out of 10000
  Maximum CPU time: 0 out of 10000
  Maximum heap size: 0 out of 6000000
  Number of callouts: 0 out of 100
  Number of Email Invocations: 0 out of 10
  Number of future calls: 0 out of 50
  Number of queueable jobs added to the queue: 0 out of 50
  Number of Mobile Apex push calls: 0 out of 10

10:52:45.20 (20852306)|CUMULATIVE_LIMIT_USAGE_END

10:52:45.17 (20872708)|CODE_UNIT_FINISHED|GetCaseController.getEscalatedCases
10:52:45.17 (20910865)|CODE_UNIT_FINISHED|Aura
10:52:45.17 (21868213)|EXECUTION_FINISHED
10:52:45.22 (22556027)|USER_INFO|[EXTERNAL]|0051I00000112gB|trent@testorg.com|Pacific Standard Time|GMT-08:00
10:52:45.22 (22567268)|EXECUTION_STARTED
10:52:45.22 (22569376)|CODE_UNIT_STARTED|[EXTERNAL]|Aura
10:52:45.22 (23240478)|CODE_UNIT_STARTED|[EXTERNAL]|01p1I00000Dc465|GetCaseController.getClosedCases
10:52:45.22 (23277447)|SYSTEM_MODE_ENTER|false
10:52:45.22 (23294502)|HEAP_ALLOCATE|[23]|Bytes:5
10:52:45.22 (23300725)|STATEMENT_EXECUTE|[22]
10:52:45.22 (23302126)|STATEMENT_EXECUTE|[23]
10:52:45.22 (23304966)|HEAP_ALLOCATE|[23]|Bytes:61
10:52:45.22 (23317010)|HEAP_ALLOCATE|[23]|Bytes:4
10:52:45.22 (23443751)|SOQL_EXECUTE_BEGIN|[23]|Aggregations:0|SELECT Id, Priority FROM Case WHERE Status = 'Closed' LIMIT 4
10:52:45.22 (25462341)|SOQL_EXECUTE_END|[23]|Rows:4
10:52:45.22 (25482384)|HEAP_ALLOCATE|[23]|Bytes:20
10:52:45.22 (25500869)|HEAP_ALLOCATE|[23]|Bytes:181
10:52:45.22 (25528064)|HEAP_ALLOCATE|[23]|Bytes:20
10:52:45.22 (25538662)|VARIABLE_SCOPE_BEGIN|[23]|cases|List<Case>|true|false
10:52:45.22 (25563235)|VARIABLE_ASSIGNMENT|[23]|cases|[{"Id":"5001I000003mzcsQAA","Priority":"High"},{"Id":"5001I000003mzctQAA","Priority":"High"},{"Id":"5001I000003mzcvQAA","Priority":"Low"},{"Id":"5001I000003mzcwQAA","Priority":"Medium"}]|0x437a057a
10:52:45.22 (25571377)|STATEMENT_EXECUTE|[24]
10:52:45.22 (25578841)|SYSTEM_MODE_EXIT|false
10:52:45.25 (25591270)|CUMULATIVE_LIMIT_USAGE
10:52:45.25 (25591270)|LIMIT_USAGE_FOR_NS|(default)|
  Number of SOQL queries: 4 out of 100
  Number of query rows: 7 out of 50000
  Number of SOSL queries: 0 out of 20
  Number of DML statements: 0 out of 150
  Number of DML rows: 0 out of 10000
  Maximum CPU time: 0 out of 10000
  Maximum heap size: 0 out of 6000000
  Number of callouts: 0 out of 100
  Number of Email Invocations: 0 out of 10
  Number of future calls: 0 out of 50
  Number of queueable jobs added to the queue: 0 out of 50
  Number of Mobile Apex push calls: 0 out of 10

10:52:45.25 (25591270)|CUMULATIVE_LIMIT_USAGE_END

10:52:45.22 (25610718)|CODE_UNIT_FINISHED|GetCaseController.getClosedCases
10:52:45.22 (25665004)|CODE_UNIT_FINISHED|Aura
10:52:45.22 (26657163)|EXECUTION_FINISHED
