41.0 APEX_CODE,FINEST;APEX_PROFILING,INFO;CALLOUT,INFO;DB,INFO;SYSTEM,DEBUG;VALIDATION,INFO;VISUALFORCE,INFO;WAVE,INFO;WORKFLOW,INFO
09:34:02.0 (323517)|USER_INFO|[EXTERNAL]|0051I00000112gB|trent@testorg.com|Pacific Standard Time|GMT-08:00
09:34:02.0 (354612)|EXECUTION_STARTED
09:34:02.0 (358154)|CODE_UNIT_STARTED|[EXTERNAL]|Aura
09:34:02.0 (1690171)|CODE_UNIT_STARTED|[EXTERNAL]|01p1I00000Dc465|GetCaseController.getNewCases
09:34:02.0 (2324967)|HEAP_ALLOCATE|[72]|Bytes:3
09:34:02.0 (2366065)|HEAP_ALLOCATE|[77]|Bytes:152
09:34:02.0 (2382909)|HEAP_ALLOCATE|[342]|Bytes:408
09:34:02.0 (2398798)|HEAP_ALLOCATE|[355]|Bytes:408
09:34:02.0 (2411154)|HEAP_ALLOCATE|[467]|Bytes:48
09:34:02.0 (2438725)|HEAP_ALLOCATE|[139]|Bytes:6
09:34:02.0 (2453009)|HEAP_ALLOCATE|[EXTERNAL]|Bytes:13
09:34:02.0 (2464586)|METHOD_ENTRY|[1]|01p1I00000Dc465|GetCaseController.GetCaseController()
09:34:02.0 (2470067)|STATEMENT_EXECUTE|[1]
09:34:02.0 (2475295)|STATEMENT_EXECUTE|[1]
09:34:02.0 (2506688)|HEAP_ALLOCATE|[50]|Bytes:5
09:34:02.0 (2527837)|HEAP_ALLOCATE|[56]|Bytes:5
09:34:02.0 (2534682)|HEAP_ALLOCATE|[64]|Bytes:7
09:34:02.0 (2556899)|SYSTEM_MODE_ENTER|false
09:34:02.0 (2572255)|HEAP_ALLOCATE|[EXTERNAL]|Bytes:5
09:34:02.0 (2580097)|SYSTEM_MODE_EXIT|false
09:34:02.0 (2586782)|METHOD_EXIT|[1]|GetCaseController
09:34:02.0 (2596522)|SYSTEM_MODE_ENTER|false
09:34:02.0 (2607532)|HEAP_ALLOCATE|[5]|Bytes:5
09:34:02.0 (2611758)|STATEMENT_EXECUTE|[4]
09:34:02.0 (2612792)|STATEMENT_EXECUTE|[5]
09:34:02.0 (2614859)|HEAP_ALLOCATE|[5]|Bytes:58
09:34:02.0 (2634663)|HEAP_ALLOCATE|[5]|Bytes:4
09:34:02.0 (3545308)|SOQL_EXECUTE_BEGIN|[5]|Aggregations:0|SELECT Id, Priority FROM Case WHERE Status = 'New' LIMIT 4
09:34:02.0 (9769731)|SOQL_EXECUTE_END|[5]|Rows:3
09:34:02.0 (9792641)|HEAP_ALLOCATE|[5]|Bytes:16
09:34:02.0 (9811006)|HEAP_ALLOCATE|[5]|Bytes:132
09:34:02.0 (9863803)|HEAP_ALLOCATE|[5]|Bytes:16
09:34:02.0 (9877957)|VARIABLE_SCOPE_BEGIN|[5]|cases|List<Case>|true|false
09:34:02.0 (9922231)|VARIABLE_ASSIGNMENT|[5]|cases|[{"Id":"5001I000003mzcuQAA","Priority":"Low"},{"Id":"5001I000003mzd8QAA","Priority":"Low"},{"Id":"5001I000003mzdGQAQ","Priority":"Low"}]|0x3f4446cd
09:34:02.0 (9931055)|STATEMENT_EXECUTE|[6]
09:34:02.0 (9940478)|SYSTEM_MODE_EXIT|false
09:34:02.9 (9964965)|CUMULATIVE_LIMIT_USAGE
09:34:02.9 (9964965)|LIMIT_USAGE_FOR_NS|(default)|
  Number of SOQL queries: 1 out of 100
  Number of query rows: 3 out of 50000
  Number of SOSL queries: 0 out of 20
  Number of DML statements: 0 out of 150
  Number of DML rows: 0 out of 10000
  Maximum CPU time: 0 out of 10000
  Maximum heap size: 0 out of 6000000
  Number of callouts: 0 out of 100
  Number of Email Invocations: 0 out of 10
  Number of future calls: 0 out of 50
  Number of queueable jobs added to the queue: 0 out of 50
  Number of Mobile Apex push calls: 0 out of 10

09:34:02.9 (9964965)|CUMULATIVE_LIMIT_USAGE_END

09:34:02.0 (9994643)|CODE_UNIT_FINISHED|GetCaseController.getNewCases
09:34:02.0 (10072547)|CODE_UNIT_FINISHED|Aura
09:34:02.0 (11109783)|EXECUTION_FINISHED
09:34:02.17 (17830499)|USER_INFO|[EXTERNAL]|0051I00000112gB|trent@testorg.com|Pacific Standard Time|GMT-08:00
09:34:02.17 (17844573)|EXECUTION_STARTED
09:34:02.17 (17847774)|CODE_UNIT_STARTED|[EXTERNAL]|Aura
09:34:02.17 (18533611)|CODE_UNIT_STARTED|[EXTERNAL]|01p1I00000Dc465|GetCaseController.getWorkingCases
09:34:02.17 (18585880)|SYSTEM_MODE_ENTER|false
09:34:02.17 (18610883)|HEAP_ALLOCATE|[11]|Bytes:5
09:34:02.17 (18617851)|STATEMENT_EXECUTE|[10]
09:34:02.17 (18619123)|STATEMENT_EXECUTE|[11]
09:34:02.17 (18622805)|HEAP_ALLOCATE|[11]|Bytes:62
09:34:02.17 (18643291)|HEAP_ALLOCATE|[11]|Bytes:4
09:34:02.17 (18832918)|SOQL_EXECUTE_BEGIN|[11]|Aggregations:0|SELECT Id, Priority FROM Case WHERE Status = 'Working' LIMIT 4
09:34:02.17 (21082371)|SOQL_EXECUTE_END|[11]|Rows:0
09:34:02.17 (21102484)|HEAP_ALLOCATE|[11]|Bytes:4
09:34:02.17 (21112098)|HEAP_ALLOCATE|[11]|Bytes:0
09:34:02.17 (21150662)|HEAP_ALLOCATE|[11]|Bytes:4
09:34:02.17 (21161885)|VARIABLE_SCOPE_BEGIN|[11]|cases|List<Case>|true|false
09:34:02.17 (21184590)|VARIABLE_ASSIGNMENT|[11]|cases|[]|0x327d957d
09:34:02.17 (21190548)|STATEMENT_EXECUTE|[12]
09:34:02.17 (21198958)|SYSTEM_MODE_EXIT|false
09:34:02.21 (21217600)|CUMULATIVE_LIMIT_USAGE
09:34:02.21 (21217600)|LIMIT_USAGE_FOR_NS|(default)|
  Number of SOQL queries: 2 out of 100
  Number of query rows: 3 out of 50000
  Number of SOSL queries: 0 out of 20
  Number of DML statements: 0 out of 150
  Number of DML rows: 0 out of 10000
  Maximum CPU time: 0 out of 10000
  Maximum heap size: 0 out of 6000000
  Number of callouts: 0 out of 100
  Number of Email Invocations: 0 out of 10
  Number of future calls: 0 out of 50
  Number of queueable jobs added to the queue: 0 out of 50
  Number of Mobile Apex push calls: 0 out of 10

09:34:02.21 (21217600)|CUMULATIVE_LIMIT_USAGE_END

09:34:02.17 (21242560)|CODE_UNIT_FINISHED|GetCaseController.getWorkingCases
09:34:02.17 (21286428)|CODE_UNIT_FINISHED|Aura
09:34:02.17 (22250741)|EXECUTION_FINISHED
09:34:02.22 (22922727)|USER_INFO|[EXTERNAL]|0051I00000112gB|trent@testorg.com|Pacific Standard Time|GMT-08:00
09:34:02.22 (22935093)|EXECUTION_STARTED
09:34:02.22 (22937366)|CODE_UNIT_STARTED|[EXTERNAL]|Aura
09:34:02.22 (23624364)|CODE_UNIT_STARTED|[EXTERNAL]|01p1I00000Dc465|GetCaseController.getClosedCases
09:34:02.22 (23670370)|SYSTEM_MODE_ENTER|false
09:34:02.22 (23689310)|HEAP_ALLOCATE|[23]|Bytes:5
09:34:02.22 (23695445)|STATEMENT_EXECUTE|[22]
09:34:02.22 (23696997)|STATEMENT_EXECUTE|[23]
09:34:02.22 (23700170)|HEAP_ALLOCATE|[23]|Bytes:61
09:34:02.22 (23715166)|HEAP_ALLOCATE|[23]|Bytes:4
09:34:02.22 (23856518)|SOQL_EXECUTE_BEGIN|[23]|Aggregations:0|SELECT Id, Priority FROM Case WHERE Status = 'Closed' LIMIT 4
09:34:02.22 (25987673)|SOQL_EXECUTE_END|[23]|Rows:4
09:34:02.22 (26004298)|HEAP_ALLOCATE|[23]|Bytes:20
09:34:02.22 (26024566)|HEAP_ALLOCATE|[23]|Bytes:181
09:34:02.22 (26055904)|HEAP_ALLOCATE|[23]|Bytes:20
09:34:02.22 (26067209)|VARIABLE_SCOPE_BEGIN|[23]|cases|List<Case>|true|false
09:34:02.22 (26096080)|VARIABLE_ASSIGNMENT|[23]|cases|[{"Id":"5001I000003mzcsQAA","Priority":"High"},{"Id":"5001I000003mzctQAA","Priority":"High"},{"Id":"5001I000003mzcvQAA","Priority":"Low"},{"Id":"5001I000003mzcwQAA","Priority":"Medium"}]|0x5caf2d52
09:34:02.22 (26105087)|STATEMENT_EXECUTE|[24]
09:34:02.22 (26112518)|SYSTEM_MODE_EXIT|false
09:34:02.26 (26127830)|CUMULATIVE_LIMIT_USAGE
09:34:02.26 (26127830)|LIMIT_USAGE_FOR_NS|(default)|
  Number of SOQL queries: 3 out of 100
  Number of query rows: 7 out of 50000
  Number of SOSL queries: 0 out of 20
  Number of DML statements: 0 out of 150
  Number of DML rows: 0 out of 10000
  Maximum CPU time: 0 out of 10000
  Maximum heap size: 0 out of 6000000
  Number of callouts: 0 out of 100
  Number of Email Invocations: 0 out of 10
  Number of future calls: 0 out of 50
  Number of queueable jobs added to the queue: 0 out of 50
  Number of Mobile Apex push calls: 0 out of 10

09:34:02.26 (26127830)|CUMULATIVE_LIMIT_USAGE_END

09:34:02.22 (26148705)|CODE_UNIT_FINISHED|GetCaseController.getClosedCases
09:34:02.22 (26203342)|CODE_UNIT_FINISHED|Aura
09:34:02.22 (27210019)|EXECUTION_FINISHED
