41.0 APEX_CODE,FINEST;APEX_PROFILING,INFO;CALLOUT,INFO;DB,INFO;SYSTEM,DEBUG;VALIDATION,INFO;VISUALFORCE,INFO;WAVE,INFO;WORKFLOW,INFO
08:57:41.0 (316142)|USER_INFO|[EXTERNAL]|0051I00000112gB|trent@testorg.com|Pacific Standard Time|GMT-08:00
08:57:41.0 (353183)|EXECUTION_STARTED
08:57:41.0 (358018)|CODE_UNIT_STARTED|[EXTERNAL]|Aura
08:57:41.0 (1658281)|CODE_UNIT_STARTED|[EXTERNAL]|01p1I00000Dc465|GetCaseController.getAllCases
08:57:41.0 (2199794)|HEAP_ALLOCATE|[72]|Bytes:3
08:57:41.0 (2242865)|HEAP_ALLOCATE|[77]|Bytes:152
08:57:41.0 (2257179)|HEAP_ALLOCATE|[342]|Bytes:408
08:57:41.0 (2270145)|HEAP_ALLOCATE|[355]|Bytes:408
08:57:41.0 (2283488)|HEAP_ALLOCATE|[467]|Bytes:48
08:57:41.0 (2310021)|HEAP_ALLOCATE|[139]|Bytes:6
08:57:41.0 (2327607)|HEAP_ALLOCATE|[EXTERNAL]|Bytes:6
08:57:41.0 (2337394)|METHOD_ENTRY|[1]|01p1I00000Dc465|GetCaseController.GetCaseController()
08:57:41.0 (2343285)|STATEMENT_EXECUTE|[1]
08:57:41.0 (2347463)|STATEMENT_EXECUTE|[1]
08:57:41.0 (2376478)|HEAP_ALLOCATE|[50]|Bytes:5
08:57:41.0 (2400000)|HEAP_ALLOCATE|[56]|Bytes:5
08:57:41.0 (2407002)|HEAP_ALLOCATE|[64]|Bytes:7
08:57:41.0 (2424898)|SYSTEM_MODE_ENTER|false
08:57:41.0 (2439299)|HEAP_ALLOCATE|[EXTERNAL]|Bytes:5
08:57:41.0 (2446849)|SYSTEM_MODE_EXIT|false
08:57:41.0 (2454133)|METHOD_EXIT|[1]|GetCaseController
08:57:41.0 (2463166)|SYSTEM_MODE_ENTER|false
08:57:41.0 (2474755)|HEAP_ALLOCATE|[16]|Bytes:5
08:57:41.0 (2478615)|STATEMENT_EXECUTE|[15]
08:57:41.0 (2479855)|STATEMENT_EXECUTE|[16]
08:57:41.0 (2482089)|HEAP_ALLOCATE|[16]|Bytes:29
08:57:41.0 (2498488)|HEAP_ALLOCATE|[16]|Bytes:4
08:57:41.0 (3298931)|SOQL_EXECUTE_BEGIN|[16]|Aggregations:0|SELECT Id, Priority FROM Case
08:57:41.0 (5537930)|SOQL_EXECUTE_END|[16]|Rows:26
08:57:41.0 (5556608)|HEAP_ALLOCATE|[16]|Bytes:108
08:57:41.0 (5601654)|HEAP_ALLOCATE|[16]|Bytes:1189
08:57:41.0 (5656298)|HEAP_ALLOCATE|[16]|Bytes:108
08:57:41.0 (5669004)|VARIABLE_SCOPE_BEGIN|[16]|cases|List<Case>|true|false
08:57:41.0 (5699188)|VARIABLE_ASSIGNMENT|[16]|cases|"List of size 26 too large to display"|0x344bb2fb
08:57:41.0 (5705567)|STATEMENT_EXECUTE|[17]
08:57:41.0 (5714616)|SYSTEM_MODE_EXIT|false
08:57:41.5 (5734923)|CUMULATIVE_LIMIT_USAGE
08:57:41.5 (5734923)|LIMIT_USAGE_FOR_NS|(default)|
  Number of SOQL queries: 1 out of 100
  Number of query rows: 26 out of 50000
  Number of SOSL queries: 0 out of 20
  Number of DML statements: 0 out of 150
  Number of DML rows: 0 out of 10000
  Maximum CPU time: 0 out of 10000
  Maximum heap size: 0 out of 6000000
  Number of callouts: 0 out of 100
  Number of Email Invocations: 0 out of 10
  Number of future calls: 0 out of 50
  Number of queueable jobs added to the queue: 0 out of 50
  Number of Mobile Apex push calls: 0 out of 10

08:57:41.5 (5734923)|CUMULATIVE_LIMIT_USAGE_END

08:57:41.0 (5767821)|CODE_UNIT_FINISHED|GetCaseController.getAllCases
08:57:41.0 (5909843)|CODE_UNIT_FINISHED|Aura
08:57:41.0 (6985119)|EXECUTION_FINISHED
