41.0 APEX_CODE,FINEST;APEX_PROFILING,INFO;CALLOUT,INFO;DB,INFO;SYSTEM,DEBUG;VALIDATION,INFO;VISUALFORCE,INFO;WAVE,INFO;WORKFLOW,INFO
09:48:25.0 (557793)|USER_INFO|[EXTERNAL]|0051I00000112gB|trent@testorg.com|Pacific Standard Time|GMT-08:00
09:48:25.0 (609213)|EXECUTION_STARTED
09:48:25.0 (616034)|CODE_UNIT_STARTED|[EXTERNAL]|Aura
09:48:25.0 (2364066)|CODE_UNIT_STARTED|[EXTERNAL]|01p1I00000Dc465|GetCaseController.getNewCases
09:48:25.0 (3191791)|HEAP_ALLOCATE|[72]|Bytes:3
09:48:25.0 (3271797)|HEAP_ALLOCATE|[77]|Bytes:152
09:48:25.0 (3289241)|HEAP_ALLOCATE|[342]|Bytes:408
09:48:25.0 (3304649)|HEAP_ALLOCATE|[355]|Bytes:408
09:48:25.0 (3317914)|HEAP_ALLOCATE|[467]|Bytes:48
09:48:25.0 (3370815)|HEAP_ALLOCATE|[139]|Bytes:6
09:48:25.0 (3386831)|HEAP_ALLOCATE|[EXTERNAL]|Bytes:13
09:48:25.0 (3420959)|METHOD_ENTRY|[1]|01p1I00000Dc465|GetCaseController.GetCaseController()
09:48:25.0 (3427617)|STATEMENT_EXECUTE|[1]
09:48:25.0 (3432844)|STATEMENT_EXECUTE|[1]
09:48:25.0 (3466653)|HEAP_ALLOCATE|[50]|Bytes:5
09:48:25.0 (3491706)|HEAP_ALLOCATE|[56]|Bytes:5
09:48:25.0 (3498406)|HEAP_ALLOCATE|[64]|Bytes:7
09:48:25.0 (3520213)|SYSTEM_MODE_ENTER|false
09:48:25.0 (3540050)|HEAP_ALLOCATE|[EXTERNAL]|Bytes:5
09:48:25.0 (3553700)|SYSTEM_MODE_EXIT|false
09:48:25.0 (3579018)|METHOD_EXIT|[1]|GetCaseController
09:48:25.0 (3596512)|SYSTEM_MODE_ENTER|false
09:48:25.0 (3614118)|HEAP_ALLOCATE|[5]|Bytes:5
09:48:25.0 (3618883)|STATEMENT_EXECUTE|[4]
09:48:25.0 (3620885)|STATEMENT_EXECUTE|[5]
09:48:25.0 (3623375)|HEAP_ALLOCATE|[5]|Bytes:50
09:48:25.0 (3649452)|HEAP_ALLOCATE|[5]|Bytes:4
09:48:25.0 (4730385)|SOQL_EXECUTE_BEGIN|[5]|Aggregations:0|SELECT Id, Priority FROM Case WHERE Status = 'New'
09:48:25.0 (9028099)|SOQL_EXECUTE_END|[5]|Rows:3
09:48:25.0 (9049849)|HEAP_ALLOCATE|[5]|Bytes:16
09:48:25.0 (9072566)|HEAP_ALLOCATE|[5]|Bytes:132
09:48:25.0 (9136382)|HEAP_ALLOCATE|[5]|Bytes:16
09:48:25.0 (9153283)|VARIABLE_SCOPE_BEGIN|[5]|cases|List<Case>|true|false
09:48:25.0 (9192156)|VARIABLE_ASSIGNMENT|[5]|cases|[{"Id":"5001I000003mzcuQAA","Priority":"Low"},{"Id":"5001I000003mzd8QAA","Priority":"Low"},{"Id":"5001I000003mzdGQAQ","Priority":"Low"}]|0x784817d2
09:48:25.0 (9200584)|STATEMENT_EXECUTE|[6]
09:48:25.0 (9212055)|SYSTEM_MODE_EXIT|false
09:48:25.9 (9234999)|CUMULATIVE_LIMIT_USAGE
09:48:25.9 (9234999)|LIMIT_USAGE_FOR_NS|(default)|
  Number of SOQL queries: 1 out of 100
  Number of query rows: 3 out of 50000
  Number of SOSL queries: 0 out of 20
  Number of DML statements: 0 out of 150
  Number of DML rows: 0 out of 10000
  Maximum CPU time: 0 out of 10000
  Maximum heap size: 0 out of 6000000
  Number of callouts: 0 out of 100
  Number of Email Invocations: 0 out of 10
  Number of future calls: 0 out of 50
  Number of queueable jobs added to the queue: 0 out of 50
  Number of Mobile Apex push calls: 0 out of 10

09:48:25.9 (9234999)|CUMULATIVE_LIMIT_USAGE_END

09:48:25.0 (9268745)|CODE_UNIT_FINISHED|GetCaseController.getNewCases
09:48:25.0 (9352089)|CODE_UNIT_FINISHED|Aura
09:48:25.0 (10492688)|EXECUTION_FINISHED
09:48:25.17 (17960194)|USER_INFO|[EXTERNAL]|0051I00000112gB|trent@testorg.com|Pacific Standard Time|GMT-08:00
09:48:25.17 (17982578)|EXECUTION_STARTED
09:48:25.17 (17987506)|CODE_UNIT_STARTED|[EXTERNAL]|Aura
09:48:25.17 (18735047)|CODE_UNIT_STARTED|[EXTERNAL]|01p1I00000Dc465|GetCaseController.getWorkingCases
09:48:25.17 (18828771)|SYSTEM_MODE_ENTER|false
09:48:25.17 (18868690)|HEAP_ALLOCATE|[11]|Bytes:5
09:48:25.17 (18877520)|STATEMENT_EXECUTE|[10]
09:48:25.17 (18879684)|STATEMENT_EXECUTE|[11]
09:48:25.17 (18884918)|HEAP_ALLOCATE|[11]|Bytes:62
09:48:25.17 (18911110)|HEAP_ALLOCATE|[11]|Bytes:4
09:48:25.17 (19090344)|SOQL_EXECUTE_BEGIN|[11]|Aggregations:0|SELECT Id, Priority FROM Case WHERE Status = 'Working' LIMIT 4
09:48:25.17 (23806824)|SOQL_EXECUTE_END|[11]|Rows:0
09:48:25.17 (23828564)|HEAP_ALLOCATE|[11]|Bytes:4
09:48:25.17 (23839591)|HEAP_ALLOCATE|[11]|Bytes:0
09:48:25.17 (23888538)|HEAP_ALLOCATE|[11]|Bytes:4
09:48:25.17 (23903298)|VARIABLE_SCOPE_BEGIN|[11]|cases|List<Case>|true|false
09:48:25.17 (23930123)|VARIABLE_ASSIGNMENT|[11]|cases|[]|0x672ef530
09:48:25.17 (23936177)|STATEMENT_EXECUTE|[12]
09:48:25.17 (23949599)|SYSTEM_MODE_EXIT|false
09:48:25.23 (23973157)|CUMULATIVE_LIMIT_USAGE
09:48:25.23 (23973157)|LIMIT_USAGE_FOR_NS|(default)|
  Number of SOQL queries: 2 out of 100
  Number of query rows: 3 out of 50000
  Number of SOSL queries: 0 out of 20
  Number of DML statements: 0 out of 150
  Number of DML rows: 0 out of 10000
  Maximum CPU time: 0 out of 10000
  Maximum heap size: 0 out of 6000000
  Number of callouts: 0 out of 100
  Number of Email Invocations: 0 out of 10
  Number of future calls: 0 out of 50
  Number of queueable jobs added to the queue: 0 out of 50
  Number of Mobile Apex push calls: 0 out of 10

09:48:25.23 (23973157)|CUMULATIVE_LIMIT_USAGE_END

09:48:25.17 (24002965)|CODE_UNIT_FINISHED|GetCaseController.getWorkingCases
09:48:25.17 (24056814)|CODE_UNIT_FINISHED|Aura
09:48:25.17 (25139201)|EXECUTION_FINISHED
09:48:25.25 (25827483)|USER_INFO|[EXTERNAL]|0051I00000112gB|trent@testorg.com|Pacific Standard Time|GMT-08:00
09:48:25.25 (25840894)|EXECUTION_STARTED
09:48:25.25 (25843623)|CODE_UNIT_STARTED|[EXTERNAL]|Aura
09:48:25.25 (26530926)|CODE_UNIT_STARTED|[EXTERNAL]|01p1I00000Dc465|GetCaseController.getClosedCases
09:48:25.25 (26570359)|SYSTEM_MODE_ENTER|false
09:48:25.25 (26588885)|HEAP_ALLOCATE|[23]|Bytes:5
09:48:25.25 (26593901)|STATEMENT_EXECUTE|[22]
09:48:25.25 (26595360)|STATEMENT_EXECUTE|[23]
09:48:25.25 (26598362)|HEAP_ALLOCATE|[23]|Bytes:61
09:48:25.25 (26612354)|HEAP_ALLOCATE|[23]|Bytes:4
09:48:25.25 (26756872)|SOQL_EXECUTE_BEGIN|[23]|Aggregations:0|SELECT Id, Priority FROM Case WHERE Status = 'Closed' LIMIT 4
09:48:25.25 (28945780)|SOQL_EXECUTE_END|[23]|Rows:4
09:48:25.25 (28961509)|HEAP_ALLOCATE|[23]|Bytes:20
09:48:25.25 (28985715)|HEAP_ALLOCATE|[23]|Bytes:181
09:48:25.25 (29013236)|HEAP_ALLOCATE|[23]|Bytes:20
09:48:25.25 (29023662)|VARIABLE_SCOPE_BEGIN|[23]|cases|List<Case>|true|false
09:48:25.25 (29050705)|VARIABLE_ASSIGNMENT|[23]|cases|[{"Id":"5001I000003mzcsQAA","Priority":"High"},{"Id":"5001I000003mzctQAA","Priority":"High"},{"Id":"5001I000003mzcvQAA","Priority":"Low"},{"Id":"5001I000003mzcwQAA","Priority":"Medium"}]|0x3f36cbe8
09:48:25.25 (29059040)|STATEMENT_EXECUTE|[24]
09:48:25.25 (29066338)|SYSTEM_MODE_EXIT|false
09:48:25.29 (29080320)|CUMULATIVE_LIMIT_USAGE
09:48:25.29 (29080320)|LIMIT_USAGE_FOR_NS|(default)|
  Number of SOQL queries: 3 out of 100
  Number of query rows: 7 out of 50000
  Number of SOSL queries: 0 out of 20
  Number of DML statements: 0 out of 150
  Number of DML rows: 0 out of 10000
  Maximum CPU time: 0 out of 10000
  Maximum heap size: 0 out of 6000000
  Number of callouts: 0 out of 100
  Number of Email Invocations: 0 out of 10
  Number of future calls: 0 out of 50
  Number of queueable jobs added to the queue: 0 out of 50
  Number of Mobile Apex push calls: 0 out of 10

09:48:25.29 (29080320)|CUMULATIVE_LIMIT_USAGE_END

09:48:25.25 (29097967)|CODE_UNIT_FINISHED|GetCaseController.getClosedCases
09:48:25.25 (29145684)|CODE_UNIT_FINISHED|Aura
09:48:25.25 (30098235)|EXECUTION_FINISHED
