41.0 APEX_CODE,FINEST;APEX_PROFILING,INFO;CALLOUT,INFO;DB,INFO;SYSTEM,DEBUG;VALIDATION,INFO;VISUALFORCE,INFO;WAVE,INFO;WORKFLOW,INFO
09:59:04.0 (316096)|USER_INFO|[EXTERNAL]|0051I00000112gB|trent@testorg.com|Pacific Standard Time|GMT-08:00
09:59:04.0 (351856)|EXECUTION_STARTED
09:59:04.0 (355113)|CODE_UNIT_STARTED|[EXTERNAL]|Aura
09:59:04.0 (1621635)|CODE_UNIT_STARTED|[EXTERNAL]|01p1I00000Dc465|GetCaseController.getNewCases
09:59:04.0 (2376148)|HEAP_ALLOCATE|[72]|Bytes:3
09:59:04.0 (2434901)|HEAP_ALLOCATE|[77]|Bytes:152
09:59:04.0 (2449874)|HEAP_ALLOCATE|[342]|Bytes:408
09:59:04.0 (2464886)|HEAP_ALLOCATE|[355]|Bytes:408
09:59:04.0 (2477426)|HEAP_ALLOCATE|[467]|Bytes:48
09:59:04.0 (2504300)|HEAP_ALLOCATE|[139]|Bytes:6
09:59:04.0 (2557705)|HEAP_ALLOCATE|[EXTERNAL]|Bytes:13
09:59:04.0 (2593338)|METHOD_ENTRY|[1]|01p1I00000Dc465|GetCaseController.GetCaseController()
09:59:04.0 (2600633)|STATEMENT_EXECUTE|[1]
09:59:04.0 (2606611)|STATEMENT_EXECUTE|[1]
09:59:04.0 (2635065)|HEAP_ALLOCATE|[50]|Bytes:5
09:59:04.0 (2654847)|HEAP_ALLOCATE|[56]|Bytes:5
09:59:04.0 (2662407)|HEAP_ALLOCATE|[64]|Bytes:7
09:59:04.0 (2683772)|SYSTEM_MODE_ENTER|false
09:59:04.0 (2869353)|HEAP_ALLOCATE|[EXTERNAL]|Bytes:5
09:59:04.0 (2877873)|SYSTEM_MODE_EXIT|false
09:59:04.0 (2886251)|METHOD_EXIT|[1]|GetCaseController
09:59:04.0 (2898684)|SYSTEM_MODE_ENTER|false
09:59:04.0 (2911595)|HEAP_ALLOCATE|[5]|Bytes:5
09:59:04.0 (2915874)|STATEMENT_EXECUTE|[4]
09:59:04.0 (2917140)|STATEMENT_EXECUTE|[5]
09:59:04.0 (2919548)|HEAP_ALLOCATE|[5]|Bytes:50
09:59:04.0 (2936600)|HEAP_ALLOCATE|[5]|Bytes:4
09:59:04.0 (3850189)|SOQL_EXECUTE_BEGIN|[5]|Aggregations:0|SELECT Id, Priority FROM Case WHERE Status = 'New'
09:59:04.0 (9141791)|SOQL_EXECUTE_END|[5]|Rows:3
09:59:04.0 (9166951)|HEAP_ALLOCATE|[5]|Bytes:16
09:59:04.0 (9185543)|HEAP_ALLOCATE|[5]|Bytes:132
09:59:04.0 (9279480)|HEAP_ALLOCATE|[5]|Bytes:16
09:59:04.0 (9296652)|VARIABLE_SCOPE_BEGIN|[5]|cases|List<Case>|true|false
09:59:04.0 (9468014)|VARIABLE_ASSIGNMENT|[5]|cases|[{"Id":"5001I000003mzcuQAA","Priority":"Low"},{"Id":"5001I000003mzd8QAA","Priority":"Low"},{"Id":"5001I000003mzdGQAQ","Priority":"Low"}]|0x591ad183
09:59:04.0 (9476589)|STATEMENT_EXECUTE|[6]
09:59:04.0 (9485172)|SYSTEM_MODE_EXIT|false
09:59:04.9 (9508236)|CUMULATIVE_LIMIT_USAGE
09:59:04.9 (9508236)|LIMIT_USAGE_FOR_NS|(default)|
  Number of SOQL queries: 1 out of 100
  Number of query rows: 3 out of 50000
  Number of SOSL queries: 0 out of 20
  Number of DML statements: 0 out of 150
  Number of DML rows: 0 out of 10000
  Maximum CPU time: 0 out of 10000
  Maximum heap size: 0 out of 6000000
  Number of callouts: 0 out of 100
  Number of Email Invocations: 0 out of 10
  Number of future calls: 0 out of 50
  Number of queueable jobs added to the queue: 0 out of 50
  Number of Mobile Apex push calls: 0 out of 10

09:59:04.9 (9508236)|CUMULATIVE_LIMIT_USAGE_END

09:59:04.0 (9543888)|CODE_UNIT_FINISHED|GetCaseController.getNewCases
09:59:04.0 (9614047)|CODE_UNIT_FINISHED|Aura
09:59:04.0 (10647314)|EXECUTION_FINISHED
09:59:04.12 (12010759)|USER_INFO|[EXTERNAL]|0051I00000112gB|trent@testorg.com|Pacific Standard Time|GMT-08:00
09:59:04.12 (12024451)|EXECUTION_STARTED
09:59:04.12 (12027605)|CODE_UNIT_STARTED|[EXTERNAL]|Aura
09:59:04.12 (12709583)|CODE_UNIT_STARTED|[EXTERNAL]|01p1I00000Dc465|GetCaseController.getWorkingCases
09:59:04.12 (12751876)|SYSTEM_MODE_ENTER|false
09:59:04.12 (12768604)|HEAP_ALLOCATE|[11]|Bytes:5
09:59:04.12 (12774671)|STATEMENT_EXECUTE|[10]
09:59:04.12 (12776195)|STATEMENT_EXECUTE|[11]
09:59:04.12 (12779058)|HEAP_ALLOCATE|[11]|Bytes:62
09:59:04.12 (12794539)|HEAP_ALLOCATE|[11]|Bytes:4
09:59:04.12 (12977845)|SOQL_EXECUTE_BEGIN|[11]|Aggregations:0|SELECT Id, Priority FROM Case WHERE Status = 'Working' LIMIT 4
09:59:04.12 (15292645)|SOQL_EXECUTE_END|[11]|Rows:0
09:59:04.12 (15312084)|HEAP_ALLOCATE|[11]|Bytes:4
09:59:04.12 (15322147)|HEAP_ALLOCATE|[11]|Bytes:0
09:59:04.12 (15351381)|HEAP_ALLOCATE|[11]|Bytes:4
09:59:04.12 (15363500)|VARIABLE_SCOPE_BEGIN|[11]|cases|List<Case>|true|false
09:59:04.12 (15385430)|VARIABLE_ASSIGNMENT|[11]|cases|[]|0x60e21d16
09:59:04.12 (15391634)|STATEMENT_EXECUTE|[12]
09:59:04.12 (15398648)|SYSTEM_MODE_EXIT|false
09:59:04.15 (15416407)|CUMULATIVE_LIMIT_USAGE
09:59:04.15 (15416407)|LIMIT_USAGE_FOR_NS|(default)|
  Number of SOQL queries: 2 out of 100
  Number of query rows: 3 out of 50000
  Number of SOSL queries: 0 out of 20
  Number of DML statements: 0 out of 150
  Number of DML rows: 0 out of 10000
  Maximum CPU time: 0 out of 10000
  Maximum heap size: 0 out of 6000000
  Number of callouts: 0 out of 100
  Number of Email Invocations: 0 out of 10
  Number of future calls: 0 out of 50
  Number of queueable jobs added to the queue: 0 out of 50
  Number of Mobile Apex push calls: 0 out of 10

09:59:04.15 (15416407)|CUMULATIVE_LIMIT_USAGE_END

09:59:04.12 (15443640)|CODE_UNIT_FINISHED|GetCaseController.getWorkingCases
09:59:04.12 (15486503)|CODE_UNIT_FINISHED|Aura
09:59:04.12 (16481306)|EXECUTION_FINISHED
09:59:04.17 (17496636)|USER_INFO|[EXTERNAL]|0051I00000112gB|trent@testorg.com|Pacific Standard Time|GMT-08:00
09:59:04.17 (17518465)|EXECUTION_STARTED
09:59:04.17 (17521004)|CODE_UNIT_STARTED|[EXTERNAL]|Aura
09:59:04.17 (18506781)|CODE_UNIT_STARTED|[EXTERNAL]|01p1I00000Dc465|GetCaseController.getEscalatedCases
09:59:04.17 (18553918)|SYSTEM_MODE_ENTER|false
09:59:04.17 (18571233)|HEAP_ALLOCATE|[17]|Bytes:5
09:59:04.17 (18576499)|STATEMENT_EXECUTE|[16]
09:59:04.17 (18578099)|STATEMENT_EXECUTE|[17]
09:59:04.17 (18581094)|HEAP_ALLOCATE|[17]|Bytes:64
09:59:04.17 (18594960)|HEAP_ALLOCATE|[17]|Bytes:4
09:59:04.17 (18754804)|SOQL_EXECUTE_BEGIN|[17]|Aggregations:0|SELECT Id, Priority FROM Case WHERE Status = 'Escalated' LIMIT 4
09:59:04.17 (27879974)|SOQL_EXECUTE_END|[17]|Rows:0
09:59:04.17 (27904732)|HEAP_ALLOCATE|[17]|Bytes:4
09:59:04.17 (27918570)|HEAP_ALLOCATE|[17]|Bytes:0
09:59:04.17 (27956387)|HEAP_ALLOCATE|[17]|Bytes:4
09:59:04.17 (27972938)|VARIABLE_SCOPE_BEGIN|[17]|cases|List<Case>|true|false
09:59:04.17 (27997496)|VARIABLE_ASSIGNMENT|[17]|cases|[]|0xe042bf2
09:59:04.17 (28004385)|STATEMENT_EXECUTE|[18]
09:59:04.17 (28013619)|SYSTEM_MODE_EXIT|false
09:59:04.28 (28035383)|CUMULATIVE_LIMIT_USAGE
09:59:04.28 (28035383)|LIMIT_USAGE_FOR_NS|(default)|
  Number of SOQL queries: 3 out of 100
  Number of query rows: 3 out of 50000
  Number of SOSL queries: 0 out of 20
  Number of DML statements: 0 out of 150
  Number of DML rows: 0 out of 10000
  Maximum CPU time: 0 out of 10000
  Maximum heap size: 0 out of 6000000
  Number of callouts: 0 out of 100
  Number of Email Invocations: 0 out of 10
  Number of future calls: 0 out of 50
  Number of queueable jobs added to the queue: 0 out of 50
  Number of Mobile Apex push calls: 0 out of 10

09:59:04.28 (28035383)|CUMULATIVE_LIMIT_USAGE_END

09:59:04.17 (28068059)|CODE_UNIT_FINISHED|GetCaseController.getEscalatedCases
09:59:04.17 (28122521)|CODE_UNIT_FINISHED|Aura
09:59:04.17 (29158746)|EXECUTION_FINISHED
09:59:04.30 (30004538)|USER_INFO|[EXTERNAL]|0051I00000112gB|trent@testorg.com|Pacific Standard Time|GMT-08:00
09:59:04.30 (30018058)|EXECUTION_STARTED
09:59:04.30 (30020962)|CODE_UNIT_STARTED|[EXTERNAL]|Aura
09:59:04.30 (30719193)|CODE_UNIT_STARTED|[EXTERNAL]|01p1I00000Dc465|GetCaseController.getClosedCases
09:59:04.30 (30763364)|SYSTEM_MODE_ENTER|false
09:59:04.30 (30780518)|HEAP_ALLOCATE|[23]|Bytes:5
09:59:04.30 (30786282)|STATEMENT_EXECUTE|[22]
09:59:04.30 (30787791)|STATEMENT_EXECUTE|[23]
09:59:04.30 (30791130)|HEAP_ALLOCATE|[23]|Bytes:61
09:59:04.30 (30806463)|HEAP_ALLOCATE|[23]|Bytes:4
09:59:04.30 (30999767)|SOQL_EXECUTE_BEGIN|[23]|Aggregations:0|SELECT Id, Priority FROM Case WHERE Status = 'Closed' LIMIT 4
09:59:04.30 (34493940)|SOQL_EXECUTE_END|[23]|Rows:4
09:59:04.30 (34511616)|HEAP_ALLOCATE|[23]|Bytes:20
09:59:04.30 (34531149)|HEAP_ALLOCATE|[23]|Bytes:181
09:59:04.30 (34564140)|HEAP_ALLOCATE|[23]|Bytes:20
09:59:04.30 (34576784)|VARIABLE_SCOPE_BEGIN|[23]|cases|List<Case>|true|false
09:59:04.30 (34612692)|VARIABLE_ASSIGNMENT|[23]|cases|[{"Id":"5001I000003mzcsQAA","Priority":"High"},{"Id":"5001I000003mzctQAA","Priority":"High"},{"Id":"5001I000003mzcvQAA","Priority":"Low"},{"Id":"5001I000003mzcwQAA","Priority":"Medium"}]|0x4265d67c
09:59:04.30 (34621302)|STATEMENT_EXECUTE|[24]
09:59:04.30 (34628341)|SYSTEM_MODE_EXIT|false
09:59:04.34 (34648717)|CUMULATIVE_LIMIT_USAGE
09:59:04.34 (34648717)|LIMIT_USAGE_FOR_NS|(default)|
  Number of SOQL queries: 4 out of 100
  Number of query rows: 7 out of 50000
  Number of SOSL queries: 0 out of 20
  Number of DML statements: 0 out of 150
  Number of DML rows: 0 out of 10000
  Maximum CPU time: 0 out of 10000
  Maximum heap size: 0 out of 6000000
  Number of callouts: 0 out of 100
  Number of Email Invocations: 0 out of 10
  Number of future calls: 0 out of 50
  Number of queueable jobs added to the queue: 0 out of 50
  Number of Mobile Apex push calls: 0 out of 10

09:59:04.34 (34648717)|CUMULATIVE_LIMIT_USAGE_END

09:59:04.30 (34676743)|CODE_UNIT_FINISHED|GetCaseController.getClosedCases
09:59:04.30 (34736461)|CODE_UNIT_FINISHED|Aura
09:59:04.30 (35711043)|EXECUTION_FINISHED
