41.0 APEX_CODE,FINEST;APEX_PROFILING,INFO;CALLOUT,INFO;DB,INFO;SYSTEM,DEBUG;VALIDATION,INFO;VISUALFORCE,INFO;WAVE,INFO;WORKFLOW,INFO
10:41:37.0 (144857)|USER_INFO|[EXTERNAL]|0051I00000112gB|trent@testorg.com|Pacific Standard Time|GMT-08:00
10:41:37.0 (244766)|EXECUTION_STARTED
10:41:37.0 (250783)|CODE_UNIT_STARTED|[EXTERNAL]|Aura
10:41:37.0 (1364322)|CODE_UNIT_STARTED|[EXTERNAL]|01p1I00000Dc465|GetCaseController.getNewCases
10:41:37.0 (1604851)|HEAP_ALLOCATE|[72]|Bytes:3
10:41:37.0 (1715216)|HEAP_ALLOCATE|[77]|Bytes:152
10:41:37.0 (1742734)|HEAP_ALLOCATE|[342]|Bytes:408
10:41:37.0 (1767441)|HEAP_ALLOCATE|[355]|Bytes:408
10:41:37.0 (1792178)|HEAP_ALLOCATE|[467]|Bytes:48
10:41:37.0 (1873701)|HEAP_ALLOCATE|[139]|Bytes:6
10:41:37.0 (1951882)|HEAP_ALLOCATE|[EXTERNAL]|Bytes:13
10:41:37.0 (2003804)|METHOD_ENTRY|[1]|01p1I00000Dc465|GetCaseController.GetCaseController()
10:41:37.0 (2014409)|STATEMENT_EXECUTE|[1]
10:41:37.0 (2022241)|STATEMENT_EXECUTE|[1]
10:41:37.0 (2066715)|HEAP_ALLOCATE|[50]|Bytes:5
10:41:37.0 (2100237)|HEAP_ALLOCATE|[56]|Bytes:5
10:41:37.0 (2111493)|HEAP_ALLOCATE|[64]|Bytes:7
10:41:37.0 (2141271)|SYSTEM_MODE_ENTER|false
10:41:37.0 (2389451)|HEAP_ALLOCATE|[EXTERNAL]|Bytes:5
10:41:37.0 (2401645)|SYSTEM_MODE_EXIT|false
10:41:37.0 (2436424)|METHOD_EXIT|[1]|GetCaseController
10:41:37.0 (2454958)|SYSTEM_MODE_ENTER|false
10:41:37.0 (2472365)|HEAP_ALLOCATE|[5]|Bytes:5
10:41:37.0 (2479805)|STATEMENT_EXECUTE|[4]
10:41:37.0 (2482189)|STATEMENT_EXECUTE|[5]
10:41:37.0 (2486011)|HEAP_ALLOCATE|[5]|Bytes:50
10:41:37.0 (2513518)|HEAP_ALLOCATE|[5]|Bytes:4
10:41:37.0 (3162908)|SOQL_EXECUTE_BEGIN|[5]|Aggregations:0|SELECT Id, Priority FROM Case WHERE Status = 'New'
10:41:37.0 (8751887)|SOQL_EXECUTE_END|[5]|Rows:3
10:41:37.0 (8803871)|HEAP_ALLOCATE|[5]|Bytes:16
10:41:37.0 (8837298)|HEAP_ALLOCATE|[5]|Bytes:132
10:41:37.0 (9055619)|HEAP_ALLOCATE|[5]|Bytes:16
10:41:37.0 (9095948)|VARIABLE_SCOPE_BEGIN|[5]|cases|List<Case>|true|false
10:41:37.0 (9291702)|VARIABLE_ASSIGNMENT|[5]|cases|[{"Id":"5001I000003mzcuQAA","Priority":"Low"},{"Id":"5001I000003mzd8QAA","Priority":"Low"},{"Id":"5001I000003mzdGQAQ","Priority":"Low"}]|0x1e8ded1f
10:41:37.0 (9308923)|STATEMENT_EXECUTE|[6]
10:41:37.0 (9350177)|SYSTEM_MODE_EXIT|false
10:41:37.9 (9389042)|CUMULATIVE_LIMIT_USAGE
10:41:37.9 (9389042)|LIMIT_USAGE_FOR_NS|(default)|
  Number of SOQL queries: 1 out of 100
  Number of query rows: 3 out of 50000
  Number of SOSL queries: 0 out of 20
  Number of DML statements: 0 out of 150
  Number of DML rows: 0 out of 10000
  Maximum CPU time: 0 out of 10000
  Maximum heap size: 0 out of 6000000
  Number of callouts: 0 out of 100
  Number of Email Invocations: 0 out of 10
  Number of future calls: 0 out of 50
  Number of queueable jobs added to the queue: 0 out of 50
  Number of Mobile Apex push calls: 0 out of 10

10:41:37.9 (9389042)|CUMULATIVE_LIMIT_USAGE_END

10:41:37.0 (9465281)|CODE_UNIT_FINISHED|GetCaseController.getNewCases
10:41:37.0 (9580721)|CODE_UNIT_FINISHED|Aura
10:41:37.0 (10859944)|EXECUTION_FINISHED
10:41:37.12 (12463099)|USER_INFO|[EXTERNAL]|0051I00000112gB|trent@testorg.com|Pacific Standard Time|GMT-08:00
10:41:37.12 (12489537)|EXECUTION_STARTED
10:41:37.12 (12495318)|CODE_UNIT_STARTED|[EXTERNAL]|Aura
10:41:37.12 (13284756)|CODE_UNIT_STARTED|[EXTERNAL]|01p1I00000Dc465|GetCaseController.getWorkingCases
10:41:37.12 (13357889)|SYSTEM_MODE_ENTER|false
10:41:37.12 (13419130)|HEAP_ALLOCATE|[11]|Bytes:5
10:41:37.12 (13429613)|STATEMENT_EXECUTE|[10]
10:41:37.12 (13431739)|STATEMENT_EXECUTE|[11]
10:41:37.12 (13438112)|HEAP_ALLOCATE|[11]|Bytes:62
10:41:37.12 (13468723)|HEAP_ALLOCATE|[11]|Bytes:4
10:41:37.12 (13662112)|SOQL_EXECUTE_BEGIN|[11]|Aggregations:0|SELECT Id, Priority FROM Case WHERE Status = 'Working' LIMIT 4
10:41:37.12 (16079465)|SOQL_EXECUTE_END|[11]|Rows:0
10:41:37.12 (16106567)|HEAP_ALLOCATE|[11]|Bytes:4
10:41:37.12 (16119000)|HEAP_ALLOCATE|[11]|Bytes:0
10:41:37.12 (16179520)|HEAP_ALLOCATE|[11]|Bytes:4
10:41:37.12 (16199839)|VARIABLE_SCOPE_BEGIN|[11]|cases|List<Case>|true|false
10:41:37.12 (16234499)|VARIABLE_ASSIGNMENT|[11]|cases|[]|0x6175c14c
10:41:37.12 (16242078)|STATEMENT_EXECUTE|[12]
10:41:37.12 (16257732)|SYSTEM_MODE_EXIT|false
10:41:37.16 (16284480)|CUMULATIVE_LIMIT_USAGE
10:41:37.16 (16284480)|LIMIT_USAGE_FOR_NS|(default)|
  Number of SOQL queries: 2 out of 100
  Number of query rows: 3 out of 50000
  Number of SOSL queries: 0 out of 20
  Number of DML statements: 0 out of 150
  Number of DML rows: 0 out of 10000
  Maximum CPU time: 0 out of 10000
  Maximum heap size: 0 out of 6000000
  Number of callouts: 0 out of 100
  Number of Email Invocations: 0 out of 10
  Number of future calls: 0 out of 50
  Number of queueable jobs added to the queue: 0 out of 50
  Number of Mobile Apex push calls: 0 out of 10

10:41:37.16 (16284480)|CUMULATIVE_LIMIT_USAGE_END

10:41:37.12 (16321568)|CODE_UNIT_FINISHED|GetCaseController.getWorkingCases
10:41:37.12 (16390519)|CODE_UNIT_FINISHED|Aura
10:41:37.12 (17488697)|EXECUTION_FINISHED
10:41:37.18 (18328556)|USER_INFO|[EXTERNAL]|0051I00000112gB|trent@testorg.com|Pacific Standard Time|GMT-08:00
10:41:37.18 (18347685)|EXECUTION_STARTED
10:41:37.18 (18351706)|CODE_UNIT_STARTED|[EXTERNAL]|Aura
10:41:37.18 (19121182)|CODE_UNIT_STARTED|[EXTERNAL]|01p1I00000Dc465|GetCaseController.getEscalatedCases
10:41:37.18 (19181755)|SYSTEM_MODE_ENTER|false
10:41:37.18 (19209564)|HEAP_ALLOCATE|[17]|Bytes:5
10:41:37.18 (19220059)|STATEMENT_EXECUTE|[16]
10:41:37.18 (19222312)|STATEMENT_EXECUTE|[17]
10:41:37.18 (19227078)|HEAP_ALLOCATE|[17]|Bytes:64
10:41:37.18 (19246166)|HEAP_ALLOCATE|[17]|Bytes:4
10:41:37.18 (19466630)|SOQL_EXECUTE_BEGIN|[17]|Aggregations:0|SELECT Id, Priority FROM Case WHERE Status = 'Escalated' LIMIT 4
10:41:37.18 (22313600)|SOQL_EXECUTE_END|[17]|Rows:0
10:41:37.18 (22342204)|HEAP_ALLOCATE|[17]|Bytes:4
10:41:37.18 (22354789)|HEAP_ALLOCATE|[17]|Bytes:0
10:41:37.18 (22409643)|HEAP_ALLOCATE|[17]|Bytes:4
10:41:37.18 (22431205)|VARIABLE_SCOPE_BEGIN|[17]|cases|List<Case>|true|false
10:41:37.18 (22468559)|VARIABLE_ASSIGNMENT|[17]|cases|[]|0x4712b32e
10:41:37.18 (22476557)|STATEMENT_EXECUTE|[18]
10:41:37.18 (22487831)|SYSTEM_MODE_EXIT|false
10:41:37.22 (22509213)|CUMULATIVE_LIMIT_USAGE
10:41:37.22 (22509213)|LIMIT_USAGE_FOR_NS|(default)|
  Number of SOQL queries: 3 out of 100
  Number of query rows: 3 out of 50000
  Number of SOSL queries: 0 out of 20
  Number of DML statements: 0 out of 150
  Number of DML rows: 0 out of 10000
  Maximum CPU time: 0 out of 10000
  Maximum heap size: 0 out of 6000000
  Number of callouts: 0 out of 100
  Number of Email Invocations: 0 out of 10
  Number of future calls: 0 out of 50
  Number of queueable jobs added to the queue: 0 out of 50
  Number of Mobile Apex push calls: 0 out of 10

10:41:37.22 (22509213)|CUMULATIVE_LIMIT_USAGE_END

10:41:37.18 (22545956)|CODE_UNIT_FINISHED|GetCaseController.getEscalatedCases
10:41:37.18 (22631702)|CODE_UNIT_FINISHED|Aura
10:41:37.18 (23718686)|EXECUTION_FINISHED
10:41:37.24 (24476479)|USER_INFO|[EXTERNAL]|0051I00000112gB|trent@testorg.com|Pacific Standard Time|GMT-08:00
10:41:37.24 (24496081)|EXECUTION_STARTED
10:41:37.24 (24500840)|CODE_UNIT_STARTED|[EXTERNAL]|Aura
10:41:37.24 (25291111)|CODE_UNIT_STARTED|[EXTERNAL]|01p1I00000Dc465|GetCaseController.getClosedCases
10:41:37.24 (25359035)|SYSTEM_MODE_ENTER|false
10:41:37.24 (25393204)|HEAP_ALLOCATE|[23]|Bytes:5
10:41:37.24 (25404030)|STATEMENT_EXECUTE|[22]
10:41:37.24 (25406245)|STATEMENT_EXECUTE|[23]
10:41:37.24 (25412941)|HEAP_ALLOCATE|[23]|Bytes:61
10:41:37.24 (25436845)|HEAP_ALLOCATE|[23]|Bytes:4
10:41:37.24 (25730811)|SOQL_EXECUTE_BEGIN|[23]|Aggregations:0|SELECT Id, Priority FROM Case WHERE Status = 'Closed' LIMIT 4
10:41:37.24 (28590828)|SOQL_EXECUTE_END|[23]|Rows:4
10:41:37.24 (28622514)|HEAP_ALLOCATE|[23]|Bytes:20
10:41:37.24 (28652926)|HEAP_ALLOCATE|[23]|Bytes:181
10:41:37.24 (28720564)|HEAP_ALLOCATE|[23]|Bytes:20
10:41:37.24 (28744777)|VARIABLE_SCOPE_BEGIN|[23]|cases|List<Case>|true|false
10:41:37.24 (28805745)|VARIABLE_ASSIGNMENT|[23]|cases|[{"Id":"5001I000003mzcsQAA","Priority":"High"},{"Id":"5001I000003mzctQAA","Priority":"High"},{"Id":"5001I000003mzcvQAA","Priority":"Low"},{"Id":"5001I000003mzcwQAA","Priority":"Medium"}]|0x35345988
10:41:37.24 (28820209)|STATEMENT_EXECUTE|[24]
10:41:37.24 (28838319)|SYSTEM_MODE_EXIT|false
10:41:37.28 (28868866)|CUMULATIVE_LIMIT_USAGE
10:41:37.28 (28868866)|LIMIT_USAGE_FOR_NS|(default)|
  Number of SOQL queries: 4 out of 100
  Number of query rows: 7 out of 50000
  Number of SOSL queries: 0 out of 20
  Number of DML statements: 0 out of 150
  Number of DML rows: 0 out of 10000
  Maximum CPU time: 0 out of 10000
  Maximum heap size: 0 out of 6000000
  Number of callouts: 0 out of 100
  Number of Email Invocations: 0 out of 10
  Number of future calls: 0 out of 50
  Number of queueable jobs added to the queue: 0 out of 50
  Number of Mobile Apex push calls: 0 out of 10

10:41:37.28 (28868866)|CUMULATIVE_LIMIT_USAGE_END

10:41:37.24 (28950115)|CODE_UNIT_FINISHED|GetCaseController.getClosedCases
10:41:37.24 (29093908)|CODE_UNIT_FINISHED|Aura
10:41:37.24 (30153332)|EXECUTION_FINISHED
