41.0 APEX_CODE,FINEST;APEX_PROFILING,INFO;CALLOUT,INFO;DB,INFO;SYSTEM,DEBUG;VALIDATION,INFO;VISUALFORCE,INFO;WAVE,INFO;WORKFLOW,INFO
10:21:50.0 (332776)|USER_INFO|[EXTERNAL]|0051I00000112gB|trent@testorg.com|Pacific Standard Time|GMT-08:00
10:21:50.0 (376049)|EXECUTION_STARTED
10:21:50.0 (381836)|CODE_UNIT_STARTED|[EXTERNAL]|Aura
10:21:50.0 (1866629)|CODE_UNIT_STARTED|[EXTERNAL]|01p1I00000Dc465|GetCaseController.getNewCases
10:21:50.0 (2618941)|HEAP_ALLOCATE|[72]|Bytes:3
10:21:50.0 (2685908)|HEAP_ALLOCATE|[77]|Bytes:152
10:21:50.0 (2714963)|HEAP_ALLOCATE|[342]|Bytes:408
10:21:50.0 (2740687)|HEAP_ALLOCATE|[355]|Bytes:408
10:21:50.0 (2756498)|HEAP_ALLOCATE|[467]|Bytes:48
10:21:50.0 (2788914)|HEAP_ALLOCATE|[139]|Bytes:6
10:21:50.0 (2806535)|HEAP_ALLOCATE|[EXTERNAL]|Bytes:13
10:21:50.0 (2817606)|METHOD_ENTRY|[1]|01p1I00000Dc465|GetCaseController.GetCaseController()
10:21:50.0 (2824947)|STATEMENT_EXECUTE|[1]
10:21:50.0 (2831805)|STATEMENT_EXECUTE|[1]
10:21:50.0 (2872413)|HEAP_ALLOCATE|[50]|Bytes:5
10:21:50.0 (2909165)|HEAP_ALLOCATE|[56]|Bytes:5
10:21:50.0 (2922348)|HEAP_ALLOCATE|[64]|Bytes:7
10:21:50.0 (2956346)|SYSTEM_MODE_ENTER|false
10:21:50.0 (2981393)|HEAP_ALLOCATE|[EXTERNAL]|Bytes:5
10:21:50.0 (2994512)|SYSTEM_MODE_EXIT|false
10:21:50.0 (3007753)|METHOD_EXIT|[1]|GetCaseController
10:21:50.0 (3026923)|SYSTEM_MODE_ENTER|false
10:21:50.0 (3047821)|HEAP_ALLOCATE|[5]|Bytes:5
10:21:50.0 (3054169)|STATEMENT_EXECUTE|[4]
10:21:50.0 (3055998)|STATEMENT_EXECUTE|[5]
10:21:50.0 (3059361)|HEAP_ALLOCATE|[5]|Bytes:50
10:21:50.0 (3082580)|HEAP_ALLOCATE|[5]|Bytes:4
10:21:50.0 (4081193)|SOQL_EXECUTE_BEGIN|[5]|Aggregations:0|SELECT Id, Priority FROM Case WHERE Status = 'New'
10:21:50.0 (10152340)|SOQL_EXECUTE_END|[5]|Rows:3
10:21:50.0 (10176158)|HEAP_ALLOCATE|[5]|Bytes:16
10:21:50.0 (10194484)|HEAP_ALLOCATE|[5]|Bytes:132
10:21:50.0 (10244262)|HEAP_ALLOCATE|[5]|Bytes:16
10:21:50.0 (10256387)|VARIABLE_SCOPE_BEGIN|[5]|cases|List<Case>|true|false
10:21:50.0 (10296994)|VARIABLE_ASSIGNMENT|[5]|cases|[{"Id":"5001I000003mzcuQAA","Priority":"Low"},{"Id":"5001I000003mzd8QAA","Priority":"Low"},{"Id":"5001I000003mzdGQAQ","Priority":"Low"}]|0x78c89bb6
10:21:50.0 (10304024)|STATEMENT_EXECUTE|[6]
10:21:50.0 (10313959)|SYSTEM_MODE_EXIT|false
10:21:50.10 (10337739)|CUMULATIVE_LIMIT_USAGE
10:21:50.10 (10337739)|LIMIT_USAGE_FOR_NS|(default)|
  Number of SOQL queries: 1 out of 100
  Number of query rows: 3 out of 50000
  Number of SOSL queries: 0 out of 20
  Number of DML statements: 0 out of 150
  Number of DML rows: 0 out of 10000
  Maximum CPU time: 0 out of 10000
  Maximum heap size: 0 out of 6000000
  Number of callouts: 0 out of 100
  Number of Email Invocations: 0 out of 10
  Number of future calls: 0 out of 50
  Number of queueable jobs added to the queue: 0 out of 50
  Number of Mobile Apex push calls: 0 out of 10

10:21:50.10 (10337739)|CUMULATIVE_LIMIT_USAGE_END

10:21:50.0 (10370795)|CODE_UNIT_FINISHED|GetCaseController.getNewCases
10:21:50.0 (10435245)|CODE_UNIT_FINISHED|Aura
10:21:50.0 (11716412)|EXECUTION_FINISHED
10:21:50.21 (21859140)|USER_INFO|[EXTERNAL]|0051I00000112gB|trent@testorg.com|Pacific Standard Time|GMT-08:00
10:21:50.21 (21874374)|EXECUTION_STARTED
10:21:50.21 (21877146)|CODE_UNIT_STARTED|[EXTERNAL]|Aura
10:21:50.21 (22552622)|CODE_UNIT_STARTED|[EXTERNAL]|01p1I00000Dc465|GetCaseController.getWorkingCases
10:21:50.21 (22606521)|SYSTEM_MODE_ENTER|false
10:21:50.21 (22627269)|HEAP_ALLOCATE|[11]|Bytes:5
10:21:50.21 (22633153)|STATEMENT_EXECUTE|[10]
10:21:50.21 (22634715)|STATEMENT_EXECUTE|[11]
10:21:50.21 (22637791)|HEAP_ALLOCATE|[11]|Bytes:62
10:21:50.21 (22654328)|HEAP_ALLOCATE|[11]|Bytes:4
10:21:50.21 (22825427)|SOQL_EXECUTE_BEGIN|[11]|Aggregations:0|SELECT Id, Priority FROM Case WHERE Status = 'Working' LIMIT 4
10:21:50.21 (28577811)|SOQL_EXECUTE_END|[11]|Rows:0
10:21:50.21 (28602085)|HEAP_ALLOCATE|[11]|Bytes:4
10:21:50.21 (28615479)|HEAP_ALLOCATE|[11]|Bytes:0
10:21:50.21 (28666965)|HEAP_ALLOCATE|[11]|Bytes:4
10:21:50.21 (28683989)|VARIABLE_SCOPE_BEGIN|[11]|cases|List<Case>|true|false
10:21:50.21 (28717279)|VARIABLE_ASSIGNMENT|[11]|cases|[]|0x57983bcf
10:21:50.21 (28727053)|STATEMENT_EXECUTE|[12]
10:21:50.21 (28740461)|SYSTEM_MODE_EXIT|false
10:21:50.28 (28765286)|CUMULATIVE_LIMIT_USAGE
10:21:50.28 (28765286)|LIMIT_USAGE_FOR_NS|(default)|
  Number of SOQL queries: 2 out of 100
  Number of query rows: 3 out of 50000
  Number of SOSL queries: 0 out of 20
  Number of DML statements: 0 out of 150
  Number of DML rows: 0 out of 10000
  Maximum CPU time: 0 out of 10000
  Maximum heap size: 0 out of 6000000
  Number of callouts: 0 out of 100
  Number of Email Invocations: 0 out of 10
  Number of future calls: 0 out of 50
  Number of queueable jobs added to the queue: 0 out of 50
  Number of Mobile Apex push calls: 0 out of 10

10:21:50.28 (28765286)|CUMULATIVE_LIMIT_USAGE_END

10:21:50.21 (28805452)|CODE_UNIT_FINISHED|GetCaseController.getWorkingCases
10:21:50.21 (28867628)|CODE_UNIT_FINISHED|Aura
10:21:50.21 (29961048)|EXECUTION_FINISHED
10:21:50.30 (30684656)|USER_INFO|[EXTERNAL]|0051I00000112gB|trent@testorg.com|Pacific Standard Time|GMT-08:00
10:21:50.30 (30702169)|EXECUTION_STARTED
10:21:50.30 (30705446)|CODE_UNIT_STARTED|[EXTERNAL]|Aura
10:21:50.30 (31425377)|CODE_UNIT_STARTED|[EXTERNAL]|01p1I00000Dc465|GetCaseController.getEscalatedCases
10:21:50.30 (31479758)|SYSTEM_MODE_ENTER|false
10:21:50.30 (31500191)|HEAP_ALLOCATE|[17]|Bytes:5
10:21:50.30 (31507786)|STATEMENT_EXECUTE|[16]
10:21:50.30 (31509895)|STATEMENT_EXECUTE|[17]
10:21:50.30 (31514038)|HEAP_ALLOCATE|[17]|Bytes:64
10:21:50.30 (31534795)|HEAP_ALLOCATE|[17]|Bytes:4
10:21:50.30 (31742720)|SOQL_EXECUTE_BEGIN|[17]|Aggregations:0|SELECT Id, Priority FROM Case WHERE Status = 'Escalated' LIMIT 4
10:21:50.30 (35190837)|SOQL_EXECUTE_END|[17]|Rows:0
10:21:50.30 (35209427)|HEAP_ALLOCATE|[17]|Bytes:4
10:21:50.30 (35218033)|HEAP_ALLOCATE|[17]|Bytes:0
10:21:50.30 (35251675)|HEAP_ALLOCATE|[17]|Bytes:4
10:21:50.30 (35265224)|VARIABLE_SCOPE_BEGIN|[17]|cases|List<Case>|true|false
10:21:50.30 (35286195)|VARIABLE_ASSIGNMENT|[17]|cases|[]|0x60327a7b
10:21:50.30 (35294386)|STATEMENT_EXECUTE|[18]
10:21:50.30 (35302679)|SYSTEM_MODE_EXIT|false
10:21:50.35 (35315350)|CUMULATIVE_LIMIT_USAGE
10:21:50.35 (35315350)|LIMIT_USAGE_FOR_NS|(default)|
  Number of SOQL queries: 3 out of 100
  Number of query rows: 3 out of 50000
  Number of SOSL queries: 0 out of 20
  Number of DML statements: 0 out of 150
  Number of DML rows: 0 out of 10000
  Maximum CPU time: 0 out of 10000
  Maximum heap size: 0 out of 6000000
  Number of callouts: 0 out of 100
  Number of Email Invocations: 0 out of 10
  Number of future calls: 0 out of 50
  Number of queueable jobs added to the queue: 0 out of 50
  Number of Mobile Apex push calls: 0 out of 10

10:21:50.35 (35315350)|CUMULATIVE_LIMIT_USAGE_END

10:21:50.30 (35333686)|CODE_UNIT_FINISHED|GetCaseController.getEscalatedCases
10:21:50.30 (35373230)|CODE_UNIT_FINISHED|Aura
10:21:50.30 (36350174)|EXECUTION_FINISHED
10:21:50.37 (37051781)|USER_INFO|[EXTERNAL]|0051I00000112gB|trent@testorg.com|Pacific Standard Time|GMT-08:00
10:21:50.37 (37063120)|EXECUTION_STARTED
10:21:50.37 (37065011)|CODE_UNIT_STARTED|[EXTERNAL]|Aura
10:21:50.37 (37749795)|CODE_UNIT_STARTED|[EXTERNAL]|01p1I00000Dc465|GetCaseController.getClosedCases
10:21:50.37 (37795908)|SYSTEM_MODE_ENTER|false
10:21:50.37 (37813429)|HEAP_ALLOCATE|[23]|Bytes:5
10:21:50.37 (37818897)|STATEMENT_EXECUTE|[22]
10:21:50.37 (37820616)|STATEMENT_EXECUTE|[23]
10:21:50.37 (37823515)|HEAP_ALLOCATE|[23]|Bytes:61
10:21:50.37 (37836071)|HEAP_ALLOCATE|[23]|Bytes:4
10:21:50.37 (37984087)|SOQL_EXECUTE_BEGIN|[23]|Aggregations:0|SELECT Id, Priority FROM Case WHERE Status = 'Closed' LIMIT 4
10:21:50.37 (41917719)|SOQL_EXECUTE_END|[23]|Rows:4
10:21:50.37 (41938085)|HEAP_ALLOCATE|[23]|Bytes:20
10:21:50.37 (41961625)|HEAP_ALLOCATE|[23]|Bytes:181
10:21:50.37 (41994259)|HEAP_ALLOCATE|[23]|Bytes:20
10:21:50.37 (42007535)|VARIABLE_SCOPE_BEGIN|[23]|cases|List<Case>|true|false
10:21:50.37 (42040755)|VARIABLE_ASSIGNMENT|[23]|cases|[{"Id":"5001I000003mzcsQAA","Priority":"High"},{"Id":"5001I000003mzctQAA","Priority":"High"},{"Id":"5001I000003mzcvQAA","Priority":"Low"},{"Id":"5001I000003mzcwQAA","Priority":"Medium"}]|0x64b1e7a6
10:21:50.37 (42051358)|STATEMENT_EXECUTE|[24]
10:21:50.37 (42059713)|SYSTEM_MODE_EXIT|false
10:21:50.42 (42073938)|CUMULATIVE_LIMIT_USAGE
10:21:50.42 (42073938)|LIMIT_USAGE_FOR_NS|(default)|
  Number of SOQL queries: 4 out of 100
  Number of query rows: 7 out of 50000
  Number of SOSL queries: 0 out of 20
  Number of DML statements: 0 out of 150
  Number of DML rows: 0 out of 10000
  Maximum CPU time: 0 out of 10000
  Maximum heap size: 0 out of 6000000
  Number of callouts: 0 out of 100
  Number of Email Invocations: 0 out of 10
  Number of future calls: 0 out of 50
  Number of queueable jobs added to the queue: 0 out of 50
  Number of Mobile Apex push calls: 0 out of 10

10:21:50.42 (42073938)|CUMULATIVE_LIMIT_USAGE_END

10:21:50.37 (42096800)|CODE_UNIT_FINISHED|GetCaseController.getClosedCases
10:21:50.37 (42163276)|CODE_UNIT_FINISHED|Aura
10:21:50.37 (43151772)|EXECUTION_FINISHED
