41.0 APEX_CODE,FINEST;APEX_PROFILING,INFO;CALLOUT,INFO;DB,INFO;SYSTEM,DEBUG;VALIDATION,INFO;VISUALFORCE,INFO;WAVE,INFO;WORKFLOW,INFO
12:55:17.0 (387199)|USER_INFO|[EXTERNAL]|0051I00000112gB|trent@testorg.com|Pacific Standard Time|GMT-08:00
12:55:17.0 (434291)|EXECUTION_STARTED
12:55:17.0 (438813)|CODE_UNIT_STARTED|[EXTERNAL]|Aura
12:55:17.0 (1947723)|CODE_UNIT_STARTED|[EXTERNAL]|01p1I00000Dc465|GetCaseController.getNewCases
12:55:17.0 (2301009)|HEAP_ALLOCATE|[72]|Bytes:3
12:55:17.0 (2350765)|HEAP_ALLOCATE|[77]|Bytes:152
12:55:17.0 (2373218)|HEAP_ALLOCATE|[342]|Bytes:408
12:55:17.0 (2387012)|HEAP_ALLOCATE|[355]|Bytes:408
12:55:17.0 (2399892)|HEAP_ALLOCATE|[467]|Bytes:48
12:55:17.0 (2431084)|HEAP_ALLOCATE|[139]|Bytes:6
12:55:17.0 (2448791)|HEAP_ALLOCATE|[EXTERNAL]|Bytes:10
12:55:17.0 (2461433)|METHOD_ENTRY|[1]|01p1I00000Dc465|GetCaseController.GetCaseController()
12:55:17.0 (2467556)|STATEMENT_EXECUTE|[1]
12:55:17.0 (2473057)|STATEMENT_EXECUTE|[1]
12:55:17.0 (2504541)|HEAP_ALLOCATE|[50]|Bytes:5
12:55:17.0 (2532780)|HEAP_ALLOCATE|[56]|Bytes:5
12:55:17.0 (2540374)|HEAP_ALLOCATE|[64]|Bytes:7
12:55:17.0 (2562279)|SYSTEM_MODE_ENTER|false
12:55:17.0 (2581516)|HEAP_ALLOCATE|[EXTERNAL]|Bytes:5
12:55:17.0 (2590489)|SYSTEM_MODE_EXIT|false
12:55:17.0 (2598742)|METHOD_EXIT|[1]|GetCaseController
12:55:17.0 (2635354)|SYSTEM_MODE_ENTER|false
12:55:17.0 (2651840)|HEAP_ALLOCATE|[5]|Bytes:5
12:55:17.0 (2656849)|STATEMENT_EXECUTE|[4]
12:55:17.0 (2658307)|STATEMENT_EXECUTE|[5]
12:55:17.0 (2660378)|HEAP_ALLOCATE|[5]|Bytes:50
12:55:17.0 (2683247)|HEAP_ALLOCATE|[5]|Bytes:4
12:55:17.0 (3760908)|SOQL_EXECUTE_BEGIN|[5]|Aggregations:0|SELECT Id, Priority FROM Case WHERE Status = 'New'
12:55:17.0 (8290341)|SOQL_EXECUTE_END|[5]|Rows:3
12:55:17.0 (8317229)|HEAP_ALLOCATE|[5]|Bytes:16
12:55:17.0 (8341241)|HEAP_ALLOCATE|[5]|Bytes:132
12:55:17.0 (8404455)|HEAP_ALLOCATE|[5]|Bytes:16
12:55:17.0 (8417195)|VARIABLE_SCOPE_BEGIN|[5]|cases|List<Case>|true|false
12:55:17.0 (8461001)|VARIABLE_ASSIGNMENT|[5]|cases|[{"Id":"5001I000003mzcuQAA","Priority":"Low"},{"Id":"5001I000003mzd8QAA","Priority":"Low"},{"Id":"5001I000003mzdGQAQ","Priority":"Low"}]|0x382dbddb
12:55:17.0 (8468641)|STATEMENT_EXECUTE|[6]
12:55:17.0 (8481882)|SYSTEM_MODE_EXIT|false
12:55:17.8 (8513705)|CUMULATIVE_LIMIT_USAGE
12:55:17.8 (8513705)|LIMIT_USAGE_FOR_NS|(default)|
  Number of SOQL queries: 1 out of 100
  Number of query rows: 3 out of 50000
  Number of SOSL queries: 0 out of 20
  Number of DML statements: 0 out of 150
  Number of DML rows: 0 out of 10000
  Maximum CPU time: 0 out of 10000
  Maximum heap size: 0 out of 6000000
  Number of callouts: 0 out of 100
  Number of Email Invocations: 0 out of 10
  Number of future calls: 0 out of 50
  Number of queueable jobs added to the queue: 0 out of 50
  Number of Mobile Apex push calls: 0 out of 10

12:55:17.8 (8513705)|CUMULATIVE_LIMIT_USAGE_END

12:55:17.0 (8551409)|CODE_UNIT_FINISHED|GetCaseController.getNewCases
12:55:17.0 (8630367)|CODE_UNIT_FINISHED|Aura
12:55:17.0 (9701616)|EXECUTION_FINISHED
12:55:17.11 (11455773)|USER_INFO|[EXTERNAL]|0051I00000112gB|trent@testorg.com|Pacific Standard Time|GMT-08:00
12:55:17.11 (11470147)|EXECUTION_STARTED
12:55:17.11 (11473043)|CODE_UNIT_STARTED|[EXTERNAL]|Aura
12:55:17.11 (12198831)|CODE_UNIT_STARTED|[EXTERNAL]|01p1I00000Dc465|GetCaseController.getWorkingCases
12:55:17.11 (12252754)|SYSTEM_MODE_ENTER|false
12:55:17.11 (12278710)|HEAP_ALLOCATE|[11]|Bytes:5
12:55:17.11 (12284761)|STATEMENT_EXECUTE|[10]
12:55:17.11 (12286209)|STATEMENT_EXECUTE|[11]
12:55:17.11 (12290407)|HEAP_ALLOCATE|[11]|Bytes:54
12:55:17.11 (12310049)|HEAP_ALLOCATE|[11]|Bytes:4
12:55:17.11 (12510798)|SOQL_EXECUTE_BEGIN|[11]|Aggregations:0|SELECT Id, Priority FROM Case WHERE Status = 'Working'
12:55:17.11 (15167385)|SOQL_EXECUTE_END|[11]|Rows:1
12:55:17.11 (15188674)|HEAP_ALLOCATE|[11]|Bytes:8
12:55:17.11 (15203827)|HEAP_ALLOCATE|[11]|Bytes:47
12:55:17.11 (15248511)|HEAP_ALLOCATE|[11]|Bytes:8
12:55:17.11 (15259901)|VARIABLE_SCOPE_BEGIN|[11]|cases|List<Case>|true|false
12:55:17.11 (15290375)|VARIABLE_ASSIGNMENT|[11]|cases|[{"Id":"5001I000002yNMRQA2","Priority":"Medium"}]|0x77158155
12:55:17.11 (15298521)|STATEMENT_EXECUTE|[12]
12:55:17.11 (15309151)|SYSTEM_MODE_EXIT|false
12:55:17.15 (15332003)|CUMULATIVE_LIMIT_USAGE
12:55:17.15 (15332003)|LIMIT_USAGE_FOR_NS|(default)|
  Number of SOQL queries: 2 out of 100
  Number of query rows: 4 out of 50000
  Number of SOSL queries: 0 out of 20
  Number of DML statements: 0 out of 150
  Number of DML rows: 0 out of 10000
  Maximum CPU time: 0 out of 10000
  Maximum heap size: 0 out of 6000000
  Number of callouts: 0 out of 100
  Number of Email Invocations: 0 out of 10
  Number of future calls: 0 out of 50
  Number of queueable jobs added to the queue: 0 out of 50
  Number of Mobile Apex push calls: 0 out of 10

12:55:17.15 (15332003)|CUMULATIVE_LIMIT_USAGE_END

12:55:17.11 (15363142)|CODE_UNIT_FINISHED|GetCaseController.getWorkingCases
12:55:17.11 (15424173)|CODE_UNIT_FINISHED|Aura
12:55:17.11 (16546991)|EXECUTION_FINISHED
12:55:17.17 (17257446)|USER_INFO|[EXTERNAL]|0051I00000112gB|trent@testorg.com|Pacific Standard Time|GMT-08:00
12:55:17.17 (17270810)|EXECUTION_STARTED
12:55:17.17 (17273195)|CODE_UNIT_STARTED|[EXTERNAL]|Aura
12:55:17.17 (18163417)|CODE_UNIT_STARTED|[EXTERNAL]|01p1I00000Dc465|GetCaseController.getEscalatedCases
12:55:17.17 (18221007)|SYSTEM_MODE_ENTER|false
12:55:17.17 (18244174)|HEAP_ALLOCATE|[17]|Bytes:5
12:55:17.17 (18250014)|STATEMENT_EXECUTE|[16]
12:55:17.17 (18251452)|STATEMENT_EXECUTE|[17]
12:55:17.17 (18255926)|HEAP_ALLOCATE|[17]|Bytes:56
12:55:17.17 (18276883)|HEAP_ALLOCATE|[17]|Bytes:4
12:55:17.17 (18484747)|SOQL_EXECUTE_BEGIN|[17]|Aggregations:0|SELECT Id, Priority FROM Case WHERE Status = 'Escalated'
12:55:17.17 (21134938)|SOQL_EXECUTE_END|[17]|Rows:1
12:55:17.17 (21153527)|HEAP_ALLOCATE|[17]|Bytes:8
12:55:17.17 (21168155)|HEAP_ALLOCATE|[17]|Bytes:45
12:55:17.17 (21213953)|HEAP_ALLOCATE|[17]|Bytes:8
12:55:17.17 (21225508)|VARIABLE_SCOPE_BEGIN|[17]|cases|List<Case>|true|false
12:55:17.17 (21255392)|VARIABLE_ASSIGNMENT|[17]|cases|[{"Id":"5001I000002yNMWQA2","Priority":"High"}]|0x19d5a4b6
12:55:17.17 (21261888)|STATEMENT_EXECUTE|[18]
12:55:17.17 (21273677)|SYSTEM_MODE_EXIT|false
12:55:17.21 (21297277)|CUMULATIVE_LIMIT_USAGE
12:55:17.21 (21297277)|LIMIT_USAGE_FOR_NS|(default)|
  Number of SOQL queries: 3 out of 100
  Number of query rows: 5 out of 50000
  Number of SOSL queries: 0 out of 20
  Number of DML statements: 0 out of 150
  Number of DML rows: 0 out of 10000
  Maximum CPU time: 0 out of 10000
  Maximum heap size: 0 out of 6000000
  Number of callouts: 0 out of 100
  Number of Email Invocations: 0 out of 10
  Number of future calls: 0 out of 50
  Number of queueable jobs added to the queue: 0 out of 50
  Number of Mobile Apex push calls: 0 out of 10

12:55:17.21 (21297277)|CUMULATIVE_LIMIT_USAGE_END

12:55:17.17 (21328894)|CODE_UNIT_FINISHED|GetCaseController.getEscalatedCases
12:55:17.17 (21389457)|CODE_UNIT_FINISHED|Aura
12:55:17.17 (22391515)|EXECUTION_FINISHED
12:55:17.23 (23108414)|USER_INFO|[EXTERNAL]|0051I00000112gB|trent@testorg.com|Pacific Standard Time|GMT-08:00
12:55:17.23 (23124952)|EXECUTION_STARTED
12:55:17.23 (23127225)|CODE_UNIT_STARTED|[EXTERNAL]|Aura
12:55:17.23 (23833834)|CODE_UNIT_STARTED|[EXTERNAL]|01p1I00000Dc465|GetCaseController.getClosedCases
12:55:17.23 (23889566)|SYSTEM_MODE_ENTER|false
12:55:17.23 (23912611)|HEAP_ALLOCATE|[23]|Bytes:5
12:55:17.23 (23918777)|STATEMENT_EXECUTE|[22]
12:55:17.23 (23920107)|STATEMENT_EXECUTE|[23]
12:55:17.23 (23925151)|HEAP_ALLOCATE|[23]|Bytes:53
12:55:17.23 (23946868)|HEAP_ALLOCATE|[23]|Bytes:4
12:55:17.23 (24105364)|SOQL_EXECUTE_BEGIN|[23]|Aggregations:0|SELECT Id, Priority FROM Case WHERE Status = 'Closed'
12:55:17.23 (26644151)|SOQL_EXECUTE_END|[23]|Rows:23
12:55:17.23 (26661514)|HEAP_ALLOCATE|[23]|Bytes:96
12:55:17.23 (26698877)|HEAP_ALLOCATE|[23]|Bytes:1057
12:55:17.23 (26743955)|HEAP_ALLOCATE|[23]|Bytes:96
12:55:17.23 (26755827)|VARIABLE_SCOPE_BEGIN|[23]|cases|List<Case>|true|false
12:55:17.23 (26779695)|VARIABLE_ASSIGNMENT|[23]|cases|"List of size 23 too large to display"|0x13e5111a
12:55:17.23 (26785403)|STATEMENT_EXECUTE|[24]
12:55:17.23 (26799358)|SYSTEM_MODE_EXIT|false
12:55:17.26 (26817566)|CUMULATIVE_LIMIT_USAGE
12:55:17.26 (26817566)|LIMIT_USAGE_FOR_NS|(default)|
  Number of SOQL queries: 4 out of 100
  Number of query rows: 28 out of 50000
  Number of SOSL queries: 0 out of 20
  Number of DML statements: 0 out of 150
  Number of DML rows: 0 out of 10000
  Maximum CPU time: 0 out of 10000
  Maximum heap size: 0 out of 6000000
  Number of callouts: 0 out of 100
  Number of Email Invocations: 0 out of 10
  Number of future calls: 0 out of 50
  Number of queueable jobs added to the queue: 0 out of 50
  Number of Mobile Apex push calls: 0 out of 10

12:55:17.26 (26817566)|CUMULATIVE_LIMIT_USAGE_END

12:55:17.23 (26845473)|CODE_UNIT_FINISHED|GetCaseController.getClosedCases
12:55:17.23 (26982955)|CODE_UNIT_FINISHED|Aura
12:55:17.23 (28086682)|EXECUTION_FINISHED
