41.0 APEX_CODE,FINEST;APEX_PROFILING,INFO;CALLOUT,INFO;DB,INFO;SYSTEM,DEBUG;VALIDATION,INFO;VISUALFORCE,INFO;WAVE,INFO;WORKFLOW,INFO
10:28:09.0 (338598)|USER_INFO|[EXTERNAL]|0051I00000112gB|trent@testorg.com|Pacific Standard Time|GMT-08:00
10:28:09.0 (369090)|EXECUTION_STARTED
10:28:09.0 (371927)|CODE_UNIT_STARTED|[EXTERNAL]|Aura
10:28:09.0 (1952383)|CODE_UNIT_STARTED|[EXTERNAL]|01p1I00000Dc465|GetCaseController.getNewCases
10:28:09.0 (2563467)|HEAP_ALLOCATE|[72]|Bytes:3
10:28:09.0 (2596263)|HEAP_ALLOCATE|[77]|Bytes:152
10:28:09.0 (2615087)|HEAP_ALLOCATE|[342]|Bytes:408
10:28:09.0 (2639358)|HEAP_ALLOCATE|[355]|Bytes:408
10:28:09.0 (2658380)|HEAP_ALLOCATE|[467]|Bytes:48
10:28:09.0 (2700189)|HEAP_ALLOCATE|[139]|Bytes:6
10:28:09.0 (2739225)|HEAP_ALLOCATE|[EXTERNAL]|Bytes:13
10:28:09.0 (2754986)|METHOD_ENTRY|[1]|01p1I00000Dc465|GetCaseController.GetCaseController()
10:28:09.0 (2764225)|STATEMENT_EXECUTE|[1]
10:28:09.0 (2771003)|STATEMENT_EXECUTE|[1]
10:28:09.0 (2809940)|HEAP_ALLOCATE|[50]|Bytes:5
10:28:09.0 (2835786)|HEAP_ALLOCATE|[56]|Bytes:5
10:28:09.0 (2847992)|HEAP_ALLOCATE|[64]|Bytes:7
10:28:09.0 (2881541)|SYSTEM_MODE_ENTER|false
10:28:09.0 (2897188)|HEAP_ALLOCATE|[EXTERNAL]|Bytes:5
10:28:09.0 (2906857)|SYSTEM_MODE_EXIT|false
10:28:09.0 (2918728)|METHOD_EXIT|[1]|GetCaseController
10:28:09.0 (2938799)|SYSTEM_MODE_ENTER|false
10:28:09.0 (2954020)|HEAP_ALLOCATE|[5]|Bytes:5
10:28:09.0 (2958652)|STATEMENT_EXECUTE|[4]
10:28:09.0 (2960349)|STATEMENT_EXECUTE|[5]
10:28:09.0 (2963797)|HEAP_ALLOCATE|[5]|Bytes:50
10:28:09.0 (2980850)|HEAP_ALLOCATE|[5]|Bytes:4
10:28:09.0 (3905424)|SOQL_EXECUTE_BEGIN|[5]|Aggregations:0|SELECT Id, Priority FROM Case WHERE Status = 'New'
10:28:09.0 (7926511)|SOQL_EXECUTE_END|[5]|Rows:3
10:28:09.0 (7944427)|HEAP_ALLOCATE|[5]|Bytes:16
10:28:09.0 (7960888)|HEAP_ALLOCATE|[5]|Bytes:132
10:28:09.0 (8018871)|HEAP_ALLOCATE|[5]|Bytes:16
10:28:09.0 (8034310)|VARIABLE_SCOPE_BEGIN|[5]|cases|List<Case>|true|false
10:28:09.0 (8079125)|VARIABLE_ASSIGNMENT|[5]|cases|[{"Id":"5001I000003mzcuQAA","Priority":"Low"},{"Id":"5001I000003mzd8QAA","Priority":"Low"},{"Id":"5001I000003mzdGQAQ","Priority":"Low"}]|0x49d20d69
10:28:09.0 (8088268)|STATEMENT_EXECUTE|[6]
10:28:09.0 (8096103)|SYSTEM_MODE_EXIT|false
10:28:09.8 (8125299)|CUMULATIVE_LIMIT_USAGE
10:28:09.8 (8125299)|LIMIT_USAGE_FOR_NS|(default)|
  Number of SOQL queries: 1 out of 100
  Number of query rows: 3 out of 50000
  Number of SOSL queries: 0 out of 20
  Number of DML statements: 0 out of 150
  Number of DML rows: 0 out of 10000
  Maximum CPU time: 0 out of 10000
  Maximum heap size: 0 out of 6000000
  Number of callouts: 0 out of 100
  Number of Email Invocations: 0 out of 10
  Number of future calls: 0 out of 50
  Number of queueable jobs added to the queue: 0 out of 50
  Number of Mobile Apex push calls: 0 out of 10

10:28:09.8 (8125299)|CUMULATIVE_LIMIT_USAGE_END

10:28:09.0 (8156171)|CODE_UNIT_FINISHED|GetCaseController.getNewCases
10:28:09.0 (8248868)|CODE_UNIT_FINISHED|Aura
10:28:09.0 (9337052)|EXECUTION_FINISHED
10:28:09.10 (10790887)|USER_INFO|[EXTERNAL]|0051I00000112gB|trent@testorg.com|Pacific Standard Time|GMT-08:00
10:28:09.10 (10809702)|EXECUTION_STARTED
10:28:09.10 (10813090)|CODE_UNIT_STARTED|[EXTERNAL]|Aura
10:28:09.10 (11528200)|CODE_UNIT_STARTED|[EXTERNAL]|01p1I00000Dc465|GetCaseController.getWorkingCases
10:28:09.10 (11589376)|SYSTEM_MODE_ENTER|false
10:28:09.10 (11609704)|HEAP_ALLOCATE|[11]|Bytes:5
10:28:09.10 (11616963)|STATEMENT_EXECUTE|[10]
10:28:09.10 (11622022)|STATEMENT_EXECUTE|[11]
10:28:09.10 (11625692)|HEAP_ALLOCATE|[11]|Bytes:62
10:28:09.10 (11643159)|HEAP_ALLOCATE|[11]|Bytes:4
10:28:09.10 (11825551)|SOQL_EXECUTE_BEGIN|[11]|Aggregations:0|SELECT Id, Priority FROM Case WHERE Status = 'Working' LIMIT 4
10:28:09.10 (16083082)|SOQL_EXECUTE_END|[11]|Rows:0
10:28:09.10 (16101993)|HEAP_ALLOCATE|[11]|Bytes:4
10:28:09.10 (16111425)|HEAP_ALLOCATE|[11]|Bytes:0
10:28:09.10 (16141469)|HEAP_ALLOCATE|[11]|Bytes:4
10:28:09.10 (16152594)|VARIABLE_SCOPE_BEGIN|[11]|cases|List<Case>|true|false
10:28:09.10 (16173771)|VARIABLE_ASSIGNMENT|[11]|cases|[]|0x7fe09ff9
10:28:09.10 (16180209)|STATEMENT_EXECUTE|[12]
10:28:09.10 (16187541)|SYSTEM_MODE_EXIT|false
10:28:09.16 (16208296)|CUMULATIVE_LIMIT_USAGE
10:28:09.16 (16208296)|LIMIT_USAGE_FOR_NS|(default)|
  Number of SOQL queries: 2 out of 100
  Number of query rows: 3 out of 50000
  Number of SOSL queries: 0 out of 20
  Number of DML statements: 0 out of 150
  Number of DML rows: 0 out of 10000
  Maximum CPU time: 0 out of 10000
  Maximum heap size: 0 out of 6000000
  Number of callouts: 0 out of 100
  Number of Email Invocations: 0 out of 10
  Number of future calls: 0 out of 50
  Number of queueable jobs added to the queue: 0 out of 50
  Number of Mobile Apex push calls: 0 out of 10

10:28:09.16 (16208296)|CUMULATIVE_LIMIT_USAGE_END

10:28:09.10 (16235613)|CODE_UNIT_FINISHED|GetCaseController.getWorkingCases
10:28:09.10 (16278841)|CODE_UNIT_FINISHED|Aura
10:28:09.10 (17353744)|EXECUTION_FINISHED
10:28:09.18 (18111632)|USER_INFO|[EXTERNAL]|0051I00000112gB|trent@testorg.com|Pacific Standard Time|GMT-08:00
10:28:09.18 (18124862)|EXECUTION_STARTED
10:28:09.18 (18127100)|CODE_UNIT_STARTED|[EXTERNAL]|Aura
10:28:09.18 (18875829)|CODE_UNIT_STARTED|[EXTERNAL]|01p1I00000Dc465|GetCaseController.getEscalatedCases
10:28:09.18 (18935135)|SYSTEM_MODE_ENTER|false
10:28:09.18 (18958586)|HEAP_ALLOCATE|[17]|Bytes:5
10:28:09.18 (18967564)|STATEMENT_EXECUTE|[16]
10:28:09.18 (18969558)|STATEMENT_EXECUTE|[17]
10:28:09.18 (18973255)|HEAP_ALLOCATE|[17]|Bytes:64
10:28:09.18 (18990454)|HEAP_ALLOCATE|[17]|Bytes:4
10:28:09.18 (19141057)|SOQL_EXECUTE_BEGIN|[17]|Aggregations:0|SELECT Id, Priority FROM Case WHERE Status = 'Escalated' LIMIT 4
10:28:09.18 (21470906)|SOQL_EXECUTE_END|[17]|Rows:0
10:28:09.18 (21494689)|HEAP_ALLOCATE|[17]|Bytes:4
10:28:09.18 (21506774)|HEAP_ALLOCATE|[17]|Bytes:0
10:28:09.18 (21542046)|HEAP_ALLOCATE|[17]|Bytes:4
10:28:09.18 (21554328)|VARIABLE_SCOPE_BEGIN|[17]|cases|List<Case>|true|false
10:28:09.18 (21572984)|VARIABLE_ASSIGNMENT|[17]|cases|[]|0x4b24f46
10:28:09.18 (21579728)|STATEMENT_EXECUTE|[18]
10:28:09.18 (21586641)|SYSTEM_MODE_EXIT|false
10:28:09.21 (21602046)|CUMULATIVE_LIMIT_USAGE
10:28:09.21 (21602046)|LIMIT_USAGE_FOR_NS|(default)|
  Number of SOQL queries: 3 out of 100
  Number of query rows: 3 out of 50000
  Number of SOSL queries: 0 out of 20
  Number of DML statements: 0 out of 150
  Number of DML rows: 0 out of 10000
  Maximum CPU time: 0 out of 10000
  Maximum heap size: 0 out of 6000000
  Number of callouts: 0 out of 100
  Number of Email Invocations: 0 out of 10
  Number of future calls: 0 out of 50
  Number of queueable jobs added to the queue: 0 out of 50
  Number of Mobile Apex push calls: 0 out of 10

10:28:09.21 (21602046)|CUMULATIVE_LIMIT_USAGE_END

10:28:09.18 (21623560)|CODE_UNIT_FINISHED|GetCaseController.getEscalatedCases
10:28:09.18 (21676920)|CODE_UNIT_FINISHED|Aura
10:28:09.18 (23029349)|EXECUTION_FINISHED
10:28:09.24 (24124655)|USER_INFO|[EXTERNAL]|0051I00000112gB|trent@testorg.com|Pacific Standard Time|GMT-08:00
10:28:09.24 (24146553)|EXECUTION_STARTED
10:28:09.24 (24150001)|CODE_UNIT_STARTED|[EXTERNAL]|Aura
10:28:09.24 (24886791)|CODE_UNIT_STARTED|[EXTERNAL]|01p1I00000Dc465|GetCaseController.getClosedCases
10:28:09.24 (24938037)|SYSTEM_MODE_ENTER|false
10:28:09.24 (24956707)|HEAP_ALLOCATE|[23]|Bytes:5
10:28:09.24 (24963101)|STATEMENT_EXECUTE|[22]
10:28:09.24 (24965038)|STATEMENT_EXECUTE|[23]
10:28:09.24 (24968231)|HEAP_ALLOCATE|[23]|Bytes:61
10:28:09.24 (24981413)|HEAP_ALLOCATE|[23]|Bytes:4
10:28:09.24 (25118084)|SOQL_EXECUTE_BEGIN|[23]|Aggregations:0|SELECT Id, Priority FROM Case WHERE Status = 'Closed' LIMIT 4
10:28:09.24 (27574342)|SOQL_EXECUTE_END|[23]|Rows:4
10:28:09.24 (27592298)|HEAP_ALLOCATE|[23]|Bytes:20
10:28:09.24 (27614317)|HEAP_ALLOCATE|[23]|Bytes:181
10:28:09.24 (27649707)|HEAP_ALLOCATE|[23]|Bytes:20
10:28:09.24 (27661700)|VARIABLE_SCOPE_BEGIN|[23]|cases|List<Case>|true|false
10:28:09.24 (27704055)|VARIABLE_ASSIGNMENT|[23]|cases|[{"Id":"5001I000003mzcsQAA","Priority":"High"},{"Id":"5001I000003mzctQAA","Priority":"High"},{"Id":"5001I000003mzcvQAA","Priority":"Low"},{"Id":"5001I000003mzcwQAA","Priority":"Medium"}]|0x9f2e166
10:28:09.24 (27712970)|STATEMENT_EXECUTE|[24]
10:28:09.24 (27723339)|SYSTEM_MODE_EXIT|false
10:28:09.27 (27750077)|CUMULATIVE_LIMIT_USAGE
10:28:09.27 (27750077)|LIMIT_USAGE_FOR_NS|(default)|
  Number of SOQL queries: 4 out of 100
  Number of query rows: 7 out of 50000
  Number of SOSL queries: 0 out of 20
  Number of DML statements: 0 out of 150
  Number of DML rows: 0 out of 10000
  Maximum CPU time: 0 out of 10000
  Maximum heap size: 0 out of 6000000
  Number of callouts: 0 out of 100
  Number of Email Invocations: 0 out of 10
  Number of future calls: 0 out of 50
  Number of queueable jobs added to the queue: 0 out of 50
  Number of Mobile Apex push calls: 0 out of 10

10:28:09.27 (27750077)|CUMULATIVE_LIMIT_USAGE_END

10:28:09.24 (27782808)|CODE_UNIT_FINISHED|GetCaseController.getClosedCases
10:28:09.24 (27855035)|CODE_UNIT_FINISHED|Aura
10:28:09.24 (28916938)|EXECUTION_FINISHED
