41.0 APEX_CODE,FINEST;APEX_PROFILING,INFO;CALLOUT,INFO;DB,INFO;SYSTEM,DEBUG;VALIDATION,INFO;VISUALFORCE,INFO;WAVE,INFO;WORKFLOW,INFO
15:44:02.0 (312957)|USER_INFO|[EXTERNAL]|0051I00000112gB|trent@testorg.com|Pacific Standard Time|GMT-08:00
15:44:02.0 (345729)|EXECUTION_STARTED
15:44:02.0 (348868)|CODE_UNIT_STARTED|[EXTERNAL]|Aura
15:44:02.0 (1700710)|CODE_UNIT_STARTED|[EXTERNAL]|01p1I00000Dc465|GetCaseController.getNewCases
15:44:02.0 (2285039)|HEAP_ALLOCATE|[72]|Bytes:3
15:44:02.0 (2352667)|HEAP_ALLOCATE|[77]|Bytes:152
15:44:02.0 (2369851)|HEAP_ALLOCATE|[342]|Bytes:408
15:44:02.0 (2382967)|HEAP_ALLOCATE|[355]|Bytes:408
15:44:02.0 (2393491)|HEAP_ALLOCATE|[467]|Bytes:48
15:44:02.0 (2422207)|HEAP_ALLOCATE|[139]|Bytes:6
15:44:02.0 (2440585)|HEAP_ALLOCATE|[EXTERNAL]|Bytes:6
15:44:02.0 (2478504)|METHOD_ENTRY|[1]|01p1I00000Dc465|GetCaseController.GetCaseController()
15:44:02.0 (2485326)|STATEMENT_EXECUTE|[1]
15:44:02.0 (2491016)|STATEMENT_EXECUTE|[1]
15:44:02.0 (2523570)|HEAP_ALLOCATE|[50]|Bytes:5
15:44:02.0 (2546728)|HEAP_ALLOCATE|[56]|Bytes:5
15:44:02.0 (2554261)|HEAP_ALLOCATE|[64]|Bytes:7
15:44:02.0 (2577299)|SYSTEM_MODE_ENTER|false
15:44:02.0 (2592480)|HEAP_ALLOCATE|[EXTERNAL]|Bytes:5
15:44:02.0 (2600925)|SYSTEM_MODE_EXIT|false
15:44:02.0 (2618804)|METHOD_EXIT|[1]|GetCaseController
15:44:02.0 (2630076)|SYSTEM_MODE_ENTER|false
15:44:02.0 (2642904)|HEAP_ALLOCATE|[10]|Bytes:5
15:44:02.0 (2651604)|STATEMENT_EXECUTE|[9]
15:44:02.0 (2652994)|STATEMENT_EXECUTE|[10]
15:44:02.0 (2655451)|HEAP_ALLOCATE|[10]|Bytes:58
15:44:02.0 (2676443)|HEAP_ALLOCATE|[10]|Bytes:4
15:44:02.0 (3494851)|SOQL_EXECUTE_BEGIN|[10]|Aggregations:0|SELECT Id, Priority FROM Case WHERE Status = 'New' LIMIT 4
15:44:02.0 (7446842)|SOQL_EXECUTE_END|[10]|Rows:3
15:44:02.0 (7465618)|HEAP_ALLOCATE|[10]|Bytes:16
15:44:02.0 (7487044)|HEAP_ALLOCATE|[10]|Bytes:132
15:44:02.0 (7542494)|HEAP_ALLOCATE|[10]|Bytes:16
15:44:02.0 (7556518)|VARIABLE_SCOPE_BEGIN|[10]|cases|List<Case>|true|false
15:44:02.0 (7600602)|VARIABLE_ASSIGNMENT|[10]|cases|[{"Id":"5001I000003mzcuQAA","Priority":"Low"},{"Id":"5001I000003mzd8QAA","Priority":"Low"},{"Id":"5001I000003mzdGQAQ","Priority":"Low"}]|0x144975cf
15:44:02.0 (7609301)|STATEMENT_EXECUTE|[11]
15:44:02.0 (7620472)|SYSTEM_MODE_EXIT|false
15:44:02.7 (7643538)|CUMULATIVE_LIMIT_USAGE
15:44:02.7 (7643538)|LIMIT_USAGE_FOR_NS|(default)|
  Number of SOQL queries: 1 out of 100
  Number of query rows: 3 out of 50000
  Number of SOSL queries: 0 out of 20
  Number of DML statements: 0 out of 150
  Number of DML rows: 0 out of 10000
  Maximum CPU time: 0 out of 10000
  Maximum heap size: 0 out of 6000000
  Number of callouts: 0 out of 100
  Number of Email Invocations: 0 out of 10
  Number of future calls: 0 out of 50
  Number of queueable jobs added to the queue: 0 out of 50
  Number of Mobile Apex push calls: 0 out of 10

15:44:02.7 (7643538)|CUMULATIVE_LIMIT_USAGE_END

15:44:02.0 (7679866)|CODE_UNIT_FINISHED|GetCaseController.getNewCases
15:44:02.0 (7744487)|CODE_UNIT_FINISHED|Aura
15:44:02.0 (8766525)|EXECUTION_FINISHED
