41.0 APEX_CODE,FINEST;APEX_PROFILING,INFO;CALLOUT,INFO;DB,INFO;SYSTEM,DEBUG;VALIDATION,INFO;VISUALFORCE,INFO;WAVE,INFO;WORKFLOW,INFO
09:16:55.0 (364846)|USER_INFO|[EXTERNAL]|0051I00000112gB|trent@testorg.com|Pacific Standard Time|GMT-08:00
09:16:55.0 (565326)|EXECUTION_STARTED
09:16:55.0 (569511)|CODE_UNIT_STARTED|[EXTERNAL]|Aura
09:16:55.0 (2369922)|CODE_UNIT_STARTED|[EXTERNAL]|01p1I00000Dc465|GetCaseController.getNewCases
09:16:55.0 (2976010)|HEAP_ALLOCATE|[72]|Bytes:3
09:16:55.0 (3024828)|HEAP_ALLOCATE|[77]|Bytes:152
09:16:55.0 (3041043)|HEAP_ALLOCATE|[342]|Bytes:408
09:16:55.0 (3055044)|HEAP_ALLOCATE|[355]|Bytes:408
09:16:55.0 (3067642)|HEAP_ALLOCATE|[467]|Bytes:48
09:16:55.0 (3124798)|HEAP_ALLOCATE|[139]|Bytes:6
09:16:55.0 (3140091)|HEAP_ALLOCATE|[EXTERNAL]|Bytes:13
09:16:55.0 (3176782)|METHOD_ENTRY|[1]|01p1I00000Dc465|GetCaseController.GetCaseController()
09:16:55.0 (3183370)|STATEMENT_EXECUTE|[1]
09:16:55.0 (3188839)|STATEMENT_EXECUTE|[1]
09:16:55.0 (3219389)|HEAP_ALLOCATE|[50]|Bytes:5
09:16:55.0 (3238212)|HEAP_ALLOCATE|[56]|Bytes:5
09:16:55.0 (3245254)|HEAP_ALLOCATE|[64]|Bytes:7
09:16:55.0 (3264738)|SYSTEM_MODE_ENTER|false
09:16:55.0 (3372822)|HEAP_ALLOCATE|[EXTERNAL]|Bytes:5
09:16:55.0 (3381166)|SYSTEM_MODE_EXIT|false
09:16:55.0 (3408106)|METHOD_EXIT|[1]|GetCaseController
09:16:55.0 (3426811)|SYSTEM_MODE_ENTER|false
09:16:55.0 (3444793)|HEAP_ALLOCATE|[5]|Bytes:5
09:16:55.0 (3449766)|STATEMENT_EXECUTE|[4]
09:16:55.0 (3451178)|STATEMENT_EXECUTE|[5]
09:16:55.0 (3453919)|HEAP_ALLOCATE|[5]|Bytes:58
09:16:55.0 (3477468)|HEAP_ALLOCATE|[5]|Bytes:4
09:16:55.0 (4440080)|SOQL_EXECUTE_BEGIN|[5]|Aggregations:0|SELECT Id, Priority FROM Case WHERE Status = 'New' LIMIT 4
09:16:55.0 (11556207)|SOQL_EXECUTE_END|[5]|Rows:3
09:16:55.0 (11580498)|HEAP_ALLOCATE|[5]|Bytes:16
09:16:55.0 (11601916)|HEAP_ALLOCATE|[5]|Bytes:132
09:16:55.0 (11659340)|HEAP_ALLOCATE|[5]|Bytes:16
09:16:55.0 (11677445)|VARIABLE_SCOPE_BEGIN|[5]|cases|List<Case>|true|false
09:16:55.0 (11730909)|VARIABLE_ASSIGNMENT|[5]|cases|[{"Id":"5001I000003mzcuQAA","Priority":"Low"},{"Id":"5001I000003mzd8QAA","Priority":"Low"},{"Id":"5001I000003mzdGQAQ","Priority":"Low"}]|0x1f0c0ca
09:16:55.0 (11740321)|STATEMENT_EXECUTE|[6]
09:16:55.0 (11784270)|SYSTEM_MODE_EXIT|false
09:16:55.11 (11823297)|CUMULATIVE_LIMIT_USAGE
09:16:55.11 (11823297)|LIMIT_USAGE_FOR_NS|(default)|
  Number of SOQL queries: 1 out of 100
  Number of query rows: 3 out of 50000
  Number of SOSL queries: 0 out of 20
  Number of DML statements: 0 out of 150
  Number of DML rows: 0 out of 10000
  Maximum CPU time: 0 out of 10000
  Maximum heap size: 0 out of 6000000
  Number of callouts: 0 out of 100
  Number of Email Invocations: 0 out of 10
  Number of future calls: 0 out of 50
  Number of queueable jobs added to the queue: 0 out of 50
  Number of Mobile Apex push calls: 0 out of 10

09:16:55.11 (11823297)|CUMULATIVE_LIMIT_USAGE_END

09:16:55.0 (11857249)|CODE_UNIT_FINISHED|GetCaseController.getNewCases
09:16:55.0 (11951159)|CODE_UNIT_FINISHED|Aura
09:16:55.0 (13353402)|EXECUTION_FINISHED
09:16:55.14 (14903050)|USER_INFO|[EXTERNAL]|0051I00000112gB|trent@testorg.com|Pacific Standard Time|GMT-08:00
09:16:55.14 (14924738)|EXECUTION_STARTED
09:16:55.14 (14929481)|CODE_UNIT_STARTED|[EXTERNAL]|Aura
09:16:55.14 (15792760)|CODE_UNIT_STARTED|[EXTERNAL]|01p1I00000Dc465|GetCaseController.getWorkingCases
09:16:55.14 (15864436)|SYSTEM_MODE_ENTER|false
09:16:55.14 (15892340)|HEAP_ALLOCATE|[11]|Bytes:5
09:16:55.14 (15902209)|STATEMENT_EXECUTE|[10]
09:16:55.14 (15904786)|STATEMENT_EXECUTE|[11]
09:16:55.14 (15909918)|HEAP_ALLOCATE|[11]|Bytes:62
09:16:55.14 (15927915)|HEAP_ALLOCATE|[11]|Bytes:4
09:16:55.14 (16106881)|SOQL_EXECUTE_BEGIN|[11]|Aggregations:0|SELECT Id, Priority FROM Case WHERE Status = 'Working' LIMIT 4
09:16:55.14 (18379672)|SOQL_EXECUTE_END|[11]|Rows:0
09:16:55.14 (18400281)|HEAP_ALLOCATE|[11]|Bytes:4
09:16:55.14 (18411569)|HEAP_ALLOCATE|[11]|Bytes:0
09:16:55.14 (18447920)|HEAP_ALLOCATE|[11]|Bytes:4
09:16:55.14 (18460538)|VARIABLE_SCOPE_BEGIN|[11]|cases|List<Case>|true|false
09:16:55.14 (18496966)|VARIABLE_ASSIGNMENT|[11]|cases|[]|0x523ce260
09:16:55.14 (18507070)|STATEMENT_EXECUTE|[12]
09:16:55.14 (18518516)|SYSTEM_MODE_EXIT|false
09:16:55.18 (18564685)|CUMULATIVE_LIMIT_USAGE
09:16:55.18 (18564685)|LIMIT_USAGE_FOR_NS|(default)|
  Number of SOQL queries: 2 out of 100
  Number of query rows: 3 out of 50000
  Number of SOSL queries: 0 out of 20
  Number of DML statements: 0 out of 150
  Number of DML rows: 0 out of 10000
  Maximum CPU time: 0 out of 10000
  Maximum heap size: 0 out of 6000000
  Number of callouts: 0 out of 100
  Number of Email Invocations: 0 out of 10
  Number of future calls: 0 out of 50
  Number of queueable jobs added to the queue: 0 out of 50
  Number of Mobile Apex push calls: 0 out of 10

09:16:55.18 (18564685)|CUMULATIVE_LIMIT_USAGE_END

09:16:55.14 (18605261)|CODE_UNIT_FINISHED|GetCaseController.getWorkingCases
09:16:55.14 (18664572)|CODE_UNIT_FINISHED|Aura
09:16:55.14 (19752911)|EXECUTION_FINISHED
