41.0 APEX_CODE,FINEST;APEX_PROFILING,INFO;CALLOUT,INFO;DB,INFO;SYSTEM,DEBUG;VALIDATION,INFO;VISUALFORCE,INFO;WAVE,INFO;WORKFLOW,INFO
09:22:27.0 (288094)|USER_INFO|[EXTERNAL]|0051I00000112gB|trent@testorg.com|Pacific Standard Time|GMT-08:00
09:22:27.0 (322367)|EXECUTION_STARTED
09:22:27.0 (327999)|CODE_UNIT_STARTED|[EXTERNAL]|Aura
09:22:27.0 (1729916)|CODE_UNIT_STARTED|[EXTERNAL]|01p1I00000Dc465|GetCaseController.getNewCases
09:22:27.0 (2583809)|HEAP_ALLOCATE|[72]|Bytes:3
09:22:27.0 (2647943)|HEAP_ALLOCATE|[77]|Bytes:152
09:22:27.0 (2674925)|HEAP_ALLOCATE|[342]|Bytes:408
09:22:27.0 (2694376)|HEAP_ALLOCATE|[355]|Bytes:408
09:22:27.0 (2711222)|HEAP_ALLOCATE|[467]|Bytes:48
09:22:27.0 (2752069)|HEAP_ALLOCATE|[139]|Bytes:6
09:22:27.0 (2774309)|HEAP_ALLOCATE|[EXTERNAL]|Bytes:13
09:22:27.0 (2789748)|METHOD_ENTRY|[1]|01p1I00000Dc465|GetCaseController.GetCaseController()
09:22:27.0 (2799380)|STATEMENT_EXECUTE|[1]
09:22:27.0 (2805580)|STATEMENT_EXECUTE|[1]
09:22:27.0 (2848547)|HEAP_ALLOCATE|[50]|Bytes:5
09:22:27.0 (2876354)|HEAP_ALLOCATE|[56]|Bytes:5
09:22:27.0 (2885857)|HEAP_ALLOCATE|[64]|Bytes:7
09:22:27.0 (2917224)|SYSTEM_MODE_ENTER|false
09:22:27.0 (2938159)|HEAP_ALLOCATE|[EXTERNAL]|Bytes:5
09:22:27.0 (2948919)|SYSTEM_MODE_EXIT|false
09:22:27.0 (2959728)|METHOD_EXIT|[1]|GetCaseController
09:22:27.0 (2975519)|SYSTEM_MODE_ENTER|false
09:22:27.0 (2994382)|HEAP_ALLOCATE|[5]|Bytes:5
09:22:27.0 (3000007)|STATEMENT_EXECUTE|[4]
09:22:27.0 (3002421)|STATEMENT_EXECUTE|[5]
09:22:27.0 (3004791)|HEAP_ALLOCATE|[5]|Bytes:58
09:22:27.0 (3031163)|HEAP_ALLOCATE|[5]|Bytes:4
09:22:27.0 (4138953)|SOQL_EXECUTE_BEGIN|[5]|Aggregations:0|SELECT Id, Priority FROM Case WHERE Status = 'New' LIMIT 4
09:22:27.0 (10481941)|SOQL_EXECUTE_END|[5]|Rows:3
09:22:27.0 (10511477)|HEAP_ALLOCATE|[5]|Bytes:16
09:22:27.0 (10535938)|HEAP_ALLOCATE|[5]|Bytes:132
09:22:27.0 (10602724)|HEAP_ALLOCATE|[5]|Bytes:16
09:22:27.0 (10616933)|VARIABLE_SCOPE_BEGIN|[5]|cases|List<Case>|true|false
09:22:27.0 (10660443)|VARIABLE_ASSIGNMENT|[5]|cases|[{"Id":"5001I000003mzcuQAA","Priority":"Low"},{"Id":"5001I000003mzd8QAA","Priority":"Low"},{"Id":"5001I000003mzdGQAQ","Priority":"Low"}]|0x576ad8e7
09:22:27.0 (10668988)|STATEMENT_EXECUTE|[6]
09:22:27.0 (10679518)|SYSTEM_MODE_EXIT|false
09:22:27.10 (10711590)|CUMULATIVE_LIMIT_USAGE
09:22:27.10 (10711590)|LIMIT_USAGE_FOR_NS|(default)|
  Number of SOQL queries: 1 out of 100
  Number of query rows: 3 out of 50000
  Number of SOSL queries: 0 out of 20
  Number of DML statements: 0 out of 150
  Number of DML rows: 0 out of 10000
  Maximum CPU time: 0 out of 10000
  Maximum heap size: 0 out of 6000000
  Number of callouts: 0 out of 100
  Number of Email Invocations: 0 out of 10
  Number of future calls: 0 out of 50
  Number of queueable jobs added to the queue: 0 out of 50
  Number of Mobile Apex push calls: 0 out of 10

09:22:27.10 (10711590)|CUMULATIVE_LIMIT_USAGE_END

09:22:27.0 (10746487)|CODE_UNIT_FINISHED|GetCaseController.getNewCases
09:22:27.0 (10816638)|CODE_UNIT_FINISHED|Aura
09:22:27.0 (11835483)|EXECUTION_FINISHED
09:22:27.19 (19155866)|USER_INFO|[EXTERNAL]|0051I00000112gB|trent@testorg.com|Pacific Standard Time|GMT-08:00
09:22:27.19 (19180842)|EXECUTION_STARTED
09:22:27.19 (19186416)|CODE_UNIT_STARTED|[EXTERNAL]|Aura
09:22:27.19 (19959585)|CODE_UNIT_STARTED|[EXTERNAL]|01p1I00000Dc465|GetCaseController.getWorkingCases
09:22:27.19 (20037758)|SYSTEM_MODE_ENTER|false
09:22:27.19 (20074625)|HEAP_ALLOCATE|[11]|Bytes:5
09:22:27.19 (20083227)|STATEMENT_EXECUTE|[10]
09:22:27.19 (20085441)|STATEMENT_EXECUTE|[11]
09:22:27.19 (20090064)|HEAP_ALLOCATE|[11]|Bytes:62
09:22:27.19 (20117958)|HEAP_ALLOCATE|[11]|Bytes:4
09:22:27.19 (20400482)|SOQL_EXECUTE_BEGIN|[11]|Aggregations:0|SELECT Id, Priority FROM Case WHERE Status = 'Working' LIMIT 4
09:22:27.19 (23490337)|SOQL_EXECUTE_END|[11]|Rows:0
09:22:27.19 (23510692)|HEAP_ALLOCATE|[11]|Bytes:4
09:22:27.19 (23523291)|HEAP_ALLOCATE|[11]|Bytes:0
09:22:27.19 (23573343)|HEAP_ALLOCATE|[11]|Bytes:4
09:22:27.19 (23587495)|VARIABLE_SCOPE_BEGIN|[11]|cases|List<Case>|true|false
09:22:27.19 (23615974)|VARIABLE_ASSIGNMENT|[11]|cases|[]|0x31378d3a
09:22:27.19 (23623016)|STATEMENT_EXECUTE|[12]
09:22:27.19 (23634820)|SYSTEM_MODE_EXIT|false
09:22:27.23 (23663179)|CUMULATIVE_LIMIT_USAGE
09:22:27.23 (23663179)|LIMIT_USAGE_FOR_NS|(default)|
  Number of SOQL queries: 2 out of 100
  Number of query rows: 3 out of 50000
  Number of SOSL queries: 0 out of 20
  Number of DML statements: 0 out of 150
  Number of DML rows: 0 out of 10000
  Maximum CPU time: 0 out of 10000
  Maximum heap size: 0 out of 6000000
  Number of callouts: 0 out of 100
  Number of Email Invocations: 0 out of 10
  Number of future calls: 0 out of 50
  Number of queueable jobs added to the queue: 0 out of 50
  Number of Mobile Apex push calls: 0 out of 10

09:22:27.23 (23663179)|CUMULATIVE_LIMIT_USAGE_END

09:22:27.19 (23694684)|CODE_UNIT_FINISHED|GetCaseController.getWorkingCases
09:22:27.19 (23750917)|CODE_UNIT_FINISHED|Aura
09:22:27.19 (24842694)|EXECUTION_FINISHED
09:22:27.25 (25907916)|USER_INFO|[EXTERNAL]|0051I00000112gB|trent@testorg.com|Pacific Standard Time|GMT-08:00
09:22:27.25 (25920767)|EXECUTION_STARTED
09:22:27.25 (25923377)|CODE_UNIT_STARTED|[EXTERNAL]|Aura
09:22:27.25 (26955330)|CODE_UNIT_STARTED|[EXTERNAL]|01p1I00000Dc465|GetCaseController.getClosedCases
09:22:27.25 (27005488)|SYSTEM_MODE_ENTER|false
09:22:27.25 (27030696)|HEAP_ALLOCATE|[23]|Bytes:5
09:22:27.25 (27037455)|STATEMENT_EXECUTE|[22]
09:22:27.25 (27039041)|STATEMENT_EXECUTE|[23]
09:22:27.25 (27043577)|HEAP_ALLOCATE|[23]|Bytes:61
09:22:27.25 (27061907)|HEAP_ALLOCATE|[23]|Bytes:4
09:22:27.25 (27252901)|SOQL_EXECUTE_BEGIN|[23]|Aggregations:0|SELECT Id, Priority FROM Case WHERE Status = 'Closed' LIMIT 4
09:22:27.25 (30365800)|SOQL_EXECUTE_END|[23]|Rows:4
09:22:27.25 (30400782)|HEAP_ALLOCATE|[23]|Bytes:20
09:22:27.25 (30423311)|HEAP_ALLOCATE|[23]|Bytes:181
09:22:27.25 (30470140)|HEAP_ALLOCATE|[23]|Bytes:20
09:22:27.25 (30483265)|VARIABLE_SCOPE_BEGIN|[23]|cases|List<Case>|true|false
09:22:27.25 (30524936)|VARIABLE_ASSIGNMENT|[23]|cases|[{"Id":"5001I000003mzcsQAA","Priority":"High"},{"Id":"5001I000003mzctQAA","Priority":"High"},{"Id":"5001I000003mzcvQAA","Priority":"Low"},{"Id":"5001I000003mzcwQAA","Priority":"Medium"}]|0xea82827
09:22:27.25 (30533653)|STATEMENT_EXECUTE|[24]
09:22:27.25 (30546250)|SYSTEM_MODE_EXIT|false
09:22:27.30 (30572002)|CUMULATIVE_LIMIT_USAGE
09:22:27.30 (30572002)|LIMIT_USAGE_FOR_NS|(default)|
  Number of SOQL queries: 3 out of 100
  Number of query rows: 7 out of 50000
  Number of SOSL queries: 0 out of 20
  Number of DML statements: 0 out of 150
  Number of DML rows: 0 out of 10000
  Maximum CPU time: 0 out of 10000
  Maximum heap size: 0 out of 6000000
  Number of callouts: 0 out of 100
  Number of Email Invocations: 0 out of 10
  Number of future calls: 0 out of 50
  Number of queueable jobs added to the queue: 0 out of 50
  Number of Mobile Apex push calls: 0 out of 10

09:22:27.30 (30572002)|CUMULATIVE_LIMIT_USAGE_END

09:22:27.25 (30604067)|CODE_UNIT_FINISHED|GetCaseController.getClosedCases
09:22:27.25 (30674019)|CODE_UNIT_FINISHED|Aura
09:22:27.25 (31721992)|EXECUTION_FINISHED
