41.0 APEX_CODE,FINEST;APEX_PROFILING,INFO;CALLOUT,INFO;DB,INFO;SYSTEM,DEBUG;VALIDATION,INFO;VISUALFORCE,INFO;WAVE,INFO;WORKFLOW,INFO
09:54:18.0 (310630)|USER_INFO|[EXTERNAL]|0051I00000112gB|trent@testorg.com|Pacific Standard Time|GMT-08:00
09:54:18.0 (354859)|EXECUTION_STARTED
09:54:18.0 (359383)|CODE_UNIT_STARTED|[EXTERNAL]|Aura
09:54:18.0 (1733891)|CODE_UNIT_STARTED|[EXTERNAL]|01p1I00000Dc465|GetCaseController.getNewCases
09:54:18.0 (2308951)|HEAP_ALLOCATE|[72]|Bytes:3
09:54:18.0 (2365157)|HEAP_ALLOCATE|[77]|Bytes:152
09:54:18.0 (2379245)|HEAP_ALLOCATE|[342]|Bytes:408
09:54:18.0 (2390482)|HEAP_ALLOCATE|[355]|Bytes:408
09:54:18.0 (2400469)|HEAP_ALLOCATE|[467]|Bytes:48
09:54:18.0 (2426406)|HEAP_ALLOCATE|[139]|Bytes:6
09:54:18.0 (2440063)|HEAP_ALLOCATE|[EXTERNAL]|Bytes:13
09:54:18.0 (2486340)|METHOD_ENTRY|[1]|01p1I00000Dc465|GetCaseController.GetCaseController()
09:54:18.0 (2492859)|STATEMENT_EXECUTE|[1]
09:54:18.0 (2496523)|STATEMENT_EXECUTE|[1]
09:54:18.0 (2525521)|HEAP_ALLOCATE|[50]|Bytes:5
09:54:18.0 (2543100)|HEAP_ALLOCATE|[56]|Bytes:5
09:54:18.0 (2550306)|HEAP_ALLOCATE|[64]|Bytes:7
09:54:18.0 (2571559)|SYSTEM_MODE_ENTER|false
09:54:18.0 (2703341)|HEAP_ALLOCATE|[EXTERNAL]|Bytes:5
09:54:18.0 (2711614)|SYSTEM_MODE_EXIT|false
09:54:18.0 (2730734)|METHOD_EXIT|[1]|GetCaseController
09:54:18.0 (2744415)|SYSTEM_MODE_ENTER|false
09:54:18.0 (2757068)|HEAP_ALLOCATE|[5]|Bytes:5
09:54:18.0 (2761508)|STATEMENT_EXECUTE|[4]
09:54:18.0 (2762857)|STATEMENT_EXECUTE|[5]
09:54:18.0 (2765190)|HEAP_ALLOCATE|[5]|Bytes:50
09:54:18.0 (2779362)|HEAP_ALLOCATE|[5]|Bytes:4
09:54:18.0 (3622566)|SOQL_EXECUTE_BEGIN|[5]|Aggregations:0|SELECT Id, Priority FROM Case WHERE Status = 'New'
09:54:18.0 (7557954)|SOQL_EXECUTE_END|[5]|Rows:3
09:54:18.0 (7574952)|HEAP_ALLOCATE|[5]|Bytes:16
09:54:18.0 (7590092)|HEAP_ALLOCATE|[5]|Bytes:132
09:54:18.0 (7628973)|HEAP_ALLOCATE|[5]|Bytes:16
09:54:18.0 (7640511)|VARIABLE_SCOPE_BEGIN|[5]|cases|List<Case>|true|false
09:54:18.0 (7681844)|VARIABLE_ASSIGNMENT|[5]|cases|[{"Id":"5001I000003mzcuQAA","Priority":"Low"},{"Id":"5001I000003mzd8QAA","Priority":"Low"},{"Id":"5001I000003mzdGQAQ","Priority":"Low"}]|0x6945a0d1
09:54:18.0 (7689806)|STATEMENT_EXECUTE|[6]
09:54:18.0 (7697637)|SYSTEM_MODE_EXIT|false
09:54:18.7 (7733725)|CUMULATIVE_LIMIT_USAGE
09:54:18.7 (7733725)|LIMIT_USAGE_FOR_NS|(default)|
  Number of SOQL queries: 1 out of 100
  Number of query rows: 3 out of 50000
  Number of SOSL queries: 0 out of 20
  Number of DML statements: 0 out of 150
  Number of DML rows: 0 out of 10000
  Maximum CPU time: 0 out of 10000
  Maximum heap size: 0 out of 6000000
  Number of callouts: 0 out of 100
  Number of Email Invocations: 0 out of 10
  Number of future calls: 0 out of 50
  Number of queueable jobs added to the queue: 0 out of 50
  Number of Mobile Apex push calls: 0 out of 10

09:54:18.7 (7733725)|CUMULATIVE_LIMIT_USAGE_END

09:54:18.0 (7767212)|CODE_UNIT_FINISHED|GetCaseController.getNewCases
09:54:18.0 (7836542)|CODE_UNIT_FINISHED|Aura
09:54:18.0 (8942749)|EXECUTION_FINISHED
09:54:18.10 (10308795)|USER_INFO|[EXTERNAL]|0051I00000112gB|trent@testorg.com|Pacific Standard Time|GMT-08:00
09:54:18.10 (10323684)|EXECUTION_STARTED
09:54:18.10 (10326630)|CODE_UNIT_STARTED|[EXTERNAL]|Aura
09:54:18.10 (11057661)|CODE_UNIT_STARTED|[EXTERNAL]|01p1I00000Dc465|GetCaseController.getWorkingCases
09:54:18.10 (11107541)|SYSTEM_MODE_ENTER|false
09:54:18.10 (11124696)|HEAP_ALLOCATE|[11]|Bytes:5
09:54:18.10 (11130512)|STATEMENT_EXECUTE|[10]
09:54:18.10 (11131892)|STATEMENT_EXECUTE|[11]
09:54:18.10 (11134418)|HEAP_ALLOCATE|[11]|Bytes:62
09:54:18.10 (11146933)|HEAP_ALLOCATE|[11]|Bytes:4
09:54:18.10 (11270570)|SOQL_EXECUTE_BEGIN|[11]|Aggregations:0|SELECT Id, Priority FROM Case WHERE Status = 'Working' LIMIT 4
09:54:18.10 (15245823)|SOQL_EXECUTE_END|[11]|Rows:0
09:54:18.10 (15263547)|HEAP_ALLOCATE|[11]|Bytes:4
09:54:18.10 (15272584)|HEAP_ALLOCATE|[11]|Bytes:0
09:54:18.10 (15305015)|HEAP_ALLOCATE|[11]|Bytes:4
09:54:18.10 (15315408)|VARIABLE_SCOPE_BEGIN|[11]|cases|List<Case>|true|false
09:54:18.10 (15334592)|VARIABLE_ASSIGNMENT|[11]|cases|[]|0x397de208
09:54:18.10 (15341364)|STATEMENT_EXECUTE|[12]
09:54:18.10 (15352991)|SYSTEM_MODE_EXIT|false
09:54:18.15 (15370707)|CUMULATIVE_LIMIT_USAGE
09:54:18.15 (15370707)|LIMIT_USAGE_FOR_NS|(default)|
  Number of SOQL queries: 2 out of 100
  Number of query rows: 3 out of 50000
  Number of SOSL queries: 0 out of 20
  Number of DML statements: 0 out of 150
  Number of DML rows: 0 out of 10000
  Maximum CPU time: 0 out of 10000
  Maximum heap size: 0 out of 6000000
  Number of callouts: 0 out of 100
  Number of Email Invocations: 0 out of 10
  Number of future calls: 0 out of 50
  Number of queueable jobs added to the queue: 0 out of 50
  Number of Mobile Apex push calls: 0 out of 10

09:54:18.15 (15370707)|CUMULATIVE_LIMIT_USAGE_END

09:54:18.10 (15392179)|CODE_UNIT_FINISHED|GetCaseController.getWorkingCases
09:54:18.10 (15432143)|CODE_UNIT_FINISHED|Aura
09:54:18.10 (16418945)|EXECUTION_FINISHED
09:54:18.17 (17099083)|USER_INFO|[EXTERNAL]|0051I00000112gB|trent@testorg.com|Pacific Standard Time|GMT-08:00
09:54:18.17 (17112019)|EXECUTION_STARTED
09:54:18.17 (17114234)|CODE_UNIT_STARTED|[EXTERNAL]|Aura
09:54:18.17 (17798143)|CODE_UNIT_STARTED|[EXTERNAL]|01p1I00000Dc465|GetCaseController.getClosedCases
09:54:18.17 (17840522)|SYSTEM_MODE_ENTER|false
09:54:18.17 (17857611)|HEAP_ALLOCATE|[23]|Bytes:5
09:54:18.17 (17863000)|STATEMENT_EXECUTE|[22]
09:54:18.17 (17864354)|STATEMENT_EXECUTE|[23]
09:54:18.17 (17867244)|HEAP_ALLOCATE|[23]|Bytes:61
09:54:18.17 (17880211)|HEAP_ALLOCATE|[23]|Bytes:4
09:54:18.17 (18002058)|SOQL_EXECUTE_BEGIN|[23]|Aggregations:0|SELECT Id, Priority FROM Case WHERE Status = 'Closed' LIMIT 4
09:54:18.17 (20013127)|SOQL_EXECUTE_END|[23]|Rows:4
09:54:18.17 (20028426)|HEAP_ALLOCATE|[23]|Bytes:20
09:54:18.17 (20045464)|HEAP_ALLOCATE|[23]|Bytes:181
09:54:18.17 (20071884)|HEAP_ALLOCATE|[23]|Bytes:20
09:54:18.17 (20081902)|VARIABLE_SCOPE_BEGIN|[23]|cases|List<Case>|true|false
09:54:18.17 (20108040)|VARIABLE_ASSIGNMENT|[23]|cases|[{"Id":"5001I000003mzcsQAA","Priority":"High"},{"Id":"5001I000003mzctQAA","Priority":"High"},{"Id":"5001I000003mzcvQAA","Priority":"Low"},{"Id":"5001I000003mzcwQAA","Priority":"Medium"}]|0x46930e4a
09:54:18.17 (20116444)|STATEMENT_EXECUTE|[24]
09:54:18.17 (20123382)|SYSTEM_MODE_EXIT|false
09:54:18.20 (20142746)|CUMULATIVE_LIMIT_USAGE
09:54:18.20 (20142746)|LIMIT_USAGE_FOR_NS|(default)|
  Number of SOQL queries: 3 out of 100
  Number of query rows: 7 out of 50000
  Number of SOSL queries: 0 out of 20
  Number of DML statements: 0 out of 150
  Number of DML rows: 0 out of 10000
  Maximum CPU time: 0 out of 10000
  Maximum heap size: 0 out of 6000000
  Number of callouts: 0 out of 100
  Number of Email Invocations: 0 out of 10
  Number of future calls: 0 out of 50
  Number of queueable jobs added to the queue: 0 out of 50
  Number of Mobile Apex push calls: 0 out of 10

09:54:18.20 (20142746)|CUMULATIVE_LIMIT_USAGE_END

09:54:18.17 (20163815)|CODE_UNIT_FINISHED|GetCaseController.getClosedCases
09:54:18.17 (20213618)|CODE_UNIT_FINISHED|Aura
09:54:18.17 (21194406)|EXECUTION_FINISHED
