41.0 APEX_CODE,FINEST;APEX_PROFILING,INFO;CALLOUT,INFO;DB,INFO;SYSTEM,DEBUG;VALIDATION,INFO;VISUALFORCE,INFO;WAVE,INFO;WORKFLOW,INFO
15:37:06.0 (288620)|USER_INFO|[EXTERNAL]|0051I00000112gB|trent@testorg.com|Pacific Standard Time|GMT-08:00
15:37:06.0 (325735)|EXECUTION_STARTED
15:37:06.0 (329161)|CODE_UNIT_STARTED|[EXTERNAL]|Aura
15:37:06.0 (1683283)|CODE_UNIT_STARTED|[EXTERNAL]|01p1I00000Dc465|CaseController.getNewCases
15:37:06.0 (2277309)|HEAP_ALLOCATE|[72]|Bytes:3
15:37:06.0 (2316037)|HEAP_ALLOCATE|[77]|Bytes:152
15:37:06.0 (2335032)|HEAP_ALLOCATE|[342]|Bytes:408
15:37:06.0 (2365650)|HEAP_ALLOCATE|[355]|Bytes:408
15:37:06.0 (2390751)|HEAP_ALLOCATE|[467]|Bytes:48
15:37:06.0 (2430368)|HEAP_ALLOCATE|[139]|Bytes:6
15:37:06.0 (2458244)|HEAP_ALLOCATE|[EXTERNAL]|Bytes:6
15:37:06.0 (2474535)|METHOD_ENTRY|[1]|01p1I00000Dc465|CaseController.CaseController()
15:37:06.0 (2483090)|STATEMENT_EXECUTE|[1]
15:37:06.0 (2490171)|STATEMENT_EXECUTE|[1]
15:37:06.0 (2528049)|HEAP_ALLOCATE|[50]|Bytes:5
15:37:06.0 (2550892)|HEAP_ALLOCATE|[56]|Bytes:5
15:37:06.0 (2557890)|HEAP_ALLOCATE|[64]|Bytes:7
15:37:06.0 (2581311)|SYSTEM_MODE_ENTER|false
15:37:06.0 (2593616)|HEAP_ALLOCATE|[EXTERNAL]|Bytes:5
15:37:06.0 (2604402)|SYSTEM_MODE_EXIT|false
15:37:06.0 (2616056)|METHOD_EXIT|[1]|CaseController
15:37:06.0 (2633518)|SYSTEM_MODE_ENTER|false
15:37:06.0 (2651467)|HEAP_ALLOCATE|[10]|Bytes:5
15:37:06.0 (2657139)|STATEMENT_EXECUTE|[9]
15:37:06.0 (2658810)|STATEMENT_EXECUTE|[10]
15:37:06.0 (2661813)|HEAP_ALLOCATE|[10]|Bytes:58
15:37:06.0 (2683130)|HEAP_ALLOCATE|[10]|Bytes:4
15:37:06.0 (3607370)|SOQL_EXECUTE_BEGIN|[10]|Aggregations:0|SELECT Id, Priority FROM Case WHERE Status = 'New' LIMIT 4
15:37:06.0 (11046202)|SOQL_EXECUTE_END|[10]|Rows:3
15:37:06.0 (11065264)|HEAP_ALLOCATE|[10]|Bytes:16
15:37:06.0 (11080653)|HEAP_ALLOCATE|[10]|Bytes:132
15:37:06.0 (11120211)|HEAP_ALLOCATE|[10]|Bytes:16
15:37:06.0 (11133311)|VARIABLE_SCOPE_BEGIN|[10]|cases|List<Case>|true|false
15:37:06.0 (11174349)|VARIABLE_ASSIGNMENT|[10]|cases|[{"Id":"5001I000003mzcuQAA","Priority":"Low"},{"Id":"5001I000003mzd8QAA","Priority":"Low"},{"Id":"5001I000003mzdGQAQ","Priority":"Low"}]|0x6f3563b0
15:37:06.0 (11181682)|STATEMENT_EXECUTE|[11]
15:37:06.0 (11191441)|SYSTEM_MODE_EXIT|false
15:37:06.11 (11217924)|CUMULATIVE_LIMIT_USAGE
15:37:06.11 (11217924)|LIMIT_USAGE_FOR_NS|(default)|
  Number of SOQL queries: 1 out of 100
  Number of query rows: 3 out of 50000
  Number of SOSL queries: 0 out of 20
  Number of DML statements: 0 out of 150
  Number of DML rows: 0 out of 10000
  Maximum CPU time: 0 out of 10000
  Maximum heap size: 0 out of 6000000
  Number of callouts: 0 out of 100
  Number of Email Invocations: 0 out of 10
  Number of future calls: 0 out of 50
  Number of queueable jobs added to the queue: 0 out of 50
  Number of Mobile Apex push calls: 0 out of 10

15:37:06.11 (11217924)|CUMULATIVE_LIMIT_USAGE_END

15:37:06.0 (11250126)|CODE_UNIT_FINISHED|CaseController.getNewCases
15:37:06.0 (11317364)|CODE_UNIT_FINISHED|Aura
15:37:06.0 (12331221)|EXECUTION_FINISHED
