41.0 APEX_CODE,FINEST;APEX_PROFILING,INFO;CALLOUT,INFO;DB,INFO;SYSTEM,DEBUG;VALIDATION,INFO;VISUALFORCE,INFO;WAVE,INFO;WORKFLOW,INFO
10:43:25.0 (416902)|USER_INFO|[EXTERNAL]|0051I00000112gB|trent@testorg.com|Pacific Standard Time|GMT-08:00
10:43:25.0 (466477)|EXECUTION_STARTED
10:43:25.0 (472435)|CODE_UNIT_STARTED|[EXTERNAL]|Aura
10:43:25.0 (41153069)|CODE_UNIT_STARTED|[EXTERNAL]|01p1I00000Dc465|GetCaseController.getNewCases
10:43:25.0 (42026485)|HEAP_ALLOCATE|[72]|Bytes:3
10:43:25.0 (42092660)|HEAP_ALLOCATE|[77]|Bytes:152
10:43:25.0 (42116221)|HEAP_ALLOCATE|[342]|Bytes:408
10:43:25.0 (42136258)|HEAP_ALLOCATE|[355]|Bytes:408
10:43:25.0 (42158187)|HEAP_ALLOCATE|[467]|Bytes:48
10:43:25.0 (42200312)|HEAP_ALLOCATE|[139]|Bytes:6
10:43:25.0 (42225735)|HEAP_ALLOCATE|[EXTERNAL]|Bytes:13
10:43:25.0 (42241299)|METHOD_ENTRY|[1]|01p1I00000Dc465|GetCaseController.GetCaseController()
10:43:25.0 (42249903)|STATEMENT_EXECUTE|[1]
10:43:25.0 (42256466)|STATEMENT_EXECUTE|[1]
10:43:25.0 (42301256)|HEAP_ALLOCATE|[50]|Bytes:5
10:43:25.0 (42335576)|HEAP_ALLOCATE|[56]|Bytes:5
10:43:25.0 (42348591)|HEAP_ALLOCATE|[64]|Bytes:7
10:43:25.0 (42379491)|SYSTEM_MODE_ENTER|false
10:43:25.0 (42401163)|HEAP_ALLOCATE|[EXTERNAL]|Bytes:5
10:43:25.0 (42414462)|SYSTEM_MODE_EXIT|false
10:43:25.0 (42427361)|METHOD_EXIT|[1]|GetCaseController
10:43:25.0 (42446726)|SYSTEM_MODE_ENTER|false
10:43:25.0 (42468530)|HEAP_ALLOCATE|[5]|Bytes:5
10:43:25.0 (42475479)|STATEMENT_EXECUTE|[4]
10:43:25.0 (42477424)|STATEMENT_EXECUTE|[5]
10:43:25.0 (42480784)|HEAP_ALLOCATE|[5]|Bytes:50
10:43:25.0 (42514739)|HEAP_ALLOCATE|[5]|Bytes:4
10:43:25.0 (43749242)|SOQL_EXECUTE_BEGIN|[5]|Aggregations:0|SELECT Id, Priority FROM Case WHERE Status = 'New'
10:43:25.0 (51064144)|SOQL_EXECUTE_END|[5]|Rows:3
10:43:25.0 (51103047)|HEAP_ALLOCATE|[5]|Bytes:16
10:43:25.0 (51132899)|HEAP_ALLOCATE|[5]|Bytes:132
10:43:25.0 (51225771)|HEAP_ALLOCATE|[5]|Bytes:16
10:43:25.0 (51248474)|VARIABLE_SCOPE_BEGIN|[5]|cases|List<Case>|true|false
10:43:25.0 (51306514)|VARIABLE_ASSIGNMENT|[5]|cases|[{"Id":"5001I000003mzcuQAA","Priority":"Low"},{"Id":"5001I000003mzd8QAA","Priority":"Low"},{"Id":"5001I000003mzdGQAQ","Priority":"Low"}]|0x578bf4ea
10:43:25.0 (51319827)|STATEMENT_EXECUTE|[6]
10:43:25.0 (51336999)|SYSTEM_MODE_EXIT|false
10:43:25.51 (51369824)|CUMULATIVE_LIMIT_USAGE
10:43:25.51 (51369824)|LIMIT_USAGE_FOR_NS|(default)|
  Number of SOQL queries: 1 out of 100
  Number of query rows: 3 out of 50000
  Number of SOSL queries: 0 out of 20
  Number of DML statements: 0 out of 150
  Number of DML rows: 0 out of 10000
  Maximum CPU time: 0 out of 10000
  Maximum heap size: 0 out of 6000000
  Number of callouts: 0 out of 100
  Number of Email Invocations: 0 out of 10
  Number of future calls: 0 out of 50
  Number of queueable jobs added to the queue: 0 out of 50
  Number of Mobile Apex push calls: 0 out of 10

10:43:25.51 (51369824)|CUMULATIVE_LIMIT_USAGE_END

10:43:25.0 (51415107)|CODE_UNIT_FINISHED|GetCaseController.getNewCases
10:43:25.0 (51511378)|CODE_UNIT_FINISHED|Aura
10:43:25.0 (52560182)|EXECUTION_FINISHED
10:43:25.53 (53964034)|USER_INFO|[EXTERNAL]|0051I00000112gB|trent@testorg.com|Pacific Standard Time|GMT-08:00
10:43:25.53 (53978732)|EXECUTION_STARTED
10:43:25.53 (53981850)|CODE_UNIT_STARTED|[EXTERNAL]|Aura
10:43:25.53 (54755982)|CODE_UNIT_STARTED|[EXTERNAL]|01p1I00000Dc465|GetCaseController.getWorkingCases
10:43:25.53 (54817903)|SYSTEM_MODE_ENTER|false
10:43:25.53 (54847862)|HEAP_ALLOCATE|[11]|Bytes:5
10:43:25.53 (54855503)|STATEMENT_EXECUTE|[10]
10:43:25.53 (54856946)|STATEMENT_EXECUTE|[11]
10:43:25.53 (54863029)|HEAP_ALLOCATE|[11]|Bytes:62
10:43:25.53 (54888176)|HEAP_ALLOCATE|[11]|Bytes:4
10:43:25.53 (55079951)|SOQL_EXECUTE_BEGIN|[11]|Aggregations:0|SELECT Id, Priority FROM Case WHERE Status = 'Working' LIMIT 4
10:43:25.53 (59244103)|SOQL_EXECUTE_END|[11]|Rows:0
10:43:25.53 (59271342)|HEAP_ALLOCATE|[11]|Bytes:4
10:43:25.53 (59284779)|HEAP_ALLOCATE|[11]|Bytes:0
10:43:25.53 (59336367)|HEAP_ALLOCATE|[11]|Bytes:4
10:43:25.53 (59351238)|VARIABLE_SCOPE_BEGIN|[11]|cases|List<Case>|true|false
10:43:25.53 (59382363)|VARIABLE_ASSIGNMENT|[11]|cases|[]|0x1951420f
10:43:25.53 (59389661)|STATEMENT_EXECUTE|[12]
10:43:25.53 (59403785)|SYSTEM_MODE_EXIT|false
10:43:25.59 (59426211)|CUMULATIVE_LIMIT_USAGE
10:43:25.59 (59426211)|LIMIT_USAGE_FOR_NS|(default)|
  Number of SOQL queries: 2 out of 100
  Number of query rows: 3 out of 50000
  Number of SOSL queries: 0 out of 20
  Number of DML statements: 0 out of 150
  Number of DML rows: 0 out of 10000
  Maximum CPU time: 0 out of 10000
  Maximum heap size: 0 out of 6000000
  Number of callouts: 0 out of 100
  Number of Email Invocations: 0 out of 10
  Number of future calls: 0 out of 50
  Number of queueable jobs added to the queue: 0 out of 50
  Number of Mobile Apex push calls: 0 out of 10

10:43:25.59 (59426211)|CUMULATIVE_LIMIT_USAGE_END

10:43:25.53 (59458236)|CODE_UNIT_FINISHED|GetCaseController.getWorkingCases
10:43:25.53 (59531979)|CODE_UNIT_FINISHED|Aura
10:43:25.53 (60638197)|EXECUTION_FINISHED
10:43:25.61 (61384976)|USER_INFO|[EXTERNAL]|0051I00000112gB|trent@testorg.com|Pacific Standard Time|GMT-08:00
10:43:25.61 (61399283)|EXECUTION_STARTED
10:43:25.61 (61402072)|CODE_UNIT_STARTED|[EXTERNAL]|Aura
10:43:25.61 (62084725)|CODE_UNIT_STARTED|[EXTERNAL]|01p1I00000Dc465|GetCaseController.getEscalatedCases
10:43:25.61 (62153929)|SYSTEM_MODE_ENTER|false
10:43:25.61 (62183829)|HEAP_ALLOCATE|[17]|Bytes:5
10:43:25.61 (62192632)|STATEMENT_EXECUTE|[16]
10:43:25.61 (62195115)|STATEMENT_EXECUTE|[17]
10:43:25.61 (62202762)|HEAP_ALLOCATE|[17]|Bytes:64
10:43:25.61 (62236180)|HEAP_ALLOCATE|[17]|Bytes:4
10:43:25.61 (62404409)|SOQL_EXECUTE_BEGIN|[17]|Aggregations:0|SELECT Id, Priority FROM Case WHERE Status = 'Escalated' LIMIT 4
10:43:25.61 (64634180)|SOQL_EXECUTE_END|[17]|Rows:0
10:43:25.61 (64656019)|HEAP_ALLOCATE|[17]|Bytes:4
10:43:25.61 (64668106)|HEAP_ALLOCATE|[17]|Bytes:0
10:43:25.61 (64711815)|HEAP_ALLOCATE|[17]|Bytes:4
10:43:25.61 (64724265)|VARIABLE_SCOPE_BEGIN|[17]|cases|List<Case>|true|false
10:43:25.61 (64750698)|VARIABLE_ASSIGNMENT|[17]|cases|[]|0x8909f28
10:43:25.61 (64756516)|STATEMENT_EXECUTE|[18]
10:43:25.61 (64772163)|SYSTEM_MODE_EXIT|false
10:43:25.64 (64803598)|CUMULATIVE_LIMIT_USAGE
10:43:25.64 (64803598)|LIMIT_USAGE_FOR_NS|(default)|
  Number of SOQL queries: 3 out of 100
  Number of query rows: 3 out of 50000
  Number of SOSL queries: 0 out of 20
  Number of DML statements: 0 out of 150
  Number of DML rows: 0 out of 10000
  Maximum CPU time: 0 out of 10000
  Maximum heap size: 0 out of 6000000
  Number of callouts: 0 out of 100
  Number of Email Invocations: 0 out of 10
  Number of future calls: 0 out of 50
  Number of queueable jobs added to the queue: 0 out of 50
  Number of Mobile Apex push calls: 0 out of 10

10:43:25.64 (64803598)|CUMULATIVE_LIMIT_USAGE_END

10:43:25.61 (64837676)|CODE_UNIT_FINISHED|GetCaseController.getEscalatedCases
10:43:25.61 (64890515)|CODE_UNIT_FINISHED|Aura
10:43:25.61 (65892475)|EXECUTION_FINISHED
10:43:25.66 (66611043)|USER_INFO|[EXTERNAL]|0051I00000112gB|trent@testorg.com|Pacific Standard Time|GMT-08:00
10:43:25.66 (66624990)|EXECUTION_STARTED
10:43:25.66 (66627133)|CODE_UNIT_STARTED|[EXTERNAL]|Aura
10:43:25.66 (67331731)|CODE_UNIT_STARTED|[EXTERNAL]|01p1I00000Dc465|GetCaseController.getClosedCases
10:43:25.66 (67386089)|SYSTEM_MODE_ENTER|false
10:43:25.66 (67409733)|HEAP_ALLOCATE|[23]|Bytes:5
10:43:25.66 (67415280)|STATEMENT_EXECUTE|[22]
10:43:25.66 (67416796)|STATEMENT_EXECUTE|[23]
10:43:25.66 (67421829)|HEAP_ALLOCATE|[23]|Bytes:61
10:43:25.66 (67441056)|HEAP_ALLOCATE|[23]|Bytes:4
10:43:25.66 (67605175)|SOQL_EXECUTE_BEGIN|[23]|Aggregations:0|SELECT Id, Priority FROM Case WHERE Status = 'Closed' LIMIT 4
10:43:25.66 (69708529)|SOQL_EXECUTE_END|[23]|Rows:4
10:43:25.66 (69727339)|HEAP_ALLOCATE|[23]|Bytes:20
10:43:25.66 (69749123)|HEAP_ALLOCATE|[23]|Bytes:181
10:43:25.66 (69786798)|HEAP_ALLOCATE|[23]|Bytes:20
10:43:25.66 (69798660)|VARIABLE_SCOPE_BEGIN|[23]|cases|List<Case>|true|false
10:43:25.66 (69837845)|VARIABLE_ASSIGNMENT|[23]|cases|[{"Id":"5001I000003mzcsQAA","Priority":"High"},{"Id":"5001I000003mzctQAA","Priority":"High"},{"Id":"5001I000003mzcvQAA","Priority":"Low"},{"Id":"5001I000003mzcwQAA","Priority":"Medium"}]|0x75aa5146
10:43:25.66 (69846183)|STATEMENT_EXECUTE|[24]
10:43:25.66 (69857807)|SYSTEM_MODE_EXIT|false
10:43:25.69 (69874070)|CUMULATIVE_LIMIT_USAGE
10:43:25.69 (69874070)|LIMIT_USAGE_FOR_NS|(default)|
  Number of SOQL queries: 4 out of 100
  Number of query rows: 7 out of 50000
  Number of SOSL queries: 0 out of 20
  Number of DML statements: 0 out of 150
  Number of DML rows: 0 out of 10000
  Maximum CPU time: 0 out of 10000
  Maximum heap size: 0 out of 6000000
  Number of callouts: 0 out of 100
  Number of Email Invocations: 0 out of 10
  Number of future calls: 0 out of 50
  Number of queueable jobs added to the queue: 0 out of 50
  Number of Mobile Apex push calls: 0 out of 10

10:43:25.69 (69874070)|CUMULATIVE_LIMIT_USAGE_END

10:43:25.66 (69901702)|CODE_UNIT_FINISHED|GetCaseController.getClosedCases
10:43:25.66 (69960285)|CODE_UNIT_FINISHED|Aura
10:43:25.66 (70960866)|EXECUTION_FINISHED
