41.0 APEX_CODE,FINEST;APEX_PROFILING,INFO;CALLOUT,INFO;DB,INFO;SYSTEM,DEBUG;VALIDATION,INFO;VISUALFORCE,INFO;WAVE,INFO;WORKFLOW,INFO
09:35:07.0 (299938)|USER_INFO|[EXTERNAL]|0051I00000112gB|trent@testorg.com|Pacific Standard Time|GMT-08:00
09:35:07.0 (335435)|EXECUTION_STARTED
09:35:07.0 (340718)|CODE_UNIT_STARTED|[EXTERNAL]|Aura
09:35:07.0 (1655888)|CODE_UNIT_STARTED|[EXTERNAL]|01p1I00000Dc465|GetCaseController.getNewCases
09:35:07.0 (2256457)|HEAP_ALLOCATE|[72]|Bytes:3
09:35:07.0 (2303028)|HEAP_ALLOCATE|[77]|Bytes:152
09:35:07.0 (2318803)|HEAP_ALLOCATE|[342]|Bytes:408
09:35:07.0 (2331866)|HEAP_ALLOCATE|[355]|Bytes:408
09:35:07.0 (2345142)|HEAP_ALLOCATE|[467]|Bytes:48
09:35:07.0 (2373462)|HEAP_ALLOCATE|[139]|Bytes:6
09:35:07.0 (2392705)|HEAP_ALLOCATE|[EXTERNAL]|Bytes:13
09:35:07.0 (2402538)|METHOD_ENTRY|[1]|01p1I00000Dc465|GetCaseController.GetCaseController()
09:35:07.0 (2408541)|STATEMENT_EXECUTE|[1]
09:35:07.0 (2413700)|STATEMENT_EXECUTE|[1]
09:35:07.0 (2444619)|HEAP_ALLOCATE|[50]|Bytes:5
09:35:07.0 (2469549)|HEAP_ALLOCATE|[56]|Bytes:5
09:35:07.0 (2476736)|HEAP_ALLOCATE|[64]|Bytes:7
09:35:07.0 (2497777)|SYSTEM_MODE_ENTER|false
09:35:07.0 (2512116)|HEAP_ALLOCATE|[EXTERNAL]|Bytes:5
09:35:07.0 (2521365)|SYSTEM_MODE_EXIT|false
09:35:07.0 (2529223)|METHOD_EXIT|[1]|GetCaseController
09:35:07.0 (2540027)|SYSTEM_MODE_ENTER|false
09:35:07.0 (2552843)|HEAP_ALLOCATE|[5]|Bytes:5
09:35:07.0 (2556792)|STATEMENT_EXECUTE|[4]
09:35:07.0 (2558083)|STATEMENT_EXECUTE|[5]
09:35:07.0 (2560437)|HEAP_ALLOCATE|[5]|Bytes:58
09:35:07.0 (2582476)|HEAP_ALLOCATE|[5]|Bytes:4
09:35:07.0 (3468740)|SOQL_EXECUTE_BEGIN|[5]|Aggregations:0|SELECT Id, Priority FROM Case WHERE Status = 'New' LIMIT 4
09:35:07.0 (9580311)|SOQL_EXECUTE_END|[5]|Rows:3
09:35:07.0 (9599492)|HEAP_ALLOCATE|[5]|Bytes:16
09:35:07.0 (9627851)|HEAP_ALLOCATE|[5]|Bytes:132
09:35:07.0 (9682949)|HEAP_ALLOCATE|[5]|Bytes:16
09:35:07.0 (9696052)|VARIABLE_SCOPE_BEGIN|[5]|cases|List<Case>|true|false
09:35:07.0 (9735812)|VARIABLE_ASSIGNMENT|[5]|cases|[{"Id":"5001I000003mzcuQAA","Priority":"Low"},{"Id":"5001I000003mzd8QAA","Priority":"Low"},{"Id":"5001I000003mzdGQAQ","Priority":"Low"}]|0x8144f90
09:35:07.0 (9744029)|STATEMENT_EXECUTE|[6]
09:35:07.0 (9752929)|SYSTEM_MODE_EXIT|false
09:35:07.9 (9779140)|CUMULATIVE_LIMIT_USAGE
09:35:07.9 (9779140)|LIMIT_USAGE_FOR_NS|(default)|
  Number of SOQL queries: 1 out of 100
  Number of query rows: 3 out of 50000
  Number of SOSL queries: 0 out of 20
  Number of DML statements: 0 out of 150
  Number of DML rows: 0 out of 10000
  Maximum CPU time: 0 out of 10000
  Maximum heap size: 0 out of 6000000
  Number of callouts: 0 out of 100
  Number of Email Invocations: 0 out of 10
  Number of future calls: 0 out of 50
  Number of queueable jobs added to the queue: 0 out of 50
  Number of Mobile Apex push calls: 0 out of 10

09:35:07.9 (9779140)|CUMULATIVE_LIMIT_USAGE_END

09:35:07.0 (9811049)|CODE_UNIT_FINISHED|GetCaseController.getNewCases
09:35:07.0 (9871804)|CODE_UNIT_FINISHED|Aura
09:35:07.0 (10884909)|EXECUTION_FINISHED
09:35:07.12 (12223128)|USER_INFO|[EXTERNAL]|0051I00000112gB|trent@testorg.com|Pacific Standard Time|GMT-08:00
09:35:07.12 (12235292)|EXECUTION_STARTED
09:35:07.12 (12237851)|CODE_UNIT_STARTED|[EXTERNAL]|Aura
09:35:07.12 (12905550)|CODE_UNIT_STARTED|[EXTERNAL]|01p1I00000Dc465|GetCaseController.getWorkingCases
09:35:07.12 (12941710)|SYSTEM_MODE_ENTER|false
09:35:07.12 (12957724)|HEAP_ALLOCATE|[11]|Bytes:5
09:35:07.12 (12963467)|STATEMENT_EXECUTE|[10]
09:35:07.12 (12964970)|STATEMENT_EXECUTE|[11]
09:35:07.12 (12967853)|HEAP_ALLOCATE|[11]|Bytes:62
09:35:07.12 (12979826)|HEAP_ALLOCATE|[11]|Bytes:4
09:35:07.12 (13115989)|SOQL_EXECUTE_BEGIN|[11]|Aggregations:0|SELECT Id, Priority FROM Case WHERE Status = 'Working' LIMIT 4
09:35:07.12 (15108932)|SOQL_EXECUTE_END|[11]|Rows:0
09:35:07.12 (15130604)|HEAP_ALLOCATE|[11]|Bytes:4
09:35:07.12 (15144247)|HEAP_ALLOCATE|[11]|Bytes:0
09:35:07.12 (15173621)|HEAP_ALLOCATE|[11]|Bytes:4
09:35:07.12 (15184163)|VARIABLE_SCOPE_BEGIN|[11]|cases|List<Case>|true|false
09:35:07.12 (15198565)|VARIABLE_ASSIGNMENT|[11]|cases|[]|0x3563b9d3
09:35:07.12 (15204595)|STATEMENT_EXECUTE|[12]
09:35:07.12 (15211428)|SYSTEM_MODE_EXIT|false
09:35:07.15 (15224197)|CUMULATIVE_LIMIT_USAGE
09:35:07.15 (15224197)|LIMIT_USAGE_FOR_NS|(default)|
  Number of SOQL queries: 2 out of 100
  Number of query rows: 3 out of 50000
  Number of SOSL queries: 0 out of 20
  Number of DML statements: 0 out of 150
  Number of DML rows: 0 out of 10000
  Maximum CPU time: 0 out of 10000
  Maximum heap size: 0 out of 6000000
  Number of callouts: 0 out of 100
  Number of Email Invocations: 0 out of 10
  Number of future calls: 0 out of 50
  Number of queueable jobs added to the queue: 0 out of 50
  Number of Mobile Apex push calls: 0 out of 10

09:35:07.15 (15224197)|CUMULATIVE_LIMIT_USAGE_END

09:35:07.12 (15242462)|CODE_UNIT_FINISHED|GetCaseController.getWorkingCases
09:35:07.12 (15275507)|CODE_UNIT_FINISHED|Aura
09:35:07.12 (16207996)|EXECUTION_FINISHED
09:35:07.16 (16876919)|USER_INFO|[EXTERNAL]|0051I00000112gB|trent@testorg.com|Pacific Standard Time|GMT-08:00
09:35:07.16 (16888368)|EXECUTION_STARTED
09:35:07.16 (16890596)|CODE_UNIT_STARTED|[EXTERNAL]|Aura
09:35:07.16 (17548603)|CODE_UNIT_STARTED|[EXTERNAL]|01p1I00000Dc465|GetCaseController.getClosedCases
09:35:07.16 (17583107)|SYSTEM_MODE_ENTER|false
09:35:07.16 (17598425)|HEAP_ALLOCATE|[23]|Bytes:5
09:35:07.16 (17604142)|STATEMENT_EXECUTE|[22]
09:35:07.16 (17605700)|STATEMENT_EXECUTE|[23]
09:35:07.16 (17608548)|HEAP_ALLOCATE|[23]|Bytes:61
09:35:07.16 (17620367)|HEAP_ALLOCATE|[23]|Bytes:4
09:35:07.16 (17749318)|SOQL_EXECUTE_BEGIN|[23]|Aggregations:0|SELECT Id, Priority FROM Case WHERE Status = 'Closed' LIMIT 4
09:35:07.16 (19768723)|SOQL_EXECUTE_END|[23]|Rows:4
09:35:07.16 (19784077)|HEAP_ALLOCATE|[23]|Bytes:20
09:35:07.16 (19813461)|HEAP_ALLOCATE|[23]|Bytes:181
09:35:07.16 (19843159)|HEAP_ALLOCATE|[23]|Bytes:20
09:35:07.16 (19853585)|VARIABLE_SCOPE_BEGIN|[23]|cases|List<Case>|true|false
09:35:07.16 (19877473)|VARIABLE_ASSIGNMENT|[23]|cases|[{"Id":"5001I000003mzcsQAA","Priority":"High"},{"Id":"5001I000003mzctQAA","Priority":"High"},{"Id":"5001I000003mzcvQAA","Priority":"Low"},{"Id":"5001I000003mzcwQAA","Priority":"Medium"}]|0x1a8eeb4a
09:35:07.16 (19885693)|STATEMENT_EXECUTE|[24]
09:35:07.16 (19892715)|SYSTEM_MODE_EXIT|false
09:35:07.19 (19905364)|CUMULATIVE_LIMIT_USAGE
09:35:07.19 (19905364)|LIMIT_USAGE_FOR_NS|(default)|
  Number of SOQL queries: 3 out of 100
  Number of query rows: 7 out of 50000
  Number of SOSL queries: 0 out of 20
  Number of DML statements: 0 out of 150
  Number of DML rows: 0 out of 10000
  Maximum CPU time: 0 out of 10000
  Maximum heap size: 0 out of 6000000
  Number of callouts: 0 out of 100
  Number of Email Invocations: 0 out of 10
  Number of future calls: 0 out of 50
  Number of queueable jobs added to the queue: 0 out of 50
  Number of Mobile Apex push calls: 0 out of 10

09:35:07.19 (19905364)|CUMULATIVE_LIMIT_USAGE_END

09:35:07.16 (19923309)|CODE_UNIT_FINISHED|GetCaseController.getClosedCases
09:35:07.16 (19975955)|CODE_UNIT_FINISHED|Aura
09:35:07.16 (20905487)|EXECUTION_FINISHED
