41.0 APEX_CODE,FINEST;APEX_PROFILING,INFO;CALLOUT,INFO;DB,INFO;SYSTEM,DEBUG;VALIDATION,INFO;VISUALFORCE,INFO;WAVE,INFO;WORKFLOW,INFO
10:42:59.0 (64767)|USER_INFO|[EXTERNAL]|0051I00000112gB|trent@testorg.com|Pacific Standard Time|GMT-08:00
10:42:59.0 (106454)|EXECUTION_STARTED
10:42:59.0 (110774)|CODE_UNIT_STARTED|[EXTERNAL]|Aura
10:42:59.0 (1022052)|CODE_UNIT_STARTED|[EXTERNAL]|01p1I00000Dc465|GetCaseController.getNewCases
10:42:59.0 (1203396)|HEAP_ALLOCATE|[72]|Bytes:3
10:42:59.0 (1247125)|HEAP_ALLOCATE|[77]|Bytes:152
10:42:59.0 (1265060)|HEAP_ALLOCATE|[342]|Bytes:408
10:42:59.0 (1279603)|HEAP_ALLOCATE|[355]|Bytes:408
10:42:59.0 (1292656)|HEAP_ALLOCATE|[467]|Bytes:48
10:42:59.0 (1319285)|HEAP_ALLOCATE|[139]|Bytes:6
10:42:59.0 (1385892)|HEAP_ALLOCATE|[EXTERNAL]|Bytes:13
10:42:59.0 (1397457)|METHOD_ENTRY|[1]|01p1I00000Dc465|GetCaseController.GetCaseController()
10:42:59.0 (1404545)|STATEMENT_EXECUTE|[1]
10:42:59.0 (1410422)|STATEMENT_EXECUTE|[1]
10:42:59.0 (1443698)|HEAP_ALLOCATE|[50]|Bytes:5
10:42:59.0 (1468216)|HEAP_ALLOCATE|[56]|Bytes:5
10:42:59.0 (1475346)|HEAP_ALLOCATE|[64]|Bytes:7
10:42:59.0 (1498121)|SYSTEM_MODE_ENTER|false
10:42:59.0 (1513700)|HEAP_ALLOCATE|[EXTERNAL]|Bytes:5
10:42:59.0 (1521926)|SYSTEM_MODE_EXIT|false
10:42:59.0 (1530597)|METHOD_EXIT|[1]|GetCaseController
10:42:59.0 (1540034)|SYSTEM_MODE_ENTER|false
10:42:59.0 (1553271)|HEAP_ALLOCATE|[5]|Bytes:5
10:42:59.0 (1557324)|STATEMENT_EXECUTE|[4]
10:42:59.0 (1558687)|STATEMENT_EXECUTE|[5]
10:42:59.0 (1562075)|HEAP_ALLOCATE|[5]|Bytes:50
10:42:59.0 (1584018)|HEAP_ALLOCATE|[5]|Bytes:4
10:42:59.0 (1984694)|SOQL_EXECUTE_BEGIN|[5]|Aggregations:0|SELECT Id, Priority FROM Case WHERE Status = 'New'
10:42:59.0 (7138343)|SOQL_EXECUTE_END|[5]|Rows:3
10:42:59.0 (7159442)|HEAP_ALLOCATE|[5]|Bytes:16
10:42:59.0 (7178922)|HEAP_ALLOCATE|[5]|Bytes:132
10:42:59.0 (7285052)|HEAP_ALLOCATE|[5]|Bytes:16
10:42:59.0 (7300504)|VARIABLE_SCOPE_BEGIN|[5]|cases|List<Case>|true|false
10:42:59.0 (7346885)|VARIABLE_ASSIGNMENT|[5]|cases|[{"Id":"5001I000003mzcuQAA","Priority":"Low"},{"Id":"5001I000003mzd8QAA","Priority":"Low"},{"Id":"5001I000003mzdGQAQ","Priority":"Low"}]|0x19849f21
10:42:59.0 (7354621)|STATEMENT_EXECUTE|[6]
10:42:59.0 (7365391)|SYSTEM_MODE_EXIT|false
10:42:59.7 (7387155)|CUMULATIVE_LIMIT_USAGE
10:42:59.7 (7387155)|LIMIT_USAGE_FOR_NS|(default)|
  Number of SOQL queries: 1 out of 100
  Number of query rows: 3 out of 50000
  Number of SOSL queries: 0 out of 20
  Number of DML statements: 0 out of 150
  Number of DML rows: 0 out of 10000
  Maximum CPU time: 0 out of 10000
  Maximum heap size: 0 out of 6000000
  Number of callouts: 0 out of 100
  Number of Email Invocations: 0 out of 10
  Number of future calls: 0 out of 50
  Number of queueable jobs added to the queue: 0 out of 50
  Number of Mobile Apex push calls: 0 out of 10

10:42:59.7 (7387155)|CUMULATIVE_LIMIT_USAGE_END

10:42:59.0 (7424320)|CODE_UNIT_FINISHED|GetCaseController.getNewCases
10:42:59.0 (7508194)|CODE_UNIT_FINISHED|Aura
10:42:59.0 (8581220)|EXECUTION_FINISHED
10:42:59.17 (17806956)|USER_INFO|[EXTERNAL]|0051I00000112gB|trent@testorg.com|Pacific Standard Time|GMT-08:00
10:42:59.17 (17822778)|EXECUTION_STARTED
10:42:59.17 (17826133)|CODE_UNIT_STARTED|[EXTERNAL]|Aura
10:42:59.17 (18509914)|CODE_UNIT_STARTED|[EXTERNAL]|01p1I00000Dc465|GetCaseController.getWorkingCases
10:42:59.17 (18558860)|SYSTEM_MODE_ENTER|false
10:42:59.17 (18583297)|HEAP_ALLOCATE|[11]|Bytes:5
10:42:59.17 (18589407)|STATEMENT_EXECUTE|[10]
10:42:59.17 (18591011)|STATEMENT_EXECUTE|[11]
10:42:59.17 (18595058)|HEAP_ALLOCATE|[11]|Bytes:62
10:42:59.17 (18614679)|HEAP_ALLOCATE|[11]|Bytes:4
10:42:59.17 (18775190)|SOQL_EXECUTE_BEGIN|[11]|Aggregations:0|SELECT Id, Priority FROM Case WHERE Status = 'Working' LIMIT 4
10:42:59.17 (21270107)|SOQL_EXECUTE_END|[11]|Rows:0
10:42:59.17 (21289856)|HEAP_ALLOCATE|[11]|Bytes:4
10:42:59.17 (21300587)|HEAP_ALLOCATE|[11]|Bytes:0
10:42:59.17 (21340948)|HEAP_ALLOCATE|[11]|Bytes:4
10:42:59.17 (21353504)|VARIABLE_SCOPE_BEGIN|[11]|cases|List<Case>|true|false
10:42:59.17 (21378736)|VARIABLE_ASSIGNMENT|[11]|cases|[]|0x48446786
10:42:59.17 (21385082)|STATEMENT_EXECUTE|[12]
10:42:59.17 (21394265)|SYSTEM_MODE_EXIT|false
10:42:59.21 (21414436)|CUMULATIVE_LIMIT_USAGE
10:42:59.21 (21414436)|LIMIT_USAGE_FOR_NS|(default)|
  Number of SOQL queries: 2 out of 100
  Number of query rows: 3 out of 50000
  Number of SOSL queries: 0 out of 20
  Number of DML statements: 0 out of 150
  Number of DML rows: 0 out of 10000
  Maximum CPU time: 0 out of 10000
  Maximum heap size: 0 out of 6000000
  Number of callouts: 0 out of 100
  Number of Email Invocations: 0 out of 10
  Number of future calls: 0 out of 50
  Number of queueable jobs added to the queue: 0 out of 50
  Number of Mobile Apex push calls: 0 out of 10

10:42:59.21 (21414436)|CUMULATIVE_LIMIT_USAGE_END

10:42:59.17 (21446493)|CODE_UNIT_FINISHED|GetCaseController.getWorkingCases
10:42:59.17 (21494103)|CODE_UNIT_FINISHED|Aura
10:42:59.17 (22498285)|EXECUTION_FINISHED
10:42:59.23 (23167632)|USER_INFO|[EXTERNAL]|0051I00000112gB|trent@testorg.com|Pacific Standard Time|GMT-08:00
10:42:59.23 (23179151)|EXECUTION_STARTED
10:42:59.23 (23181518)|CODE_UNIT_STARTED|[EXTERNAL]|Aura
10:42:59.23 (23830072)|CODE_UNIT_STARTED|[EXTERNAL]|01p1I00000Dc465|GetCaseController.getEscalatedCases
10:42:59.23 (23865727)|SYSTEM_MODE_ENTER|false
10:42:59.23 (23882598)|HEAP_ALLOCATE|[17]|Bytes:5
10:42:59.23 (23887805)|STATEMENT_EXECUTE|[16]
10:42:59.23 (23889423)|STATEMENT_EXECUTE|[17]
10:42:59.23 (23892527)|HEAP_ALLOCATE|[17]|Bytes:64
10:42:59.23 (23905705)|HEAP_ALLOCATE|[17]|Bytes:4
10:42:59.23 (24032658)|SOQL_EXECUTE_BEGIN|[17]|Aggregations:0|SELECT Id, Priority FROM Case WHERE Status = 'Escalated' LIMIT 4
10:42:59.23 (26133961)|SOQL_EXECUTE_END|[17]|Rows:0
10:42:59.23 (26152767)|HEAP_ALLOCATE|[17]|Bytes:4
10:42:59.23 (26161433)|HEAP_ALLOCATE|[17]|Bytes:0
10:42:59.23 (26195058)|HEAP_ALLOCATE|[17]|Bytes:4
10:42:59.23 (26206309)|VARIABLE_SCOPE_BEGIN|[17]|cases|List<Case>|true|false
10:42:59.23 (26223769)|VARIABLE_ASSIGNMENT|[17]|cases|[]|0x5fb528c0
10:42:59.23 (26229912)|STATEMENT_EXECUTE|[18]
10:42:59.23 (26237809)|SYSTEM_MODE_EXIT|false
10:42:59.26 (26251758)|CUMULATIVE_LIMIT_USAGE
10:42:59.26 (26251758)|LIMIT_USAGE_FOR_NS|(default)|
  Number of SOQL queries: 3 out of 100
  Number of query rows: 3 out of 50000
  Number of SOSL queries: 0 out of 20
  Number of DML statements: 0 out of 150
  Number of DML rows: 0 out of 10000
  Maximum CPU time: 0 out of 10000
  Maximum heap size: 0 out of 6000000
  Number of callouts: 0 out of 100
  Number of Email Invocations: 0 out of 10
  Number of future calls: 0 out of 50
  Number of queueable jobs added to the queue: 0 out of 50
  Number of Mobile Apex push calls: 0 out of 10

10:42:59.26 (26251758)|CUMULATIVE_LIMIT_USAGE_END

10:42:59.23 (26273560)|CODE_UNIT_FINISHED|GetCaseController.getEscalatedCases
10:42:59.23 (26309464)|CODE_UNIT_FINISHED|Aura
10:42:59.23 (27252526)|EXECUTION_FINISHED
10:42:59.27 (27908801)|USER_INFO|[EXTERNAL]|0051I00000112gB|trent@testorg.com|Pacific Standard Time|GMT-08:00
10:42:59.27 (27919496)|EXECUTION_STARTED
10:42:59.27 (27921695)|CODE_UNIT_STARTED|[EXTERNAL]|Aura
10:42:59.27 (28685056)|CODE_UNIT_STARTED|[EXTERNAL]|01p1I00000Dc465|GetCaseController.getClosedCases
10:42:59.27 (28721834)|SYSTEM_MODE_ENTER|false
10:42:59.27 (28737650)|HEAP_ALLOCATE|[23]|Bytes:5
10:42:59.27 (28743396)|STATEMENT_EXECUTE|[22]
10:42:59.27 (28744921)|STATEMENT_EXECUTE|[23]
10:42:59.27 (28747960)|HEAP_ALLOCATE|[23]|Bytes:61
10:42:59.27 (28760419)|HEAP_ALLOCATE|[23]|Bytes:4
10:42:59.27 (28886390)|SOQL_EXECUTE_BEGIN|[23]|Aggregations:0|SELECT Id, Priority FROM Case WHERE Status = 'Closed' LIMIT 4
10:42:59.27 (31022783)|SOQL_EXECUTE_END|[23]|Rows:4
10:42:59.27 (31039088)|HEAP_ALLOCATE|[23]|Bytes:20
10:42:59.27 (31060714)|HEAP_ALLOCATE|[23]|Bytes:181
10:42:59.27 (31090342)|HEAP_ALLOCATE|[23]|Bytes:20
10:42:59.27 (31101553)|VARIABLE_SCOPE_BEGIN|[23]|cases|List<Case>|true|false
10:42:59.27 (31130595)|VARIABLE_ASSIGNMENT|[23]|cases|[{"Id":"5001I000003mzcsQAA","Priority":"High"},{"Id":"5001I000003mzctQAA","Priority":"High"},{"Id":"5001I000003mzcvQAA","Priority":"Low"},{"Id":"5001I000003mzcwQAA","Priority":"Medium"}]|0x286b2ede
10:42:59.27 (31138218)|STATEMENT_EXECUTE|[24]
10:42:59.27 (31145402)|SYSTEM_MODE_EXIT|false
10:42:59.31 (31157845)|CUMULATIVE_LIMIT_USAGE
10:42:59.31 (31157845)|LIMIT_USAGE_FOR_NS|(default)|
  Number of SOQL queries: 4 out of 100
  Number of query rows: 7 out of 50000
  Number of SOSL queries: 0 out of 20
  Number of DML statements: 0 out of 150
  Number of DML rows: 0 out of 10000
  Maximum CPU time: 0 out of 10000
  Maximum heap size: 0 out of 6000000
  Number of callouts: 0 out of 100
  Number of Email Invocations: 0 out of 10
  Number of future calls: 0 out of 50
  Number of queueable jobs added to the queue: 0 out of 50
  Number of Mobile Apex push calls: 0 out of 10

10:42:59.31 (31157845)|CUMULATIVE_LIMIT_USAGE_END

10:42:59.27 (31177455)|CODE_UNIT_FINISHED|GetCaseController.getClosedCases
10:42:59.27 (31226946)|CODE_UNIT_FINISHED|Aura
10:42:59.27 (32184023)|EXECUTION_FINISHED
