41.0 APEX_CODE,FINEST;APEX_PROFILING,INFO;CALLOUT,INFO;DB,INFO;SYSTEM,DEBUG;VALIDATION,INFO;VISUALFORCE,INFO;WAVE,INFO;WORKFLOW,INFO
10:05:40.0 (301063)|USER_INFO|[EXTERNAL]|0051I00000112gB|trent@testorg.com|Pacific Standard Time|GMT-08:00
10:05:40.0 (485592)|EXECUTION_STARTED
10:05:40.0 (491767)|CODE_UNIT_STARTED|[EXTERNAL]|Aura
10:05:40.0 (1928026)|CODE_UNIT_STARTED|[EXTERNAL]|01p1I00000Dc465|GetCaseController.getNewCases
10:05:40.0 (2647670)|HEAP_ALLOCATE|[72]|Bytes:3
10:05:40.0 (2720463)|HEAP_ALLOCATE|[77]|Bytes:152
10:05:40.0 (2742405)|HEAP_ALLOCATE|[342]|Bytes:408
10:05:40.0 (2755275)|HEAP_ALLOCATE|[355]|Bytes:408
10:05:40.0 (2765496)|HEAP_ALLOCATE|[467]|Bytes:48
10:05:40.0 (2837022)|HEAP_ALLOCATE|[139]|Bytes:6
10:05:40.0 (2897615)|HEAP_ALLOCATE|[EXTERNAL]|Bytes:13
10:05:40.0 (2951176)|METHOD_ENTRY|[1]|01p1I00000Dc465|GetCaseController.GetCaseController()
10:05:40.0 (2962565)|STATEMENT_EXECUTE|[1]
10:05:40.0 (2970016)|STATEMENT_EXECUTE|[1]
10:05:40.0 (3006469)|HEAP_ALLOCATE|[50]|Bytes:5
10:05:40.0 (3029848)|HEAP_ALLOCATE|[56]|Bytes:5
10:05:40.0 (3038384)|HEAP_ALLOCATE|[64]|Bytes:7
10:05:40.0 (3069213)|SYSTEM_MODE_ENTER|false
10:05:40.0 (22009594)|HEAP_ALLOCATE|[EXTERNAL]|Bytes:5
10:05:40.0 (22019889)|SYSTEM_MODE_EXIT|false
10:05:40.0 (22047282)|METHOD_EXIT|[1]|GetCaseController
10:05:40.0 (22066850)|SYSTEM_MODE_ENTER|false
10:05:40.0 (22079493)|HEAP_ALLOCATE|[5]|Bytes:5
10:05:40.0 (22084575)|STATEMENT_EXECUTE|[4]
10:05:40.0 (22086088)|STATEMENT_EXECUTE|[5]
10:05:40.0 (22088717)|HEAP_ALLOCATE|[5]|Bytes:50
10:05:40.0 (22104004)|HEAP_ALLOCATE|[5]|Bytes:4
10:05:40.0 (23131758)|SOQL_EXECUTE_BEGIN|[5]|Aggregations:0|SELECT Id, Priority FROM Case WHERE Status = 'New'
10:05:40.0 (29785911)|SOQL_EXECUTE_END|[5]|Rows:3
10:05:40.0 (29817502)|HEAP_ALLOCATE|[5]|Bytes:16
10:05:40.0 (29865456)|HEAP_ALLOCATE|[5]|Bytes:132
10:05:40.0 (29964342)|HEAP_ALLOCATE|[5]|Bytes:16
10:05:40.0 (29985996)|VARIABLE_SCOPE_BEGIN|[5]|cases|List<Case>|true|false
10:05:40.0 (30031105)|VARIABLE_ASSIGNMENT|[5]|cases|[{"Id":"5001I000003mzcuQAA","Priority":"Low"},{"Id":"5001I000003mzd8QAA","Priority":"Low"},{"Id":"5001I000003mzdGQAQ","Priority":"Low"}]|0x61a9245c
10:05:40.0 (30041864)|STATEMENT_EXECUTE|[6]
10:05:40.0 (30090640)|SYSTEM_MODE_EXIT|false
10:05:40.30 (30127694)|CUMULATIVE_LIMIT_USAGE
10:05:40.30 (30127694)|LIMIT_USAGE_FOR_NS|(default)|
  Number of SOQL queries: 1 out of 100
  Number of query rows: 3 out of 50000
  Number of SOSL queries: 0 out of 20
  Number of DML statements: 0 out of 150
  Number of DML rows: 0 out of 10000
  Maximum CPU time: 0 out of 10000
  Maximum heap size: 0 out of 6000000
  Number of callouts: 0 out of 100
  Number of Email Invocations: 0 out of 10
  Number of future calls: 0 out of 50
  Number of queueable jobs added to the queue: 0 out of 50
  Number of Mobile Apex push calls: 0 out of 10

10:05:40.30 (30127694)|CUMULATIVE_LIMIT_USAGE_END

10:05:40.0 (30202592)|CODE_UNIT_FINISHED|GetCaseController.getNewCases
10:05:40.0 (30327180)|CODE_UNIT_FINISHED|Aura
10:05:40.0 (31549106)|EXECUTION_FINISHED
10:05:40.33 (33034998)|USER_INFO|[EXTERNAL]|0051I00000112gB|trent@testorg.com|Pacific Standard Time|GMT-08:00
10:05:40.33 (33054334)|EXECUTION_STARTED
10:05:40.33 (33058226)|CODE_UNIT_STARTED|[EXTERNAL]|Aura
10:05:40.33 (33762359)|CODE_UNIT_STARTED|[EXTERNAL]|01p1I00000Dc465|GetCaseController.getWorkingCases
10:05:40.33 (33824188)|SYSTEM_MODE_ENTER|false
10:05:40.33 (33844877)|HEAP_ALLOCATE|[11]|Bytes:5
10:05:40.33 (33854795)|STATEMENT_EXECUTE|[10]
10:05:40.33 (33856690)|STATEMENT_EXECUTE|[11]
10:05:40.33 (33859657)|HEAP_ALLOCATE|[11]|Bytes:62
10:05:40.33 (33873953)|HEAP_ALLOCATE|[11]|Bytes:4
10:05:40.33 (34021161)|SOQL_EXECUTE_BEGIN|[11]|Aggregations:0|SELECT Id, Priority FROM Case WHERE Status = 'Working' LIMIT 4
10:05:40.33 (38982628)|SOQL_EXECUTE_END|[11]|Rows:0
10:05:40.33 (39039303)|HEAP_ALLOCATE|[11]|Bytes:4
10:05:40.33 (39060662)|HEAP_ALLOCATE|[11]|Bytes:0
10:05:40.33 (39127033)|HEAP_ALLOCATE|[11]|Bytes:4
10:05:40.33 (39156658)|VARIABLE_SCOPE_BEGIN|[11]|cases|List<Case>|true|false
10:05:40.33 (39200020)|VARIABLE_ASSIGNMENT|[11]|cases|[]|0x44188ba4
10:05:40.33 (39212734)|STATEMENT_EXECUTE|[12]
10:05:40.33 (39230821)|SYSTEM_MODE_EXIT|false
10:05:40.39 (39263887)|CUMULATIVE_LIMIT_USAGE
10:05:40.39 (39263887)|LIMIT_USAGE_FOR_NS|(default)|
  Number of SOQL queries: 2 out of 100
  Number of query rows: 3 out of 50000
  Number of SOSL queries: 0 out of 20
  Number of DML statements: 0 out of 150
  Number of DML rows: 0 out of 10000
  Maximum CPU time: 0 out of 10000
  Maximum heap size: 0 out of 6000000
  Number of callouts: 0 out of 100
  Number of Email Invocations: 0 out of 10
  Number of future calls: 0 out of 50
  Number of queueable jobs added to the queue: 0 out of 50
  Number of Mobile Apex push calls: 0 out of 10

10:05:40.39 (39263887)|CUMULATIVE_LIMIT_USAGE_END

10:05:40.33 (39308865)|CODE_UNIT_FINISHED|GetCaseController.getWorkingCases
10:05:40.33 (39398503)|CODE_UNIT_FINISHED|Aura
10:05:40.33 (40734953)|EXECUTION_FINISHED
10:05:40.41 (41475568)|USER_INFO|[EXTERNAL]|0051I00000112gB|trent@testorg.com|Pacific Standard Time|GMT-08:00
10:05:40.41 (41492027)|EXECUTION_STARTED
10:05:40.41 (41495609)|CODE_UNIT_STARTED|[EXTERNAL]|Aura
10:05:40.41 (42194244)|CODE_UNIT_STARTED|[EXTERNAL]|01p1I00000Dc465|GetCaseController.getEscalatedCases
10:05:40.41 (42251024)|SYSTEM_MODE_ENTER|false
10:05:40.41 (42272439)|HEAP_ALLOCATE|[17]|Bytes:5
10:05:40.41 (42281033)|STATEMENT_EXECUTE|[16]
10:05:40.41 (42283035)|STATEMENT_EXECUTE|[17]
10:05:40.41 (42285785)|HEAP_ALLOCATE|[17]|Bytes:64
10:05:40.41 (42305959)|HEAP_ALLOCATE|[17]|Bytes:4
10:05:40.41 (42498086)|SOQL_EXECUTE_BEGIN|[17]|Aggregations:0|SELECT Id, Priority FROM Case WHERE Status = 'Escalated' LIMIT 4
10:05:40.41 (44884244)|SOQL_EXECUTE_END|[17]|Rows:0
10:05:40.41 (44904891)|HEAP_ALLOCATE|[17]|Bytes:4
10:05:40.41 (44916167)|HEAP_ALLOCATE|[17]|Bytes:0
10:05:40.41 (44958061)|HEAP_ALLOCATE|[17]|Bytes:4
10:05:40.41 (44973497)|VARIABLE_SCOPE_BEGIN|[17]|cases|List<Case>|true|false
10:05:40.41 (45003588)|VARIABLE_ASSIGNMENT|[17]|cases|[]|0x7ac16732
10:05:40.41 (45011228)|STATEMENT_EXECUTE|[18]
10:05:40.41 (45021512)|SYSTEM_MODE_EXIT|false
10:05:40.45 (45044940)|CUMULATIVE_LIMIT_USAGE
10:05:40.45 (45044940)|LIMIT_USAGE_FOR_NS|(default)|
  Number of SOQL queries: 3 out of 100
  Number of query rows: 3 out of 50000
  Number of SOSL queries: 0 out of 20
  Number of DML statements: 0 out of 150
  Number of DML rows: 0 out of 10000
  Maximum CPU time: 0 out of 10000
  Maximum heap size: 0 out of 6000000
  Number of callouts: 0 out of 100
  Number of Email Invocations: 0 out of 10
  Number of future calls: 0 out of 50
  Number of queueable jobs added to the queue: 0 out of 50
  Number of Mobile Apex push calls: 0 out of 10

10:05:40.45 (45044940)|CUMULATIVE_LIMIT_USAGE_END

10:05:40.41 (45075253)|CODE_UNIT_FINISHED|GetCaseController.getEscalatedCases
10:05:40.41 (45136054)|CODE_UNIT_FINISHED|Aura
10:05:40.41 (64528516)|EXECUTION_FINISHED
10:05:40.65 (65242287)|USER_INFO|[EXTERNAL]|0051I00000112gB|trent@testorg.com|Pacific Standard Time|GMT-08:00
10:05:40.65 (65264866)|EXECUTION_STARTED
10:05:40.65 (65268542)|CODE_UNIT_STARTED|[EXTERNAL]|Aura
10:05:40.65 (65981702)|CODE_UNIT_STARTED|[EXTERNAL]|01p1I00000Dc465|GetCaseController.getClosedCases
10:05:40.65 (66054409)|SYSTEM_MODE_ENTER|false
10:05:40.65 (66090265)|HEAP_ALLOCATE|[23]|Bytes:5
10:05:40.65 (66098851)|STATEMENT_EXECUTE|[22]
10:05:40.65 (66100759)|STATEMENT_EXECUTE|[23]
10:05:40.65 (66104545)|HEAP_ALLOCATE|[23]|Bytes:61
10:05:40.65 (66128450)|HEAP_ALLOCATE|[23]|Bytes:4
10:05:40.65 (66315223)|SOQL_EXECUTE_BEGIN|[23]|Aggregations:0|SELECT Id, Priority FROM Case WHERE Status = 'Closed' LIMIT 4
10:05:40.65 (68589876)|SOQL_EXECUTE_END|[23]|Rows:4
10:05:40.65 (68607862)|HEAP_ALLOCATE|[23]|Bytes:20
10:05:40.65 (68630601)|HEAP_ALLOCATE|[23]|Bytes:181
10:05:40.65 (68679670)|HEAP_ALLOCATE|[23]|Bytes:20
10:05:40.65 (68695265)|VARIABLE_SCOPE_BEGIN|[23]|cases|List<Case>|true|false
10:05:40.65 (68739604)|VARIABLE_ASSIGNMENT|[23]|cases|[{"Id":"5001I000003mzcsQAA","Priority":"High"},{"Id":"5001I000003mzctQAA","Priority":"High"},{"Id":"5001I000003mzcvQAA","Priority":"Low"},{"Id":"5001I000003mzcwQAA","Priority":"Medium"}]|0x51a709c2
10:05:40.65 (68748922)|STATEMENT_EXECUTE|[24]
10:05:40.65 (68760041)|SYSTEM_MODE_EXIT|false
10:05:40.68 (68781811)|CUMULATIVE_LIMIT_USAGE
10:05:40.68 (68781811)|LIMIT_USAGE_FOR_NS|(default)|
  Number of SOQL queries: 4 out of 100
  Number of query rows: 7 out of 50000
  Number of SOSL queries: 0 out of 20
  Number of DML statements: 0 out of 150
  Number of DML rows: 0 out of 10000
  Maximum CPU time: 0 out of 10000
  Maximum heap size: 0 out of 6000000
  Number of callouts: 0 out of 100
  Number of Email Invocations: 0 out of 10
  Number of future calls: 0 out of 50
  Number of queueable jobs added to the queue: 0 out of 50
  Number of Mobile Apex push calls: 0 out of 10

10:05:40.68 (68781811)|CUMULATIVE_LIMIT_USAGE_END

10:05:40.65 (68813336)|CODE_UNIT_FINISHED|GetCaseController.getClosedCases
10:05:40.65 (68887572)|CODE_UNIT_FINISHED|Aura
10:05:40.65 (70071806)|EXECUTION_FINISHED
