41.0 APEX_CODE,FINEST;APEX_PROFILING,INFO;CALLOUT,INFO;DB,INFO;SYSTEM,DEBUG;VALIDATION,INFO;VISUALFORCE,INFO;WAVE,INFO;WORKFLOW,INFO
09:34:19.0 (347932)|USER_INFO|[EXTERNAL]|0051I00000112gB|trent@testorg.com|Pacific Standard Time|GMT-08:00
09:34:19.0 (385084)|EXECUTION_STARTED
09:34:19.0 (388393)|CODE_UNIT_STARTED|[EXTERNAL]|Aura
09:34:19.0 (1739997)|CODE_UNIT_STARTED|[EXTERNAL]|01p1I00000Dc465|GetCaseController.getNewCases
09:34:19.0 (2309943)|HEAP_ALLOCATE|[72]|Bytes:3
09:34:19.0 (2372215)|HEAP_ALLOCATE|[77]|Bytes:152
09:34:19.0 (2388596)|HEAP_ALLOCATE|[342]|Bytes:408
09:34:19.0 (2402815)|HEAP_ALLOCATE|[355]|Bytes:408
09:34:19.0 (2418204)|HEAP_ALLOCATE|[467]|Bytes:48
09:34:19.0 (2446940)|HEAP_ALLOCATE|[139]|Bytes:6
09:34:19.0 (2462033)|HEAP_ALLOCATE|[EXTERNAL]|Bytes:13
09:34:19.0 (2511040)|METHOD_ENTRY|[1]|01p1I00000Dc465|GetCaseController.GetCaseController()
09:34:19.0 (2517337)|STATEMENT_EXECUTE|[1]
09:34:19.0 (2522780)|STATEMENT_EXECUTE|[1]
09:34:19.0 (2553664)|HEAP_ALLOCATE|[50]|Bytes:5
09:34:19.0 (2574712)|HEAP_ALLOCATE|[56]|Bytes:5
09:34:19.0 (2582121)|HEAP_ALLOCATE|[64]|Bytes:7
09:34:19.0 (2604507)|SYSTEM_MODE_ENTER|false
09:34:19.0 (2768392)|HEAP_ALLOCATE|[EXTERNAL]|Bytes:5
09:34:19.0 (2775997)|SYSTEM_MODE_EXIT|false
09:34:19.0 (2795105)|METHOD_EXIT|[1]|GetCaseController
09:34:19.0 (2808668)|SYSTEM_MODE_ENTER|false
09:34:19.0 (2820275)|HEAP_ALLOCATE|[5]|Bytes:5
09:34:19.0 (2824458)|STATEMENT_EXECUTE|[4]
09:34:19.0 (2825812)|STATEMENT_EXECUTE|[5]
09:34:19.0 (2828512)|HEAP_ALLOCATE|[5]|Bytes:58
09:34:19.0 (2850654)|HEAP_ALLOCATE|[5]|Bytes:4
09:34:19.0 (3743523)|SOQL_EXECUTE_BEGIN|[5]|Aggregations:0|SELECT Id, Priority FROM Case WHERE Status = 'New' LIMIT 4
09:34:19.0 (9916768)|SOQL_EXECUTE_END|[5]|Rows:3
09:34:19.0 (9940355)|HEAP_ALLOCATE|[5]|Bytes:16
09:34:19.0 (9959716)|HEAP_ALLOCATE|[5]|Bytes:132
09:34:19.0 (10003922)|HEAP_ALLOCATE|[5]|Bytes:16
09:34:19.0 (10019696)|VARIABLE_SCOPE_BEGIN|[5]|cases|List<Case>|true|false
09:34:19.0 (10063433)|VARIABLE_ASSIGNMENT|[5]|cases|[{"Id":"5001I000003mzcuQAA","Priority":"Low"},{"Id":"5001I000003mzd8QAA","Priority":"Low"},{"Id":"5001I000003mzdGQAQ","Priority":"Low"}]|0xbde74f3
09:34:19.0 (10075349)|STATEMENT_EXECUTE|[6]
09:34:19.0 (10084210)|SYSTEM_MODE_EXIT|false
09:34:19.10 (10111553)|CUMULATIVE_LIMIT_USAGE
09:34:19.10 (10111553)|LIMIT_USAGE_FOR_NS|(default)|
  Number of SOQL queries: 1 out of 100
  Number of query rows: 3 out of 50000
  Number of SOSL queries: 0 out of 20
  Number of DML statements: 0 out of 150
  Number of DML rows: 0 out of 10000
  Maximum CPU time: 0 out of 10000
  Maximum heap size: 0 out of 6000000
  Number of callouts: 0 out of 100
  Number of Email Invocations: 0 out of 10
  Number of future calls: 0 out of 50
  Number of queueable jobs added to the queue: 0 out of 50
  Number of Mobile Apex push calls: 0 out of 10

09:34:19.10 (10111553)|CUMULATIVE_LIMIT_USAGE_END

09:34:19.0 (10146525)|CODE_UNIT_FINISHED|GetCaseController.getNewCases
09:34:19.0 (10217904)|CODE_UNIT_FINISHED|Aura
09:34:19.0 (11272048)|EXECUTION_FINISHED
09:34:19.12 (12688610)|USER_INFO|[EXTERNAL]|0051I00000112gB|trent@testorg.com|Pacific Standard Time|GMT-08:00
09:34:19.12 (12703437)|EXECUTION_STARTED
09:34:19.12 (12705980)|CODE_UNIT_STARTED|[EXTERNAL]|Aura
09:34:19.12 (13398506)|CODE_UNIT_STARTED|[EXTERNAL]|01p1I00000Dc465|GetCaseController.getWorkingCases
09:34:19.12 (13447266)|SYSTEM_MODE_ENTER|false
09:34:19.12 (13465285)|HEAP_ALLOCATE|[11]|Bytes:5
09:34:19.12 (13471890)|STATEMENT_EXECUTE|[10]
09:34:19.12 (13473548)|STATEMENT_EXECUTE|[11]
09:34:19.12 (13476556)|HEAP_ALLOCATE|[11]|Bytes:62
09:34:19.12 (13492790)|HEAP_ALLOCATE|[11]|Bytes:4
09:34:19.12 (13640112)|SOQL_EXECUTE_BEGIN|[11]|Aggregations:0|SELECT Id, Priority FROM Case WHERE Status = 'Working' LIMIT 4
09:34:19.12 (15727459)|SOQL_EXECUTE_END|[11]|Rows:0
09:34:19.12 (15747544)|HEAP_ALLOCATE|[11]|Bytes:4
09:34:19.12 (15757288)|HEAP_ALLOCATE|[11]|Bytes:0
09:34:19.12 (15788568)|HEAP_ALLOCATE|[11]|Bytes:4
09:34:19.12 (15800257)|VARIABLE_SCOPE_BEGIN|[11]|cases|List<Case>|true|false
09:34:19.12 (15822191)|VARIABLE_ASSIGNMENT|[11]|cases|[]|0x7a5b2042
09:34:19.12 (15827860)|STATEMENT_EXECUTE|[12]
09:34:19.12 (15836500)|SYSTEM_MODE_EXIT|false
09:34:19.15 (15855743)|CUMULATIVE_LIMIT_USAGE
09:34:19.15 (15855743)|LIMIT_USAGE_FOR_NS|(default)|
  Number of SOQL queries: 2 out of 100
  Number of query rows: 3 out of 50000
  Number of SOSL queries: 0 out of 20
  Number of DML statements: 0 out of 150
  Number of DML rows: 0 out of 10000
  Maximum CPU time: 0 out of 10000
  Maximum heap size: 0 out of 6000000
  Number of callouts: 0 out of 100
  Number of Email Invocations: 0 out of 10
  Number of future calls: 0 out of 50
  Number of queueable jobs added to the queue: 0 out of 50
  Number of Mobile Apex push calls: 0 out of 10

09:34:19.15 (15855743)|CUMULATIVE_LIMIT_USAGE_END

09:34:19.12 (15883216)|CODE_UNIT_FINISHED|GetCaseController.getWorkingCases
09:34:19.12 (15929602)|CODE_UNIT_FINISHED|Aura
09:34:19.12 (16883015)|EXECUTION_FINISHED
09:34:19.17 (17576637)|USER_INFO|[EXTERNAL]|0051I00000112gB|trent@testorg.com|Pacific Standard Time|GMT-08:00
09:34:19.17 (17589553)|EXECUTION_STARTED
09:34:19.17 (17591525)|CODE_UNIT_STARTED|[EXTERNAL]|Aura
09:34:19.17 (18312644)|CODE_UNIT_STARTED|[EXTERNAL]|01p1I00000Dc465|GetCaseController.getClosedCases
09:34:19.17 (18355672)|SYSTEM_MODE_ENTER|false
09:34:19.17 (18372322)|HEAP_ALLOCATE|[23]|Bytes:5
09:34:19.17 (18378516)|STATEMENT_EXECUTE|[22]
09:34:19.17 (18379965)|STATEMENT_EXECUTE|[23]
09:34:19.17 (18383039)|HEAP_ALLOCATE|[23]|Bytes:61
09:34:19.17 (18398089)|HEAP_ALLOCATE|[23]|Bytes:4
09:34:19.17 (18541486)|SOQL_EXECUTE_BEGIN|[23]|Aggregations:0|SELECT Id, Priority FROM Case WHERE Status = 'Closed' LIMIT 4
09:34:19.17 (20658176)|SOQL_EXECUTE_END|[23]|Rows:4
09:34:19.17 (20674660)|HEAP_ALLOCATE|[23]|Bytes:20
09:34:19.17 (20693923)|HEAP_ALLOCATE|[23]|Bytes:181
09:34:19.17 (20724778)|HEAP_ALLOCATE|[23]|Bytes:20
09:34:19.17 (20736121)|VARIABLE_SCOPE_BEGIN|[23]|cases|List<Case>|true|false
09:34:19.17 (20766158)|VARIABLE_ASSIGNMENT|[23]|cases|[{"Id":"5001I000003mzcsQAA","Priority":"High"},{"Id":"5001I000003mzctQAA","Priority":"High"},{"Id":"5001I000003mzcvQAA","Priority":"Low"},{"Id":"5001I000003mzcwQAA","Priority":"Medium"}]|0x4efda8b
09:34:19.17 (20774757)|STATEMENT_EXECUTE|[24]
09:34:19.17 (20783511)|SYSTEM_MODE_EXIT|false
09:34:19.20 (20802833)|CUMULATIVE_LIMIT_USAGE
09:34:19.20 (20802833)|LIMIT_USAGE_FOR_NS|(default)|
  Number of SOQL queries: 3 out of 100
  Number of query rows: 7 out of 50000
  Number of SOSL queries: 0 out of 20
  Number of DML statements: 0 out of 150
  Number of DML rows: 0 out of 10000
  Maximum CPU time: 0 out of 10000
  Maximum heap size: 0 out of 6000000
  Number of callouts: 0 out of 100
  Number of Email Invocations: 0 out of 10
  Number of future calls: 0 out of 50
  Number of queueable jobs added to the queue: 0 out of 50
  Number of Mobile Apex push calls: 0 out of 10

09:34:19.20 (20802833)|CUMULATIVE_LIMIT_USAGE_END

09:34:19.17 (20825534)|CODE_UNIT_FINISHED|GetCaseController.getClosedCases
09:34:19.17 (20882297)|CODE_UNIT_FINISHED|Aura
09:34:19.17 (21835260)|EXECUTION_FINISHED
