41.0 APEX_CODE,FINEST;APEX_PROFILING,INFO;CALLOUT,INFO;DB,INFO;SYSTEM,DEBUG;VALIDATION,INFO;VISUALFORCE,INFO;WAVE,INFO;WORKFLOW,INFO
10:12:11.0 (369278)|USER_INFO|[EXTERNAL]|0051I00000112gB|trent@testorg.com|Pacific Standard Time|GMT-08:00
10:12:11.0 (403849)|EXECUTION_STARTED
10:12:11.0 (408146)|CODE_UNIT_STARTED|[EXTERNAL]|Aura
10:12:11.0 (1863863)|CODE_UNIT_STARTED|[EXTERNAL]|01p1I00000Dc465|GetCaseController.getNewCases
10:12:11.0 (2624933)|HEAP_ALLOCATE|[72]|Bytes:3
10:12:11.0 (2662398)|HEAP_ALLOCATE|[77]|Bytes:152
10:12:11.0 (2677884)|HEAP_ALLOCATE|[342]|Bytes:408
10:12:11.0 (2693877)|HEAP_ALLOCATE|[355]|Bytes:408
10:12:11.0 (2706337)|HEAP_ALLOCATE|[467]|Bytes:48
10:12:11.0 (2735939)|HEAP_ALLOCATE|[139]|Bytes:6
10:12:11.0 (2749737)|HEAP_ALLOCATE|[EXTERNAL]|Bytes:13
10:12:11.0 (2761438)|METHOD_ENTRY|[1]|01p1I00000Dc465|GetCaseController.GetCaseController()
10:12:11.0 (2769004)|STATEMENT_EXECUTE|[1]
10:12:11.0 (2774508)|STATEMENT_EXECUTE|[1]
10:12:11.0 (2807776)|HEAP_ALLOCATE|[50]|Bytes:5
10:12:11.0 (2827540)|HEAP_ALLOCATE|[56]|Bytes:5
10:12:11.0 (2834654)|HEAP_ALLOCATE|[64]|Bytes:7
10:12:11.0 (2855702)|SYSTEM_MODE_ENTER|false
10:12:11.0 (2865574)|HEAP_ALLOCATE|[EXTERNAL]|Bytes:5
10:12:11.0 (2872791)|SYSTEM_MODE_EXIT|false
10:12:11.0 (2879955)|METHOD_EXIT|[1]|GetCaseController
10:12:11.0 (2889241)|SYSTEM_MODE_ENTER|false
10:12:11.0 (2900494)|HEAP_ALLOCATE|[5]|Bytes:5
10:12:11.0 (2904423)|STATEMENT_EXECUTE|[4]
10:12:11.0 (2905731)|STATEMENT_EXECUTE|[5]
10:12:11.0 (2907784)|HEAP_ALLOCATE|[5]|Bytes:50
10:12:11.0 (2924880)|HEAP_ALLOCATE|[5]|Bytes:4
10:12:11.0 (3947771)|SOQL_EXECUTE_BEGIN|[5]|Aggregations:0|SELECT Id, Priority FROM Case WHERE Status = 'New'
10:12:11.0 (9985537)|SOQL_EXECUTE_END|[5]|Rows:3
10:12:11.0 (10014684)|HEAP_ALLOCATE|[5]|Bytes:16
10:12:11.0 (10039217)|HEAP_ALLOCATE|[5]|Bytes:132
10:12:11.0 (10111307)|HEAP_ALLOCATE|[5]|Bytes:16
10:12:11.0 (10132084)|VARIABLE_SCOPE_BEGIN|[5]|cases|List<Case>|true|false
10:12:11.0 (10179904)|VARIABLE_ASSIGNMENT|[5]|cases|[{"Id":"5001I000003mzcuQAA","Priority":"Low"},{"Id":"5001I000003mzd8QAA","Priority":"Low"},{"Id":"5001I000003mzdGQAQ","Priority":"Low"}]|0x69fb5e09
10:12:11.0 (10191922)|STATEMENT_EXECUTE|[6]
10:12:11.0 (10205146)|SYSTEM_MODE_EXIT|false
10:12:11.10 (10240028)|CUMULATIVE_LIMIT_USAGE
10:12:11.10 (10240028)|LIMIT_USAGE_FOR_NS|(default)|
  Number of SOQL queries: 1 out of 100
  Number of query rows: 3 out of 50000
  Number of SOSL queries: 0 out of 20
  Number of DML statements: 0 out of 150
  Number of DML rows: 0 out of 10000
  Maximum CPU time: 0 out of 10000
  Maximum heap size: 0 out of 6000000
  Number of callouts: 0 out of 100
  Number of Email Invocations: 0 out of 10
  Number of future calls: 0 out of 50
  Number of queueable jobs added to the queue: 0 out of 50
  Number of Mobile Apex push calls: 0 out of 10

10:12:11.10 (10240028)|CUMULATIVE_LIMIT_USAGE_END

10:12:11.0 (10281058)|CODE_UNIT_FINISHED|GetCaseController.getNewCases
10:12:11.0 (10374930)|CODE_UNIT_FINISHED|Aura
10:12:11.0 (11473973)|EXECUTION_FINISHED
10:12:11.12 (12964592)|USER_INFO|[EXTERNAL]|0051I00000112gB|trent@testorg.com|Pacific Standard Time|GMT-08:00
10:12:11.12 (12985003)|EXECUTION_STARTED
10:12:11.12 (12989779)|CODE_UNIT_STARTED|[EXTERNAL]|Aura
10:12:11.12 (13890411)|CODE_UNIT_STARTED|[EXTERNAL]|01p1I00000Dc465|GetCaseController.getWorkingCases
10:12:11.12 (13947843)|SYSTEM_MODE_ENTER|false
10:12:11.12 (13972059)|HEAP_ALLOCATE|[11]|Bytes:5
10:12:11.12 (13978997)|STATEMENT_EXECUTE|[10]
10:12:11.12 (13980437)|STATEMENT_EXECUTE|[11]
10:12:11.12 (13984232)|HEAP_ALLOCATE|[11]|Bytes:62
10:12:11.12 (14002303)|HEAP_ALLOCATE|[11]|Bytes:4
10:12:11.12 (14240809)|SOQL_EXECUTE_BEGIN|[11]|Aggregations:0|SELECT Id, Priority FROM Case WHERE Status = 'Working' LIMIT 4
10:12:11.12 (18485193)|SOQL_EXECUTE_END|[11]|Rows:0
10:12:11.12 (18503739)|HEAP_ALLOCATE|[11]|Bytes:4
10:12:11.12 (18512725)|HEAP_ALLOCATE|[11]|Bytes:0
10:12:11.12 (18541616)|HEAP_ALLOCATE|[11]|Bytes:4
10:12:11.12 (18551683)|VARIABLE_SCOPE_BEGIN|[11]|cases|List<Case>|true|false
10:12:11.12 (18572109)|VARIABLE_ASSIGNMENT|[11]|cases|[]|0x4b2413cf
10:12:11.12 (18578524)|STATEMENT_EXECUTE|[12]
10:12:11.12 (18588170)|SYSTEM_MODE_EXIT|false
10:12:11.18 (18609175)|CUMULATIVE_LIMIT_USAGE
10:12:11.18 (18609175)|LIMIT_USAGE_FOR_NS|(default)|
  Number of SOQL queries: 2 out of 100
  Number of query rows: 3 out of 50000
  Number of SOSL queries: 0 out of 20
  Number of DML statements: 0 out of 150
  Number of DML rows: 0 out of 10000
  Maximum CPU time: 0 out of 10000
  Maximum heap size: 0 out of 6000000
  Number of callouts: 0 out of 100
  Number of Email Invocations: 0 out of 10
  Number of future calls: 0 out of 50
  Number of queueable jobs added to the queue: 0 out of 50
  Number of Mobile Apex push calls: 0 out of 10

10:12:11.18 (18609175)|CUMULATIVE_LIMIT_USAGE_END

10:12:11.12 (18635538)|CODE_UNIT_FINISHED|GetCaseController.getWorkingCases
10:12:11.12 (18674380)|CODE_UNIT_FINISHED|Aura
10:12:11.12 (19818746)|EXECUTION_FINISHED
10:12:11.20 (20618549)|USER_INFO|[EXTERNAL]|0051I00000112gB|trent@testorg.com|Pacific Standard Time|GMT-08:00
10:12:11.20 (20630222)|EXECUTION_STARTED
10:12:11.20 (20632102)|CODE_UNIT_STARTED|[EXTERNAL]|Aura
10:12:11.20 (21384627)|CODE_UNIT_STARTED|[EXTERNAL]|01p1I00000Dc465|GetCaseController.getEscalatedCases
10:12:11.20 (21431227)|SYSTEM_MODE_ENTER|false
10:12:11.20 (21452671)|HEAP_ALLOCATE|[17]|Bytes:5
10:12:11.20 (21459467)|STATEMENT_EXECUTE|[16]
10:12:11.20 (21460801)|STATEMENT_EXECUTE|[17]
10:12:11.20 (21464255)|HEAP_ALLOCATE|[17]|Bytes:64
10:12:11.20 (21480165)|HEAP_ALLOCATE|[17]|Bytes:4
10:12:11.20 (21663292)|SOQL_EXECUTE_BEGIN|[17]|Aggregations:0|SELECT Id, Priority FROM Case WHERE Status = 'Escalated' LIMIT 4
10:12:11.20 (44024371)|SOQL_EXECUTE_END|[17]|Rows:0
10:12:11.20 (44064628)|HEAP_ALLOCATE|[17]|Bytes:4
10:12:11.20 (44084200)|HEAP_ALLOCATE|[17]|Bytes:0
10:12:11.20 (44154072)|HEAP_ALLOCATE|[17]|Bytes:4
10:12:11.20 (44180163)|VARIABLE_SCOPE_BEGIN|[17]|cases|List<Case>|true|false
10:12:11.20 (44210111)|VARIABLE_ASSIGNMENT|[17]|cases|[]|0x2e781724
10:12:11.20 (44218781)|STATEMENT_EXECUTE|[18]
10:12:11.20 (44239208)|SYSTEM_MODE_EXIT|false
10:12:11.44 (44280267)|CUMULATIVE_LIMIT_USAGE
10:12:11.44 (44280267)|LIMIT_USAGE_FOR_NS|(default)|
  Number of SOQL queries: 3 out of 100
  Number of query rows: 3 out of 50000
  Number of SOSL queries: 0 out of 20
  Number of DML statements: 0 out of 150
  Number of DML rows: 0 out of 10000
  Maximum CPU time: 0 out of 10000
  Maximum heap size: 0 out of 6000000
  Number of callouts: 0 out of 100
  Number of Email Invocations: 0 out of 10
  Number of future calls: 0 out of 50
  Number of queueable jobs added to the queue: 0 out of 50
  Number of Mobile Apex push calls: 0 out of 10

10:12:11.44 (44280267)|CUMULATIVE_LIMIT_USAGE_END

10:12:11.20 (44335447)|CODE_UNIT_FINISHED|GetCaseController.getEscalatedCases
10:12:11.20 (44400542)|CODE_UNIT_FINISHED|Aura
10:12:11.20 (45456754)|EXECUTION_FINISHED
10:12:11.46 (46184175)|USER_INFO|[EXTERNAL]|0051I00000112gB|trent@testorg.com|Pacific Standard Time|GMT-08:00
10:12:11.46 (46199408)|EXECUTION_STARTED
10:12:11.46 (46202138)|CODE_UNIT_STARTED|[EXTERNAL]|Aura
10:12:11.46 (46922614)|CODE_UNIT_STARTED|[EXTERNAL]|01p1I00000Dc465|GetCaseController.getClosedCases
10:12:11.46 (46988137)|SYSTEM_MODE_ENTER|false
10:12:11.46 (47016836)|HEAP_ALLOCATE|[23]|Bytes:5
10:12:11.46 (47024481)|STATEMENT_EXECUTE|[22]
10:12:11.46 (47025939)|STATEMENT_EXECUTE|[23]
10:12:11.46 (47031100)|HEAP_ALLOCATE|[23]|Bytes:61
10:12:11.46 (47054980)|HEAP_ALLOCATE|[23]|Bytes:4
10:12:11.46 (47288281)|SOQL_EXECUTE_BEGIN|[23]|Aggregations:0|SELECT Id, Priority FROM Case WHERE Status = 'Closed' LIMIT 4
10:12:11.46 (50226497)|SOQL_EXECUTE_END|[23]|Rows:4
10:12:11.46 (50249374)|HEAP_ALLOCATE|[23]|Bytes:20
10:12:11.46 (50274665)|HEAP_ALLOCATE|[23]|Bytes:181
10:12:11.46 (50323434)|HEAP_ALLOCATE|[23]|Bytes:20
10:12:11.46 (50339344)|VARIABLE_SCOPE_BEGIN|[23]|cases|List<Case>|true|false
10:12:11.46 (50385622)|VARIABLE_ASSIGNMENT|[23]|cases|[{"Id":"5001I000003mzcsQAA","Priority":"High"},{"Id":"5001I000003mzctQAA","Priority":"High"},{"Id":"5001I000003mzcvQAA","Priority":"Low"},{"Id":"5001I000003mzcwQAA","Priority":"Medium"}]|0x945d558
10:12:11.46 (50398970)|STATEMENT_EXECUTE|[24]
10:12:11.46 (50415087)|SYSTEM_MODE_EXIT|false
10:12:11.50 (50443133)|CUMULATIVE_LIMIT_USAGE
10:12:11.50 (50443133)|LIMIT_USAGE_FOR_NS|(default)|
  Number of SOQL queries: 4 out of 100
  Number of query rows: 7 out of 50000
  Number of SOSL queries: 0 out of 20
  Number of DML statements: 0 out of 150
  Number of DML rows: 0 out of 10000
  Maximum CPU time: 0 out of 10000
  Maximum heap size: 0 out of 6000000
  Number of callouts: 0 out of 100
  Number of Email Invocations: 0 out of 10
  Number of future calls: 0 out of 50
  Number of queueable jobs added to the queue: 0 out of 50
  Number of Mobile Apex push calls: 0 out of 10

10:12:11.50 (50443133)|CUMULATIVE_LIMIT_USAGE_END

10:12:11.46 (50480122)|CODE_UNIT_FINISHED|GetCaseController.getClosedCases
10:12:11.46 (50570521)|CODE_UNIT_FINISHED|Aura
10:12:11.46 (51637915)|EXECUTION_FINISHED
