41.0 APEX_CODE,FINEST;APEX_PROFILING,INFO;CALLOUT,INFO;DB,INFO;SYSTEM,DEBUG;VALIDATION,INFO;VISUALFORCE,INFO;WAVE,INFO;WORKFLOW,INFO
09:26:36.0 (410685)|USER_INFO|[EXTERNAL]|0051I00000112gB|trent@testorg.com|Pacific Standard Time|GMT-08:00
09:26:36.0 (462460)|EXECUTION_STARTED
09:26:36.0 (468462)|CODE_UNIT_STARTED|[EXTERNAL]|Aura
09:26:36.0 (2217150)|CODE_UNIT_STARTED|[EXTERNAL]|01p1I00000Dc465|GetCaseController.getNewCases
09:26:36.0 (3035032)|HEAP_ALLOCATE|[72]|Bytes:3
09:26:36.0 (3114142)|HEAP_ALLOCATE|[77]|Bytes:152
09:26:36.0 (3135379)|HEAP_ALLOCATE|[342]|Bytes:408
09:26:36.0 (3160073)|HEAP_ALLOCATE|[355]|Bytes:408
09:26:36.0 (3183077)|HEAP_ALLOCATE|[467]|Bytes:48
09:26:36.0 (3218819)|HEAP_ALLOCATE|[139]|Bytes:6
09:26:36.0 (3241909)|HEAP_ALLOCATE|[EXTERNAL]|Bytes:13
09:26:36.0 (3312510)|METHOD_ENTRY|[1]|01p1I00000Dc465|GetCaseController.GetCaseController()
09:26:36.0 (3322703)|STATEMENT_EXECUTE|[1]
09:26:36.0 (3329717)|STATEMENT_EXECUTE|[1]
09:26:36.0 (3369111)|HEAP_ALLOCATE|[50]|Bytes:5
09:26:36.0 (3394298)|HEAP_ALLOCATE|[56]|Bytes:5
09:26:36.0 (3406697)|HEAP_ALLOCATE|[64]|Bytes:7
09:26:36.0 (3435572)|SYSTEM_MODE_ENTER|false
09:26:36.0 (3447041)|HEAP_ALLOCATE|[EXTERNAL]|Bytes:5
09:26:36.0 (3455253)|SYSTEM_MODE_EXIT|false
09:26:36.0 (3481463)|METHOD_EXIT|[1]|GetCaseController
09:26:36.0 (3498104)|SYSTEM_MODE_ENTER|false
09:26:36.0 (3515041)|HEAP_ALLOCATE|[5]|Bytes:5
09:26:36.0 (3521187)|STATEMENT_EXECUTE|[4]
09:26:36.0 (3523125)|STATEMENT_EXECUTE|[5]
09:26:36.0 (3526196)|HEAP_ALLOCATE|[5]|Bytes:58
09:26:36.0 (3543143)|HEAP_ALLOCATE|[5]|Bytes:4
09:26:36.0 (4779513)|SOQL_EXECUTE_BEGIN|[5]|Aggregations:0|SELECT Id, Priority FROM Case WHERE Status = 'New' LIMIT 4
09:26:36.0 (11551355)|SOQL_EXECUTE_END|[5]|Rows:3
09:26:36.0 (11576403)|HEAP_ALLOCATE|[5]|Bytes:16
09:26:36.0 (11594273)|HEAP_ALLOCATE|[5]|Bytes:132
09:26:36.0 (11633084)|HEAP_ALLOCATE|[5]|Bytes:16
09:26:36.0 (11648046)|VARIABLE_SCOPE_BEGIN|[5]|cases|List<Case>|true|false
09:26:36.0 (11686098)|VARIABLE_ASSIGNMENT|[5]|cases|[{"Id":"5001I000003mzcuQAA","Priority":"Low"},{"Id":"5001I000003mzd8QAA","Priority":"Low"},{"Id":"5001I000003mzdGQAQ","Priority":"Low"}]|0x2cf0e1ce
09:26:36.0 (11694725)|STATEMENT_EXECUTE|[6]
09:26:36.0 (11704064)|SYSTEM_MODE_EXIT|false
09:26:36.11 (11726846)|CUMULATIVE_LIMIT_USAGE
09:26:36.11 (11726846)|LIMIT_USAGE_FOR_NS|(default)|
  Number of SOQL queries: 1 out of 100
  Number of query rows: 3 out of 50000
  Number of SOSL queries: 0 out of 20
  Number of DML statements: 0 out of 150
  Number of DML rows: 0 out of 10000
  Maximum CPU time: 0 out of 10000
  Maximum heap size: 0 out of 6000000
  Number of callouts: 0 out of 100
  Number of Email Invocations: 0 out of 10
  Number of future calls: 0 out of 50
  Number of queueable jobs added to the queue: 0 out of 50
  Number of Mobile Apex push calls: 0 out of 10

09:26:36.11 (11726846)|CUMULATIVE_LIMIT_USAGE_END

09:26:36.0 (11765303)|CODE_UNIT_FINISHED|GetCaseController.getNewCases
09:26:36.0 (11856175)|CODE_UNIT_FINISHED|Aura
09:26:36.0 (12897040)|EXECUTION_FINISHED
09:26:36.19 (19741924)|USER_INFO|[EXTERNAL]|0051I00000112gB|trent@testorg.com|Pacific Standard Time|GMT-08:00
09:26:36.19 (19765822)|EXECUTION_STARTED
09:26:36.19 (19770597)|CODE_UNIT_STARTED|[EXTERNAL]|Aura
09:26:36.19 (20552639)|CODE_UNIT_STARTED|[EXTERNAL]|01p1I00000Dc465|GetCaseController.getWorkingCases
09:26:36.19 (20629974)|SYSTEM_MODE_ENTER|false
09:26:36.19 (20681327)|HEAP_ALLOCATE|[11]|Bytes:5
09:26:36.19 (20696498)|STATEMENT_EXECUTE|[10]
09:26:36.19 (20699126)|STATEMENT_EXECUTE|[11]
09:26:36.19 (20703815)|HEAP_ALLOCATE|[11]|Bytes:62
09:26:36.19 (20723373)|HEAP_ALLOCATE|[11]|Bytes:4
09:26:36.19 (21040779)|SOQL_EXECUTE_BEGIN|[11]|Aggregations:0|SELECT Id, Priority FROM Case WHERE Status = 'Working' LIMIT 4
09:26:36.19 (24614945)|SOQL_EXECUTE_END|[11]|Rows:0
09:26:36.19 (24637187)|HEAP_ALLOCATE|[11]|Bytes:4
09:26:36.19 (24648124)|HEAP_ALLOCATE|[11]|Bytes:0
09:26:36.19 (24681997)|HEAP_ALLOCATE|[11]|Bytes:4
09:26:36.19 (24695265)|VARIABLE_SCOPE_BEGIN|[11]|cases|List<Case>|true|false
09:26:36.19 (24723292)|VARIABLE_ASSIGNMENT|[11]|cases|[]|0xed97586
09:26:36.19 (24730055)|STATEMENT_EXECUTE|[12]
09:26:36.19 (24737473)|SYSTEM_MODE_EXIT|false
09:26:36.24 (24759689)|CUMULATIVE_LIMIT_USAGE
09:26:36.24 (24759689)|LIMIT_USAGE_FOR_NS|(default)|
  Number of SOQL queries: 2 out of 100
  Number of query rows: 3 out of 50000
  Number of SOSL queries: 0 out of 20
  Number of DML statements: 0 out of 150
  Number of DML rows: 0 out of 10000
  Maximum CPU time: 0 out of 10000
  Maximum heap size: 0 out of 6000000
  Number of callouts: 0 out of 100
  Number of Email Invocations: 0 out of 10
  Number of future calls: 0 out of 50
  Number of queueable jobs added to the queue: 0 out of 50
  Number of Mobile Apex push calls: 0 out of 10

09:26:36.24 (24759689)|CUMULATIVE_LIMIT_USAGE_END

09:26:36.19 (24792251)|CODE_UNIT_FINISHED|GetCaseController.getWorkingCases
09:26:36.19 (24843938)|CODE_UNIT_FINISHED|Aura
09:26:36.19 (25848156)|EXECUTION_FINISHED
09:26:36.26 (26608559)|USER_INFO|[EXTERNAL]|0051I00000112gB|trent@testorg.com|Pacific Standard Time|GMT-08:00
09:26:36.26 (26622381)|EXECUTION_STARTED
09:26:36.26 (26624563)|CODE_UNIT_STARTED|[EXTERNAL]|Aura
09:26:36.26 (27345605)|CODE_UNIT_STARTED|[EXTERNAL]|01p1I00000Dc465|GetCaseController.getClosedCases
09:26:36.26 (27392141)|SYSTEM_MODE_ENTER|false
09:26:36.26 (27409026)|HEAP_ALLOCATE|[23]|Bytes:5
09:26:36.26 (27415052)|STATEMENT_EXECUTE|[22]
09:26:36.26 (27416524)|STATEMENT_EXECUTE|[23]
09:26:36.26 (27419482)|HEAP_ALLOCATE|[23]|Bytes:61
09:26:36.26 (27432971)|HEAP_ALLOCATE|[23]|Bytes:4
09:26:36.26 (27620360)|SOQL_EXECUTE_BEGIN|[23]|Aggregations:0|SELECT Id, Priority FROM Case WHERE Status = 'Closed' LIMIT 4
09:26:36.26 (30390184)|SOQL_EXECUTE_END|[23]|Rows:4
09:26:36.26 (30410289)|HEAP_ALLOCATE|[23]|Bytes:20
09:26:36.26 (30432263)|HEAP_ALLOCATE|[23]|Bytes:181
09:26:36.26 (30467442)|HEAP_ALLOCATE|[23]|Bytes:20
09:26:36.26 (30482903)|VARIABLE_SCOPE_BEGIN|[23]|cases|List<Case>|true|false
09:26:36.26 (30529149)|VARIABLE_ASSIGNMENT|[23]|cases|[{"Id":"5001I000003mzcsQAA","Priority":"High"},{"Id":"5001I000003mzctQAA","Priority":"High"},{"Id":"5001I000003mzcvQAA","Priority":"Low"},{"Id":"5001I000003mzcwQAA","Priority":"Medium"}]|0x5b10de7e
09:26:36.26 (30539544)|STATEMENT_EXECUTE|[24]
09:26:36.26 (30547863)|SYSTEM_MODE_EXIT|false
09:26:36.30 (30568306)|CUMULATIVE_LIMIT_USAGE
09:26:36.30 (30568306)|LIMIT_USAGE_FOR_NS|(default)|
  Number of SOQL queries: 3 out of 100
  Number of query rows: 7 out of 50000
  Number of SOSL queries: 0 out of 20
  Number of DML statements: 0 out of 150
  Number of DML rows: 0 out of 10000
  Maximum CPU time: 0 out of 10000
  Maximum heap size: 0 out of 6000000
  Number of callouts: 0 out of 100
  Number of Email Invocations: 0 out of 10
  Number of future calls: 0 out of 50
  Number of queueable jobs added to the queue: 0 out of 50
  Number of Mobile Apex push calls: 0 out of 10

09:26:36.30 (30568306)|CUMULATIVE_LIMIT_USAGE_END

09:26:36.26 (30600460)|CODE_UNIT_FINISHED|GetCaseController.getClosedCases
09:26:36.26 (30677498)|CODE_UNIT_FINISHED|Aura
09:26:36.26 (31703613)|EXECUTION_FINISHED
