41.0 APEX_CODE,FINEST;APEX_PROFILING,INFO;CALLOUT,INFO;DB,INFO;SYSTEM,DEBUG;VALIDATION,INFO;VISUALFORCE,INFO;WAVE,INFO;WORKFLOW,INFO
15:37:29.0 (291177)|USER_INFO|[EXTERNAL]|0051I00000112gB|trent@testorg.com|Pacific Standard Time|GMT-08:00
15:37:29.0 (330549)|EXECUTION_STARTED
15:37:29.0 (333625)|CODE_UNIT_STARTED|[EXTERNAL]|Aura
15:37:29.0 (1713625)|CODE_UNIT_STARTED|[EXTERNAL]|01p1I00000Dc465|CaseController.getNewCases
15:37:29.0 (2300574)|HEAP_ALLOCATE|[72]|Bytes:3
15:37:29.0 (2341182)|HEAP_ALLOCATE|[77]|Bytes:152
15:37:29.0 (2356826)|HEAP_ALLOCATE|[342]|Bytes:408
15:37:29.0 (2369134)|HEAP_ALLOCATE|[355]|Bytes:408
15:37:29.0 (2380264)|HEAP_ALLOCATE|[467]|Bytes:48
15:37:29.0 (2407383)|HEAP_ALLOCATE|[139]|Bytes:6
15:37:29.0 (2424411)|HEAP_ALLOCATE|[EXTERNAL]|Bytes:6
15:37:29.0 (2435404)|METHOD_ENTRY|[1]|01p1I00000Dc465|CaseController.CaseController()
15:37:29.0 (2441042)|STATEMENT_EXECUTE|[1]
15:37:29.0 (2445562)|STATEMENT_EXECUTE|[1]
15:37:29.0 (2473362)|HEAP_ALLOCATE|[50]|Bytes:5
15:37:29.0 (2495692)|HEAP_ALLOCATE|[56]|Bytes:5
15:37:29.0 (2502514)|HEAP_ALLOCATE|[64]|Bytes:7
15:37:29.0 (2522958)|SYSTEM_MODE_ENTER|false
15:37:29.0 (2533749)|HEAP_ALLOCATE|[EXTERNAL]|Bytes:5
15:37:29.0 (2541153)|SYSTEM_MODE_EXIT|false
15:37:29.0 (2548434)|METHOD_EXIT|[1]|CaseController
15:37:29.0 (2558118)|SYSTEM_MODE_ENTER|false
15:37:29.0 (2574110)|HEAP_ALLOCATE|[10]|Bytes:5
15:37:29.0 (2578090)|STATEMENT_EXECUTE|[9]
15:37:29.0 (2579334)|STATEMENT_EXECUTE|[10]
15:37:29.0 (2581491)|HEAP_ALLOCATE|[10]|Bytes:58
15:37:29.0 (2597558)|HEAP_ALLOCATE|[10]|Bytes:4
15:37:29.0 (3512383)|SOQL_EXECUTE_BEGIN|[10]|Aggregations:0|SELECT Id, Priority FROM Case WHERE Status = 'New' LIMIT 4
15:37:29.0 (9424536)|SOQL_EXECUTE_END|[10]|Rows:3
15:37:29.0 (9448891)|HEAP_ALLOCATE|[10]|Bytes:16
15:37:29.0 (9468225)|HEAP_ALLOCATE|[10]|Bytes:132
15:37:29.0 (9512154)|HEAP_ALLOCATE|[10]|Bytes:16
15:37:29.0 (9529057)|VARIABLE_SCOPE_BEGIN|[10]|cases|List<Case>|true|false
15:37:29.0 (9588479)|VARIABLE_ASSIGNMENT|[10]|cases|[{"Id":"5001I000003mzcuQAA","Priority":"Low"},{"Id":"5001I000003mzd8QAA","Priority":"Low"},{"Id":"5001I000003mzdGQAQ","Priority":"Low"}]|0x558b5f90
15:37:29.0 (9599816)|STATEMENT_EXECUTE|[11]
15:37:29.0 (9610400)|SYSTEM_MODE_EXIT|false
15:37:29.9 (9640492)|CUMULATIVE_LIMIT_USAGE
15:37:29.9 (9640492)|LIMIT_USAGE_FOR_NS|(default)|
  Number of SOQL queries: 1 out of 100
  Number of query rows: 3 out of 50000
  Number of SOSL queries: 0 out of 20
  Number of DML statements: 0 out of 150
  Number of DML rows: 0 out of 10000
  Maximum CPU time: 0 out of 10000
  Maximum heap size: 0 out of 6000000
  Number of callouts: 0 out of 100
  Number of Email Invocations: 0 out of 10
  Number of future calls: 0 out of 50
  Number of queueable jobs added to the queue: 0 out of 50
  Number of Mobile Apex push calls: 0 out of 10

15:37:29.9 (9640492)|CUMULATIVE_LIMIT_USAGE_END

15:37:29.0 (9685789)|CODE_UNIT_FINISHED|CaseController.getNewCases
15:37:29.0 (9779064)|CODE_UNIT_FINISHED|Aura
15:37:29.0 (11021489)|EXECUTION_FINISHED
