41.0 APEX_CODE,FINEST;APEX_PROFILING,INFO;CALLOUT,INFO;DB,INFO;SYSTEM,DEBUG;VALIDATION,INFO;VISUALFORCE,INFO;WAVE,INFO;WORKFLOW,INFO
09:54:39.0 (392803)|USER_INFO|[EXTERNAL]|0051I00000112gB|trent@testorg.com|Pacific Standard Time|GMT-08:00
09:54:39.0 (427580)|EXECUTION_STARTED
09:54:39.0 (431069)|CODE_UNIT_STARTED|[EXTERNAL]|Aura
09:54:39.0 (1995934)|CODE_UNIT_STARTED|[EXTERNAL]|01p1I00000Dc465|GetCaseController.getNewCases
09:54:39.0 (2692728)|HEAP_ALLOCATE|[72]|Bytes:3
09:54:39.0 (2752979)|HEAP_ALLOCATE|[77]|Bytes:152
09:54:39.0 (2770785)|HEAP_ALLOCATE|[342]|Bytes:408
09:54:39.0 (2786153)|HEAP_ALLOCATE|[355]|Bytes:408
09:54:39.0 (2799661)|HEAP_ALLOCATE|[467]|Bytes:48
09:54:39.0 (2827913)|HEAP_ALLOCATE|[139]|Bytes:6
09:54:39.0 (2842108)|HEAP_ALLOCATE|[EXTERNAL]|Bytes:13
09:54:39.0 (2880511)|METHOD_ENTRY|[1]|01p1I00000Dc465|GetCaseController.GetCaseController()
09:54:39.0 (2887459)|STATEMENT_EXECUTE|[1]
09:54:39.0 (2892873)|STATEMENT_EXECUTE|[1]
09:54:39.0 (2921979)|HEAP_ALLOCATE|[50]|Bytes:5
09:54:39.0 (2943889)|HEAP_ALLOCATE|[56]|Bytes:5
09:54:39.0 (2951375)|HEAP_ALLOCATE|[64]|Bytes:7
09:54:39.0 (2972343)|SYSTEM_MODE_ENTER|false
09:54:39.0 (3155635)|HEAP_ALLOCATE|[EXTERNAL]|Bytes:5
09:54:39.0 (3165440)|SYSTEM_MODE_EXIT|false
09:54:39.0 (3185236)|METHOD_EXIT|[1]|GetCaseController
09:54:39.0 (3197828)|SYSTEM_MODE_ENTER|false
09:54:39.0 (3211744)|HEAP_ALLOCATE|[5]|Bytes:5
09:54:39.0 (3218022)|STATEMENT_EXECUTE|[4]
09:54:39.0 (3219495)|STATEMENT_EXECUTE|[5]
09:54:39.0 (3223012)|HEAP_ALLOCATE|[5]|Bytes:50
09:54:39.0 (3237224)|HEAP_ALLOCATE|[5]|Bytes:4
09:54:39.0 (4267401)|SOQL_EXECUTE_BEGIN|[5]|Aggregations:0|SELECT Id, Priority FROM Case WHERE Status = 'New'
09:54:39.0 (9529215)|SOQL_EXECUTE_END|[5]|Rows:3
09:54:39.0 (9550592)|HEAP_ALLOCATE|[5]|Bytes:16
09:54:39.0 (9565321)|HEAP_ALLOCATE|[5]|Bytes:132
09:54:39.0 (9611706)|HEAP_ALLOCATE|[5]|Bytes:16
09:54:39.0 (9643412)|VARIABLE_SCOPE_BEGIN|[5]|cases|List<Case>|true|false
09:54:39.0 (9855262)|VARIABLE_ASSIGNMENT|[5]|cases|[{"Id":"5001I000003mzcuQAA","Priority":"Low"},{"Id":"5001I000003mzd8QAA","Priority":"Low"},{"Id":"5001I000003mzdGQAQ","Priority":"Low"}]|0x591f8b28
09:54:39.0 (9865003)|STATEMENT_EXECUTE|[6]
09:54:39.0 (9877166)|SYSTEM_MODE_EXIT|false
09:54:39.9 (9905246)|CUMULATIVE_LIMIT_USAGE
09:54:39.9 (9905246)|LIMIT_USAGE_FOR_NS|(default)|
  Number of SOQL queries: 1 out of 100
  Number of query rows: 3 out of 50000
  Number of SOSL queries: 0 out of 20
  Number of DML statements: 0 out of 150
  Number of DML rows: 0 out of 10000
  Maximum CPU time: 0 out of 10000
  Maximum heap size: 0 out of 6000000
  Number of callouts: 0 out of 100
  Number of Email Invocations: 0 out of 10
  Number of future calls: 0 out of 50
  Number of queueable jobs added to the queue: 0 out of 50
  Number of Mobile Apex push calls: 0 out of 10

09:54:39.9 (9905246)|CUMULATIVE_LIMIT_USAGE_END

09:54:39.0 (9942404)|CODE_UNIT_FINISHED|GetCaseController.getNewCases
09:54:39.0 (10006412)|CODE_UNIT_FINISHED|Aura
09:54:39.0 (11047075)|EXECUTION_FINISHED
09:54:39.13 (13083017)|USER_INFO|[EXTERNAL]|0051I00000112gB|trent@testorg.com|Pacific Standard Time|GMT-08:00
09:54:39.13 (13097515)|EXECUTION_STARTED
09:54:39.13 (13100891)|CODE_UNIT_STARTED|[EXTERNAL]|Aura
09:54:39.13 (13812346)|CODE_UNIT_STARTED|[EXTERNAL]|01p1I00000Dc465|GetCaseController.getWorkingCases
09:54:39.13 (13867980)|SYSTEM_MODE_ENTER|false
09:54:39.13 (13887913)|HEAP_ALLOCATE|[11]|Bytes:5
09:54:39.13 (13896167)|STATEMENT_EXECUTE|[10]
09:54:39.13 (13898773)|STATEMENT_EXECUTE|[11]
09:54:39.13 (13902976)|HEAP_ALLOCATE|[11]|Bytes:62
09:54:39.13 (13916481)|HEAP_ALLOCATE|[11]|Bytes:4
09:54:39.13 (14080389)|SOQL_EXECUTE_BEGIN|[11]|Aggregations:0|SELECT Id, Priority FROM Case WHERE Status = 'Working' LIMIT 4
09:54:39.13 (18521294)|SOQL_EXECUTE_END|[11]|Rows:0
09:54:39.13 (18542634)|HEAP_ALLOCATE|[11]|Bytes:4
09:54:39.13 (18551823)|HEAP_ALLOCATE|[11]|Bytes:0
09:54:39.13 (18587222)|HEAP_ALLOCATE|[11]|Bytes:4
09:54:39.13 (18602603)|VARIABLE_SCOPE_BEGIN|[11]|cases|List<Case>|true|false
09:54:39.13 (18631732)|VARIABLE_ASSIGNMENT|[11]|cases|[]|0x77b55b48
09:54:39.13 (18638895)|STATEMENT_EXECUTE|[12]
09:54:39.13 (18649615)|SYSTEM_MODE_EXIT|false
09:54:39.18 (18669687)|CUMULATIVE_LIMIT_USAGE
09:54:39.18 (18669687)|LIMIT_USAGE_FOR_NS|(default)|
  Number of SOQL queries: 2 out of 100
  Number of query rows: 3 out of 50000
  Number of SOSL queries: 0 out of 20
  Number of DML statements: 0 out of 150
  Number of DML rows: 0 out of 10000
  Maximum CPU time: 0 out of 10000
  Maximum heap size: 0 out of 6000000
  Number of callouts: 0 out of 100
  Number of Email Invocations: 0 out of 10
  Number of future calls: 0 out of 50
  Number of queueable jobs added to the queue: 0 out of 50
  Number of Mobile Apex push calls: 0 out of 10

09:54:39.18 (18669687)|CUMULATIVE_LIMIT_USAGE_END

09:54:39.13 (18701819)|CODE_UNIT_FINISHED|GetCaseController.getWorkingCases
09:54:39.13 (18749274)|CODE_UNIT_FINISHED|Aura
09:54:39.13 (19698905)|EXECUTION_FINISHED
09:54:39.20 (20389989)|USER_INFO|[EXTERNAL]|0051I00000112gB|trent@testorg.com|Pacific Standard Time|GMT-08:00
09:54:39.20 (20403191)|EXECUTION_STARTED
09:54:39.20 (20405853)|CODE_UNIT_STARTED|[EXTERNAL]|Aura
09:54:39.20 (21098049)|CODE_UNIT_STARTED|[EXTERNAL]|01p1I00000Dc465|GetCaseController.getClosedCases
09:54:39.20 (21164706)|SYSTEM_MODE_ENTER|false
09:54:39.20 (21190437)|HEAP_ALLOCATE|[23]|Bytes:5
09:54:39.20 (21197538)|STATEMENT_EXECUTE|[22]
09:54:39.20 (21199223)|STATEMENT_EXECUTE|[23]
09:54:39.20 (21202493)|HEAP_ALLOCATE|[23]|Bytes:61
09:54:39.20 (21215703)|HEAP_ALLOCATE|[23]|Bytes:4
09:54:39.20 (21348171)|SOQL_EXECUTE_BEGIN|[23]|Aggregations:0|SELECT Id, Priority FROM Case WHERE Status = 'Closed' LIMIT 4
09:54:39.20 (23717193)|SOQL_EXECUTE_END|[23]|Rows:4
09:54:39.20 (23736374)|HEAP_ALLOCATE|[23]|Bytes:20
09:54:39.20 (23754722)|HEAP_ALLOCATE|[23]|Bytes:181
09:54:39.20 (23787071)|HEAP_ALLOCATE|[23]|Bytes:20
09:54:39.20 (23798661)|VARIABLE_SCOPE_BEGIN|[23]|cases|List<Case>|true|false
09:54:39.20 (23832791)|VARIABLE_ASSIGNMENT|[23]|cases|[{"Id":"5001I000003mzcsQAA","Priority":"High"},{"Id":"5001I000003mzctQAA","Priority":"High"},{"Id":"5001I000003mzcvQAA","Priority":"Low"},{"Id":"5001I000003mzcwQAA","Priority":"Medium"}]|0x3d8567e5
09:54:39.20 (23842423)|STATEMENT_EXECUTE|[24]
09:54:39.20 (23853320)|SYSTEM_MODE_EXIT|false
09:54:39.23 (23869968)|CUMULATIVE_LIMIT_USAGE
09:54:39.23 (23869968)|LIMIT_USAGE_FOR_NS|(default)|
  Number of SOQL queries: 3 out of 100
  Number of query rows: 7 out of 50000
  Number of SOSL queries: 0 out of 20
  Number of DML statements: 0 out of 150
  Number of DML rows: 0 out of 10000
  Maximum CPU time: 0 out of 10000
  Maximum heap size: 0 out of 6000000
  Number of callouts: 0 out of 100
  Number of Email Invocations: 0 out of 10
  Number of future calls: 0 out of 50
  Number of queueable jobs added to the queue: 0 out of 50
  Number of Mobile Apex push calls: 0 out of 10

09:54:39.23 (23869968)|CUMULATIVE_LIMIT_USAGE_END

09:54:39.20 (23894126)|CODE_UNIT_FINISHED|GetCaseController.getClosedCases
09:54:39.20 (23951145)|CODE_UNIT_FINISHED|Aura
09:54:39.20 (24957144)|EXECUTION_FINISHED
