41.0 APEX_CODE,FINEST;APEX_PROFILING,INFO;CALLOUT,INFO;DB,INFO;SYSTEM,DEBUG;VALIDATION,INFO;VISUALFORCE,INFO;WAVE,INFO;WORKFLOW,INFO
12:49:00.0 (333937)|USER_INFO|[EXTERNAL]|0051I00000112gB|trent@testorg.com|Pacific Standard Time|GMT-08:00
12:49:00.0 (368993)|EXECUTION_STARTED
12:49:00.0 (372652)|CODE_UNIT_STARTED|[EXTERNAL]|Aura
12:49:00.0 (1824902)|CODE_UNIT_STARTED|[EXTERNAL]|01p1I00000Dc465|GetCaseController.getNewCases
12:49:00.0 (2505249)|HEAP_ALLOCATE|[72]|Bytes:3
12:49:00.0 (2542272)|HEAP_ALLOCATE|[77]|Bytes:152
12:49:00.0 (2558104)|HEAP_ALLOCATE|[342]|Bytes:408
12:49:00.0 (2572753)|HEAP_ALLOCATE|[355]|Bytes:408
12:49:00.0 (2586016)|HEAP_ALLOCATE|[467]|Bytes:48
12:49:00.0 (2613918)|HEAP_ALLOCATE|[139]|Bytes:6
12:49:00.0 (2628644)|HEAP_ALLOCATE|[EXTERNAL]|Bytes:10
12:49:00.0 (2639516)|METHOD_ENTRY|[1]|01p1I00000Dc465|GetCaseController.GetCaseController()
12:49:00.0 (2645577)|STATEMENT_EXECUTE|[1]
12:49:00.0 (2649857)|STATEMENT_EXECUTE|[1]
12:49:00.0 (2676025)|HEAP_ALLOCATE|[50]|Bytes:5
12:49:00.0 (2697603)|HEAP_ALLOCATE|[56]|Bytes:5
12:49:00.0 (2704974)|HEAP_ALLOCATE|[64]|Bytes:7
12:49:00.0 (2724144)|SYSTEM_MODE_ENTER|false
12:49:00.0 (2736378)|HEAP_ALLOCATE|[EXTERNAL]|Bytes:5
12:49:00.0 (2743872)|SYSTEM_MODE_EXIT|false
12:49:00.0 (2750642)|METHOD_EXIT|[1]|GetCaseController
12:49:00.0 (2761804)|SYSTEM_MODE_ENTER|false
12:49:00.0 (2776504)|HEAP_ALLOCATE|[5]|Bytes:5
12:49:00.0 (2780645)|STATEMENT_EXECUTE|[4]
12:49:00.0 (2781843)|STATEMENT_EXECUTE|[5]
12:49:00.0 (2783800)|HEAP_ALLOCATE|[5]|Bytes:50
12:49:00.0 (2800064)|HEAP_ALLOCATE|[5]|Bytes:4
12:49:00.0 (3895066)|SOQL_EXECUTE_BEGIN|[5]|Aggregations:0|SELECT Id, Priority FROM Case WHERE Status = 'New'
12:49:00.0 (8599679)|SOQL_EXECUTE_END|[5]|Rows:3
12:49:00.0 (8620061)|HEAP_ALLOCATE|[5]|Bytes:16
12:49:00.0 (8636767)|HEAP_ALLOCATE|[5]|Bytes:132
12:49:00.0 (8683162)|HEAP_ALLOCATE|[5]|Bytes:16
12:49:00.0 (8698878)|VARIABLE_SCOPE_BEGIN|[5]|cases|List<Case>|true|false
12:49:00.0 (8745422)|VARIABLE_ASSIGNMENT|[5]|cases|[{"Id":"5001I000003mzcuQAA","Priority":"Low"},{"Id":"5001I000003mzd8QAA","Priority":"Low"},{"Id":"5001I000003mzdGQAQ","Priority":"Low"}]|0x9d1163b
12:49:00.0 (8754670)|STATEMENT_EXECUTE|[6]
12:49:00.0 (8763203)|SYSTEM_MODE_EXIT|false
12:49:00.8 (8787693)|CUMULATIVE_LIMIT_USAGE
12:49:00.8 (8787693)|LIMIT_USAGE_FOR_NS|(default)|
  Number of SOQL queries: 1 out of 100
  Number of query rows: 3 out of 50000
  Number of SOSL queries: 0 out of 20
  Number of DML statements: 0 out of 150
  Number of DML rows: 0 out of 10000
  Maximum CPU time: 0 out of 10000
  Maximum heap size: 0 out of 6000000
  Number of callouts: 0 out of 100
  Number of Email Invocations: 0 out of 10
  Number of future calls: 0 out of 50
  Number of queueable jobs added to the queue: 0 out of 50
  Number of Mobile Apex push calls: 0 out of 10

12:49:00.8 (8787693)|CUMULATIVE_LIMIT_USAGE_END

12:49:00.0 (8822488)|CODE_UNIT_FINISHED|GetCaseController.getNewCases
12:49:00.0 (8893988)|CODE_UNIT_FINISHED|Aura
12:49:00.0 (9920669)|EXECUTION_FINISHED
12:49:00.11 (11310573)|USER_INFO|[EXTERNAL]|0051I00000112gB|trent@testorg.com|Pacific Standard Time|GMT-08:00
12:49:00.11 (11324537)|EXECUTION_STARTED
12:49:00.11 (11327936)|CODE_UNIT_STARTED|[EXTERNAL]|Aura
12:49:00.11 (12024448)|CODE_UNIT_STARTED|[EXTERNAL]|01p1I00000Dc465|GetCaseController.getWorkingCases
12:49:00.11 (12093686)|SYSTEM_MODE_ENTER|false
12:49:00.11 (12112567)|HEAP_ALLOCATE|[11]|Bytes:5
12:49:00.11 (12118274)|STATEMENT_EXECUTE|[10]
12:49:00.11 (12119828)|STATEMENT_EXECUTE|[11]
12:49:00.11 (12122735)|HEAP_ALLOCATE|[11]|Bytes:54
12:49:00.11 (12137868)|HEAP_ALLOCATE|[11]|Bytes:4
12:49:00.11 (12320382)|SOQL_EXECUTE_BEGIN|[11]|Aggregations:0|SELECT Id, Priority FROM Case WHERE Status = 'Working'
12:49:00.11 (14689750)|SOQL_EXECUTE_END|[11]|Rows:1
12:49:00.11 (14706256)|HEAP_ALLOCATE|[11]|Bytes:8
12:49:00.11 (14718839)|HEAP_ALLOCATE|[11]|Bytes:47
12:49:00.11 (14750027)|HEAP_ALLOCATE|[11]|Bytes:8
12:49:00.11 (14761307)|VARIABLE_SCOPE_BEGIN|[11]|cases|List<Case>|true|false
12:49:00.11 (14786325)|VARIABLE_ASSIGNMENT|[11]|cases|[{"Id":"5001I000002yNMRQA2","Priority":"Medium"}]|0x5bfc6513
12:49:00.11 (14792725)|STATEMENT_EXECUTE|[12]
12:49:00.11 (14799177)|SYSTEM_MODE_EXIT|false
12:49:00.14 (14813184)|CUMULATIVE_LIMIT_USAGE
12:49:00.14 (14813184)|LIMIT_USAGE_FOR_NS|(default)|
  Number of SOQL queries: 2 out of 100
  Number of query rows: 4 out of 50000
  Number of SOSL queries: 0 out of 20
  Number of DML statements: 0 out of 150
  Number of DML rows: 0 out of 10000
  Maximum CPU time: 0 out of 10000
  Maximum heap size: 0 out of 6000000
  Number of callouts: 0 out of 100
  Number of Email Invocations: 0 out of 10
  Number of future calls: 0 out of 50
  Number of queueable jobs added to the queue: 0 out of 50
  Number of Mobile Apex push calls: 0 out of 10

12:49:00.14 (14813184)|CUMULATIVE_LIMIT_USAGE_END

12:49:00.11 (14836112)|CODE_UNIT_FINISHED|GetCaseController.getWorkingCases
12:49:00.11 (14878284)|CODE_UNIT_FINISHED|Aura
12:49:00.11 (15819933)|EXECUTION_FINISHED
12:49:00.16 (16501720)|USER_INFO|[EXTERNAL]|0051I00000112gB|trent@testorg.com|Pacific Standard Time|GMT-08:00
12:49:00.16 (16513856)|EXECUTION_STARTED
12:49:00.16 (16516226)|CODE_UNIT_STARTED|[EXTERNAL]|Aura
12:49:00.16 (17172296)|CODE_UNIT_STARTED|[EXTERNAL]|01p1I00000Dc465|GetCaseController.getEscalatedCases
12:49:00.16 (17213796)|SYSTEM_MODE_ENTER|false
12:49:00.16 (17231083)|HEAP_ALLOCATE|[17]|Bytes:5
12:49:00.16 (17236619)|STATEMENT_EXECUTE|[16]
12:49:00.16 (17238014)|STATEMENT_EXECUTE|[17]
12:49:00.16 (17240668)|HEAP_ALLOCATE|[17]|Bytes:56
12:49:00.16 (17253113)|HEAP_ALLOCATE|[17]|Bytes:4
12:49:00.16 (17406895)|SOQL_EXECUTE_BEGIN|[17]|Aggregations:0|SELECT Id, Priority FROM Case WHERE Status = 'Escalated'
12:49:00.16 (19644136)|SOQL_EXECUTE_END|[17]|Rows:1
12:49:00.16 (19665068)|HEAP_ALLOCATE|[17]|Bytes:8
12:49:00.16 (19677715)|HEAP_ALLOCATE|[17]|Bytes:45
12:49:00.16 (19715904)|HEAP_ALLOCATE|[17]|Bytes:8
12:49:00.16 (19728177)|VARIABLE_SCOPE_BEGIN|[17]|cases|List<Case>|true|false
12:49:00.16 (19752398)|VARIABLE_ASSIGNMENT|[17]|cases|[{"Id":"5001I000002yNMWQA2","Priority":"High"}]|0x2d495fb7
12:49:00.16 (19759155)|STATEMENT_EXECUTE|[18]
12:49:00.16 (19765824)|SYSTEM_MODE_EXIT|false
12:49:00.19 (19778767)|CUMULATIVE_LIMIT_USAGE
12:49:00.19 (19778767)|LIMIT_USAGE_FOR_NS|(default)|
  Number of SOQL queries: 3 out of 100
  Number of query rows: 5 out of 50000
  Number of SOSL queries: 0 out of 20
  Number of DML statements: 0 out of 150
  Number of DML rows: 0 out of 10000
  Maximum CPU time: 0 out of 10000
  Maximum heap size: 0 out of 6000000
  Number of callouts: 0 out of 100
  Number of Email Invocations: 0 out of 10
  Number of future calls: 0 out of 50
  Number of queueable jobs added to the queue: 0 out of 50
  Number of Mobile Apex push calls: 0 out of 10

12:49:00.19 (19778767)|CUMULATIVE_LIMIT_USAGE_END

12:49:00.16 (19799933)|CODE_UNIT_FINISHED|GetCaseController.getEscalatedCases
12:49:00.16 (19842465)|CODE_UNIT_FINISHED|Aura
12:49:00.16 (20802299)|EXECUTION_FINISHED
12:49:00.21 (21468655)|USER_INFO|[EXTERNAL]|0051I00000112gB|trent@testorg.com|Pacific Standard Time|GMT-08:00
12:49:00.21 (21480731)|EXECUTION_STARTED
12:49:00.21 (21483069)|CODE_UNIT_STARTED|[EXTERNAL]|Aura
12:49:00.21 (22170102)|CODE_UNIT_STARTED|[EXTERNAL]|01p1I00000Dc465|GetCaseController.getClosedCases
12:49:00.21 (22214953)|SYSTEM_MODE_ENTER|false
12:49:00.21 (22231908)|HEAP_ALLOCATE|[23]|Bytes:5
12:49:00.21 (22237422)|STATEMENT_EXECUTE|[22]
12:49:00.21 (22238848)|STATEMENT_EXECUTE|[23]
12:49:00.21 (22241678)|HEAP_ALLOCATE|[23]|Bytes:53
12:49:00.21 (22254150)|HEAP_ALLOCATE|[23]|Bytes:4
12:49:00.21 (22397789)|SOQL_EXECUTE_BEGIN|[23]|Aggregations:0|SELECT Id, Priority FROM Case WHERE Status = 'Closed'
12:49:00.21 (24489599)|SOQL_EXECUTE_END|[23]|Rows:23
12:49:00.21 (24507133)|HEAP_ALLOCATE|[23]|Bytes:96
12:49:00.21 (24551329)|HEAP_ALLOCATE|[23]|Bytes:1057
12:49:00.21 (24581277)|HEAP_ALLOCATE|[23]|Bytes:96
12:49:00.21 (24592347)|VARIABLE_SCOPE_BEGIN|[23]|cases|List<Case>|true|false
12:49:00.21 (24610469)|VARIABLE_ASSIGNMENT|[23]|cases|"List of size 23 too large to display"|0x66b1b80c
12:49:00.21 (24617240)|STATEMENT_EXECUTE|[24]
12:49:00.21 (24623996)|SYSTEM_MODE_EXIT|false
12:49:00.24 (24636353)|CUMULATIVE_LIMIT_USAGE
12:49:00.24 (24636353)|LIMIT_USAGE_FOR_NS|(default)|
  Number of SOQL queries: 4 out of 100
  Number of query rows: 28 out of 50000
  Number of SOSL queries: 0 out of 20
  Number of DML statements: 0 out of 150
  Number of DML rows: 0 out of 10000
  Maximum CPU time: 0 out of 10000
  Maximum heap size: 0 out of 6000000
  Number of callouts: 0 out of 100
  Number of Email Invocations: 0 out of 10
  Number of future calls: 0 out of 50
  Number of queueable jobs added to the queue: 0 out of 50
  Number of Mobile Apex push calls: 0 out of 10

12:49:00.24 (24636353)|CUMULATIVE_LIMIT_USAGE_END

12:49:00.21 (24658577)|CODE_UNIT_FINISHED|GetCaseController.getClosedCases
12:49:00.21 (24767583)|CODE_UNIT_FINISHED|Aura
12:49:00.21 (25762856)|EXECUTION_FINISHED
