41.0 APEX_CODE,FINEST;APEX_PROFILING,INFO;CALLOUT,INFO;DB,INFO;SYSTEM,DEBUG;VALIDATION,INFO;VISUALFORCE,INFO;WAVE,INFO;WORKFLOW,INFO
12:53:34.0 (82193)|USER_INFO|[EXTERNAL]|0051I00000112gB|trent@testorg.com|Pacific Standard Time|GMT-08:00
12:53:34.0 (120487)|EXECUTION_STARTED
12:53:34.0 (124418)|CODE_UNIT_STARTED|[EXTERNAL]|Aura
12:53:34.0 (1105872)|CODE_UNIT_STARTED|[EXTERNAL]|01p1I00000Dc465|GetCaseController.getNewCases
12:53:34.0 (1261640)|HEAP_ALLOCATE|[72]|Bytes:3
12:53:34.0 (1326932)|HEAP_ALLOCATE|[77]|Bytes:152
12:53:34.0 (1342782)|HEAP_ALLOCATE|[342]|Bytes:408
12:53:34.0 (1356683)|HEAP_ALLOCATE|[355]|Bytes:408
12:53:34.0 (1370536)|HEAP_ALLOCATE|[467]|Bytes:48
12:53:34.0 (1420101)|HEAP_ALLOCATE|[139]|Bytes:6
12:53:34.0 (1468608)|HEAP_ALLOCATE|[EXTERNAL]|Bytes:10
12:53:34.0 (1517430)|METHOD_ENTRY|[1]|01p1I00000Dc465|GetCaseController.GetCaseController()
12:53:34.0 (1523666)|STATEMENT_EXECUTE|[1]
12:53:34.0 (1529119)|STATEMENT_EXECUTE|[1]
12:53:34.0 (1569517)|HEAP_ALLOCATE|[50]|Bytes:5
12:53:34.0 (1594306)|HEAP_ALLOCATE|[56]|Bytes:5
12:53:34.0 (1602739)|HEAP_ALLOCATE|[64]|Bytes:7
12:53:34.0 (1625553)|SYSTEM_MODE_ENTER|false
12:53:34.0 (1769632)|HEAP_ALLOCATE|[EXTERNAL]|Bytes:5
12:53:34.0 (1777017)|SYSTEM_MODE_EXIT|false
12:53:34.0 (1798628)|METHOD_EXIT|[1]|GetCaseController
12:53:34.0 (1812697)|SYSTEM_MODE_ENTER|false
12:53:34.0 (1825636)|HEAP_ALLOCATE|[5]|Bytes:5
12:53:34.0 (1830080)|STATEMENT_EXECUTE|[4]
12:53:34.0 (1831516)|STATEMENT_EXECUTE|[5]
12:53:34.0 (1833840)|HEAP_ALLOCATE|[5]|Bytes:50
12:53:34.0 (1846952)|HEAP_ALLOCATE|[5]|Bytes:4
12:53:34.0 (2215591)|SOQL_EXECUTE_BEGIN|[5]|Aggregations:0|SELECT Id, Priority FROM Case WHERE Status = 'New'
12:53:34.0 (6112891)|SOQL_EXECUTE_END|[5]|Rows:3
12:53:34.0 (6131608)|HEAP_ALLOCATE|[5]|Bytes:16
12:53:34.0 (6147600)|HEAP_ALLOCATE|[5]|Bytes:132
12:53:34.0 (6220116)|HEAP_ALLOCATE|[5]|Bytes:16
12:53:34.0 (6236037)|VARIABLE_SCOPE_BEGIN|[5]|cases|List<Case>|true|false
12:53:34.0 (6281001)|VARIABLE_ASSIGNMENT|[5]|cases|[{"Id":"5001I000003mzcuQAA","Priority":"Low"},{"Id":"5001I000003mzd8QAA","Priority":"Low"},{"Id":"5001I000003mzdGQAQ","Priority":"Low"}]|0x59e3ecd1
12:53:34.0 (6289523)|STATEMENT_EXECUTE|[6]
12:53:34.0 (6341388)|SYSTEM_MODE_EXIT|false
12:53:34.6 (6370738)|CUMULATIVE_LIMIT_USAGE
12:53:34.6 (6370738)|LIMIT_USAGE_FOR_NS|(default)|
  Number of SOQL queries: 1 out of 100
  Number of query rows: 3 out of 50000
  Number of SOSL queries: 0 out of 20
  Number of DML statements: 0 out of 150
  Number of DML rows: 0 out of 10000
  Maximum CPU time: 0 out of 10000
  Maximum heap size: 0 out of 6000000
  Number of callouts: 0 out of 100
  Number of Email Invocations: 0 out of 10
  Number of future calls: 0 out of 50
  Number of queueable jobs added to the queue: 0 out of 50
  Number of Mobile Apex push calls: 0 out of 10

12:53:34.6 (6370738)|CUMULATIVE_LIMIT_USAGE_END

12:53:34.0 (6405771)|CODE_UNIT_FINISHED|GetCaseController.getNewCases
12:53:34.0 (6479653)|CODE_UNIT_FINISHED|Aura
12:53:34.0 (7544814)|EXECUTION_FINISHED
12:53:34.8 (8898079)|USER_INFO|[EXTERNAL]|0051I00000112gB|trent@testorg.com|Pacific Standard Time|GMT-08:00
12:53:34.8 (8912598)|EXECUTION_STARTED
12:53:34.8 (8916117)|CODE_UNIT_STARTED|[EXTERNAL]|Aura
12:53:34.8 (9612558)|CODE_UNIT_STARTED|[EXTERNAL]|01p1I00000Dc465|GetCaseController.getWorkingCases
12:53:34.8 (9659750)|SYSTEM_MODE_ENTER|false
12:53:34.8 (9682790)|HEAP_ALLOCATE|[11]|Bytes:5
12:53:34.8 (9691193)|STATEMENT_EXECUTE|[10]
12:53:34.8 (9693423)|STATEMENT_EXECUTE|[11]
12:53:34.8 (9696860)|HEAP_ALLOCATE|[11]|Bytes:54
12:53:34.8 (9710652)|HEAP_ALLOCATE|[11]|Bytes:4
12:53:34.8 (9844148)|SOQL_EXECUTE_BEGIN|[11]|Aggregations:0|SELECT Id, Priority FROM Case WHERE Status = 'Working'
12:53:34.8 (11965540)|SOQL_EXECUTE_END|[11]|Rows:1
12:53:34.8 (11982150)|HEAP_ALLOCATE|[11]|Bytes:8
12:53:34.8 (11994917)|HEAP_ALLOCATE|[11]|Bytes:47
12:53:34.8 (12025210)|HEAP_ALLOCATE|[11]|Bytes:8
12:53:34.8 (12037956)|VARIABLE_SCOPE_BEGIN|[11]|cases|List<Case>|true|false
12:53:34.8 (12072020)|VARIABLE_ASSIGNMENT|[11]|cases|[{"Id":"5001I000002yNMRQA2","Priority":"Medium"}]|0x2ef35921
12:53:34.8 (12078692)|STATEMENT_EXECUTE|[12]
12:53:34.8 (12086828)|SYSTEM_MODE_EXIT|false
12:53:34.12 (12104888)|CUMULATIVE_LIMIT_USAGE
12:53:34.12 (12104888)|LIMIT_USAGE_FOR_NS|(default)|
  Number of SOQL queries: 2 out of 100
  Number of query rows: 4 out of 50000
  Number of SOSL queries: 0 out of 20
  Number of DML statements: 0 out of 150
  Number of DML rows: 0 out of 10000
  Maximum CPU time: 0 out of 10000
  Maximum heap size: 0 out of 6000000
  Number of callouts: 0 out of 100
  Number of Email Invocations: 0 out of 10
  Number of future calls: 0 out of 50
  Number of queueable jobs added to the queue: 0 out of 50
  Number of Mobile Apex push calls: 0 out of 10

12:53:34.12 (12104888)|CUMULATIVE_LIMIT_USAGE_END

12:53:34.8 (12133554)|CODE_UNIT_FINISHED|GetCaseController.getWorkingCases
12:53:34.8 (12183300)|CODE_UNIT_FINISHED|Aura
12:53:34.8 (13144613)|EXECUTION_FINISHED
12:53:34.13 (13830860)|USER_INFO|[EXTERNAL]|0051I00000112gB|trent@testorg.com|Pacific Standard Time|GMT-08:00
12:53:34.13 (13845312)|EXECUTION_STARTED
12:53:34.13 (13847733)|CODE_UNIT_STARTED|[EXTERNAL]|Aura
12:53:34.13 (14525889)|CODE_UNIT_STARTED|[EXTERNAL]|01p1I00000Dc465|GetCaseController.getEscalatedCases
12:53:34.13 (14573690)|SYSTEM_MODE_ENTER|false
12:53:34.13 (14592063)|HEAP_ALLOCATE|[17]|Bytes:5
12:53:34.13 (14598631)|STATEMENT_EXECUTE|[16]
12:53:34.13 (14600173)|STATEMENT_EXECUTE|[17]
12:53:34.13 (14603127)|HEAP_ALLOCATE|[17]|Bytes:56
12:53:34.13 (14615219)|HEAP_ALLOCATE|[17]|Bytes:4
12:53:34.13 (14816684)|SOQL_EXECUTE_BEGIN|[17]|Aggregations:0|SELECT Id, Priority FROM Case WHERE Status = 'Escalated'
12:53:34.13 (17743388)|SOQL_EXECUTE_END|[17]|Rows:1
12:53:34.13 (17762840)|HEAP_ALLOCATE|[17]|Bytes:8
12:53:34.13 (17776660)|HEAP_ALLOCATE|[17]|Bytes:45
12:53:34.13 (17808981)|HEAP_ALLOCATE|[17]|Bytes:8
12:53:34.13 (17825053)|VARIABLE_SCOPE_BEGIN|[17]|cases|List<Case>|true|false
12:53:34.13 (17861459)|VARIABLE_ASSIGNMENT|[17]|cases|[{"Id":"5001I000002yNMWQA2","Priority":"High"}]|0x974c3e9
12:53:34.13 (17869334)|STATEMENT_EXECUTE|[18]
12:53:34.13 (17877854)|SYSTEM_MODE_EXIT|false
12:53:34.17 (17901555)|CUMULATIVE_LIMIT_USAGE
12:53:34.17 (17901555)|LIMIT_USAGE_FOR_NS|(default)|
  Number of SOQL queries: 3 out of 100
  Number of query rows: 5 out of 50000
  Number of SOSL queries: 0 out of 20
  Number of DML statements: 0 out of 150
  Number of DML rows: 0 out of 10000
  Maximum CPU time: 0 out of 10000
  Maximum heap size: 0 out of 6000000
  Number of callouts: 0 out of 100
  Number of Email Invocations: 0 out of 10
  Number of future calls: 0 out of 50
  Number of queueable jobs added to the queue: 0 out of 50
  Number of Mobile Apex push calls: 0 out of 10

12:53:34.17 (17901555)|CUMULATIVE_LIMIT_USAGE_END

12:53:34.13 (17932552)|CODE_UNIT_FINISHED|GetCaseController.getEscalatedCases
12:53:34.13 (17988039)|CODE_UNIT_FINISHED|Aura
12:53:34.13 (18957217)|EXECUTION_FINISHED
12:53:34.19 (19676242)|USER_INFO|[EXTERNAL]|0051I00000112gB|trent@testorg.com|Pacific Standard Time|GMT-08:00
12:53:34.19 (19689707)|EXECUTION_STARTED
12:53:34.19 (19692594)|CODE_UNIT_STARTED|[EXTERNAL]|Aura
12:53:34.19 (20403772)|CODE_UNIT_STARTED|[EXTERNAL]|01p1I00000Dc465|GetCaseController.getClosedCases
12:53:34.19 (20450007)|SYSTEM_MODE_ENTER|false
12:53:34.19 (20467265)|HEAP_ALLOCATE|[23]|Bytes:5
12:53:34.19 (20474956)|STATEMENT_EXECUTE|[22]
12:53:34.19 (20476947)|STATEMENT_EXECUTE|[23]
12:53:34.19 (20480913)|HEAP_ALLOCATE|[23]|Bytes:53
12:53:34.19 (20499850)|HEAP_ALLOCATE|[23]|Bytes:4
12:53:34.19 (20678696)|SOQL_EXECUTE_BEGIN|[23]|Aggregations:0|SELECT Id, Priority FROM Case WHERE Status = 'Closed'
12:53:34.19 (23080757)|SOQL_EXECUTE_END|[23]|Rows:23
12:53:34.19 (23097907)|HEAP_ALLOCATE|[23]|Bytes:96
12:53:34.19 (23132514)|HEAP_ALLOCATE|[23]|Bytes:1057
12:53:34.19 (23162979)|HEAP_ALLOCATE|[23]|Bytes:96
12:53:34.19 (23174545)|VARIABLE_SCOPE_BEGIN|[23]|cases|List<Case>|true|false
12:53:34.19 (23198482)|VARIABLE_ASSIGNMENT|[23]|cases|"List of size 23 too large to display"|0x1c423526
12:53:34.19 (23204512)|STATEMENT_EXECUTE|[24]
12:53:34.19 (23212511)|SYSTEM_MODE_EXIT|false
12:53:34.23 (23231890)|CUMULATIVE_LIMIT_USAGE
12:53:34.23 (23231890)|LIMIT_USAGE_FOR_NS|(default)|
  Number of SOQL queries: 4 out of 100
  Number of query rows: 28 out of 50000
  Number of SOSL queries: 0 out of 20
  Number of DML statements: 0 out of 150
  Number of DML rows: 0 out of 10000
  Maximum CPU time: 0 out of 10000
  Maximum heap size: 0 out of 6000000
  Number of callouts: 0 out of 100
  Number of Email Invocations: 0 out of 10
  Number of future calls: 0 out of 50
  Number of queueable jobs added to the queue: 0 out of 50
  Number of Mobile Apex push calls: 0 out of 10

12:53:34.23 (23231890)|CUMULATIVE_LIMIT_USAGE_END

12:53:34.19 (23258512)|CODE_UNIT_FINISHED|GetCaseController.getClosedCases
12:53:34.19 (23372947)|CODE_UNIT_FINISHED|Aura
12:53:34.19 (24313312)|EXECUTION_FINISHED
