41.0 APEX_CODE,FINEST;APEX_PROFILING,INFO;CALLOUT,INFO;DB,INFO;SYSTEM,DEBUG;VALIDATION,INFO;VISUALFORCE,INFO;WAVE,INFO;WORKFLOW,INFO
10:51:56.0 (329579)|USER_INFO|[EXTERNAL]|0051I00000112gB|trent@testorg.com|Pacific Standard Time|GMT-08:00
10:51:56.0 (371903)|EXECUTION_STARTED
10:51:56.0 (377811)|CODE_UNIT_STARTED|[EXTERNAL]|Aura
10:51:56.0 (1917011)|CODE_UNIT_STARTED|[EXTERNAL]|01p1I00000Dc465|GetCaseController.getNewCases
10:51:56.0 (2595517)|HEAP_ALLOCATE|[72]|Bytes:3
10:51:56.0 (2645981)|HEAP_ALLOCATE|[77]|Bytes:152
10:51:56.0 (2671726)|HEAP_ALLOCATE|[342]|Bytes:408
10:51:56.0 (2687948)|HEAP_ALLOCATE|[355]|Bytes:408
10:51:56.0 (2701107)|HEAP_ALLOCATE|[467]|Bytes:48
10:51:56.0 (2735274)|HEAP_ALLOCATE|[139]|Bytes:6
10:51:56.0 (2752830)|HEAP_ALLOCATE|[EXTERNAL]|Bytes:13
10:51:56.0 (2763724)|METHOD_ENTRY|[1]|01p1I00000Dc465|GetCaseController.GetCaseController()
10:51:56.0 (2769548)|STATEMENT_EXECUTE|[1]
10:51:56.0 (2774524)|STATEMENT_EXECUTE|[1]
10:51:56.0 (2806753)|HEAP_ALLOCATE|[50]|Bytes:5
10:51:56.0 (2831068)|HEAP_ALLOCATE|[56]|Bytes:5
10:51:56.0 (2837716)|HEAP_ALLOCATE|[64]|Bytes:7
10:51:56.0 (2857283)|SYSTEM_MODE_ENTER|false
10:51:56.0 (2874742)|HEAP_ALLOCATE|[EXTERNAL]|Bytes:5
10:51:56.0 (2883137)|SYSTEM_MODE_EXIT|false
10:51:56.0 (2890121)|METHOD_EXIT|[1]|GetCaseController
10:51:56.0 (2900514)|SYSTEM_MODE_ENTER|false
10:51:56.0 (2915087)|HEAP_ALLOCATE|[5]|Bytes:5
10:51:56.0 (2919302)|STATEMENT_EXECUTE|[4]
10:51:56.0 (2920800)|STATEMENT_EXECUTE|[5]
10:51:56.0 (2922896)|HEAP_ALLOCATE|[5]|Bytes:50
10:51:56.0 (2953321)|HEAP_ALLOCATE|[5]|Bytes:4
10:51:56.0 (3917368)|SOQL_EXECUTE_BEGIN|[5]|Aggregations:0|SELECT Id, Priority FROM Case WHERE Status = 'New'
10:51:56.0 (7831651)|SOQL_EXECUTE_END|[5]|Rows:3
10:51:56.0 (7853733)|HEAP_ALLOCATE|[5]|Bytes:16
10:51:56.0 (7872694)|HEAP_ALLOCATE|[5]|Bytes:132
10:51:56.0 (7920485)|HEAP_ALLOCATE|[5]|Bytes:16
10:51:56.0 (7934022)|VARIABLE_SCOPE_BEGIN|[5]|cases|List<Case>|true|false
10:51:56.0 (7980069)|VARIABLE_ASSIGNMENT|[5]|cases|[{"Id":"5001I000003mzcuQAA","Priority":"Low"},{"Id":"5001I000003mzd8QAA","Priority":"Low"},{"Id":"5001I000003mzdGQAQ","Priority":"Low"}]|0x684e80c0
10:51:56.0 (7988885)|STATEMENT_EXECUTE|[6]
10:51:56.0 (7996286)|SYSTEM_MODE_EXIT|false
10:51:56.8 (8016464)|CUMULATIVE_LIMIT_USAGE
10:51:56.8 (8016464)|LIMIT_USAGE_FOR_NS|(default)|
  Number of SOQL queries: 1 out of 100
  Number of query rows: 3 out of 50000
  Number of SOSL queries: 0 out of 20
  Number of DML statements: 0 out of 150
  Number of DML rows: 0 out of 10000
  Maximum CPU time: 0 out of 10000
  Maximum heap size: 0 out of 6000000
  Number of callouts: 0 out of 100
  Number of Email Invocations: 0 out of 10
  Number of future calls: 0 out of 50
  Number of queueable jobs added to the queue: 0 out of 50
  Number of Mobile Apex push calls: 0 out of 10

10:51:56.8 (8016464)|CUMULATIVE_LIMIT_USAGE_END

10:51:56.0 (8050194)|CODE_UNIT_FINISHED|GetCaseController.getNewCases
10:51:56.0 (8121130)|CODE_UNIT_FINISHED|Aura
10:51:56.0 (9207146)|EXECUTION_FINISHED
10:51:56.10 (10647977)|USER_INFO|[EXTERNAL]|0051I00000112gB|trent@testorg.com|Pacific Standard Time|GMT-08:00
10:51:56.10 (10663280)|EXECUTION_STARTED
10:51:56.10 (10666639)|CODE_UNIT_STARTED|[EXTERNAL]|Aura
10:51:56.10 (11401537)|CODE_UNIT_STARTED|[EXTERNAL]|01p1I00000Dc465|GetCaseController.getWorkingCases
10:51:56.10 (11456883)|SYSTEM_MODE_ENTER|false
10:51:56.10 (11478839)|HEAP_ALLOCATE|[11]|Bytes:5
10:51:56.10 (11485135)|STATEMENT_EXECUTE|[10]
10:51:56.10 (11486750)|STATEMENT_EXECUTE|[11]
10:51:56.10 (11490034)|HEAP_ALLOCATE|[11]|Bytes:62
10:51:56.10 (11507102)|HEAP_ALLOCATE|[11]|Bytes:4
10:51:56.10 (11658802)|SOQL_EXECUTE_BEGIN|[11]|Aggregations:0|SELECT Id, Priority FROM Case WHERE Status = 'Working' LIMIT 4
10:51:56.10 (15870029)|SOQL_EXECUTE_END|[11]|Rows:0
10:51:56.10 (15890738)|HEAP_ALLOCATE|[11]|Bytes:4
10:51:56.10 (15902222)|HEAP_ALLOCATE|[11]|Bytes:0
10:51:56.10 (15940568)|HEAP_ALLOCATE|[11]|Bytes:4
10:51:56.10 (15953102)|VARIABLE_SCOPE_BEGIN|[11]|cases|List<Case>|true|false
10:51:56.10 (15979052)|VARIABLE_ASSIGNMENT|[11]|cases|[]|0x45649e5
10:51:56.10 (15986237)|STATEMENT_EXECUTE|[12]
10:51:56.10 (15994739)|SYSTEM_MODE_EXIT|false
10:51:56.16 (16014523)|CUMULATIVE_LIMIT_USAGE
10:51:56.16 (16014523)|LIMIT_USAGE_FOR_NS|(default)|
  Number of SOQL queries: 2 out of 100
  Number of query rows: 3 out of 50000
  Number of SOSL queries: 0 out of 20
  Number of DML statements: 0 out of 150
  Number of DML rows: 0 out of 10000
  Maximum CPU time: 0 out of 10000
  Maximum heap size: 0 out of 6000000
  Number of callouts: 0 out of 100
  Number of Email Invocations: 0 out of 10
  Number of future calls: 0 out of 50
  Number of queueable jobs added to the queue: 0 out of 50
  Number of Mobile Apex push calls: 0 out of 10

10:51:56.16 (16014523)|CUMULATIVE_LIMIT_USAGE_END

10:51:56.10 (16050745)|CODE_UNIT_FINISHED|GetCaseController.getWorkingCases
10:51:56.10 (16114134)|CODE_UNIT_FINISHED|Aura
10:51:56.10 (17439835)|EXECUTION_FINISHED
10:51:56.18 (18167005)|USER_INFO|[EXTERNAL]|0051I00000112gB|trent@testorg.com|Pacific Standard Time|GMT-08:00
10:51:56.18 (18180184)|EXECUTION_STARTED
10:51:56.18 (18182622)|CODE_UNIT_STARTED|[EXTERNAL]|Aura
10:51:56.18 (18892445)|CODE_UNIT_STARTED|[EXTERNAL]|01p1I00000Dc465|GetCaseController.getEscalatedCases
10:51:56.18 (18943888)|SYSTEM_MODE_ENTER|false
10:51:56.18 (18961970)|HEAP_ALLOCATE|[17]|Bytes:5
10:51:56.18 (18967501)|STATEMENT_EXECUTE|[16]
10:51:56.18 (18969038)|STATEMENT_EXECUTE|[17]
10:51:56.18 (18972037)|HEAP_ALLOCATE|[17]|Bytes:64
10:51:56.18 (18984843)|HEAP_ALLOCATE|[17]|Bytes:4
10:51:56.18 (19120390)|SOQL_EXECUTE_BEGIN|[17]|Aggregations:0|SELECT Id, Priority FROM Case WHERE Status = 'Escalated' LIMIT 4
10:51:56.18 (21288526)|SOQL_EXECUTE_END|[17]|Rows:0
10:51:56.18 (21307504)|HEAP_ALLOCATE|[17]|Bytes:4
10:51:56.18 (21317403)|HEAP_ALLOCATE|[17]|Bytes:0
10:51:56.18 (21350871)|HEAP_ALLOCATE|[17]|Bytes:4
10:51:56.18 (21361467)|VARIABLE_SCOPE_BEGIN|[17]|cases|List<Case>|true|false
10:51:56.18 (21381756)|VARIABLE_ASSIGNMENT|[17]|cases|[]|0x4ada0837
10:51:56.18 (21388013)|STATEMENT_EXECUTE|[18]
10:51:56.18 (21395058)|SYSTEM_MODE_EXIT|false
10:51:56.21 (21410109)|CUMULATIVE_LIMIT_USAGE
10:51:56.21 (21410109)|LIMIT_USAGE_FOR_NS|(default)|
  Number of SOQL queries: 3 out of 100
  Number of query rows: 3 out of 50000
  Number of SOSL queries: 0 out of 20
  Number of DML statements: 0 out of 150
  Number of DML rows: 0 out of 10000
  Maximum CPU time: 0 out of 10000
  Maximum heap size: 0 out of 6000000
  Number of callouts: 0 out of 100
  Number of Email Invocations: 0 out of 10
  Number of future calls: 0 out of 50
  Number of queueable jobs added to the queue: 0 out of 50
  Number of Mobile Apex push calls: 0 out of 10

10:51:56.21 (21410109)|CUMULATIVE_LIMIT_USAGE_END

10:51:56.18 (21438824)|CODE_UNIT_FINISHED|GetCaseController.getEscalatedCases
10:51:56.18 (21498817)|CODE_UNIT_FINISHED|Aura
10:51:56.18 (22536687)|EXECUTION_FINISHED
10:51:56.23 (23237309)|USER_INFO|[EXTERNAL]|0051I00000112gB|trent@testorg.com|Pacific Standard Time|GMT-08:00
10:51:56.23 (23250196)|EXECUTION_STARTED
10:51:56.23 (23252461)|CODE_UNIT_STARTED|[EXTERNAL]|Aura
10:51:56.23 (23950243)|CODE_UNIT_STARTED|[EXTERNAL]|01p1I00000Dc465|GetCaseController.getClosedCases
10:51:56.23 (23999889)|SYSTEM_MODE_ENTER|false
10:51:56.23 (24018409)|HEAP_ALLOCATE|[23]|Bytes:5
10:51:56.23 (24024601)|STATEMENT_EXECUTE|[22]
10:51:56.23 (24026098)|STATEMENT_EXECUTE|[23]
10:51:56.23 (24029000)|HEAP_ALLOCATE|[23]|Bytes:61
10:51:56.23 (24043351)|HEAP_ALLOCATE|[23]|Bytes:4
10:51:56.23 (24179275)|SOQL_EXECUTE_BEGIN|[23]|Aggregations:0|SELECT Id, Priority FROM Case WHERE Status = 'Closed' LIMIT 4
10:51:56.23 (26355065)|SOQL_EXECUTE_END|[23]|Rows:4
10:51:56.23 (26372978)|HEAP_ALLOCATE|[23]|Bytes:20
10:51:56.23 (26392866)|HEAP_ALLOCATE|[23]|Bytes:181
10:51:56.23 (26424580)|HEAP_ALLOCATE|[23]|Bytes:20
10:51:56.23 (26435494)|VARIABLE_SCOPE_BEGIN|[23]|cases|List<Case>|true|false
10:51:56.23 (26474127)|VARIABLE_ASSIGNMENT|[23]|cases|[{"Id":"5001I000003mzcsQAA","Priority":"High"},{"Id":"5001I000003mzctQAA","Priority":"High"},{"Id":"5001I000003mzcvQAA","Priority":"Low"},{"Id":"5001I000003mzcwQAA","Priority":"Medium"}]|0x70ceab9
10:51:56.23 (26484009)|STATEMENT_EXECUTE|[24]
10:51:56.23 (26491275)|SYSTEM_MODE_EXIT|false
10:51:56.26 (26506066)|CUMULATIVE_LIMIT_USAGE
10:51:56.26 (26506066)|LIMIT_USAGE_FOR_NS|(default)|
  Number of SOQL queries: 4 out of 100
  Number of query rows: 7 out of 50000
  Number of SOSL queries: 0 out of 20
  Number of DML statements: 0 out of 150
  Number of DML rows: 0 out of 10000
  Maximum CPU time: 0 out of 10000
  Maximum heap size: 0 out of 6000000
  Number of callouts: 0 out of 100
  Number of Email Invocations: 0 out of 10
  Number of future calls: 0 out of 50
  Number of queueable jobs added to the queue: 0 out of 50
  Number of Mobile Apex push calls: 0 out of 10

10:51:56.26 (26506066)|CUMULATIVE_LIMIT_USAGE_END

10:51:56.23 (26532134)|CODE_UNIT_FINISHED|GetCaseController.getClosedCases
10:51:56.23 (26589527)|CODE_UNIT_FINISHED|Aura
10:51:56.23 (27772124)|EXECUTION_FINISHED
