41.0 APEX_CODE,FINEST;APEX_PROFILING,INFO;CALLOUT,INFO;DB,INFO;SYSTEM,DEBUG;VALIDATION,INFO;VISUALFORCE,INFO;WAVE,INFO;WORKFLOW,INFO
15:13:49.0 (332016)|USER_INFO|[EXTERNAL]|0051I00000112gB|trent@testorg.com|Pacific Standard Time|GMT-08:00
15:13:49.0 (567385)|EXECUTION_STARTED
15:13:49.0 (573193)|CODE_UNIT_STARTED|[EXTERNAL]|Aura
15:13:49.0 (2055043)|CODE_UNIT_STARTED|[EXTERNAL]|01p1I00000Dc465|CaseController.getNewCases
15:13:49.0 (2717831)|HEAP_ALLOCATE|[72]|Bytes:3
15:13:49.0 (2812808)|HEAP_ALLOCATE|[77]|Bytes:152
15:13:49.0 (2829690)|HEAP_ALLOCATE|[342]|Bytes:408
15:13:49.0 (2845543)|HEAP_ALLOCATE|[355]|Bytes:408
15:13:49.0 (2858942)|HEAP_ALLOCATE|[467]|Bytes:48
15:13:49.0 (2929525)|HEAP_ALLOCATE|[139]|Bytes:6
15:13:49.0 (2958550)|HEAP_ALLOCATE|[EXTERNAL]|Bytes:6
15:13:49.0 (3003406)|METHOD_ENTRY|[1]|01p1I00000Dc465|CaseController.CaseController()
15:13:49.0 (3010718)|STATEMENT_EXECUTE|[1]
15:13:49.0 (3015325)|STATEMENT_EXECUTE|[1]
15:13:49.0 (3046652)|HEAP_ALLOCATE|[50]|Bytes:5
15:13:49.0 (3069720)|HEAP_ALLOCATE|[56]|Bytes:5
15:13:49.0 (3077046)|HEAP_ALLOCATE|[64]|Bytes:7
15:13:49.0 (3102163)|SYSTEM_MODE_ENTER|false
15:13:49.0 (3205298)|HEAP_ALLOCATE|[EXTERNAL]|Bytes:5
15:13:49.0 (3214294)|SYSTEM_MODE_EXIT|false
15:13:49.0 (3237002)|METHOD_EXIT|[1]|CaseController
15:13:49.0 (3259699)|SYSTEM_MODE_ENTER|false
15:13:49.0 (3273908)|HEAP_ALLOCATE|[10]|Bytes:5
15:13:49.0 (3278166)|STATEMENT_EXECUTE|[9]
15:13:49.0 (3289143)|STATEMENT_EXECUTE|[10]
15:13:49.0 (3293282)|HEAP_ALLOCATE|[10]|Bytes:58
15:13:49.0 (3315853)|HEAP_ALLOCATE|[10]|Bytes:4
15:13:49.0 (4332734)|SOQL_EXECUTE_BEGIN|[10]|Aggregations:0|SELECT Id, Priority FROM Case WHERE Status = 'New' LIMIT 4
15:13:49.0 (11304492)|SOQL_EXECUTE_END|[10]|Rows:3
15:13:49.0 (11325176)|HEAP_ALLOCATE|[10]|Bytes:16
15:13:49.0 (11342262)|HEAP_ALLOCATE|[10]|Bytes:132
15:13:49.0 (11389995)|HEAP_ALLOCATE|[10]|Bytes:16
15:13:49.0 (11402471)|VARIABLE_SCOPE_BEGIN|[10]|cases|List<Case>|true|false
15:13:49.0 (11445674)|VARIABLE_ASSIGNMENT|[10]|cases|[{"Id":"5001I000003mzcuQAA","Priority":"Low"},{"Id":"5001I000003mzd8QAA","Priority":"Low"},{"Id":"5001I000003mzdGQAQ","Priority":"Low"}]|0x44df2a76
15:13:49.0 (11458370)|STATEMENT_EXECUTE|[11]
15:13:49.0 (11489804)|SYSTEM_MODE_EXIT|false
15:13:49.11 (11518307)|CUMULATIVE_LIMIT_USAGE
15:13:49.11 (11518307)|LIMIT_USAGE_FOR_NS|(default)|
  Number of SOQL queries: 1 out of 100
  Number of query rows: 3 out of 50000
  Number of SOSL queries: 0 out of 20
  Number of DML statements: 0 out of 150
  Number of DML rows: 0 out of 10000
  Maximum CPU time: 0 out of 10000
  Maximum heap size: 0 out of 6000000
  Number of callouts: 0 out of 100
  Number of Email Invocations: 0 out of 10
  Number of future calls: 0 out of 50
  Number of queueable jobs added to the queue: 0 out of 50
  Number of Mobile Apex push calls: 0 out of 10

15:13:49.11 (11518307)|CUMULATIVE_LIMIT_USAGE_END

15:13:49.0 (11551059)|CODE_UNIT_FINISHED|CaseController.getNewCases
15:13:49.0 (11616312)|CODE_UNIT_FINISHED|Aura
15:13:49.0 (12691044)|EXECUTION_FINISHED
