41.0 APEX_CODE,FINEST;APEX_PROFILING,INFO;CALLOUT,INFO;DB,INFO;SYSTEM,DEBUG;VALIDATION,INFO;VISUALFORCE,INFO;WAVE,INFO;WORKFLOW,INFO
09:10:49.0 (352066)|USER_INFO|[EXTERNAL]|0051I00000112gB|trent@testorg.com|Pacific Standard Time|GMT-08:00
09:10:49.0 (382749)|EXECUTION_STARTED
09:10:49.0 (387312)|CODE_UNIT_STARTED|[EXTERNAL]|Aura
09:10:49.0 (1856870)|CODE_UNIT_STARTED|[EXTERNAL]|01p1I00000Dc465|GetCaseController.getAllCases
09:10:49.0 (2520784)|HEAP_ALLOCATE|[72]|Bytes:3
09:10:49.0 (2592668)|HEAP_ALLOCATE|[77]|Bytes:152
09:10:49.0 (2609656)|HEAP_ALLOCATE|[342]|Bytes:408
09:10:49.0 (2623516)|HEAP_ALLOCATE|[355]|Bytes:408
09:10:49.0 (2636928)|HEAP_ALLOCATE|[467]|Bytes:48
09:10:49.0 (2666636)|HEAP_ALLOCATE|[139]|Bytes:6
09:10:49.0 (2682574)|HEAP_ALLOCATE|[EXTERNAL]|Bytes:13
09:10:49.0 (2723535)|METHOD_ENTRY|[1]|01p1I00000Dc465|GetCaseController.GetCaseController()
09:10:49.0 (2729340)|STATEMENT_EXECUTE|[1]
09:10:49.0 (2734640)|STATEMENT_EXECUTE|[1]
09:10:49.0 (2769749)|HEAP_ALLOCATE|[50]|Bytes:5
09:10:49.0 (2793383)|HEAP_ALLOCATE|[56]|Bytes:5
09:10:49.0 (2799719)|HEAP_ALLOCATE|[64]|Bytes:7
09:10:49.0 (2821252)|SYSTEM_MODE_ENTER|false
09:10:49.0 (2834607)|HEAP_ALLOCATE|[EXTERNAL]|Bytes:5
09:10:49.0 (2842910)|SYSTEM_MODE_EXIT|false
09:10:49.0 (2861331)|METHOD_EXIT|[1]|GetCaseController
09:10:49.0 (2873066)|SYSTEM_MODE_ENTER|false
09:10:49.0 (2887387)|HEAP_ALLOCATE|[29]|Bytes:5
09:10:49.0 (2891636)|STATEMENT_EXECUTE|[28]
09:10:49.0 (2893060)|STATEMENT_EXECUTE|[29]
09:10:49.0 (2895743)|HEAP_ALLOCATE|[29]|Bytes:29
09:10:49.0 (2914738)|HEAP_ALLOCATE|[29]|Bytes:4
09:10:49.0 (3806226)|SOQL_EXECUTE_BEGIN|[29]|Aggregations:0|SELECT Id, Priority FROM Case
09:10:49.0 (10534317)|SOQL_EXECUTE_END|[29]|Rows:26
09:10:49.0 (10554612)|HEAP_ALLOCATE|[29]|Bytes:108
09:10:49.0 (10593785)|HEAP_ALLOCATE|[29]|Bytes:1189
09:10:49.0 (10639526)|HEAP_ALLOCATE|[29]|Bytes:108
09:10:49.0 (10651364)|VARIABLE_SCOPE_BEGIN|[29]|cases|List<Case>|true|false
09:10:49.0 (10681113)|VARIABLE_ASSIGNMENT|[29]|cases|"List of size 26 too large to display"|0x48cbba54
09:10:49.0 (10687757)|STATEMENT_EXECUTE|[30]
09:10:49.0 (10696472)|SYSTEM_MODE_EXIT|false
09:10:49.10 (10717352)|CUMULATIVE_LIMIT_USAGE
09:10:49.10 (10717352)|LIMIT_USAGE_FOR_NS|(default)|
  Number of SOQL queries: 1 out of 100
  Number of query rows: 26 out of 50000
  Number of SOSL queries: 0 out of 20
  Number of DML statements: 0 out of 150
  Number of DML rows: 0 out of 10000
  Maximum CPU time: 0 out of 10000
  Maximum heap size: 0 out of 6000000
  Number of callouts: 0 out of 100
  Number of Email Invocations: 0 out of 10
  Number of future calls: 0 out of 50
  Number of queueable jobs added to the queue: 0 out of 50
  Number of Mobile Apex push calls: 0 out of 10

09:10:49.10 (10717352)|CUMULATIVE_LIMIT_USAGE_END

09:10:49.0 (10749999)|CODE_UNIT_FINISHED|GetCaseController.getAllCases
09:10:49.0 (10892738)|CODE_UNIT_FINISHED|Aura
09:10:49.0 (11910829)|EXECUTION_FINISHED
