41.0 APEX_CODE,FINEST;APEX_PROFILING,INFO;CALLOUT,INFO;DB,INFO;SYSTEM,DEBUG;VALIDATION,INFO;VISUALFORCE,INFO;WAVE,INFO;WORKFLOW,INFO
09:11:25.0 (372844)|USER_INFO|[EXTERNAL]|0051I00000112gB|trent@testorg.com|Pacific Standard Time|GMT-08:00
09:11:25.0 (412286)|EXECUTION_STARTED
09:11:25.0 (417282)|CODE_UNIT_STARTED|[EXTERNAL]|Aura
09:11:25.0 (1906573)|CODE_UNIT_STARTED|[EXTERNAL]|01p1I00000Dc465|GetCaseController.getAllCases
09:11:25.0 (2645003)|HEAP_ALLOCATE|[72]|Bytes:3
09:11:25.0 (2709625)|HEAP_ALLOCATE|[77]|Bytes:152
09:11:25.0 (2734072)|HEAP_ALLOCATE|[342]|Bytes:408
09:11:25.0 (2753638)|HEAP_ALLOCATE|[355]|Bytes:408
09:11:25.0 (2766761)|HEAP_ALLOCATE|[467]|Bytes:48
09:11:25.0 (2797650)|HEAP_ALLOCATE|[139]|Bytes:6
09:11:25.0 (2814308)|HEAP_ALLOCATE|[EXTERNAL]|Bytes:13
09:11:25.0 (2826606)|METHOD_ENTRY|[1]|01p1I00000Dc465|GetCaseController.GetCaseController()
09:11:25.0 (2833811)|STATEMENT_EXECUTE|[1]
09:11:25.0 (2839711)|STATEMENT_EXECUTE|[1]
09:11:25.0 (2871955)|HEAP_ALLOCATE|[50]|Bytes:5
09:11:25.0 (2898509)|HEAP_ALLOCATE|[56]|Bytes:5
09:11:25.0 (2905550)|HEAP_ALLOCATE|[64]|Bytes:7
09:11:25.0 (2927909)|SYSTEM_MODE_ENTER|false
09:11:25.0 (2943246)|HEAP_ALLOCATE|[EXTERNAL]|Bytes:5
09:11:25.0 (2951087)|SYSTEM_MODE_EXIT|false
09:11:25.0 (2959160)|METHOD_EXIT|[1]|GetCaseController
09:11:25.0 (2970514)|SYSTEM_MODE_ENTER|false
09:11:25.0 (2984428)|HEAP_ALLOCATE|[29]|Bytes:5
09:11:25.0 (2988547)|STATEMENT_EXECUTE|[28]
09:11:25.0 (2989867)|STATEMENT_EXECUTE|[29]
09:11:25.0 (2992091)|HEAP_ALLOCATE|[29]|Bytes:29
09:11:25.0 (3013765)|HEAP_ALLOCATE|[29]|Bytes:4
09:11:25.0 (4000074)|SOQL_EXECUTE_BEGIN|[29]|Aggregations:0|SELECT Id, Priority FROM Case
09:11:25.0 (6350081)|SOQL_EXECUTE_END|[29]|Rows:26
09:11:25.0 (6370016)|HEAP_ALLOCATE|[29]|Bytes:108
09:11:25.0 (6413189)|HEAP_ALLOCATE|[29]|Bytes:1189
09:11:25.0 (6466715)|HEAP_ALLOCATE|[29]|Bytes:108
09:11:25.0 (6480424)|VARIABLE_SCOPE_BEGIN|[29]|cases|List<Case>|true|false
09:11:25.0 (6527344)|VARIABLE_ASSIGNMENT|[29]|cases|"List of size 26 too large to display"|0x7728848d
09:11:25.0 (6537077)|STATEMENT_EXECUTE|[30]
09:11:25.0 (6548019)|SYSTEM_MODE_EXIT|false
09:11:25.6 (6580470)|CUMULATIVE_LIMIT_USAGE
09:11:25.6 (6580470)|LIMIT_USAGE_FOR_NS|(default)|
  Number of SOQL queries: 1 out of 100
  Number of query rows: 26 out of 50000
  Number of SOSL queries: 0 out of 20
  Number of DML statements: 0 out of 150
  Number of DML rows: 0 out of 10000
  Maximum CPU time: 0 out of 10000
  Maximum heap size: 0 out of 6000000
  Number of callouts: 0 out of 100
  Number of Email Invocations: 0 out of 10
  Number of future calls: 0 out of 50
  Number of queueable jobs added to the queue: 0 out of 50
  Number of Mobile Apex push calls: 0 out of 10

09:11:25.6 (6580470)|CUMULATIVE_LIMIT_USAGE_END

09:11:25.0 (6622476)|CODE_UNIT_FINISHED|GetCaseController.getAllCases
09:11:25.0 (6776426)|CODE_UNIT_FINISHED|Aura
09:11:25.0 (7816062)|EXECUTION_FINISHED
