41.0 APEX_CODE,FINEST;APEX_PROFILING,INFO;CALLOUT,INFO;DB,INFO;SYSTEM,DEBUG;VALIDATION,INFO;VISUALFORCE,INFO;WAVE,INFO;WORKFLOW,INFO
15:44:30.0 (54102)|USER_INFO|[EXTERNAL]|0051I00000112gB|trent@testorg.com|Pacific Standard Time|GMT-08:00
15:44:30.0 (84547)|EXECUTION_STARTED
15:44:30.0 (87526)|CODE_UNIT_STARTED|[EXTERNAL]|Aura
15:44:30.0 (987750)|CODE_UNIT_STARTED|[EXTERNAL]|01p1I00000Dc465|GetCaseController.getNewCases
15:44:30.0 (1105156)|HEAP_ALLOCATE|[72]|Bytes:3
15:44:30.0 (1128913)|HEAP_ALLOCATE|[77]|Bytes:152
15:44:30.0 (1138838)|HEAP_ALLOCATE|[342]|Bytes:408
15:44:30.0 (1149175)|HEAP_ALLOCATE|[355]|Bytes:408
15:44:30.0 (1159690)|HEAP_ALLOCATE|[467]|Bytes:48
15:44:30.0 (1182033)|HEAP_ALLOCATE|[139]|Bytes:6
15:44:30.0 (1220239)|HEAP_ALLOCATE|[EXTERNAL]|Bytes:6
15:44:30.0 (1230682)|METHOD_ENTRY|[1]|01p1I00000Dc465|GetCaseController.GetCaseController()
15:44:30.0 (1237261)|STATEMENT_EXECUTE|[1]
15:44:30.0 (1241778)|STATEMENT_EXECUTE|[1]
15:44:30.0 (1271503)|HEAP_ALLOCATE|[50]|Bytes:5
15:44:30.0 (1289540)|HEAP_ALLOCATE|[56]|Bytes:5
15:44:30.0 (1296703)|HEAP_ALLOCATE|[64]|Bytes:7
15:44:30.0 (1317425)|SYSTEM_MODE_ENTER|false
15:44:30.0 (1327606)|HEAP_ALLOCATE|[EXTERNAL]|Bytes:5
15:44:30.0 (1333678)|SYSTEM_MODE_EXIT|false
15:44:30.0 (1340290)|METHOD_EXIT|[1]|GetCaseController
15:44:30.0 (1349555)|SYSTEM_MODE_ENTER|false
15:44:30.0 (1360558)|HEAP_ALLOCATE|[10]|Bytes:5
15:44:30.0 (1364239)|STATEMENT_EXECUTE|[9]
15:44:30.0 (1365482)|STATEMENT_EXECUTE|[10]
15:44:30.0 (1367723)|HEAP_ALLOCATE|[10]|Bytes:58
15:44:30.0 (1381349)|HEAP_ALLOCATE|[10]|Bytes:4
15:44:30.0 (1758099)|SOQL_EXECUTE_BEGIN|[10]|Aggregations:0|SELECT Id, Priority FROM Case WHERE Status = 'New' LIMIT 4
15:44:30.0 (5411058)|SOQL_EXECUTE_END|[10]|Rows:3
15:44:30.0 (5428784)|HEAP_ALLOCATE|[10]|Bytes:16
15:44:30.0 (5446767)|HEAP_ALLOCATE|[10]|Bytes:132
15:44:30.0 (5523554)|HEAP_ALLOCATE|[10]|Bytes:16
15:44:30.0 (5537306)|VARIABLE_SCOPE_BEGIN|[10]|cases|List<Case>|true|false
15:44:30.0 (5575540)|VARIABLE_ASSIGNMENT|[10]|cases|[{"Id":"5001I000003mzcuQAA","Priority":"Low"},{"Id":"5001I000003mzd8QAA","Priority":"Low"},{"Id":"5001I000003mzdGQAQ","Priority":"Low"}]|0x64d386af
15:44:30.0 (5583981)|STATEMENT_EXECUTE|[11]
15:44:30.0 (5591277)|SYSTEM_MODE_EXIT|false
15:44:30.5 (5613650)|CUMULATIVE_LIMIT_USAGE
15:44:30.5 (5613650)|LIMIT_USAGE_FOR_NS|(default)|
  Number of SOQL queries: 1 out of 100
  Number of query rows: 3 out of 50000
  Number of SOSL queries: 0 out of 20
  Number of DML statements: 0 out of 150
  Number of DML rows: 0 out of 10000
  Maximum CPU time: 0 out of 10000
  Maximum heap size: 0 out of 6000000
  Number of callouts: 0 out of 100
  Number of Email Invocations: 0 out of 10
  Number of future calls: 0 out of 50
  Number of queueable jobs added to the queue: 0 out of 50
  Number of Mobile Apex push calls: 0 out of 10

15:44:30.5 (5613650)|CUMULATIVE_LIMIT_USAGE_END

15:44:30.0 (5643875)|CODE_UNIT_FINISHED|GetCaseController.getNewCases
15:44:30.0 (5702251)|CODE_UNIT_FINISHED|Aura
15:44:30.0 (6677300)|EXECUTION_FINISHED
