41.0 APEX_CODE,FINEST;APEX_PROFILING,INFO;CALLOUT,INFO;DB,INFO;SYSTEM,DEBUG;VALIDATION,INFO;VISUALFORCE,INFO;WAVE,INFO;WORKFLOW,INFO
08:58:16.0 (333655)|USER_INFO|[EXTERNAL]|0051I00000112gB|trent@testorg.com|Pacific Standard Time|GMT-08:00
08:58:16.0 (374096)|EXECUTION_STARTED
08:58:16.0 (378699)|CODE_UNIT_STARTED|[EXTERNAL]|Aura
08:58:16.0 (1729488)|CODE_UNIT_STARTED|[EXTERNAL]|01p1I00000Dc465|GetCaseController.getAllCases
08:58:16.0 (2696733)|HEAP_ALLOCATE|[72]|Bytes:3
08:58:16.0 (2747392)|HEAP_ALLOCATE|[77]|Bytes:152
08:58:16.0 (2765574)|HEAP_ALLOCATE|[342]|Bytes:408
08:58:16.0 (2780616)|HEAP_ALLOCATE|[355]|Bytes:408
08:58:16.0 (2793800)|HEAP_ALLOCATE|[467]|Bytes:48
08:58:16.0 (2824276)|HEAP_ALLOCATE|[139]|Bytes:6
08:58:16.0 (2843613)|HEAP_ALLOCATE|[EXTERNAL]|Bytes:6
08:58:16.0 (2859593)|METHOD_ENTRY|[1]|01p1I00000Dc465|GetCaseController.GetCaseController()
08:58:16.0 (2865746)|STATEMENT_EXECUTE|[1]
08:58:16.0 (2871096)|STATEMENT_EXECUTE|[1]
08:58:16.0 (2906465)|HEAP_ALLOCATE|[50]|Bytes:5
08:58:16.0 (2930775)|HEAP_ALLOCATE|[56]|Bytes:5
08:58:16.0 (2938241)|HEAP_ALLOCATE|[64]|Bytes:7
08:58:16.0 (2961876)|SYSTEM_MODE_ENTER|false
08:58:16.0 (2977912)|HEAP_ALLOCATE|[EXTERNAL]|Bytes:5
08:58:16.0 (2985848)|SYSTEM_MODE_EXIT|false
08:58:16.0 (2993034)|METHOD_EXIT|[1]|GetCaseController
08:58:16.0 (3003391)|SYSTEM_MODE_ENTER|false
08:58:16.0 (3017071)|HEAP_ALLOCATE|[16]|Bytes:5
08:58:16.0 (3021095)|STATEMENT_EXECUTE|[15]
08:58:16.0 (3022421)|STATEMENT_EXECUTE|[16]
08:58:16.0 (3024980)|HEAP_ALLOCATE|[16]|Bytes:29
08:58:16.0 (3048202)|HEAP_ALLOCATE|[16]|Bytes:4
08:58:16.0 (4156744)|SOQL_EXECUTE_BEGIN|[16]|Aggregations:0|SELECT Id, Priority FROM Case
08:58:16.0 (6914304)|SOQL_EXECUTE_END|[16]|Rows:26
08:58:16.0 (6935582)|HEAP_ALLOCATE|[16]|Bytes:108
08:58:16.0 (6977462)|HEAP_ALLOCATE|[16]|Bytes:1189
08:58:16.0 (7034642)|HEAP_ALLOCATE|[16]|Bytes:108
08:58:16.0 (7048974)|VARIABLE_SCOPE_BEGIN|[16]|cases|List<Case>|true|false
08:58:16.0 (7079902)|VARIABLE_ASSIGNMENT|[16]|cases|"List of size 26 too large to display"|0x60c93820
08:58:16.0 (7086568)|STATEMENT_EXECUTE|[17]
08:58:16.0 (7096425)|SYSTEM_MODE_EXIT|false
08:58:16.7 (7122367)|CUMULATIVE_LIMIT_USAGE
08:58:16.7 (7122367)|LIMIT_USAGE_FOR_NS|(default)|
  Number of SOQL queries: 1 out of 100
  Number of query rows: 26 out of 50000
  Number of SOSL queries: 0 out of 20
  Number of DML statements: 0 out of 150
  Number of DML rows: 0 out of 10000
  Maximum CPU time: 0 out of 10000
  Maximum heap size: 0 out of 6000000
  Number of callouts: 0 out of 100
  Number of Email Invocations: 0 out of 10
  Number of future calls: 0 out of 50
  Number of queueable jobs added to the queue: 0 out of 50
  Number of Mobile Apex push calls: 0 out of 10

08:58:16.7 (7122367)|CUMULATIVE_LIMIT_USAGE_END

08:58:16.0 (7166549)|CODE_UNIT_FINISHED|GetCaseController.getAllCases
08:58:16.0 (7320444)|CODE_UNIT_FINISHED|Aura
08:58:16.0 (8676740)|EXECUTION_FINISHED
