41.0 APEX_CODE,FINEST;APEX_PROFILING,INFO;CALLOUT,INFO;DB,INFO;SYSTEM,DEBUG;VALIDATION,INFO;VISUALFORCE,INFO;WAVE,INFO;WORKFLOW,INFO
10:45:34.0 (309956)|USER_INFO|[EXTERNAL]|0051I00000112gB|trent@testorg.com|Pacific Standard Time|GMT-08:00
10:45:34.0 (340556)|EXECUTION_STARTED
10:45:34.0 (345181)|CODE_UNIT_STARTED|[EXTERNAL]|Aura
10:45:34.0 (1676990)|CODE_UNIT_STARTED|[EXTERNAL]|01p1I00000Dc465|GetCaseController.getNewCases
10:45:34.0 (2308622)|HEAP_ALLOCATE|[72]|Bytes:3
10:45:34.0 (2373985)|HEAP_ALLOCATE|[77]|Bytes:152
10:45:34.0 (2391490)|HEAP_ALLOCATE|[342]|Bytes:408
10:45:34.0 (2406665)|HEAP_ALLOCATE|[355]|Bytes:408
10:45:34.0 (2419175)|HEAP_ALLOCATE|[467]|Bytes:48
10:45:34.0 (2474967)|HEAP_ALLOCATE|[139]|Bytes:6
10:45:34.0 (2492329)|HEAP_ALLOCATE|[EXTERNAL]|Bytes:13
10:45:34.0 (2525449)|METHOD_ENTRY|[1]|01p1I00000Dc465|GetCaseController.GetCaseController()
10:45:34.0 (2532912)|STATEMENT_EXECUTE|[1]
10:45:34.0 (2538135)|STATEMENT_EXECUTE|[1]
10:45:34.0 (2571967)|HEAP_ALLOCATE|[50]|Bytes:5
10:45:34.0 (2597569)|HEAP_ALLOCATE|[56]|Bytes:5
10:45:34.0 (2604636)|HEAP_ALLOCATE|[64]|Bytes:7
10:45:34.0 (2626314)|SYSTEM_MODE_ENTER|false
10:45:34.0 (2735330)|HEAP_ALLOCATE|[EXTERNAL]|Bytes:5
10:45:34.0 (2744665)|SYSTEM_MODE_EXIT|false
10:45:34.0 (2767307)|METHOD_EXIT|[1]|GetCaseController
10:45:34.0 (2780090)|SYSTEM_MODE_ENTER|false
10:45:34.0 (2797986)|HEAP_ALLOCATE|[5]|Bytes:5
10:45:34.0 (2802768)|STATEMENT_EXECUTE|[4]
10:45:34.0 (2804096)|STATEMENT_EXECUTE|[5]
10:45:34.0 (2806931)|HEAP_ALLOCATE|[5]|Bytes:50
10:45:34.0 (2831563)|HEAP_ALLOCATE|[5]|Bytes:4
10:45:34.0 (3802711)|SOQL_EXECUTE_BEGIN|[5]|Aggregations:0|SELECT Id, Priority FROM Case WHERE Status = 'New'
10:45:34.0 (7531610)|SOQL_EXECUTE_END|[5]|Rows:3
10:45:34.0 (7551741)|HEAP_ALLOCATE|[5]|Bytes:16
10:45:34.0 (7570844)|HEAP_ALLOCATE|[5]|Bytes:132
10:45:34.0 (7643758)|HEAP_ALLOCATE|[5]|Bytes:16
10:45:34.0 (7657852)|VARIABLE_SCOPE_BEGIN|[5]|cases|List<Case>|true|false
10:45:34.0 (25344389)|VARIABLE_ASSIGNMENT|[5]|cases|[{"Id":"5001I000003mzcuQAA","Priority":"Low"},{"Id":"5001I000003mzd8QAA","Priority":"Low"},{"Id":"5001I000003mzdGQAQ","Priority":"Low"}]|0x40c79415
10:45:34.0 (25360489)|STATEMENT_EXECUTE|[6]
10:45:34.0 (25406804)|SYSTEM_MODE_EXIT|false
10:45:34.25 (25465781)|CUMULATIVE_LIMIT_USAGE
10:45:34.25 (25465781)|LIMIT_USAGE_FOR_NS|(default)|
  Number of SOQL queries: 1 out of 100
  Number of query rows: 3 out of 50000
  Number of SOSL queries: 0 out of 20
  Number of DML statements: 0 out of 150
  Number of DML rows: 0 out of 10000
  Maximum CPU time: 0 out of 10000
  Maximum heap size: 0 out of 6000000
  Number of callouts: 0 out of 100
  Number of Email Invocations: 0 out of 10
  Number of future calls: 0 out of 50
  Number of queueable jobs added to the queue: 0 out of 50
  Number of Mobile Apex push calls: 0 out of 10

10:45:34.25 (25465781)|CUMULATIVE_LIMIT_USAGE_END

10:45:34.0 (25533023)|CODE_UNIT_FINISHED|GetCaseController.getNewCases
10:45:34.0 (25642689)|CODE_UNIT_FINISHED|Aura
10:45:34.0 (26855888)|EXECUTION_FINISHED
10:45:34.28 (28246506)|USER_INFO|[EXTERNAL]|0051I00000112gB|trent@testorg.com|Pacific Standard Time|GMT-08:00
10:45:34.28 (28261930)|EXECUTION_STARTED
10:45:34.28 (28265321)|CODE_UNIT_STARTED|[EXTERNAL]|Aura
10:45:34.28 (28948554)|CODE_UNIT_STARTED|[EXTERNAL]|01p1I00000Dc465|GetCaseController.getWorkingCases
10:45:34.28 (29014413)|SYSTEM_MODE_ENTER|false
10:45:34.28 (29045179)|HEAP_ALLOCATE|[11]|Bytes:5
10:45:34.28 (29053034)|STATEMENT_EXECUTE|[10]
10:45:34.28 (29054597)|STATEMENT_EXECUTE|[11]
10:45:34.28 (29060176)|HEAP_ALLOCATE|[11]|Bytes:62
10:45:34.28 (29089432)|HEAP_ALLOCATE|[11]|Bytes:4
10:45:34.28 (29281698)|SOQL_EXECUTE_BEGIN|[11]|Aggregations:0|SELECT Id, Priority FROM Case WHERE Status = 'Working' LIMIT 4
10:45:34.28 (34171895)|SOQL_EXECUTE_END|[11]|Rows:0
10:45:34.28 (34193023)|HEAP_ALLOCATE|[11]|Bytes:4
10:45:34.28 (34203396)|HEAP_ALLOCATE|[11]|Bytes:0
10:45:34.28 (34252779)|HEAP_ALLOCATE|[11]|Bytes:4
10:45:34.28 (34266850)|VARIABLE_SCOPE_BEGIN|[11]|cases|List<Case>|true|false
10:45:34.28 (34289759)|VARIABLE_ASSIGNMENT|[11]|cases|[]|0x6aab0cff
10:45:34.28 (34295827)|STATEMENT_EXECUTE|[12]
10:45:34.28 (34313061)|SYSTEM_MODE_EXIT|false
10:45:34.34 (34337250)|CUMULATIVE_LIMIT_USAGE
10:45:34.34 (34337250)|LIMIT_USAGE_FOR_NS|(default)|
  Number of SOQL queries: 2 out of 100
  Number of query rows: 3 out of 50000
  Number of SOSL queries: 0 out of 20
  Number of DML statements: 0 out of 150
  Number of DML rows: 0 out of 10000
  Maximum CPU time: 0 out of 10000
  Maximum heap size: 0 out of 6000000
  Number of callouts: 0 out of 100
  Number of Email Invocations: 0 out of 10
  Number of future calls: 0 out of 50
  Number of queueable jobs added to the queue: 0 out of 50
  Number of Mobile Apex push calls: 0 out of 10

10:45:34.34 (34337250)|CUMULATIVE_LIMIT_USAGE_END

10:45:34.28 (34374992)|CODE_UNIT_FINISHED|GetCaseController.getWorkingCases
10:45:34.28 (34417762)|CODE_UNIT_FINISHED|Aura
10:45:34.28 (35435138)|EXECUTION_FINISHED
10:45:34.36 (36134064)|USER_INFO|[EXTERNAL]|0051I00000112gB|trent@testorg.com|Pacific Standard Time|GMT-08:00
10:45:34.36 (36147237)|EXECUTION_STARTED
10:45:34.36 (36149403)|CODE_UNIT_STARTED|[EXTERNAL]|Aura
10:45:34.36 (36820001)|CODE_UNIT_STARTED|[EXTERNAL]|01p1I00000Dc465|GetCaseController.getEscalatedCases
10:45:34.36 (36871825)|SYSTEM_MODE_ENTER|false
10:45:34.36 (36893892)|HEAP_ALLOCATE|[17]|Bytes:5
10:45:34.36 (36900082)|STATEMENT_EXECUTE|[16]
10:45:34.36 (36901553)|STATEMENT_EXECUTE|[17]
10:45:34.36 (36905719)|HEAP_ALLOCATE|[17]|Bytes:64
10:45:34.36 (36923700)|HEAP_ALLOCATE|[17]|Bytes:4
10:45:34.36 (37055584)|SOQL_EXECUTE_BEGIN|[17]|Aggregations:0|SELECT Id, Priority FROM Case WHERE Status = 'Escalated' LIMIT 4
10:45:34.36 (38999656)|SOQL_EXECUTE_END|[17]|Rows:0
10:45:34.36 (39017634)|HEAP_ALLOCATE|[17]|Bytes:4
10:45:34.36 (39027552)|HEAP_ALLOCATE|[17]|Bytes:0
10:45:34.36 (39058320)|HEAP_ALLOCATE|[17]|Bytes:4
10:45:34.36 (39069016)|VARIABLE_SCOPE_BEGIN|[17]|cases|List<Case>|true|false
10:45:34.36 (39086231)|VARIABLE_ASSIGNMENT|[17]|cases|[]|0xb68753b
10:45:34.36 (39092561)|STATEMENT_EXECUTE|[18]
10:45:34.36 (39101281)|SYSTEM_MODE_EXIT|false
10:45:34.39 (39116637)|CUMULATIVE_LIMIT_USAGE
10:45:34.39 (39116637)|LIMIT_USAGE_FOR_NS|(default)|
  Number of SOQL queries: 3 out of 100
  Number of query rows: 3 out of 50000
  Number of SOSL queries: 0 out of 20
  Number of DML statements: 0 out of 150
  Number of DML rows: 0 out of 10000
  Maximum CPU time: 0 out of 10000
  Maximum heap size: 0 out of 6000000
  Number of callouts: 0 out of 100
  Number of Email Invocations: 0 out of 10
  Number of future calls: 0 out of 50
  Number of queueable jobs added to the queue: 0 out of 50
  Number of Mobile Apex push calls: 0 out of 10

10:45:34.39 (39116637)|CUMULATIVE_LIMIT_USAGE_END

10:45:34.36 (39142868)|CODE_UNIT_FINISHED|GetCaseController.getEscalatedCases
10:45:34.36 (39179221)|CODE_UNIT_FINISHED|Aura
10:45:34.36 (40112493)|EXECUTION_FINISHED
10:45:34.40 (40798591)|USER_INFO|[EXTERNAL]|0051I00000112gB|trent@testorg.com|Pacific Standard Time|GMT-08:00
10:45:34.40 (40810544)|EXECUTION_STARTED
10:45:34.40 (40812742)|CODE_UNIT_STARTED|[EXTERNAL]|Aura
10:45:34.40 (41487529)|CODE_UNIT_STARTED|[EXTERNAL]|01p1I00000Dc465|GetCaseController.getClosedCases
10:45:34.40 (41526333)|SYSTEM_MODE_ENTER|false
10:45:34.40 (41542499)|HEAP_ALLOCATE|[23]|Bytes:5
10:45:34.40 (41548280)|STATEMENT_EXECUTE|[22]
10:45:34.40 (41549482)|STATEMENT_EXECUTE|[23]
10:45:34.40 (41552462)|HEAP_ALLOCATE|[23]|Bytes:61
10:45:34.40 (41565497)|HEAP_ALLOCATE|[23]|Bytes:4
10:45:34.40 (41684827)|SOQL_EXECUTE_BEGIN|[23]|Aggregations:0|SELECT Id, Priority FROM Case WHERE Status = 'Closed' LIMIT 4
10:45:34.40 (43702990)|SOQL_EXECUTE_END|[23]|Rows:4
10:45:34.40 (43717511)|HEAP_ALLOCATE|[23]|Bytes:20
10:45:34.40 (43735931)|HEAP_ALLOCATE|[23]|Bytes:181
10:45:34.40 (43762654)|HEAP_ALLOCATE|[23]|Bytes:20
10:45:34.40 (43773087)|VARIABLE_SCOPE_BEGIN|[23]|cases|List<Case>|true|false
10:45:34.40 (43799464)|VARIABLE_ASSIGNMENT|[23]|cases|[{"Id":"5001I000003mzcsQAA","Priority":"High"},{"Id":"5001I000003mzctQAA","Priority":"High"},{"Id":"5001I000003mzcvQAA","Priority":"Low"},{"Id":"5001I000003mzcwQAA","Priority":"Medium"}]|0x21c6dd4c
10:45:34.40 (43807613)|STATEMENT_EXECUTE|[24]
10:45:34.40 (43815207)|SYSTEM_MODE_EXIT|false
10:45:34.43 (43827058)|CUMULATIVE_LIMIT_USAGE
10:45:34.43 (43827058)|LIMIT_USAGE_FOR_NS|(default)|
  Number of SOQL queries: 4 out of 100
  Number of query rows: 7 out of 50000
  Number of SOSL queries: 0 out of 20
  Number of DML statements: 0 out of 150
  Number of DML rows: 0 out of 10000
  Maximum CPU time: 0 out of 10000
  Maximum heap size: 0 out of 6000000
  Number of callouts: 0 out of 100
  Number of Email Invocations: 0 out of 10
  Number of future calls: 0 out of 50
  Number of queueable jobs added to the queue: 0 out of 50
  Number of Mobile Apex push calls: 0 out of 10

10:45:34.43 (43827058)|CUMULATIVE_LIMIT_USAGE_END

10:45:34.40 (43851382)|CODE_UNIT_FINISHED|GetCaseController.getClosedCases
10:45:34.40 (43902147)|CODE_UNIT_FINISHED|Aura
10:45:34.40 (45105006)|EXECUTION_FINISHED
