41.0 APEX_CODE,FINEST;APEX_PROFILING,INFO;CALLOUT,INFO;DB,INFO;SYSTEM,DEBUG;VALIDATION,INFO;VISUALFORCE,INFO;WAVE,INFO;WORKFLOW,INFO
08:49:29.0 (344150)|USER_INFO|[EXTERNAL]|0051I00000112gB|trent@testorg.com|Pacific Standard Time|GMT-08:00
08:49:29.0 (473181)|EXECUTION_STARTED
08:49:29.0 (477428)|CODE_UNIT_STARTED|[EXTERNAL]|Aura
08:49:29.0 (1883978)|CODE_UNIT_STARTED|[EXTERNAL]|01p1I00000Dc465|GetCaseController.getAllCases
08:49:29.0 (2621245)|HEAP_ALLOCATE|[72]|Bytes:3
08:49:29.0 (2694070)|HEAP_ALLOCATE|[77]|Bytes:152
08:49:29.0 (2711072)|HEAP_ALLOCATE|[342]|Bytes:408
08:49:29.0 (2725522)|HEAP_ALLOCATE|[355]|Bytes:408
08:49:29.0 (2738715)|HEAP_ALLOCATE|[467]|Bytes:48
08:49:29.0 (2796885)|HEAP_ALLOCATE|[139]|Bytes:6
08:49:29.0 (2816049)|HEAP_ALLOCATE|[EXTERNAL]|Bytes:6
08:49:29.0 (2851617)|METHOD_ENTRY|[1]|01p1I00000Dc465|GetCaseController.GetCaseController()
08:49:29.0 (2858357)|STATEMENT_EXECUTE|[1]
08:49:29.0 (2863918)|STATEMENT_EXECUTE|[1]
08:49:29.0 (2895827)|HEAP_ALLOCATE|[50]|Bytes:5
08:49:29.0 (2921032)|HEAP_ALLOCATE|[56]|Bytes:5
08:49:29.0 (2928270)|HEAP_ALLOCATE|[64]|Bytes:7
08:49:29.0 (2950166)|SYSTEM_MODE_ENTER|false
08:49:29.0 (3049964)|HEAP_ALLOCATE|[EXTERNAL]|Bytes:5
08:49:29.0 (3060938)|SYSTEM_MODE_EXIT|false
08:49:29.0 (3082690)|METHOD_EXIT|[1]|GetCaseController
08:49:29.0 (3095543)|SYSTEM_MODE_ENTER|false
08:49:29.0 (3108225)|HEAP_ALLOCATE|[16]|Bytes:5
08:49:29.0 (3112494)|STATEMENT_EXECUTE|[15]
08:49:29.0 (3113911)|STATEMENT_EXECUTE|[16]
08:49:29.0 (3116218)|HEAP_ALLOCATE|[16]|Bytes:29
08:49:29.0 (3140032)|HEAP_ALLOCATE|[16]|Bytes:4
08:49:29.0 (4066058)|SOQL_EXECUTE_BEGIN|[16]|Aggregations:0|SELECT Id, Priority FROM Case
08:49:29.0 (6458299)|SOQL_EXECUTE_END|[16]|Rows:26
08:49:29.0 (6480934)|HEAP_ALLOCATE|[16]|Bytes:108
08:49:29.0 (6522582)|HEAP_ALLOCATE|[16]|Bytes:1189
08:49:29.0 (6583449)|HEAP_ALLOCATE|[16]|Bytes:108
08:49:29.0 (6597897)|VARIABLE_SCOPE_BEGIN|[16]|cases|List<Case>|true|false
08:49:29.0 (6629993)|VARIABLE_ASSIGNMENT|[16]|cases|"List of size 26 too large to display"|0x2c06640e
08:49:29.0 (6636226)|STATEMENT_EXECUTE|[17]
08:49:29.0 (6661282)|SYSTEM_MODE_EXIT|false
08:49:29.6 (6695430)|CUMULATIVE_LIMIT_USAGE
08:49:29.6 (6695430)|LIMIT_USAGE_FOR_NS|(default)|
  Number of SOQL queries: 1 out of 100
  Number of query rows: 26 out of 50000
  Number of SOSL queries: 0 out of 20
  Number of DML statements: 0 out of 150
  Number of DML rows: 0 out of 10000
  Maximum CPU time: 0 out of 10000
  Maximum heap size: 0 out of 6000000
  Number of callouts: 0 out of 100
  Number of Email Invocations: 0 out of 10
  Number of future calls: 0 out of 50
  Number of queueable jobs added to the queue: 0 out of 50
  Number of Mobile Apex push calls: 0 out of 10

08:49:29.6 (6695430)|CUMULATIVE_LIMIT_USAGE_END

08:49:29.0 (6740410)|CODE_UNIT_FINISHED|GetCaseController.getAllCases
08:49:29.0 (6896544)|CODE_UNIT_FINISHED|Aura
08:49:29.0 (7944924)|EXECUTION_FINISHED
