41.0 APEX_CODE,FINEST;APEX_PROFILING,INFO;CALLOUT,INFO;DB,INFO;SYSTEM,DEBUG;VALIDATION,INFO;VISUALFORCE,INFO;WAVE,INFO;WORKFLOW,INFO
10:51:02.0 (370561)|USER_INFO|[EXTERNAL]|0051I00000112gB|trent@testorg.com|Pacific Standard Time|GMT-08:00
10:51:02.0 (587667)|EXECUTION_STARTED
10:51:02.0 (591701)|CODE_UNIT_STARTED|[EXTERNAL]|Aura
10:51:02.0 (1963435)|CODE_UNIT_STARTED|[EXTERNAL]|01p1I00000Dc465|GetCaseController.getNewCases
10:51:02.0 (2591478)|HEAP_ALLOCATE|[72]|Bytes:3
10:51:02.0 (2676814)|HEAP_ALLOCATE|[77]|Bytes:152
10:51:02.0 (2697475)|HEAP_ALLOCATE|[342]|Bytes:408
10:51:02.0 (2713795)|HEAP_ALLOCATE|[355]|Bytes:408
10:51:02.0 (2726550)|HEAP_ALLOCATE|[467]|Bytes:48
10:51:02.0 (2799694)|HEAP_ALLOCATE|[139]|Bytes:6
10:51:02.0 (2831509)|HEAP_ALLOCATE|[EXTERNAL]|Bytes:13
10:51:02.0 (2889523)|METHOD_ENTRY|[1]|01p1I00000Dc465|GetCaseController.GetCaseController()
10:51:02.0 (2900061)|STATEMENT_EXECUTE|[1]
10:51:02.0 (2906390)|STATEMENT_EXECUTE|[1]
10:51:02.0 (2941689)|HEAP_ALLOCATE|[50]|Bytes:5
10:51:02.0 (2964599)|HEAP_ALLOCATE|[56]|Bytes:5
10:51:02.0 (2972693)|HEAP_ALLOCATE|[64]|Bytes:7
10:51:02.0 (2996552)|SYSTEM_MODE_ENTER|false
10:51:02.0 (3141658)|HEAP_ALLOCATE|[EXTERNAL]|Bytes:5
10:51:02.0 (3154946)|SYSTEM_MODE_EXIT|false
10:51:02.0 (3189304)|METHOD_EXIT|[1]|GetCaseController
10:51:02.0 (3206386)|SYSTEM_MODE_ENTER|false
10:51:02.0 (3222008)|HEAP_ALLOCATE|[5]|Bytes:5
10:51:02.0 (3226750)|STATEMENT_EXECUTE|[4]
10:51:02.0 (3228043)|STATEMENT_EXECUTE|[5]
10:51:02.0 (3230855)|HEAP_ALLOCATE|[5]|Bytes:50
10:51:02.0 (3248606)|HEAP_ALLOCATE|[5]|Bytes:4
10:51:02.0 (4254019)|SOQL_EXECUTE_BEGIN|[5]|Aggregations:0|SELECT Id, Priority FROM Case WHERE Status = 'New'
10:51:02.0 (8745120)|SOQL_EXECUTE_END|[5]|Rows:3
10:51:02.0 (8768767)|HEAP_ALLOCATE|[5]|Bytes:16
10:51:02.0 (8791234)|HEAP_ALLOCATE|[5]|Bytes:132
10:51:02.0 (8856594)|HEAP_ALLOCATE|[5]|Bytes:16
10:51:02.0 (8871143)|VARIABLE_SCOPE_BEGIN|[5]|cases|List<Case>|true|false
10:51:02.0 (8919402)|VARIABLE_ASSIGNMENT|[5]|cases|[{"Id":"5001I000003mzcuQAA","Priority":"Low"},{"Id":"5001I000003mzd8QAA","Priority":"Low"},{"Id":"5001I000003mzdGQAQ","Priority":"Low"}]|0x409ae954
10:51:02.0 (8927682)|STATEMENT_EXECUTE|[6]
10:51:02.0 (8951226)|SYSTEM_MODE_EXIT|false
10:51:02.8 (8977504)|CUMULATIVE_LIMIT_USAGE
10:51:02.8 (8977504)|LIMIT_USAGE_FOR_NS|(default)|
  Number of SOQL queries: 1 out of 100
  Number of query rows: 3 out of 50000
  Number of SOSL queries: 0 out of 20
  Number of DML statements: 0 out of 150
  Number of DML rows: 0 out of 10000
  Maximum CPU time: 0 out of 10000
  Maximum heap size: 0 out of 6000000
  Number of callouts: 0 out of 100
  Number of Email Invocations: 0 out of 10
  Number of future calls: 0 out of 50
  Number of queueable jobs added to the queue: 0 out of 50
  Number of Mobile Apex push calls: 0 out of 10

10:51:02.8 (8977504)|CUMULATIVE_LIMIT_USAGE_END

10:51:02.0 (9013561)|CODE_UNIT_FINISHED|GetCaseController.getNewCases
10:51:02.0 (9089931)|CODE_UNIT_FINISHED|Aura
10:51:02.0 (10083887)|EXECUTION_FINISHED
10:51:02.11 (11800494)|USER_INFO|[EXTERNAL]|0051I00000112gB|trent@testorg.com|Pacific Standard Time|GMT-08:00
10:51:02.11 (11827428)|EXECUTION_STARTED
10:51:02.11 (11831610)|CODE_UNIT_STARTED|[EXTERNAL]|Aura
10:51:02.11 (12591450)|CODE_UNIT_STARTED|[EXTERNAL]|01p1I00000Dc465|GetCaseController.getWorkingCases
10:51:02.11 (12659885)|SYSTEM_MODE_ENTER|false
10:51:02.11 (12688391)|HEAP_ALLOCATE|[11]|Bytes:5
10:51:02.11 (12698355)|STATEMENT_EXECUTE|[10]
10:51:02.11 (12700673)|STATEMENT_EXECUTE|[11]
10:51:02.11 (12706207)|HEAP_ALLOCATE|[11]|Bytes:62
10:51:02.11 (12729935)|HEAP_ALLOCATE|[11]|Bytes:4
10:51:02.11 (12977051)|SOQL_EXECUTE_BEGIN|[11]|Aggregations:0|SELECT Id, Priority FROM Case WHERE Status = 'Working' LIMIT 4
10:51:02.11 (38614049)|SOQL_EXECUTE_END|[11]|Rows:0
10:51:02.11 (38650764)|HEAP_ALLOCATE|[11]|Bytes:4
10:51:02.11 (38668221)|HEAP_ALLOCATE|[11]|Bytes:0
10:51:02.11 (38734414)|HEAP_ALLOCATE|[11]|Bytes:4
10:51:02.11 (38756429)|VARIABLE_SCOPE_BEGIN|[11]|cases|List<Case>|true|false
10:51:02.11 (38795324)|VARIABLE_ASSIGNMENT|[11]|cases|[]|0x32572b7d
10:51:02.11 (38806922)|STATEMENT_EXECUTE|[12]
10:51:02.11 (38847690)|SYSTEM_MODE_EXIT|false
10:51:02.38 (38877814)|CUMULATIVE_LIMIT_USAGE
10:51:02.38 (38877814)|LIMIT_USAGE_FOR_NS|(default)|
  Number of SOQL queries: 2 out of 100
  Number of query rows: 3 out of 50000
  Number of SOSL queries: 0 out of 20
  Number of DML statements: 0 out of 150
  Number of DML rows: 0 out of 10000
  Maximum CPU time: 0 out of 10000
  Maximum heap size: 0 out of 6000000
  Number of callouts: 0 out of 100
  Number of Email Invocations: 0 out of 10
  Number of future calls: 0 out of 50
  Number of queueable jobs added to the queue: 0 out of 50
  Number of Mobile Apex push calls: 0 out of 10

10:51:02.38 (38877814)|CUMULATIVE_LIMIT_USAGE_END

10:51:02.11 (38920600)|CODE_UNIT_FINISHED|GetCaseController.getWorkingCases
10:51:02.11 (39008818)|CODE_UNIT_FINISHED|Aura
10:51:02.11 (40111478)|EXECUTION_FINISHED
10:51:02.40 (40882963)|USER_INFO|[EXTERNAL]|0051I00000112gB|trent@testorg.com|Pacific Standard Time|GMT-08:00
10:51:02.40 (40904055)|EXECUTION_STARTED
10:51:02.40 (40907790)|CODE_UNIT_STARTED|[EXTERNAL]|Aura
10:51:02.40 (41643755)|CODE_UNIT_STARTED|[EXTERNAL]|01p1I00000Dc465|GetCaseController.getEscalatedCases
10:51:02.40 (41707955)|SYSTEM_MODE_ENTER|false
10:51:02.40 (41748834)|HEAP_ALLOCATE|[17]|Bytes:5
10:51:02.40 (41759399)|STATEMENT_EXECUTE|[16]
10:51:02.40 (41761523)|STATEMENT_EXECUTE|[17]
10:51:02.40 (41768950)|HEAP_ALLOCATE|[17]|Bytes:64
10:51:02.40 (41800765)|HEAP_ALLOCATE|[17]|Bytes:4
10:51:02.40 (42050652)|SOQL_EXECUTE_BEGIN|[17]|Aggregations:0|SELECT Id, Priority FROM Case WHERE Status = 'Escalated' LIMIT 4
10:51:02.40 (44763152)|SOQL_EXECUTE_END|[17]|Rows:0
10:51:02.40 (44791207)|HEAP_ALLOCATE|[17]|Bytes:4
10:51:02.40 (44807190)|HEAP_ALLOCATE|[17]|Bytes:0
10:51:02.40 (44872291)|HEAP_ALLOCATE|[17]|Bytes:4
10:51:02.40 (44885516)|VARIABLE_SCOPE_BEGIN|[17]|cases|List<Case>|true|false
10:51:02.40 (44911501)|VARIABLE_ASSIGNMENT|[17]|cases|[]|0x2e0dfc31
10:51:02.40 (44917423)|STATEMENT_EXECUTE|[18]
10:51:02.40 (44929910)|SYSTEM_MODE_EXIT|false
10:51:02.44 (44951331)|CUMULATIVE_LIMIT_USAGE
10:51:02.44 (44951331)|LIMIT_USAGE_FOR_NS|(default)|
  Number of SOQL queries: 3 out of 100
  Number of query rows: 3 out of 50000
  Number of SOSL queries: 0 out of 20
  Number of DML statements: 0 out of 150
  Number of DML rows: 0 out of 10000
  Maximum CPU time: 0 out of 10000
  Maximum heap size: 0 out of 6000000
  Number of callouts: 0 out of 100
  Number of Email Invocations: 0 out of 10
  Number of future calls: 0 out of 50
  Number of queueable jobs added to the queue: 0 out of 50
  Number of Mobile Apex push calls: 0 out of 10

10:51:02.44 (44951331)|CUMULATIVE_LIMIT_USAGE_END

10:51:02.40 (44990965)|CODE_UNIT_FINISHED|GetCaseController.getEscalatedCases
10:51:02.40 (45062867)|CODE_UNIT_FINISHED|Aura
10:51:02.40 (46078365)|EXECUTION_FINISHED
10:51:02.46 (46831627)|USER_INFO|[EXTERNAL]|0051I00000112gB|trent@testorg.com|Pacific Standard Time|GMT-08:00
10:51:02.46 (46881994)|EXECUTION_STARTED
10:51:02.46 (46884972)|CODE_UNIT_STARTED|[EXTERNAL]|Aura
10:51:02.46 (47626256)|CODE_UNIT_STARTED|[EXTERNAL]|01p1I00000Dc465|GetCaseController.getClosedCases
10:51:02.46 (47694369)|SYSTEM_MODE_ENTER|false
10:51:02.46 (47730242)|HEAP_ALLOCATE|[23]|Bytes:5
10:51:02.46 (47739277)|STATEMENT_EXECUTE|[22]
10:51:02.46 (47741244)|STATEMENT_EXECUTE|[23]
10:51:02.46 (47748037)|HEAP_ALLOCATE|[23]|Bytes:61
10:51:02.46 (47775067)|HEAP_ALLOCATE|[23]|Bytes:4
10:51:02.46 (47997724)|SOQL_EXECUTE_BEGIN|[23]|Aggregations:0|SELECT Id, Priority FROM Case WHERE Status = 'Closed' LIMIT 4
10:51:02.46 (50368760)|SOQL_EXECUTE_END|[23]|Rows:4
10:51:02.46 (50389260)|HEAP_ALLOCATE|[23]|Bytes:20
10:51:02.46 (50414974)|HEAP_ALLOCATE|[23]|Bytes:181
10:51:02.46 (50458913)|HEAP_ALLOCATE|[23]|Bytes:20
10:51:02.46 (50470917)|VARIABLE_SCOPE_BEGIN|[23]|cases|List<Case>|true|false
10:51:02.46 (50510056)|VARIABLE_ASSIGNMENT|[23]|cases|[{"Id":"5001I000003mzcsQAA","Priority":"High"},{"Id":"5001I000003mzctQAA","Priority":"High"},{"Id":"5001I000003mzcvQAA","Priority":"Low"},{"Id":"5001I000003mzcwQAA","Priority":"Medium"}]|0xb789621
10:51:02.46 (50518826)|STATEMENT_EXECUTE|[24]
10:51:02.46 (50536437)|SYSTEM_MODE_EXIT|false
10:51:02.50 (50557596)|CUMULATIVE_LIMIT_USAGE
10:51:02.50 (50557596)|LIMIT_USAGE_FOR_NS|(default)|
  Number of SOQL queries: 4 out of 100
  Number of query rows: 7 out of 50000
  Number of SOSL queries: 0 out of 20
  Number of DML statements: 0 out of 150
  Number of DML rows: 0 out of 10000
  Maximum CPU time: 0 out of 10000
  Maximum heap size: 0 out of 6000000
  Number of callouts: 0 out of 100
  Number of Email Invocations: 0 out of 10
  Number of future calls: 0 out of 50
  Number of queueable jobs added to the queue: 0 out of 50
  Number of Mobile Apex push calls: 0 out of 10

10:51:02.50 (50557596)|CUMULATIVE_LIMIT_USAGE_END

10:51:02.46 (50587375)|CODE_UNIT_FINISHED|GetCaseController.getClosedCases
10:51:02.46 (50651140)|CODE_UNIT_FINISHED|Aura
10:51:02.46 (51616114)|EXECUTION_FINISHED
