41.0 APEX_CODE,FINEST;APEX_PROFILING,INFO;CALLOUT,INFO;DB,INFO;SYSTEM,DEBUG;VALIDATION,INFO;VISUALFORCE,INFO;WAVE,INFO;WORKFLOW,INFO
12:49:51.1 (1414390)|USER_INFO|[EXTERNAL]|0051I00000112gB|trent@testorg.com|Pacific Standard Time|GMT-08:00
12:49:51.1 (1447015)|EXECUTION_STARTED
12:49:51.1 (1451519)|CODE_UNIT_STARTED|[EXTERNAL]|Aura
12:49:51.1 (4155512)|CODE_UNIT_STARTED|[EXTERNAL]|01p1I00000Dc465|GetCaseController.getNewCases
12:49:51.1 (4391292)|HEAP_ALLOCATE|[72]|Bytes:3
12:49:51.1 (4450439)|HEAP_ALLOCATE|[77]|Bytes:152
12:49:51.1 (4475458)|HEAP_ALLOCATE|[342]|Bytes:408
12:49:51.1 (4499730)|HEAP_ALLOCATE|[355]|Bytes:408
12:49:51.1 (4522763)|HEAP_ALLOCATE|[467]|Bytes:48
12:49:51.1 (4560482)|HEAP_ALLOCATE|[139]|Bytes:6
12:49:51.1 (4653598)|HEAP_ALLOCATE|[EXTERNAL]|Bytes:10
12:49:51.1 (4670156)|METHOD_ENTRY|[1]|01p1I00000Dc465|GetCaseController.GetCaseController()
12:49:51.1 (4679370)|STATEMENT_EXECUTE|[1]
12:49:51.1 (4686366)|STATEMENT_EXECUTE|[1]
12:49:51.1 (4727551)|HEAP_ALLOCATE|[50]|Bytes:5
12:49:51.1 (4758991)|HEAP_ALLOCATE|[56]|Bytes:5
12:49:51.1 (4769221)|HEAP_ALLOCATE|[64]|Bytes:7
12:49:51.1 (4800635)|SYSTEM_MODE_ENTER|false
12:49:51.1 (4821821)|HEAP_ALLOCATE|[EXTERNAL]|Bytes:5
12:49:51.1 (4833841)|SYSTEM_MODE_EXIT|false
12:49:51.1 (4845454)|METHOD_EXIT|[1]|GetCaseController
12:49:51.1 (4866480)|SYSTEM_MODE_ENTER|false
12:49:51.1 (4886157)|HEAP_ALLOCATE|[5]|Bytes:5
12:49:51.1 (4892464)|STATEMENT_EXECUTE|[4]
12:49:51.1 (4894447)|STATEMENT_EXECUTE|[5]
12:49:51.1 (4897662)|HEAP_ALLOCATE|[5]|Bytes:50
12:49:51.1 (4930070)|HEAP_ALLOCATE|[5]|Bytes:4
12:49:51.1 (12830681)|SOQL_EXECUTE_BEGIN|[5]|Aggregations:0|SELECT Id, Priority FROM Case WHERE Status = 'New'
12:49:51.1 (20213188)|SOQL_EXECUTE_END|[5]|Rows:3
12:49:51.1 (20234296)|HEAP_ALLOCATE|[5]|Bytes:16
12:49:51.1 (20253836)|HEAP_ALLOCATE|[5]|Bytes:132
12:49:51.1 (20376434)|HEAP_ALLOCATE|[5]|Bytes:16
12:49:51.1 (20394376)|VARIABLE_SCOPE_BEGIN|[5]|cases|List<Case>|true|false
12:49:51.1 (20434502)|VARIABLE_ASSIGNMENT|[5]|cases|[{"Id":"5001I000003mzcuQAA","Priority":"Low"},{"Id":"5001I000003mzd8QAA","Priority":"Low"},{"Id":"5001I000003mzdGQAQ","Priority":"Low"}]|0x2c77bf15
12:49:51.1 (20442806)|STATEMENT_EXECUTE|[6]
12:49:51.1 (20453849)|SYSTEM_MODE_EXIT|false
12:49:51.20 (20474171)|CUMULATIVE_LIMIT_USAGE
12:49:51.20 (20474171)|LIMIT_USAGE_FOR_NS|(default)|
  Number of SOQL queries: 1 out of 100
  Number of query rows: 3 out of 50000
  Number of SOSL queries: 0 out of 20
  Number of DML statements: 0 out of 150
  Number of DML rows: 0 out of 10000
  Maximum CPU time: 0 out of 10000
  Maximum heap size: 0 out of 6000000
  Number of callouts: 0 out of 100
  Number of Email Invocations: 0 out of 10
  Number of future calls: 0 out of 50
  Number of queueable jobs added to the queue: 0 out of 50
  Number of Mobile Apex push calls: 0 out of 10

12:49:51.20 (20474171)|CUMULATIVE_LIMIT_USAGE_END

12:49:51.1 (20507154)|CODE_UNIT_FINISHED|GetCaseController.getNewCases
12:49:51.1 (20569683)|CODE_UNIT_FINISHED|Aura
12:49:51.1 (21620390)|EXECUTION_FINISHED
12:49:51.23 (23005813)|USER_INFO|[EXTERNAL]|0051I00000112gB|trent@testorg.com|Pacific Standard Time|GMT-08:00
12:49:51.23 (23018844)|EXECUTION_STARTED
12:49:51.23 (23021986)|CODE_UNIT_STARTED|[EXTERNAL]|Aura
12:49:51.23 (23719645)|CODE_UNIT_STARTED|[EXTERNAL]|01p1I00000Dc465|GetCaseController.getWorkingCases
12:49:51.23 (23765026)|SYSTEM_MODE_ENTER|false
12:49:51.23 (23785887)|HEAP_ALLOCATE|[11]|Bytes:5
12:49:51.23 (23791081)|STATEMENT_EXECUTE|[10]
12:49:51.23 (23792646)|STATEMENT_EXECUTE|[11]
12:49:51.23 (23795517)|HEAP_ALLOCATE|[11]|Bytes:54
12:49:51.23 (23810584)|HEAP_ALLOCATE|[11]|Bytes:4
12:49:51.23 (23958791)|SOQL_EXECUTE_BEGIN|[11]|Aggregations:0|SELECT Id, Priority FROM Case WHERE Status = 'Working'
12:49:51.23 (26010923)|SOQL_EXECUTE_END|[11]|Rows:1
12:49:51.23 (26028317)|HEAP_ALLOCATE|[11]|Bytes:8
12:49:51.23 (26040875)|HEAP_ALLOCATE|[11]|Bytes:47
12:49:51.23 (26070708)|HEAP_ALLOCATE|[11]|Bytes:8
12:49:51.23 (26080859)|VARIABLE_SCOPE_BEGIN|[11]|cases|List<Case>|true|false
12:49:51.23 (26109199)|VARIABLE_ASSIGNMENT|[11]|cases|[{"Id":"5001I000002yNMRQA2","Priority":"Medium"}]|0x126aef0b
12:49:51.23 (26116001)|STATEMENT_EXECUTE|[12]
12:49:51.23 (26123324)|SYSTEM_MODE_EXIT|false
12:49:51.26 (26135438)|CUMULATIVE_LIMIT_USAGE
12:49:51.26 (26135438)|LIMIT_USAGE_FOR_NS|(default)|
  Number of SOQL queries: 2 out of 100
  Number of query rows: 4 out of 50000
  Number of SOSL queries: 0 out of 20
  Number of DML statements: 0 out of 150
  Number of DML rows: 0 out of 10000
  Maximum CPU time: 0 out of 10000
  Maximum heap size: 0 out of 6000000
  Number of callouts: 0 out of 100
  Number of Email Invocations: 0 out of 10
  Number of future calls: 0 out of 50
  Number of queueable jobs added to the queue: 0 out of 50
  Number of Mobile Apex push calls: 0 out of 10

12:49:51.26 (26135438)|CUMULATIVE_LIMIT_USAGE_END

12:49:51.23 (26155166)|CODE_UNIT_FINISHED|GetCaseController.getWorkingCases
12:49:51.23 (26194735)|CODE_UNIT_FINISHED|Aura
12:49:51.23 (27320153)|EXECUTION_FINISHED
12:49:51.28 (28023953)|USER_INFO|[EXTERNAL]|0051I00000112gB|trent@testorg.com|Pacific Standard Time|GMT-08:00
12:49:51.28 (28039208)|EXECUTION_STARTED
12:49:51.28 (28042046)|CODE_UNIT_STARTED|[EXTERNAL]|Aura
12:49:51.28 (28768363)|CODE_UNIT_STARTED|[EXTERNAL]|01p1I00000Dc465|GetCaseController.getEscalatedCases
12:49:51.28 (28804218)|SYSTEM_MODE_ENTER|false
12:49:51.28 (28820351)|HEAP_ALLOCATE|[17]|Bytes:5
12:49:51.28 (28825964)|STATEMENT_EXECUTE|[16]
12:49:51.28 (28827536)|STATEMENT_EXECUTE|[17]
12:49:51.28 (28830248)|HEAP_ALLOCATE|[17]|Bytes:56
12:49:51.28 (28842439)|HEAP_ALLOCATE|[17]|Bytes:4
12:49:51.28 (28969069)|SOQL_EXECUTE_BEGIN|[17]|Aggregations:0|SELECT Id, Priority FROM Case WHERE Status = 'Escalated'
12:49:51.28 (31022390)|SOQL_EXECUTE_END|[17]|Rows:1
12:49:51.28 (31038453)|HEAP_ALLOCATE|[17]|Bytes:8
12:49:51.28 (31050463)|HEAP_ALLOCATE|[17]|Bytes:45
12:49:51.28 (31077252)|HEAP_ALLOCATE|[17]|Bytes:8
12:49:51.28 (31087432)|VARIABLE_SCOPE_BEGIN|[17]|cases|List<Case>|true|false
12:49:51.28 (31107810)|VARIABLE_ASSIGNMENT|[17]|cases|[{"Id":"5001I000002yNMWQA2","Priority":"High"}]|0x21cd0e89
12:49:51.28 (31114009)|STATEMENT_EXECUTE|[18]
12:49:51.28 (31120727)|SYSTEM_MODE_EXIT|false
12:49:51.31 (31132037)|CUMULATIVE_LIMIT_USAGE
12:49:51.31 (31132037)|LIMIT_USAGE_FOR_NS|(default)|
  Number of SOQL queries: 3 out of 100
  Number of query rows: 5 out of 50000
  Number of SOSL queries: 0 out of 20
  Number of DML statements: 0 out of 150
  Number of DML rows: 0 out of 10000
  Maximum CPU time: 0 out of 10000
  Maximum heap size: 0 out of 6000000
  Number of callouts: 0 out of 100
  Number of Email Invocations: 0 out of 10
  Number of future calls: 0 out of 50
  Number of queueable jobs added to the queue: 0 out of 50
  Number of Mobile Apex push calls: 0 out of 10

12:49:51.31 (31132037)|CUMULATIVE_LIMIT_USAGE_END

12:49:51.28 (31150600)|CODE_UNIT_FINISHED|GetCaseController.getEscalatedCases
12:49:51.28 (31187455)|CODE_UNIT_FINISHED|Aura
12:49:51.28 (32501074)|EXECUTION_FINISHED
12:49:51.33 (33202859)|USER_INFO|[EXTERNAL]|0051I00000112gB|trent@testorg.com|Pacific Standard Time|GMT-08:00
12:49:51.33 (33214321)|EXECUTION_STARTED
12:49:51.33 (33216665)|CODE_UNIT_STARTED|[EXTERNAL]|Aura
12:49:51.33 (33900402)|CODE_UNIT_STARTED|[EXTERNAL]|01p1I00000Dc465|GetCaseController.getClosedCases
12:49:51.33 (33933327)|SYSTEM_MODE_ENTER|false
12:49:51.33 (33949261)|HEAP_ALLOCATE|[23]|Bytes:5
12:49:51.33 (33954956)|STATEMENT_EXECUTE|[22]
12:49:51.33 (33956284)|STATEMENT_EXECUTE|[23]
12:49:51.33 (33959086)|HEAP_ALLOCATE|[23]|Bytes:53
12:49:51.33 (33971790)|HEAP_ALLOCATE|[23]|Bytes:4
12:49:51.33 (34090322)|SOQL_EXECUTE_BEGIN|[23]|Aggregations:0|SELECT Id, Priority FROM Case WHERE Status = 'Closed'
12:49:51.33 (36162457)|SOQL_EXECUTE_END|[23]|Rows:23
12:49:51.33 (36178391)|HEAP_ALLOCATE|[23]|Bytes:96
12:49:51.33 (36211349)|HEAP_ALLOCATE|[23]|Bytes:1057
12:49:51.33 (36238464)|HEAP_ALLOCATE|[23]|Bytes:96
12:49:51.33 (36248677)|VARIABLE_SCOPE_BEGIN|[23]|cases|List<Case>|true|false
12:49:51.33 (36265059)|VARIABLE_ASSIGNMENT|[23]|cases|"List of size 23 too large to display"|0x1a5e1c2a
12:49:51.33 (36271193)|STATEMENT_EXECUTE|[24]
12:49:51.33 (36277881)|SYSTEM_MODE_EXIT|false
12:49:51.36 (36288978)|CUMULATIVE_LIMIT_USAGE
12:49:51.36 (36288978)|LIMIT_USAGE_FOR_NS|(default)|
  Number of SOQL queries: 4 out of 100
  Number of query rows: 28 out of 50000
  Number of SOSL queries: 0 out of 20
  Number of DML statements: 0 out of 150
  Number of DML rows: 0 out of 10000
  Maximum CPU time: 0 out of 10000
  Maximum heap size: 0 out of 6000000
  Number of callouts: 0 out of 100
  Number of Email Invocations: 0 out of 10
  Number of future calls: 0 out of 50
  Number of queueable jobs added to the queue: 0 out of 50
  Number of Mobile Apex push calls: 0 out of 10

12:49:51.36 (36288978)|CUMULATIVE_LIMIT_USAGE_END

12:49:51.33 (36307759)|CODE_UNIT_FINISHED|GetCaseController.getClosedCases
12:49:51.33 (36413341)|CODE_UNIT_FINISHED|Aura
12:49:51.33 (37393200)|EXECUTION_FINISHED
