41.0 APEX_CODE,FINEST;APEX_PROFILING,INFO;CALLOUT,INFO;DB,INFO;SYSTEM,DEBUG;VALIDATION,INFO;VISUALFORCE,INFO;WAVE,INFO;WORKFLOW,INFO
13:09:37.0 (369646)|USER_INFO|[EXTERNAL]|0051I00000112gB|trent@testorg.com|Pacific Standard Time|GMT-08:00
13:09:37.0 (405267)|EXECUTION_STARTED
13:09:37.0 (409005)|CODE_UNIT_STARTED|[EXTERNAL]|Aura
13:09:37.0 (1836163)|CODE_UNIT_STARTED|[EXTERNAL]|01p1I00000Dc465|GetCaseController.getNewCases
13:09:37.0 (2086824)|HEAP_ALLOCATE|[72]|Bytes:3
13:09:37.0 (2150668)|HEAP_ALLOCATE|[77]|Bytes:152
13:09:37.0 (2165005)|HEAP_ALLOCATE|[342]|Bytes:408
13:09:37.0 (2176853)|HEAP_ALLOCATE|[355]|Bytes:408
13:09:37.0 (2186941)|HEAP_ALLOCATE|[467]|Bytes:48
13:09:37.0 (2212797)|HEAP_ALLOCATE|[139]|Bytes:6
13:09:37.0 (2227147)|HEAP_ALLOCATE|[EXTERNAL]|Bytes:10
13:09:37.0 (2259990)|METHOD_ENTRY|[1]|01p1I00000Dc465|GetCaseController.GetCaseController()
13:09:37.0 (2265712)|STATEMENT_EXECUTE|[1]
13:09:37.0 (2270914)|STATEMENT_EXECUTE|[1]
13:09:37.0 (2298983)|HEAP_ALLOCATE|[50]|Bytes:5
13:09:37.0 (2317247)|HEAP_ALLOCATE|[56]|Bytes:5
13:09:37.0 (2323771)|HEAP_ALLOCATE|[64]|Bytes:7
13:09:37.0 (2342896)|SYSTEM_MODE_ENTER|false
13:09:37.0 (2354036)|HEAP_ALLOCATE|[EXTERNAL]|Bytes:5
13:09:37.0 (2360142)|SYSTEM_MODE_EXIT|false
13:09:37.0 (2368081)|METHOD_EXIT|[1]|GetCaseController
13:09:37.0 (2379887)|SYSTEM_MODE_ENTER|false
13:09:37.0 (2391805)|HEAP_ALLOCATE|[5]|Bytes:5
13:09:37.0 (2395694)|STATEMENT_EXECUTE|[4]
13:09:37.0 (2397011)|STATEMENT_EXECUTE|[5]
13:09:37.0 (2399336)|HEAP_ALLOCATE|[5]|Bytes:50
13:09:37.0 (2415689)|HEAP_ALLOCATE|[5]|Bytes:4
13:09:37.0 (3254135)|SOQL_EXECUTE_BEGIN|[5]|Aggregations:0|SELECT Id, Priority FROM Case WHERE Status = 'New'
13:09:37.0 (8691116)|SOQL_EXECUTE_END|[5]|Rows:3
13:09:37.0 (8710776)|HEAP_ALLOCATE|[5]|Bytes:16
13:09:37.0 (8731241)|HEAP_ALLOCATE|[5]|Bytes:132
13:09:37.0 (8781311)|HEAP_ALLOCATE|[5]|Bytes:16
13:09:37.0 (8794900)|VARIABLE_SCOPE_BEGIN|[5]|cases|List<Case>|true|false
13:09:37.0 (8839204)|VARIABLE_ASSIGNMENT|[5]|cases|[{"Id":"5001I000003mzcuQAA","Priority":"Low"},{"Id":"5001I000003mzd8QAA","Priority":"Low"},{"Id":"5001I000003mzdGQAQ","Priority":"Low"}]|0x5094f232
13:09:37.0 (8847615)|STATEMENT_EXECUTE|[6]
13:09:37.0 (8858533)|SYSTEM_MODE_EXIT|false
13:09:37.8 (8880278)|CUMULATIVE_LIMIT_USAGE
13:09:37.8 (8880278)|LIMIT_USAGE_FOR_NS|(default)|
  Number of SOQL queries: 1 out of 100
  Number of query rows: 3 out of 50000
  Number of SOSL queries: 0 out of 20
  Number of DML statements: 0 out of 150
  Number of DML rows: 0 out of 10000
  Maximum CPU time: 0 out of 10000
  Maximum heap size: 0 out of 6000000
  Number of callouts: 0 out of 100
  Number of Email Invocations: 0 out of 10
  Number of future calls: 0 out of 50
  Number of queueable jobs added to the queue: 0 out of 50
  Number of Mobile Apex push calls: 0 out of 10

13:09:37.8 (8880278)|CUMULATIVE_LIMIT_USAGE_END

13:09:37.0 (8911067)|CODE_UNIT_FINISHED|GetCaseController.getNewCases
13:09:37.0 (8975479)|CODE_UNIT_FINISHED|Aura
13:09:37.0 (10327509)|EXECUTION_FINISHED
13:09:37.12 (12472941)|USER_INFO|[EXTERNAL]|0051I00000112gB|trent@testorg.com|Pacific Standard Time|GMT-08:00
13:09:37.12 (12487583)|EXECUTION_STARTED
13:09:37.12 (12490775)|CODE_UNIT_STARTED|[EXTERNAL]|Aura
13:09:37.12 (13465126)|CODE_UNIT_STARTED|[EXTERNAL]|01p1I00000Dc465|GetCaseController.getWorkingCases
13:09:37.12 (13512293)|SYSTEM_MODE_ENTER|false
13:09:37.12 (13527494)|HEAP_ALLOCATE|[11]|Bytes:5
13:09:37.12 (13533447)|STATEMENT_EXECUTE|[10]
13:09:37.12 (13535102)|STATEMENT_EXECUTE|[11]
13:09:37.12 (13538013)|HEAP_ALLOCATE|[11]|Bytes:54
13:09:37.12 (13552085)|HEAP_ALLOCATE|[11]|Bytes:4
13:09:37.12 (13714891)|SOQL_EXECUTE_BEGIN|[11]|Aggregations:0|SELECT Id, Priority FROM Case WHERE Status = 'Working'
13:09:37.12 (16322611)|SOQL_EXECUTE_END|[11]|Rows:1
13:09:37.12 (16339316)|HEAP_ALLOCATE|[11]|Bytes:8
13:09:37.12 (16352055)|HEAP_ALLOCATE|[11]|Bytes:47
13:09:37.12 (16380181)|HEAP_ALLOCATE|[11]|Bytes:8
13:09:37.12 (16390569)|VARIABLE_SCOPE_BEGIN|[11]|cases|List<Case>|true|false
13:09:37.12 (16415432)|VARIABLE_ASSIGNMENT|[11]|cases|[{"Id":"5001I000002yNMRQA2","Priority":"Medium"}]|0x6cde9ed5
13:09:37.12 (16421639)|STATEMENT_EXECUTE|[12]
13:09:37.12 (16428299)|SYSTEM_MODE_EXIT|false
13:09:37.16 (16442356)|CUMULATIVE_LIMIT_USAGE
13:09:37.16 (16442356)|LIMIT_USAGE_FOR_NS|(default)|
  Number of SOQL queries: 2 out of 100
  Number of query rows: 4 out of 50000
  Number of SOSL queries: 0 out of 20
  Number of DML statements: 0 out of 150
  Number of DML rows: 0 out of 10000
  Maximum CPU time: 0 out of 10000
  Maximum heap size: 0 out of 6000000
  Number of callouts: 0 out of 100
  Number of Email Invocations: 0 out of 10
  Number of future calls: 0 out of 50
  Number of queueable jobs added to the queue: 0 out of 50
  Number of Mobile Apex push calls: 0 out of 10

13:09:37.16 (16442356)|CUMULATIVE_LIMIT_USAGE_END

13:09:37.12 (16464374)|CODE_UNIT_FINISHED|GetCaseController.getWorkingCases
13:09:37.12 (16506877)|CODE_UNIT_FINISHED|Aura
13:09:37.12 (17688766)|EXECUTION_FINISHED
13:09:37.18 (18603935)|USER_INFO|[EXTERNAL]|0051I00000112gB|trent@testorg.com|Pacific Standard Time|GMT-08:00
13:09:37.18 (18617041)|EXECUTION_STARTED
13:09:37.18 (18619792)|CODE_UNIT_STARTED|[EXTERNAL]|Aura
13:09:37.18 (19478402)|CODE_UNIT_STARTED|[EXTERNAL]|01p1I00000Dc465|GetCaseController.getEscalatedCases
13:09:37.18 (19522993)|SYSTEM_MODE_ENTER|false
13:09:37.18 (19538651)|HEAP_ALLOCATE|[17]|Bytes:5
13:09:37.18 (19544513)|STATEMENT_EXECUTE|[16]
13:09:37.18 (19546107)|STATEMENT_EXECUTE|[17]
13:09:37.18 (19549052)|HEAP_ALLOCATE|[17]|Bytes:56
13:09:37.18 (19561369)|HEAP_ALLOCATE|[17]|Bytes:4
13:09:37.18 (19693672)|SOQL_EXECUTE_BEGIN|[17]|Aggregations:0|SELECT Id, Priority FROM Case WHERE Status = 'Escalated'
13:09:37.18 (22189696)|SOQL_EXECUTE_END|[17]|Rows:1
13:09:37.18 (22205499)|HEAP_ALLOCATE|[17]|Bytes:8
13:09:37.18 (22217485)|HEAP_ALLOCATE|[17]|Bytes:45
13:09:37.18 (22243717)|HEAP_ALLOCATE|[17]|Bytes:8
13:09:37.18 (22254150)|VARIABLE_SCOPE_BEGIN|[17]|cases|List<Case>|true|false
13:09:37.18 (22274632)|VARIABLE_ASSIGNMENT|[17]|cases|[{"Id":"5001I000002yNMWQA2","Priority":"High"}]|0x3ee8ddc2
13:09:37.18 (22280648)|STATEMENT_EXECUTE|[18]
13:09:37.18 (22286877)|SYSTEM_MODE_EXIT|false
13:09:37.22 (22299724)|CUMULATIVE_LIMIT_USAGE
13:09:37.22 (22299724)|LIMIT_USAGE_FOR_NS|(default)|
  Number of SOQL queries: 3 out of 100
  Number of query rows: 5 out of 50000
  Number of SOSL queries: 0 out of 20
  Number of DML statements: 0 out of 150
  Number of DML rows: 0 out of 10000
  Maximum CPU time: 0 out of 10000
  Maximum heap size: 0 out of 6000000
  Number of callouts: 0 out of 100
  Number of Email Invocations: 0 out of 10
  Number of future calls: 0 out of 50
  Number of queueable jobs added to the queue: 0 out of 50
  Number of Mobile Apex push calls: 0 out of 10

13:09:37.22 (22299724)|CUMULATIVE_LIMIT_USAGE_END

13:09:37.18 (22319412)|CODE_UNIT_FINISHED|GetCaseController.getEscalatedCases
13:09:37.18 (22358792)|CODE_UNIT_FINISHED|Aura
13:09:37.18 (23819799)|EXECUTION_FINISHED
13:09:37.24 (24582634)|USER_INFO|[EXTERNAL]|0051I00000112gB|trent@testorg.com|Pacific Standard Time|GMT-08:00
13:09:37.24 (24602226)|EXECUTION_STARTED
13:09:37.24 (24605876)|CODE_UNIT_STARTED|[EXTERNAL]|Aura
13:09:37.24 (25392789)|CODE_UNIT_STARTED|[EXTERNAL]|01p1I00000Dc465|GetCaseController.getClosedCases
13:09:37.24 (25432850)|SYSTEM_MODE_ENTER|false
13:09:37.24 (25448019)|HEAP_ALLOCATE|[23]|Bytes:5
13:09:37.24 (25453962)|STATEMENT_EXECUTE|[22]
13:09:37.24 (25455563)|STATEMENT_EXECUTE|[23]
13:09:37.24 (25458526)|HEAP_ALLOCATE|[23]|Bytes:53
13:09:37.24 (25470817)|HEAP_ALLOCATE|[23]|Bytes:4
13:09:37.24 (25617909)|SOQL_EXECUTE_BEGIN|[23]|Aggregations:0|SELECT Id, Priority FROM Case WHERE Status = 'Closed'
13:09:37.24 (27919521)|SOQL_EXECUTE_END|[23]|Rows:23
13:09:37.24 (27935076)|HEAP_ALLOCATE|[23]|Bytes:96
13:09:37.24 (27967533)|HEAP_ALLOCATE|[23]|Bytes:1057
13:09:37.24 (27996085)|HEAP_ALLOCATE|[23]|Bytes:96
13:09:37.24 (28006438)|VARIABLE_SCOPE_BEGIN|[23]|cases|List<Case>|true|false
13:09:37.24 (28025257)|VARIABLE_ASSIGNMENT|[23]|cases|"List of size 23 too large to display"|0x426161c4
13:09:37.24 (28031068)|STATEMENT_EXECUTE|[24]
13:09:37.24 (28037481)|SYSTEM_MODE_EXIT|false
13:09:37.28 (28050561)|CUMULATIVE_LIMIT_USAGE
13:09:37.28 (28050561)|LIMIT_USAGE_FOR_NS|(default)|
  Number of SOQL queries: 4 out of 100
  Number of query rows: 28 out of 50000
  Number of SOSL queries: 0 out of 20
  Number of DML statements: 0 out of 150
  Number of DML rows: 0 out of 10000
  Maximum CPU time: 0 out of 10000
  Maximum heap size: 0 out of 6000000
  Number of callouts: 0 out of 100
  Number of Email Invocations: 0 out of 10
  Number of future calls: 0 out of 50
  Number of queueable jobs added to the queue: 0 out of 50
  Number of Mobile Apex push calls: 0 out of 10

13:09:37.28 (28050561)|CUMULATIVE_LIMIT_USAGE_END

13:09:37.24 (28068512)|CODE_UNIT_FINISHED|GetCaseController.getClosedCases
13:09:37.24 (28178358)|CODE_UNIT_FINISHED|Aura
13:09:37.24 (29540265)|EXECUTION_FINISHED
