41.0 APEX_CODE,FINEST;APEX_PROFILING,INFO;CALLOUT,INFO;DB,INFO;SYSTEM,DEBUG;VALIDATION,INFO;VISUALFORCE,INFO;WAVE,INFO;WORKFLOW,INFO
15:38:47.0 (350921)|USER_INFO|[EXTERNAL]|0051I00000112gB|trent@testorg.com|Pacific Standard Time|GMT-08:00
15:38:47.0 (578861)|EXECUTION_STARTED
15:38:47.0 (583727)|CODE_UNIT_STARTED|[EXTERNAL]|Aura
15:38:47.0 (2061219)|CODE_UNIT_STARTED|[EXTERNAL]|01p1I00000Dc465|CaseController.getNewCases
15:38:47.0 (2832365)|HEAP_ALLOCATE|[72]|Bytes:3
15:38:47.0 (2893790)|HEAP_ALLOCATE|[77]|Bytes:152
15:38:47.0 (2910159)|HEAP_ALLOCATE|[342]|Bytes:408
15:38:47.0 (2921816)|HEAP_ALLOCATE|[355]|Bytes:408
15:38:47.0 (2931901)|HEAP_ALLOCATE|[467]|Bytes:48
15:38:47.0 (2987800)|HEAP_ALLOCATE|[139]|Bytes:6
15:38:47.0 (3006226)|HEAP_ALLOCATE|[EXTERNAL]|Bytes:6
15:38:47.0 (3042855)|METHOD_ENTRY|[1]|01p1I00000Dc465|CaseController.CaseController()
15:38:47.0 (3048441)|STATEMENT_EXECUTE|[1]
15:38:47.0 (3053908)|STATEMENT_EXECUTE|[1]
15:38:47.0 (3100377)|HEAP_ALLOCATE|[50]|Bytes:5
15:38:47.0 (3128222)|HEAP_ALLOCATE|[56]|Bytes:5
15:38:47.0 (3147865)|HEAP_ALLOCATE|[64]|Bytes:7
15:38:47.0 (3184713)|SYSTEM_MODE_ENTER|false
15:38:47.0 (3297861)|HEAP_ALLOCATE|[EXTERNAL]|Bytes:5
15:38:47.0 (3305594)|SYSTEM_MODE_EXIT|false
15:38:47.0 (3327468)|METHOD_EXIT|[1]|CaseController
15:38:47.0 (3350901)|SYSTEM_MODE_ENTER|false
15:38:47.0 (3364929)|HEAP_ALLOCATE|[10]|Bytes:5
15:38:47.0 (3369707)|STATEMENT_EXECUTE|[9]
15:38:47.0 (3371127)|STATEMENT_EXECUTE|[10]
15:38:47.0 (3374004)|HEAP_ALLOCATE|[10]|Bytes:58
15:38:47.0 (3391308)|HEAP_ALLOCATE|[10]|Bytes:4
15:38:47.0 (4510156)|SOQL_EXECUTE_BEGIN|[10]|Aggregations:0|SELECT Id, Priority FROM Case WHERE Status = 'New' LIMIT 4
15:38:47.0 (13171256)|SOQL_EXECUTE_END|[10]|Rows:3
15:38:47.0 (13205306)|HEAP_ALLOCATE|[10]|Bytes:16
15:38:47.0 (13230769)|HEAP_ALLOCATE|[10]|Bytes:132
15:38:47.0 (13281005)|HEAP_ALLOCATE|[10]|Bytes:16
15:38:47.0 (13295114)|VARIABLE_SCOPE_BEGIN|[10]|cases|List<Case>|true|false
15:38:47.0 (13342443)|VARIABLE_ASSIGNMENT|[10]|cases|[{"Id":"5001I000003mzcuQAA","Priority":"Low"},{"Id":"5001I000003mzd8QAA","Priority":"Low"},{"Id":"5001I000003mzdGQAQ","Priority":"Low"}]|0x6222ae74
15:38:47.0 (13351912)|STATEMENT_EXECUTE|[11]
15:38:47.0 (13373212)|SYSTEM_MODE_EXIT|false
15:38:47.13 (13399037)|CUMULATIVE_LIMIT_USAGE
15:38:47.13 (13399037)|LIMIT_USAGE_FOR_NS|(default)|
  Number of SOQL queries: 1 out of 100
  Number of query rows: 3 out of 50000
  Number of SOSL queries: 0 out of 20
  Number of DML statements: 0 out of 150
  Number of DML rows: 0 out of 10000
  Maximum CPU time: 0 out of 10000
  Maximum heap size: 0 out of 6000000
  Number of callouts: 0 out of 100
  Number of Email Invocations: 0 out of 10
  Number of future calls: 0 out of 50
  Number of queueable jobs added to the queue: 0 out of 50
  Number of Mobile Apex push calls: 0 out of 10

15:38:47.13 (13399037)|CUMULATIVE_LIMIT_USAGE_END

15:38:47.0 (13437050)|CODE_UNIT_FINISHED|CaseController.getNewCases
15:38:47.0 (13546774)|CODE_UNIT_FINISHED|Aura
15:38:47.0 (14836231)|EXECUTION_FINISHED
