41.0 APEX_CODE,FINEST;APEX_PROFILING,INFO;CALLOUT,INFO;DB,INFO;SYSTEM,DEBUG;VALIDATION,INFO;VISUALFORCE,INFO;WAVE,INFO;WORKFLOW,INFO
10:04:51.0 (329084)|USER_INFO|[EXTERNAL]|0051I00000112gB|trent@testorg.com|Pacific Standard Time|GMT-08:00
10:04:51.0 (367205)|EXECUTION_STARTED
10:04:51.0 (371140)|CODE_UNIT_STARTED|[EXTERNAL]|Aura
10:04:51.0 (1887031)|CODE_UNIT_STARTED|[EXTERNAL]|01p1I00000Dc465|GetCaseController.getNewCases
10:04:51.0 (2609338)|HEAP_ALLOCATE|[72]|Bytes:3
10:04:51.0 (2651744)|HEAP_ALLOCATE|[77]|Bytes:152
10:04:51.0 (2672706)|HEAP_ALLOCATE|[342]|Bytes:408
10:04:51.0 (2687275)|HEAP_ALLOCATE|[355]|Bytes:408
10:04:51.0 (2700599)|HEAP_ALLOCATE|[467]|Bytes:48
10:04:51.0 (2743038)|HEAP_ALLOCATE|[139]|Bytes:6
10:04:51.0 (2779261)|HEAP_ALLOCATE|[EXTERNAL]|Bytes:13
10:04:51.0 (2796872)|METHOD_ENTRY|[1]|01p1I00000Dc465|GetCaseController.GetCaseController()
10:04:51.0 (2804324)|STATEMENT_EXECUTE|[1]
10:04:51.0 (2812242)|STATEMENT_EXECUTE|[1]
10:04:51.0 (2850264)|HEAP_ALLOCATE|[50]|Bytes:5
10:04:51.0 (2888387)|HEAP_ALLOCATE|[56]|Bytes:5
10:04:51.0 (2899908)|HEAP_ALLOCATE|[64]|Bytes:7
10:04:51.0 (2928233)|SYSTEM_MODE_ENTER|false
10:04:51.0 (2945663)|HEAP_ALLOCATE|[EXTERNAL]|Bytes:5
10:04:51.0 (2954286)|SYSTEM_MODE_EXIT|false
10:04:51.0 (2964796)|METHOD_EXIT|[1]|GetCaseController
10:04:51.0 (3007679)|SYSTEM_MODE_ENTER|false
10:04:51.0 (3032346)|HEAP_ALLOCATE|[5]|Bytes:5
10:04:51.0 (3038969)|STATEMENT_EXECUTE|[4]
10:04:51.0 (3040950)|STATEMENT_EXECUTE|[5]
10:04:51.0 (3045092)|HEAP_ALLOCATE|[5]|Bytes:50
10:04:51.0 (3069450)|HEAP_ALLOCATE|[5]|Bytes:4
10:04:51.0 (4108383)|SOQL_EXECUTE_BEGIN|[5]|Aggregations:0|SELECT Id, Priority FROM Case WHERE Status = 'New'
10:04:51.0 (28498957)|SOQL_EXECUTE_END|[5]|Rows:3
10:04:51.0 (28547970)|HEAP_ALLOCATE|[5]|Bytes:16
10:04:51.0 (28581334)|HEAP_ALLOCATE|[5]|Bytes:132
10:04:51.0 (28686847)|HEAP_ALLOCATE|[5]|Bytes:16
10:04:51.0 (28720091)|VARIABLE_SCOPE_BEGIN|[5]|cases|List<Case>|true|false
10:04:51.0 (28786541)|VARIABLE_ASSIGNMENT|[5]|cases|[{"Id":"5001I000003mzcuQAA","Priority":"Low"},{"Id":"5001I000003mzd8QAA","Priority":"Low"},{"Id":"5001I000003mzdGQAQ","Priority":"Low"}]|0x27a28114
10:04:51.0 (28796789)|STATEMENT_EXECUTE|[6]
10:04:51.0 (28815732)|SYSTEM_MODE_EXIT|false
10:04:51.28 (28847469)|CUMULATIVE_LIMIT_USAGE
10:04:51.28 (28847469)|LIMIT_USAGE_FOR_NS|(default)|
  Number of SOQL queries: 1 out of 100
  Number of query rows: 3 out of 50000
  Number of SOSL queries: 0 out of 20
  Number of DML statements: 0 out of 150
  Number of DML rows: 0 out of 10000
  Maximum CPU time: 0 out of 10000
  Maximum heap size: 0 out of 6000000
  Number of callouts: 0 out of 100
  Number of Email Invocations: 0 out of 10
  Number of future calls: 0 out of 50
  Number of queueable jobs added to the queue: 0 out of 50
  Number of Mobile Apex push calls: 0 out of 10

10:04:51.28 (28847469)|CUMULATIVE_LIMIT_USAGE_END

10:04:51.0 (28886836)|CODE_UNIT_FINISHED|GetCaseController.getNewCases
10:04:51.0 (28964752)|CODE_UNIT_FINISHED|Aura
10:04:51.0 (30180533)|EXECUTION_FINISHED
10:04:51.31 (31739550)|USER_INFO|[EXTERNAL]|0051I00000112gB|trent@testorg.com|Pacific Standard Time|GMT-08:00
10:04:51.31 (31763611)|EXECUTION_STARTED
10:04:51.31 (31767937)|CODE_UNIT_STARTED|[EXTERNAL]|Aura
10:04:51.31 (32529218)|CODE_UNIT_STARTED|[EXTERNAL]|01p1I00000Dc465|GetCaseController.getWorkingCases
10:04:51.31 (32595983)|SYSTEM_MODE_ENTER|false
10:04:51.31 (32641141)|HEAP_ALLOCATE|[11]|Bytes:5
10:04:51.31 (32652044)|STATEMENT_EXECUTE|[10]
10:04:51.31 (32655068)|STATEMENT_EXECUTE|[11]
10:04:51.31 (32663359)|HEAP_ALLOCATE|[11]|Bytes:62
10:04:51.31 (32695196)|HEAP_ALLOCATE|[11]|Bytes:4
10:04:51.31 (33056358)|SOQL_EXECUTE_BEGIN|[11]|Aggregations:0|SELECT Id, Priority FROM Case WHERE Status = 'Working' LIMIT 4
10:04:51.31 (38165961)|SOQL_EXECUTE_END|[11]|Rows:0
10:04:51.31 (38190021)|HEAP_ALLOCATE|[11]|Bytes:4
10:04:51.31 (38203044)|HEAP_ALLOCATE|[11]|Bytes:0
10:04:51.31 (38255022)|HEAP_ALLOCATE|[11]|Bytes:4
10:04:51.31 (38271628)|VARIABLE_SCOPE_BEGIN|[11]|cases|List<Case>|true|false
10:04:51.31 (38301012)|VARIABLE_ASSIGNMENT|[11]|cases|[]|0x5f1546ef
10:04:51.31 (38308248)|STATEMENT_EXECUTE|[12]
10:04:51.31 (38323192)|SYSTEM_MODE_EXIT|false
10:04:51.38 (38347221)|CUMULATIVE_LIMIT_USAGE
10:04:51.38 (38347221)|LIMIT_USAGE_FOR_NS|(default)|
  Number of SOQL queries: 2 out of 100
  Number of query rows: 3 out of 50000
  Number of SOSL queries: 0 out of 20
  Number of DML statements: 0 out of 150
  Number of DML rows: 0 out of 10000
  Maximum CPU time: 0 out of 10000
  Maximum heap size: 0 out of 6000000
  Number of callouts: 0 out of 100
  Number of Email Invocations: 0 out of 10
  Number of future calls: 0 out of 50
  Number of queueable jobs added to the queue: 0 out of 50
  Number of Mobile Apex push calls: 0 out of 10

10:04:51.38 (38347221)|CUMULATIVE_LIMIT_USAGE_END

10:04:51.31 (38378708)|CODE_UNIT_FINISHED|GetCaseController.getWorkingCases
10:04:51.31 (38439311)|CODE_UNIT_FINISHED|Aura
10:04:51.31 (39425965)|EXECUTION_FINISHED
10:04:51.40 (40189904)|USER_INFO|[EXTERNAL]|0051I00000112gB|trent@testorg.com|Pacific Standard Time|GMT-08:00
10:04:51.40 (40203568)|EXECUTION_STARTED
10:04:51.40 (40205923)|CODE_UNIT_STARTED|[EXTERNAL]|Aura
10:04:51.40 (40906544)|CODE_UNIT_STARTED|[EXTERNAL]|01p1I00000Dc465|GetCaseController.getEscalatedCases
10:04:51.40 (40961248)|SYSTEM_MODE_ENTER|false
10:04:51.40 (40988759)|HEAP_ALLOCATE|[17]|Bytes:5
10:04:51.40 (40995119)|STATEMENT_EXECUTE|[16]
10:04:51.40 (40996782)|STATEMENT_EXECUTE|[17]
10:04:51.40 (41002855)|HEAP_ALLOCATE|[17]|Bytes:64
10:04:51.40 (41025051)|HEAP_ALLOCATE|[17]|Bytes:4
10:04:51.40 (41229260)|SOQL_EXECUTE_BEGIN|[17]|Aggregations:0|SELECT Id, Priority FROM Case WHERE Status = 'Escalated' LIMIT 4
10:04:51.40 (43629093)|SOQL_EXECUTE_END|[17]|Rows:0
10:04:51.40 (43648397)|HEAP_ALLOCATE|[17]|Bytes:4
10:04:51.40 (43658978)|HEAP_ALLOCATE|[17]|Bytes:0
10:04:51.40 (43696346)|HEAP_ALLOCATE|[17]|Bytes:4
10:04:51.40 (43707113)|VARIABLE_SCOPE_BEGIN|[17]|cases|List<Case>|true|false
10:04:51.40 (43729230)|VARIABLE_ASSIGNMENT|[17]|cases|[]|0x1766cb55
10:04:51.40 (43734929)|STATEMENT_EXECUTE|[18]
10:04:51.40 (43746110)|SYSTEM_MODE_EXIT|false
10:04:51.43 (43766214)|CUMULATIVE_LIMIT_USAGE
10:04:51.43 (43766214)|LIMIT_USAGE_FOR_NS|(default)|
  Number of SOQL queries: 3 out of 100
  Number of query rows: 3 out of 50000
  Number of SOSL queries: 0 out of 20
  Number of DML statements: 0 out of 150
  Number of DML rows: 0 out of 10000
  Maximum CPU time: 0 out of 10000
  Maximum heap size: 0 out of 6000000
  Number of callouts: 0 out of 100
  Number of Email Invocations: 0 out of 10
  Number of future calls: 0 out of 50
  Number of queueable jobs added to the queue: 0 out of 50
  Number of Mobile Apex push calls: 0 out of 10

10:04:51.43 (43766214)|CUMULATIVE_LIMIT_USAGE_END

10:04:51.40 (43792422)|CODE_UNIT_FINISHED|GetCaseController.getEscalatedCases
10:04:51.40 (43835677)|CODE_UNIT_FINISHED|Aura
10:04:51.40 (44916306)|EXECUTION_FINISHED
10:04:51.45 (45644981)|USER_INFO|[EXTERNAL]|0051I00000112gB|trent@testorg.com|Pacific Standard Time|GMT-08:00
10:04:51.45 (45658089)|EXECUTION_STARTED
10:04:51.45 (45660515)|CODE_UNIT_STARTED|[EXTERNAL]|Aura
10:04:51.45 (46331609)|CODE_UNIT_STARTED|[EXTERNAL]|01p1I00000Dc465|GetCaseController.getClosedCases
10:04:51.45 (46382489)|SYSTEM_MODE_ENTER|false
10:04:51.45 (46405770)|HEAP_ALLOCATE|[23]|Bytes:5
10:04:51.45 (46411412)|STATEMENT_EXECUTE|[22]
10:04:51.45 (46413019)|STATEMENT_EXECUTE|[23]
10:04:51.45 (46417936)|HEAP_ALLOCATE|[23]|Bytes:61
10:04:51.45 (46435592)|HEAP_ALLOCATE|[23]|Bytes:4
10:04:51.45 (46613464)|SOQL_EXECUTE_BEGIN|[23]|Aggregations:0|SELECT Id, Priority FROM Case WHERE Status = 'Closed' LIMIT 4
10:04:51.45 (49337448)|SOQL_EXECUTE_END|[23]|Rows:4
10:04:51.45 (49352987)|HEAP_ALLOCATE|[23]|Bytes:20
10:04:51.45 (49372527)|HEAP_ALLOCATE|[23]|Bytes:181
10:04:51.45 (49398410)|HEAP_ALLOCATE|[23]|Bytes:20
10:04:51.45 (49409001)|VARIABLE_SCOPE_BEGIN|[23]|cases|List<Case>|true|false
10:04:51.45 (49442137)|VARIABLE_ASSIGNMENT|[23]|cases|[{"Id":"5001I000003mzcsQAA","Priority":"High"},{"Id":"5001I000003mzctQAA","Priority":"High"},{"Id":"5001I000003mzcvQAA","Priority":"Low"},{"Id":"5001I000003mzcwQAA","Priority":"Medium"}]|0x131afe6a
10:04:51.45 (49449752)|STATEMENT_EXECUTE|[24]
10:04:51.45 (49457263)|SYSTEM_MODE_EXIT|false
10:04:51.49 (49475184)|CUMULATIVE_LIMIT_USAGE
10:04:51.49 (49475184)|LIMIT_USAGE_FOR_NS|(default)|
  Number of SOQL queries: 4 out of 100
  Number of query rows: 7 out of 50000
  Number of SOSL queries: 0 out of 20
  Number of DML statements: 0 out of 150
  Number of DML rows: 0 out of 10000
  Maximum CPU time: 0 out of 10000
  Maximum heap size: 0 out of 6000000
  Number of callouts: 0 out of 100
  Number of Email Invocations: 0 out of 10
  Number of future calls: 0 out of 50
  Number of queueable jobs added to the queue: 0 out of 50
  Number of Mobile Apex push calls: 0 out of 10

10:04:51.49 (49475184)|CUMULATIVE_LIMIT_USAGE_END

10:04:51.45 (49499621)|CODE_UNIT_FINISHED|GetCaseController.getClosedCases
10:04:51.45 (49554820)|CODE_UNIT_FINISHED|Aura
10:04:51.45 (50651054)|EXECUTION_FINISHED
