41.0 APEX_CODE,FINEST;APEX_PROFILING,INFO;CALLOUT,INFO;DB,INFO;SYSTEM,DEBUG;VALIDATION,INFO;VISUALFORCE,INFO;WAVE,INFO;WORKFLOW,INFO
13:04:11.0 (332465)|USER_INFO|[EXTERNAL]|0051I00000112gB|trent@testorg.com|Pacific Standard Time|GMT-08:00
13:04:11.0 (370922)|EXECUTION_STARTED
13:04:11.0 (375089)|CODE_UNIT_STARTED|[EXTERNAL]|Aura
13:04:11.0 (1724552)|CODE_UNIT_STARTED|[EXTERNAL]|01p1I00000Dc465|GetCaseController.getNewCases
13:04:11.0 (1998812)|HEAP_ALLOCATE|[72]|Bytes:3
13:04:11.0 (2040429)|HEAP_ALLOCATE|[77]|Bytes:152
13:04:11.0 (2056566)|HEAP_ALLOCATE|[342]|Bytes:408
13:04:11.0 (2067831)|HEAP_ALLOCATE|[355]|Bytes:408
13:04:11.0 (2077681)|HEAP_ALLOCATE|[467]|Bytes:48
13:04:11.0 (2105398)|HEAP_ALLOCATE|[139]|Bytes:6
13:04:11.0 (2119406)|HEAP_ALLOCATE|[EXTERNAL]|Bytes:10
13:04:11.0 (2131344)|METHOD_ENTRY|[1]|01p1I00000Dc465|GetCaseController.GetCaseController()
13:04:11.0 (2137869)|STATEMENT_EXECUTE|[1]
13:04:11.0 (2142694)|STATEMENT_EXECUTE|[1]
13:04:11.0 (2174806)|HEAP_ALLOCATE|[50]|Bytes:5
13:04:11.0 (2196367)|HEAP_ALLOCATE|[56]|Bytes:5
13:04:11.0 (2203194)|HEAP_ALLOCATE|[64]|Bytes:7
13:04:11.0 (2224271)|SYSTEM_MODE_ENTER|false
13:04:11.0 (2236948)|HEAP_ALLOCATE|[EXTERNAL]|Bytes:5
13:04:11.0 (2245075)|SYSTEM_MODE_EXIT|false
13:04:11.0 (2253639)|METHOD_EXIT|[1]|GetCaseController
13:04:11.0 (2264411)|SYSTEM_MODE_ENTER|false
13:04:11.0 (2277409)|HEAP_ALLOCATE|[5]|Bytes:5
13:04:11.0 (2281160)|STATEMENT_EXECUTE|[4]
13:04:11.0 (2282544)|STATEMENT_EXECUTE|[5]
13:04:11.0 (2284645)|HEAP_ALLOCATE|[5]|Bytes:50
13:04:11.0 (2301458)|HEAP_ALLOCATE|[5]|Bytes:4
13:04:11.0 (3220524)|SOQL_EXECUTE_BEGIN|[5]|Aggregations:0|SELECT Id, Priority FROM Case WHERE Status = 'New'
13:04:11.0 (7152070)|SOQL_EXECUTE_END|[5]|Rows:3
13:04:11.0 (7169258)|HEAP_ALLOCATE|[5]|Bytes:16
13:04:11.0 (7182697)|HEAP_ALLOCATE|[5]|Bytes:132
13:04:11.0 (7219039)|HEAP_ALLOCATE|[5]|Bytes:16
13:04:11.0 (7230934)|VARIABLE_SCOPE_BEGIN|[5]|cases|List<Case>|true|false
13:04:11.0 (7271777)|VARIABLE_ASSIGNMENT|[5]|cases|[{"Id":"5001I000003mzcuQAA","Priority":"Low"},{"Id":"5001I000003mzd8QAA","Priority":"Low"},{"Id":"5001I000003mzdGQAQ","Priority":"Low"}]|0x5c129067
13:04:11.0 (7286332)|STATEMENT_EXECUTE|[6]
13:04:11.0 (7293564)|SYSTEM_MODE_EXIT|false
13:04:11.7 (7322585)|CUMULATIVE_LIMIT_USAGE
13:04:11.7 (7322585)|LIMIT_USAGE_FOR_NS|(default)|
  Number of SOQL queries: 1 out of 100
  Number of query rows: 3 out of 50000
  Number of SOSL queries: 0 out of 20
  Number of DML statements: 0 out of 150
  Number of DML rows: 0 out of 10000
  Maximum CPU time: 0 out of 10000
  Maximum heap size: 0 out of 6000000
  Number of callouts: 0 out of 100
  Number of Email Invocations: 0 out of 10
  Number of future calls: 0 out of 50
  Number of queueable jobs added to the queue: 0 out of 50
  Number of Mobile Apex push calls: 0 out of 10

13:04:11.7 (7322585)|CUMULATIVE_LIMIT_USAGE_END

13:04:11.0 (7357779)|CODE_UNIT_FINISHED|GetCaseController.getNewCases
13:04:11.0 (7428736)|CODE_UNIT_FINISHED|Aura
13:04:11.0 (8517070)|EXECUTION_FINISHED
13:04:11.9 (9913676)|USER_INFO|[EXTERNAL]|0051I00000112gB|trent@testorg.com|Pacific Standard Time|GMT-08:00
13:04:11.9 (9926871)|EXECUTION_STARTED
13:04:11.9 (9929720)|CODE_UNIT_STARTED|[EXTERNAL]|Aura
13:04:11.9 (10615404)|CODE_UNIT_STARTED|[EXTERNAL]|01p1I00000Dc465|GetCaseController.getWorkingCases
13:04:11.9 (10657122)|SYSTEM_MODE_ENTER|false
13:04:11.9 (10675095)|HEAP_ALLOCATE|[11]|Bytes:5
13:04:11.9 (10680743)|STATEMENT_EXECUTE|[10]
13:04:11.9 (10682024)|STATEMENT_EXECUTE|[11]
13:04:11.9 (10684915)|HEAP_ALLOCATE|[11]|Bytes:54
13:04:11.9 (10697197)|HEAP_ALLOCATE|[11]|Bytes:4
13:04:11.9 (10820511)|SOQL_EXECUTE_BEGIN|[11]|Aggregations:0|SELECT Id, Priority FROM Case WHERE Status = 'Working'
13:04:11.9 (12746089)|SOQL_EXECUTE_END|[11]|Rows:1
13:04:11.9 (12762740)|HEAP_ALLOCATE|[11]|Bytes:8
13:04:11.9 (12774191)|HEAP_ALLOCATE|[11]|Bytes:47
13:04:11.9 (12801386)|HEAP_ALLOCATE|[11]|Bytes:8
13:04:11.9 (12811296)|VARIABLE_SCOPE_BEGIN|[11]|cases|List<Case>|true|false
13:04:11.9 (12832977)|VARIABLE_ASSIGNMENT|[11]|cases|[{"Id":"5001I000002yNMRQA2","Priority":"Medium"}]|0x946ae7d
13:04:11.9 (12839281)|STATEMENT_EXECUTE|[12]
13:04:11.9 (12846315)|SYSTEM_MODE_EXIT|false
13:04:11.12 (12860214)|CUMULATIVE_LIMIT_USAGE
13:04:11.12 (12860214)|LIMIT_USAGE_FOR_NS|(default)|
  Number of SOQL queries: 2 out of 100
  Number of query rows: 4 out of 50000
  Number of SOSL queries: 0 out of 20
  Number of DML statements: 0 out of 150
  Number of DML rows: 0 out of 10000
  Maximum CPU time: 0 out of 10000
  Maximum heap size: 0 out of 6000000
  Number of callouts: 0 out of 100
  Number of Email Invocations: 0 out of 10
  Number of future calls: 0 out of 50
  Number of queueable jobs added to the queue: 0 out of 50
  Number of Mobile Apex push calls: 0 out of 10

13:04:11.12 (12860214)|CUMULATIVE_LIMIT_USAGE_END

13:04:11.9 (12881449)|CODE_UNIT_FINISHED|GetCaseController.getWorkingCases
13:04:11.9 (12923688)|CODE_UNIT_FINISHED|Aura
13:04:11.9 (13899980)|EXECUTION_FINISHED
13:04:11.14 (14584166)|USER_INFO|[EXTERNAL]|0051I00000112gB|trent@testorg.com|Pacific Standard Time|GMT-08:00
13:04:11.14 (14596738)|EXECUTION_STARTED
13:04:11.14 (14599096)|CODE_UNIT_STARTED|[EXTERNAL]|Aura
13:04:11.14 (15290207)|CODE_UNIT_STARTED|[EXTERNAL]|01p1I00000Dc465|GetCaseController.getEscalatedCases
13:04:11.14 (15333837)|SYSTEM_MODE_ENTER|false
13:04:11.14 (15350980)|HEAP_ALLOCATE|[17]|Bytes:5
13:04:11.14 (15356611)|STATEMENT_EXECUTE|[16]
13:04:11.14 (15358090)|STATEMENT_EXECUTE|[17]
13:04:11.14 (15361061)|HEAP_ALLOCATE|[17]|Bytes:56
13:04:11.14 (15374563)|HEAP_ALLOCATE|[17]|Bytes:4
13:04:11.14 (15502667)|SOQL_EXECUTE_BEGIN|[17]|Aggregations:0|SELECT Id, Priority FROM Case WHERE Status = 'Escalated'
13:04:11.14 (18948003)|SOQL_EXECUTE_END|[17]|Rows:1
13:04:11.14 (18964352)|HEAP_ALLOCATE|[17]|Bytes:8
13:04:11.14 (18976042)|HEAP_ALLOCATE|[17]|Bytes:45
13:04:11.14 (19005461)|HEAP_ALLOCATE|[17]|Bytes:8
13:04:11.14 (19016451)|VARIABLE_SCOPE_BEGIN|[17]|cases|List<Case>|true|false
13:04:11.14 (19041033)|VARIABLE_ASSIGNMENT|[17]|cases|[{"Id":"5001I000002yNMWQA2","Priority":"High"}]|0x6b5f0e00
13:04:11.14 (19048866)|STATEMENT_EXECUTE|[18]
13:04:11.14 (19056508)|SYSTEM_MODE_EXIT|false
13:04:11.19 (19071145)|CUMULATIVE_LIMIT_USAGE
13:04:11.19 (19071145)|LIMIT_USAGE_FOR_NS|(default)|
  Number of SOQL queries: 3 out of 100
  Number of query rows: 5 out of 50000
  Number of SOSL queries: 0 out of 20
  Number of DML statements: 0 out of 150
  Number of DML rows: 0 out of 10000
  Maximum CPU time: 0 out of 10000
  Maximum heap size: 0 out of 6000000
  Number of callouts: 0 out of 100
  Number of Email Invocations: 0 out of 10
  Number of future calls: 0 out of 50
  Number of queueable jobs added to the queue: 0 out of 50
  Number of Mobile Apex push calls: 0 out of 10

13:04:11.19 (19071145)|CUMULATIVE_LIMIT_USAGE_END

13:04:11.14 (19094809)|CODE_UNIT_FINISHED|GetCaseController.getEscalatedCases
13:04:11.14 (19138094)|CODE_UNIT_FINISHED|Aura
13:04:11.14 (20322246)|EXECUTION_FINISHED
13:04:11.21 (21017820)|USER_INFO|[EXTERNAL]|0051I00000112gB|trent@testorg.com|Pacific Standard Time|GMT-08:00
13:04:11.21 (21030212)|EXECUTION_STARTED
13:04:11.21 (21032564)|CODE_UNIT_STARTED|[EXTERNAL]|Aura
13:04:11.21 (21702819)|CODE_UNIT_STARTED|[EXTERNAL]|01p1I00000Dc465|GetCaseController.getClosedCases
13:04:11.21 (21741133)|SYSTEM_MODE_ENTER|false
13:04:11.21 (21757557)|HEAP_ALLOCATE|[23]|Bytes:5
13:04:11.21 (21762725)|STATEMENT_EXECUTE|[22]
13:04:11.21 (21764075)|STATEMENT_EXECUTE|[23]
13:04:11.21 (21767449)|HEAP_ALLOCATE|[23]|Bytes:53
13:04:11.21 (21781128)|HEAP_ALLOCATE|[23]|Bytes:4
13:04:11.21 (21905461)|SOQL_EXECUTE_BEGIN|[23]|Aggregations:0|SELECT Id, Priority FROM Case WHERE Status = 'Closed'
13:04:11.21 (24830075)|SOQL_EXECUTE_END|[23]|Rows:23
13:04:11.21 (24846119)|HEAP_ALLOCATE|[23]|Bytes:96
13:04:11.21 (24878080)|HEAP_ALLOCATE|[23]|Bytes:1057
13:04:11.21 (24905855)|HEAP_ALLOCATE|[23]|Bytes:96
13:04:11.21 (24915940)|VARIABLE_SCOPE_BEGIN|[23]|cases|List<Case>|true|false
13:04:11.21 (24932328)|VARIABLE_ASSIGNMENT|[23]|cases|"List of size 23 too large to display"|0x68419b3e
13:04:11.21 (24938624)|STATEMENT_EXECUTE|[24]
13:04:11.21 (24945911)|SYSTEM_MODE_EXIT|false
13:04:11.24 (24959681)|CUMULATIVE_LIMIT_USAGE
13:04:11.24 (24959681)|LIMIT_USAGE_FOR_NS|(default)|
  Number of SOQL queries: 4 out of 100
  Number of query rows: 28 out of 50000
  Number of SOSL queries: 0 out of 20
  Number of DML statements: 0 out of 150
  Number of DML rows: 0 out of 10000
  Maximum CPU time: 0 out of 10000
  Maximum heap size: 0 out of 6000000
  Number of callouts: 0 out of 100
  Number of Email Invocations: 0 out of 10
  Number of future calls: 0 out of 50
  Number of queueable jobs added to the queue: 0 out of 50
  Number of Mobile Apex push calls: 0 out of 10

13:04:11.24 (24959681)|CUMULATIVE_LIMIT_USAGE_END

13:04:11.21 (24981454)|CODE_UNIT_FINISHED|GetCaseController.getClosedCases
13:04:11.21 (25096116)|CODE_UNIT_FINISHED|Aura
13:04:11.21 (26224382)|EXECUTION_FINISHED
