41.0 APEX_CODE,FINEST;APEX_PROFILING,INFO;CALLOUT,INFO;DB,INFO;SYSTEM,DEBUG;VALIDATION,INFO;VISUALFORCE,INFO;WAVE,INFO;WORKFLOW,INFO
10:51:05.0 (349916)|USER_INFO|[EXTERNAL]|0051I00000112gB|trent@testorg.com|Pacific Standard Time|GMT-08:00
10:51:05.0 (532204)|EXECUTION_STARTED
10:51:05.0 (536046)|CODE_UNIT_STARTED|[EXTERNAL]|Aura
10:51:05.0 (2074219)|CODE_UNIT_STARTED|[EXTERNAL]|01p1I00000Dc465|GetCaseController.getNewCases
10:51:05.0 (2703175)|HEAP_ALLOCATE|[72]|Bytes:3
10:51:05.0 (2755317)|HEAP_ALLOCATE|[77]|Bytes:152
10:51:05.0 (2774835)|HEAP_ALLOCATE|[342]|Bytes:408
10:51:05.0 (2790654)|HEAP_ALLOCATE|[355]|Bytes:408
10:51:05.0 (2804036)|HEAP_ALLOCATE|[467]|Bytes:48
10:51:05.0 (2863635)|HEAP_ALLOCATE|[139]|Bytes:6
10:51:05.0 (2879562)|HEAP_ALLOCATE|[EXTERNAL]|Bytes:13
10:51:05.0 (2917922)|METHOD_ENTRY|[1]|01p1I00000Dc465|GetCaseController.GetCaseController()
10:51:05.0 (2925606)|STATEMENT_EXECUTE|[1]
10:51:05.0 (2932544)|STATEMENT_EXECUTE|[1]
10:51:05.0 (2965253)|HEAP_ALLOCATE|[50]|Bytes:5
10:51:05.0 (2986132)|HEAP_ALLOCATE|[56]|Bytes:5
10:51:05.0 (2993310)|HEAP_ALLOCATE|[64]|Bytes:7
10:51:05.0 (3014662)|SYSTEM_MODE_ENTER|false
10:51:05.0 (3119380)|HEAP_ALLOCATE|[EXTERNAL]|Bytes:5
10:51:05.0 (3129954)|SYSTEM_MODE_EXIT|false
10:51:05.0 (3153342)|METHOD_EXIT|[1]|GetCaseController
10:51:05.0 (3167925)|SYSTEM_MODE_ENTER|false
10:51:05.0 (3182318)|HEAP_ALLOCATE|[5]|Bytes:5
10:51:05.0 (3187204)|STATEMENT_EXECUTE|[4]
10:51:05.0 (3188660)|STATEMENT_EXECUTE|[5]
10:51:05.0 (3192002)|HEAP_ALLOCATE|[5]|Bytes:50
10:51:05.0 (3205734)|HEAP_ALLOCATE|[5]|Bytes:4
10:51:05.0 (3970173)|SOQL_EXECUTE_BEGIN|[5]|Aggregations:0|SELECT Id, Priority FROM Case WHERE Status = 'New'
10:51:05.0 (28233045)|SOQL_EXECUTE_END|[5]|Rows:3
10:51:05.0 (28269207)|HEAP_ALLOCATE|[5]|Bytes:16
10:51:05.0 (28300554)|HEAP_ALLOCATE|[5]|Bytes:132
10:51:05.0 (28372457)|HEAP_ALLOCATE|[5]|Bytes:16
10:51:05.0 (28395220)|VARIABLE_SCOPE_BEGIN|[5]|cases|List<Case>|true|false
10:51:05.0 (28449365)|VARIABLE_ASSIGNMENT|[5]|cases|[{"Id":"5001I000003mzcuQAA","Priority":"Low"},{"Id":"5001I000003mzd8QAA","Priority":"Low"},{"Id":"5001I000003mzdGQAQ","Priority":"Low"}]|0x3a14a1e8
10:51:05.0 (28459796)|STATEMENT_EXECUTE|[6]
10:51:05.0 (28487317)|SYSTEM_MODE_EXIT|false
10:51:05.28 (28519582)|CUMULATIVE_LIMIT_USAGE
10:51:05.28 (28519582)|LIMIT_USAGE_FOR_NS|(default)|
  Number of SOQL queries: 1 out of 100
  Number of query rows: 3 out of 50000
  Number of SOSL queries: 0 out of 20
  Number of DML statements: 0 out of 150
  Number of DML rows: 0 out of 10000
  Maximum CPU time: 0 out of 10000
  Maximum heap size: 0 out of 6000000
  Number of callouts: 0 out of 100
  Number of Email Invocations: 0 out of 10
  Number of future calls: 0 out of 50
  Number of queueable jobs added to the queue: 0 out of 50
  Number of Mobile Apex push calls: 0 out of 10

10:51:05.28 (28519582)|CUMULATIVE_LIMIT_USAGE_END

10:51:05.0 (28560646)|CODE_UNIT_FINISHED|GetCaseController.getNewCases
10:51:05.0 (28648248)|CODE_UNIT_FINISHED|Aura
10:51:05.0 (30010752)|EXECUTION_FINISHED
10:51:05.31 (31738912)|USER_INFO|[EXTERNAL]|0051I00000112gB|trent@testorg.com|Pacific Standard Time|GMT-08:00
10:51:05.31 (31763170)|EXECUTION_STARTED
10:51:05.31 (31767710)|CODE_UNIT_STARTED|[EXTERNAL]|Aura
10:51:05.31 (32486556)|CODE_UNIT_STARTED|[EXTERNAL]|01p1I00000Dc465|GetCaseController.getWorkingCases
10:51:05.31 (32547066)|SYSTEM_MODE_ENTER|false
10:51:05.31 (32570249)|HEAP_ALLOCATE|[11]|Bytes:5
10:51:05.31 (32579515)|STATEMENT_EXECUTE|[10]
10:51:05.31 (32581267)|STATEMENT_EXECUTE|[11]
10:51:05.31 (32584697)|HEAP_ALLOCATE|[11]|Bytes:62
10:51:05.31 (32600499)|HEAP_ALLOCATE|[11]|Bytes:4
10:51:05.31 (32814942)|SOQL_EXECUTE_BEGIN|[11]|Aggregations:0|SELECT Id, Priority FROM Case WHERE Status = 'Working' LIMIT 4
10:51:05.31 (38272326)|SOQL_EXECUTE_END|[11]|Rows:0
10:51:05.31 (38312614)|HEAP_ALLOCATE|[11]|Bytes:4
10:51:05.31 (38328038)|HEAP_ALLOCATE|[11]|Bytes:0
10:51:05.31 (38379520)|HEAP_ALLOCATE|[11]|Bytes:4
10:51:05.31 (38405597)|VARIABLE_SCOPE_BEGIN|[11]|cases|List<Case>|true|false
10:51:05.31 (38446318)|VARIABLE_ASSIGNMENT|[11]|cases|[]|0x327f945
10:51:05.31 (38458008)|STATEMENT_EXECUTE|[12]
10:51:05.31 (38474856)|SYSTEM_MODE_EXIT|false
10:51:05.38 (38504708)|CUMULATIVE_LIMIT_USAGE
10:51:05.38 (38504708)|LIMIT_USAGE_FOR_NS|(default)|
  Number of SOQL queries: 2 out of 100
  Number of query rows: 3 out of 50000
  Number of SOSL queries: 0 out of 20
  Number of DML statements: 0 out of 150
  Number of DML rows: 0 out of 10000
  Maximum CPU time: 0 out of 10000
  Maximum heap size: 0 out of 6000000
  Number of callouts: 0 out of 100
  Number of Email Invocations: 0 out of 10
  Number of future calls: 0 out of 50
  Number of queueable jobs added to the queue: 0 out of 50
  Number of Mobile Apex push calls: 0 out of 10

10:51:05.38 (38504708)|CUMULATIVE_LIMIT_USAGE_END

10:51:05.31 (38547776)|CODE_UNIT_FINISHED|GetCaseController.getWorkingCases
10:51:05.31 (38628615)|CODE_UNIT_FINISHED|Aura
10:51:05.31 (39769302)|EXECUTION_FINISHED
10:51:05.40 (40633923)|USER_INFO|[EXTERNAL]|0051I00000112gB|trent@testorg.com|Pacific Standard Time|GMT-08:00
10:51:05.40 (40658725)|EXECUTION_STARTED
10:51:05.40 (40663190)|CODE_UNIT_STARTED|[EXTERNAL]|Aura
10:51:05.40 (41629138)|CODE_UNIT_STARTED|[EXTERNAL]|01p1I00000Dc465|GetCaseController.getEscalatedCases
10:51:05.40 (41725347)|SYSTEM_MODE_ENTER|false
10:51:05.40 (41753477)|HEAP_ALLOCATE|[17]|Bytes:5
10:51:05.40 (41762523)|STATEMENT_EXECUTE|[16]
10:51:05.40 (41765045)|STATEMENT_EXECUTE|[17]
10:51:05.40 (41768862)|HEAP_ALLOCATE|[17]|Bytes:64
10:51:05.40 (41785303)|HEAP_ALLOCATE|[17]|Bytes:4
10:51:05.40 (41993974)|SOQL_EXECUTE_BEGIN|[17]|Aggregations:0|SELECT Id, Priority FROM Case WHERE Status = 'Escalated' LIMIT 4
10:51:05.40 (44714164)|SOQL_EXECUTE_END|[17]|Rows:0
10:51:05.40 (44737829)|HEAP_ALLOCATE|[17]|Bytes:4
10:51:05.40 (44748619)|HEAP_ALLOCATE|[17]|Bytes:0
10:51:05.40 (44782353)|HEAP_ALLOCATE|[17]|Bytes:4
10:51:05.40 (44804244)|VARIABLE_SCOPE_BEGIN|[17]|cases|List<Case>|true|false
10:51:05.40 (44842317)|VARIABLE_ASSIGNMENT|[17]|cases|[]|0x54596d75
10:51:05.40 (44849957)|STATEMENT_EXECUTE|[18]
10:51:05.40 (44861857)|SYSTEM_MODE_EXIT|false
10:51:05.44 (44887024)|CUMULATIVE_LIMIT_USAGE
10:51:05.44 (44887024)|LIMIT_USAGE_FOR_NS|(default)|
  Number of SOQL queries: 3 out of 100
  Number of query rows: 3 out of 50000
  Number of SOSL queries: 0 out of 20
  Number of DML statements: 0 out of 150
  Number of DML rows: 0 out of 10000
  Maximum CPU time: 0 out of 10000
  Maximum heap size: 0 out of 6000000
  Number of callouts: 0 out of 100
  Number of Email Invocations: 0 out of 10
  Number of future calls: 0 out of 50
  Number of queueable jobs added to the queue: 0 out of 50
  Number of Mobile Apex push calls: 0 out of 10

10:51:05.44 (44887024)|CUMULATIVE_LIMIT_USAGE_END

10:51:05.40 (44921450)|CODE_UNIT_FINISHED|GetCaseController.getEscalatedCases
10:51:05.40 (44987606)|CODE_UNIT_FINISHED|Aura
10:51:05.40 (46018911)|EXECUTION_FINISHED
10:51:05.65 (65103705)|USER_INFO|[EXTERNAL]|0051I00000112gB|trent@testorg.com|Pacific Standard Time|GMT-08:00
10:51:05.65 (65124488)|EXECUTION_STARTED
10:51:05.65 (65128932)|CODE_UNIT_STARTED|[EXTERNAL]|Aura
10:51:05.65 (65923791)|CODE_UNIT_STARTED|[EXTERNAL]|01p1I00000Dc465|GetCaseController.getClosedCases
10:51:05.65 (65995403)|SYSTEM_MODE_ENTER|false
10:51:05.65 (66019076)|HEAP_ALLOCATE|[23]|Bytes:5
10:51:05.65 (66030435)|STATEMENT_EXECUTE|[22]
10:51:05.65 (66032740)|STATEMENT_EXECUTE|[23]
10:51:05.65 (66037163)|HEAP_ALLOCATE|[23]|Bytes:61
10:51:05.65 (66062013)|HEAP_ALLOCATE|[23]|Bytes:4
10:51:05.65 (66326662)|SOQL_EXECUTE_BEGIN|[23]|Aggregations:0|SELECT Id, Priority FROM Case WHERE Status = 'Closed' LIMIT 4
10:51:05.65 (69367331)|SOQL_EXECUTE_END|[23]|Rows:4
10:51:05.65 (69387141)|HEAP_ALLOCATE|[23]|Bytes:20
10:51:05.65 (69410652)|HEAP_ALLOCATE|[23]|Bytes:181
10:51:05.65 (69448030)|HEAP_ALLOCATE|[23]|Bytes:20
10:51:05.65 (69463427)|VARIABLE_SCOPE_BEGIN|[23]|cases|List<Case>|true|false
10:51:05.65 (69506468)|VARIABLE_ASSIGNMENT|[23]|cases|[{"Id":"5001I000003mzcsQAA","Priority":"High"},{"Id":"5001I000003mzctQAA","Priority":"High"},{"Id":"5001I000003mzcvQAA","Priority":"Low"},{"Id":"5001I000003mzcwQAA","Priority":"Medium"}]|0x269ba3de
10:51:05.65 (69516068)|STATEMENT_EXECUTE|[24]
10:51:05.65 (69527533)|SYSTEM_MODE_EXIT|false
10:51:05.69 (69554053)|CUMULATIVE_LIMIT_USAGE
10:51:05.69 (69554053)|LIMIT_USAGE_FOR_NS|(default)|
  Number of SOQL queries: 4 out of 100
  Number of query rows: 7 out of 50000
  Number of SOSL queries: 0 out of 20
  Number of DML statements: 0 out of 150
  Number of DML rows: 0 out of 10000
  Maximum CPU time: 0 out of 10000
  Maximum heap size: 0 out of 6000000
  Number of callouts: 0 out of 100
  Number of Email Invocations: 0 out of 10
  Number of future calls: 0 out of 50
  Number of queueable jobs added to the queue: 0 out of 50
  Number of Mobile Apex push calls: 0 out of 10

10:51:05.69 (69554053)|CUMULATIVE_LIMIT_USAGE_END

10:51:05.65 (69598228)|CODE_UNIT_FINISHED|GetCaseController.getClosedCases
10:51:05.65 (69684873)|CODE_UNIT_FINISHED|Aura
10:51:05.65 (70756642)|EXECUTION_FINISHED
