41.0 APEX_CODE,FINEST;APEX_PROFILING,INFO;CALLOUT,INFO;DB,INFO;SYSTEM,DEBUG;VALIDATION,INFO;VISUALFORCE,INFO;WAVE,INFO;WORKFLOW,INFO
09:13:36.0 (287623)|USER_INFO|[EXTERNAL]|0051I00000112gB|trent@testorg.com|Pacific Standard Time|GMT-08:00
09:13:36.0 (317349)|EXECUTION_STARTED
09:13:36.0 (322175)|CODE_UNIT_STARTED|[EXTERNAL]|Aura
09:13:36.0 (1628416)|CODE_UNIT_STARTED|[EXTERNAL]|01p1I00000Dc465|GetCaseController.getNewCases
09:13:36.0 (2144222)|HEAP_ALLOCATE|[72]|Bytes:3
09:13:36.0 (2190491)|HEAP_ALLOCATE|[77]|Bytes:152
09:13:36.0 (2204985)|HEAP_ALLOCATE|[342]|Bytes:408
09:13:36.0 (2216245)|HEAP_ALLOCATE|[355]|Bytes:408
09:13:36.0 (2227101)|HEAP_ALLOCATE|[467]|Bytes:48
09:13:36.0 (2252276)|HEAP_ALLOCATE|[139]|Bytes:6
09:13:36.0 (2266611)|HEAP_ALLOCATE|[EXTERNAL]|Bytes:13
09:13:36.0 (2275534)|METHOD_ENTRY|[1]|01p1I00000Dc465|GetCaseController.GetCaseController()
09:13:36.0 (2281249)|STATEMENT_EXECUTE|[1]
09:13:36.0 (2285850)|STATEMENT_EXECUTE|[1]
09:13:36.0 (2320421)|HEAP_ALLOCATE|[50]|Bytes:5
09:13:36.0 (2360742)|HEAP_ALLOCATE|[56]|Bytes:5
09:13:36.0 (2373915)|HEAP_ALLOCATE|[64]|Bytes:7
09:13:36.0 (2404496)|SYSTEM_MODE_ENTER|false
09:13:36.0 (2420401)|HEAP_ALLOCATE|[EXTERNAL]|Bytes:5
09:13:36.0 (2428851)|SYSTEM_MODE_EXIT|false
09:13:36.0 (2437408)|METHOD_EXIT|[1]|GetCaseController
09:13:36.0 (2448400)|SYSTEM_MODE_ENTER|false
09:13:36.0 (2474370)|HEAP_ALLOCATE|[5]|Bytes:5
09:13:36.0 (2479065)|STATEMENT_EXECUTE|[4]
09:13:36.0 (2480492)|STATEMENT_EXECUTE|[5]
09:13:36.0 (2482665)|HEAP_ALLOCATE|[5]|Bytes:58
09:13:36.0 (2503247)|HEAP_ALLOCATE|[5]|Bytes:4
09:13:36.0 (3370402)|SOQL_EXECUTE_BEGIN|[5]|Aggregations:0|SELECT Id, Priority FROM Case WHERE Status = 'New' LIMIT 4
09:13:36.0 (9194000)|SOQL_EXECUTE_END|[5]|Rows:3
09:13:36.0 (9214022)|HEAP_ALLOCATE|[5]|Bytes:16
09:13:36.0 (9233127)|HEAP_ALLOCATE|[5]|Bytes:132
09:13:36.0 (9281247)|HEAP_ALLOCATE|[5]|Bytes:16
09:13:36.0 (9292045)|VARIABLE_SCOPE_BEGIN|[5]|cases|List<Case>|true|false
09:13:36.0 (9331909)|VARIABLE_ASSIGNMENT|[5]|cases|[{"Id":"5001I000003mzcuQAA","Priority":"Low"},{"Id":"5001I000003mzd8QAA","Priority":"Low"},{"Id":"5001I000003mzdGQAQ","Priority":"Low"}]|0x13cd6c95
09:13:36.0 (9339487)|STATEMENT_EXECUTE|[6]
09:13:36.0 (9348254)|SYSTEM_MODE_EXIT|false
09:13:36.9 (9369604)|CUMULATIVE_LIMIT_USAGE
09:13:36.9 (9369604)|LIMIT_USAGE_FOR_NS|(default)|
  Number of SOQL queries: 1 out of 100
  Number of query rows: 3 out of 50000
  Number of SOSL queries: 0 out of 20
  Number of DML statements: 0 out of 150
  Number of DML rows: 0 out of 10000
  Maximum CPU time: 0 out of 10000
  Maximum heap size: 0 out of 6000000
  Number of callouts: 0 out of 100
  Number of Email Invocations: 0 out of 10
  Number of future calls: 0 out of 50
  Number of queueable jobs added to the queue: 0 out of 50
  Number of Mobile Apex push calls: 0 out of 10

09:13:36.9 (9369604)|CUMULATIVE_LIMIT_USAGE_END

09:13:36.0 (9403408)|CODE_UNIT_FINISHED|GetCaseController.getNewCases
09:13:36.0 (9464341)|CODE_UNIT_FINISHED|Aura
09:13:36.0 (10590437)|EXECUTION_FINISHED
