41.0 APEX_CODE,FINEST;APEX_PROFILING,INFO;CALLOUT,INFO;DB,INFO;SYSTEM,DEBUG;VALIDATION,INFO;VISUALFORCE,INFO;WAVE,INFO;WORKFLOW,INFO
13:11:38.0 (312476)|USER_INFO|[EXTERNAL]|0051I00000112gB|trent@testorg.com|Pacific Standard Time|GMT-08:00
13:11:38.0 (351525)|EXECUTION_STARTED
13:11:38.0 (355098)|CODE_UNIT_STARTED|[EXTERNAL]|Aura
13:11:38.0 (1810137)|CODE_UNIT_STARTED|[EXTERNAL]|01p1I00000Dc465|GetCaseController.getNewCases
13:11:38.0 (2109156)|HEAP_ALLOCATE|[72]|Bytes:3
13:11:38.0 (2176458)|HEAP_ALLOCATE|[77]|Bytes:152
13:11:38.0 (2195432)|HEAP_ALLOCATE|[342]|Bytes:408
13:11:38.0 (2209991)|HEAP_ALLOCATE|[355]|Bytes:408
13:11:38.0 (2223320)|HEAP_ALLOCATE|[467]|Bytes:48
13:11:38.0 (2254085)|HEAP_ALLOCATE|[139]|Bytes:6
13:11:38.0 (2269430)|HEAP_ALLOCATE|[EXTERNAL]|Bytes:10
13:11:38.0 (2305503)|METHOD_ENTRY|[1]|01p1I00000Dc465|GetCaseController.GetCaseController()
13:11:38.0 (2311649)|STATEMENT_EXECUTE|[1]
13:11:38.0 (2316294)|STATEMENT_EXECUTE|[1]
13:11:38.0 (2345918)|HEAP_ALLOCATE|[50]|Bytes:5
13:11:38.0 (2371596)|HEAP_ALLOCATE|[56]|Bytes:5
13:11:38.0 (2378947)|HEAP_ALLOCATE|[64]|Bytes:7
13:11:38.0 (2403588)|SYSTEM_MODE_ENTER|false
13:11:38.0 (2570586)|HEAP_ALLOCATE|[EXTERNAL]|Bytes:5
13:11:38.0 (2581680)|SYSTEM_MODE_EXIT|false
13:11:38.0 (2589407)|METHOD_EXIT|[1]|GetCaseController
13:11:38.0 (2604204)|SYSTEM_MODE_ENTER|false
13:11:38.0 (2618871)|HEAP_ALLOCATE|[5]|Bytes:5
13:11:38.0 (2623474)|STATEMENT_EXECUTE|[4]
13:11:38.0 (2624721)|STATEMENT_EXECUTE|[5]
13:11:38.0 (2627115)|HEAP_ALLOCATE|[5]|Bytes:50
13:11:38.0 (2646639)|HEAP_ALLOCATE|[5]|Bytes:4
13:11:38.0 (3669631)|SOQL_EXECUTE_BEGIN|[5]|Aggregations:0|SELECT Id, Priority FROM Case WHERE Status = 'New'
13:11:38.0 (8757112)|SOQL_EXECUTE_END|[5]|Rows:3
13:11:38.0 (8786218)|HEAP_ALLOCATE|[5]|Bytes:16
13:11:38.0 (8811024)|HEAP_ALLOCATE|[5]|Bytes:132
13:11:38.0 (8866906)|HEAP_ALLOCATE|[5]|Bytes:16
13:11:38.0 (8887106)|VARIABLE_SCOPE_BEGIN|[5]|cases|List<Case>|true|false
13:11:38.0 (8946160)|VARIABLE_ASSIGNMENT|[5]|cases|[{"Id":"5001I000003mzcuQAA","Priority":"Low"},{"Id":"5001I000003mzd8QAA","Priority":"Low"},{"Id":"5001I000003mzdGQAQ","Priority":"Low"}]|0x7de42381
13:11:38.0 (8959396)|STATEMENT_EXECUTE|[6]
13:11:38.0 (8972342)|SYSTEM_MODE_EXIT|false
13:11:38.9 (9013301)|CUMULATIVE_LIMIT_USAGE
13:11:38.9 (9013301)|LIMIT_USAGE_FOR_NS|(default)|
  Number of SOQL queries: 1 out of 100
  Number of query rows: 3 out of 50000
  Number of SOSL queries: 0 out of 20
  Number of DML statements: 0 out of 150
  Number of DML rows: 0 out of 10000
  Maximum CPU time: 0 out of 10000
  Maximum heap size: 0 out of 6000000
  Number of callouts: 0 out of 100
  Number of Email Invocations: 0 out of 10
  Number of future calls: 0 out of 50
  Number of queueable jobs added to the queue: 0 out of 50
  Number of Mobile Apex push calls: 0 out of 10

13:11:38.9 (9013301)|CUMULATIVE_LIMIT_USAGE_END

13:11:38.0 (9064300)|CODE_UNIT_FINISHED|GetCaseController.getNewCases
13:11:38.0 (9171102)|CODE_UNIT_FINISHED|Aura
13:11:38.0 (10373865)|EXECUTION_FINISHED
13:11:38.11 (11925628)|USER_INFO|[EXTERNAL]|0051I00000112gB|trent@testorg.com|Pacific Standard Time|GMT-08:00
13:11:38.11 (11945900)|EXECUTION_STARTED
13:11:38.11 (11950250)|CODE_UNIT_STARTED|[EXTERNAL]|Aura
13:11:38.11 (12696478)|CODE_UNIT_STARTED|[EXTERNAL]|01p1I00000Dc465|GetCaseController.getWorkingCases
13:11:38.11 (12765651)|SYSTEM_MODE_ENTER|false
13:11:38.11 (12789025)|HEAP_ALLOCATE|[11]|Bytes:5
13:11:38.11 (12795394)|STATEMENT_EXECUTE|[10]
13:11:38.11 (12796800)|STATEMENT_EXECUTE|[11]
13:11:38.11 (12799879)|HEAP_ALLOCATE|[11]|Bytes:54
13:11:38.11 (12815227)|HEAP_ALLOCATE|[11]|Bytes:4
13:11:38.11 (13015801)|SOQL_EXECUTE_BEGIN|[11]|Aggregations:0|SELECT Id, Priority FROM Case WHERE Status = 'Working'
13:11:38.11 (16133786)|SOQL_EXECUTE_END|[11]|Rows:1
13:11:38.11 (16151579)|HEAP_ALLOCATE|[11]|Bytes:8
13:11:38.11 (16163962)|HEAP_ALLOCATE|[11]|Bytes:47
13:11:38.11 (16193953)|HEAP_ALLOCATE|[11]|Bytes:8
13:11:38.11 (16206833)|VARIABLE_SCOPE_BEGIN|[11]|cases|List<Case>|true|false
13:11:38.11 (16233455)|VARIABLE_ASSIGNMENT|[11]|cases|[{"Id":"5001I000002yNMRQA2","Priority":"Medium"}]|0x4399f7be
13:11:38.11 (16240543)|STATEMENT_EXECUTE|[12]
13:11:38.11 (16248800)|SYSTEM_MODE_EXIT|false
13:11:38.16 (16271672)|CUMULATIVE_LIMIT_USAGE
13:11:38.16 (16271672)|LIMIT_USAGE_FOR_NS|(default)|
  Number of SOQL queries: 2 out of 100
  Number of query rows: 4 out of 50000
  Number of SOSL queries: 0 out of 20
  Number of DML statements: 0 out of 150
  Number of DML rows: 0 out of 10000
  Maximum CPU time: 0 out of 10000
  Maximum heap size: 0 out of 6000000
  Number of callouts: 0 out of 100
  Number of Email Invocations: 0 out of 10
  Number of future calls: 0 out of 50
  Number of queueable jobs added to the queue: 0 out of 50
  Number of Mobile Apex push calls: 0 out of 10

13:11:38.16 (16271672)|CUMULATIVE_LIMIT_USAGE_END

13:11:38.11 (16298384)|CODE_UNIT_FINISHED|GetCaseController.getWorkingCases
13:11:38.11 (16349783)|CODE_UNIT_FINISHED|Aura
13:11:38.11 (17561844)|EXECUTION_FINISHED
13:11:38.18 (18319045)|USER_INFO|[EXTERNAL]|0051I00000112gB|trent@testorg.com|Pacific Standard Time|GMT-08:00
13:11:38.18 (18333831)|EXECUTION_STARTED
13:11:38.18 (18336708)|CODE_UNIT_STARTED|[EXTERNAL]|Aura
13:11:38.18 (19025433)|CODE_UNIT_STARTED|[EXTERNAL]|01p1I00000Dc465|GetCaseController.getEscalatedCases
13:11:38.18 (19070930)|SYSTEM_MODE_ENTER|false
13:11:38.18 (19089893)|HEAP_ALLOCATE|[17]|Bytes:5
13:11:38.18 (19096312)|STATEMENT_EXECUTE|[16]
13:11:38.18 (19097678)|STATEMENT_EXECUTE|[17]
13:11:38.18 (19100829)|HEAP_ALLOCATE|[17]|Bytes:56
13:11:38.18 (19113259)|HEAP_ALLOCATE|[17]|Bytes:4
13:11:38.18 (19255649)|SOQL_EXECUTE_BEGIN|[17]|Aggregations:0|SELECT Id, Priority FROM Case WHERE Status = 'Escalated'
13:11:38.18 (21859690)|SOQL_EXECUTE_END|[17]|Rows:1
13:11:38.18 (21880735)|HEAP_ALLOCATE|[17]|Bytes:8
13:11:38.18 (21895989)|HEAP_ALLOCATE|[17]|Bytes:45
13:11:38.18 (21943765)|HEAP_ALLOCATE|[17]|Bytes:8
13:11:38.18 (21959852)|VARIABLE_SCOPE_BEGIN|[17]|cases|List<Case>|true|false
13:11:38.18 (21986456)|VARIABLE_ASSIGNMENT|[17]|cases|[{"Id":"5001I000002yNMWQA2","Priority":"High"}]|0x33189632
13:11:38.18 (21994885)|STATEMENT_EXECUTE|[18]
13:11:38.18 (22003890)|SYSTEM_MODE_EXIT|false
13:11:38.22 (22030340)|CUMULATIVE_LIMIT_USAGE
13:11:38.22 (22030340)|LIMIT_USAGE_FOR_NS|(default)|
  Number of SOQL queries: 3 out of 100
  Number of query rows: 5 out of 50000
  Number of SOSL queries: 0 out of 20
  Number of DML statements: 0 out of 150
  Number of DML rows: 0 out of 10000
  Maximum CPU time: 0 out of 10000
  Maximum heap size: 0 out of 6000000
  Number of callouts: 0 out of 100
  Number of Email Invocations: 0 out of 10
  Number of future calls: 0 out of 50
  Number of queueable jobs added to the queue: 0 out of 50
  Number of Mobile Apex push calls: 0 out of 10

13:11:38.22 (22030340)|CUMULATIVE_LIMIT_USAGE_END

13:11:38.18 (22057895)|CODE_UNIT_FINISHED|GetCaseController.getEscalatedCases
13:11:38.18 (22114594)|CODE_UNIT_FINISHED|Aura
13:11:38.18 (23176427)|EXECUTION_FINISHED
13:11:38.23 (23902525)|USER_INFO|[EXTERNAL]|0051I00000112gB|trent@testorg.com|Pacific Standard Time|GMT-08:00
13:11:38.23 (23921420)|EXECUTION_STARTED
13:11:38.23 (23925083)|CODE_UNIT_STARTED|[EXTERNAL]|Aura
13:11:38.23 (24727241)|CODE_UNIT_STARTED|[EXTERNAL]|01p1I00000Dc465|GetCaseController.getClosedCases
13:11:38.23 (24784784)|SYSTEM_MODE_ENTER|false
13:11:38.23 (24805442)|HEAP_ALLOCATE|[23]|Bytes:5
13:11:38.23 (24812214)|STATEMENT_EXECUTE|[22]
13:11:38.23 (24813913)|STATEMENT_EXECUTE|[23]
13:11:38.23 (24817152)|HEAP_ALLOCATE|[23]|Bytes:53
13:11:38.23 (24841952)|HEAP_ALLOCATE|[23]|Bytes:4
13:11:38.23 (24995125)|SOQL_EXECUTE_BEGIN|[23]|Aggregations:0|SELECT Id, Priority FROM Case WHERE Status = 'Closed'
13:11:38.23 (28453463)|SOQL_EXECUTE_END|[23]|Rows:23
13:11:38.23 (28471043)|HEAP_ALLOCATE|[23]|Bytes:96
13:11:38.23 (28504440)|HEAP_ALLOCATE|[23]|Bytes:1057
13:11:38.23 (28538042)|HEAP_ALLOCATE|[23]|Bytes:96
13:11:38.23 (28549635)|VARIABLE_SCOPE_BEGIN|[23]|cases|List<Case>|true|false
13:11:38.23 (28569164)|VARIABLE_ASSIGNMENT|[23]|cases|"List of size 23 too large to display"|0x12163594
13:11:38.23 (28575422)|STATEMENT_EXECUTE|[24]
13:11:38.23 (28583647)|SYSTEM_MODE_EXIT|false
13:11:38.28 (28602924)|CUMULATIVE_LIMIT_USAGE
13:11:38.28 (28602924)|LIMIT_USAGE_FOR_NS|(default)|
  Number of SOQL queries: 4 out of 100
  Number of query rows: 28 out of 50000
  Number of SOSL queries: 0 out of 20
  Number of DML statements: 0 out of 150
  Number of DML rows: 0 out of 10000
  Maximum CPU time: 0 out of 10000
  Maximum heap size: 0 out of 6000000
  Number of callouts: 0 out of 100
  Number of Email Invocations: 0 out of 10
  Number of future calls: 0 out of 50
  Number of queueable jobs added to the queue: 0 out of 50
  Number of Mobile Apex push calls: 0 out of 10

13:11:38.28 (28602924)|CUMULATIVE_LIMIT_USAGE_END

13:11:38.23 (28625301)|CODE_UNIT_FINISHED|GetCaseController.getClosedCases
13:11:38.23 (28736529)|CODE_UNIT_FINISHED|Aura
13:11:38.23 (30169009)|EXECUTION_FINISHED
