41.0 APEX_CODE,FINEST;APEX_PROFILING,INFO;CALLOUT,INFO;DB,INFO;SYSTEM,DEBUG;VALIDATION,INFO;VISUALFORCE,INFO;WAVE,INFO;WORKFLOW,INFO
10:05:27.0 (346579)|USER_INFO|[EXTERNAL]|0051I00000112gB|trent@testorg.com|Pacific Standard Time|GMT-08:00
10:05:27.0 (375897)|EXECUTION_STARTED
10:05:27.0 (379378)|CODE_UNIT_STARTED|[EXTERNAL]|Aura
10:05:27.0 (1780097)|CODE_UNIT_STARTED|[EXTERNAL]|01p1I00000Dc465|GetCaseController.getNewCases
10:05:27.0 (2501145)|HEAP_ALLOCATE|[72]|Bytes:3
10:05:27.0 (2561203)|HEAP_ALLOCATE|[77]|Bytes:152
10:05:27.0 (2581143)|HEAP_ALLOCATE|[342]|Bytes:408
10:05:27.0 (2595512)|HEAP_ALLOCATE|[355]|Bytes:408
10:05:27.0 (2608458)|HEAP_ALLOCATE|[467]|Bytes:48
10:05:27.0 (2637813)|HEAP_ALLOCATE|[139]|Bytes:6
10:05:27.0 (2653611)|HEAP_ALLOCATE|[EXTERNAL]|Bytes:13
10:05:27.0 (2664399)|METHOD_ENTRY|[1]|01p1I00000Dc465|GetCaseController.GetCaseController()
10:05:27.0 (2672591)|STATEMENT_EXECUTE|[1]
10:05:27.0 (2679847)|STATEMENT_EXECUTE|[1]
10:05:27.0 (2719381)|HEAP_ALLOCATE|[50]|Bytes:5
10:05:27.0 (2754053)|HEAP_ALLOCATE|[56]|Bytes:5
10:05:27.0 (2765946)|HEAP_ALLOCATE|[64]|Bytes:7
10:05:27.0 (2796509)|SYSTEM_MODE_ENTER|false
10:05:27.0 (2818289)|HEAP_ALLOCATE|[EXTERNAL]|Bytes:5
10:05:27.0 (2831526)|SYSTEM_MODE_EXIT|false
10:05:27.0 (2844339)|METHOD_EXIT|[1]|GetCaseController
10:05:27.0 (2861594)|SYSTEM_MODE_ENTER|false
10:05:27.0 (2880474)|HEAP_ALLOCATE|[5]|Bytes:5
10:05:27.0 (2886712)|STATEMENT_EXECUTE|[4]
10:05:27.0 (2888912)|STATEMENT_EXECUTE|[5]
10:05:27.0 (2892021)|HEAP_ALLOCATE|[5]|Bytes:50
10:05:27.0 (2922534)|HEAP_ALLOCATE|[5]|Bytes:4
10:05:27.0 (4094130)|SOQL_EXECUTE_BEGIN|[5]|Aggregations:0|SELECT Id, Priority FROM Case WHERE Status = 'New'
10:05:27.0 (8421054)|SOQL_EXECUTE_END|[5]|Rows:3
10:05:27.0 (8441118)|HEAP_ALLOCATE|[5]|Bytes:16
10:05:27.0 (8460371)|HEAP_ALLOCATE|[5]|Bytes:132
10:05:27.0 (8509334)|HEAP_ALLOCATE|[5]|Bytes:16
10:05:27.0 (8521298)|VARIABLE_SCOPE_BEGIN|[5]|cases|List<Case>|true|false
10:05:27.0 (8562383)|VARIABLE_ASSIGNMENT|[5]|cases|[{"Id":"5001I000003mzcuQAA","Priority":"Low"},{"Id":"5001I000003mzd8QAA","Priority":"Low"},{"Id":"5001I000003mzdGQAQ","Priority":"Low"}]|0x14bf69c8
10:05:27.0 (8569699)|STATEMENT_EXECUTE|[6]
10:05:27.0 (8578575)|SYSTEM_MODE_EXIT|false
10:05:27.8 (8600921)|CUMULATIVE_LIMIT_USAGE
10:05:27.8 (8600921)|LIMIT_USAGE_FOR_NS|(default)|
  Number of SOQL queries: 1 out of 100
  Number of query rows: 3 out of 50000
  Number of SOSL queries: 0 out of 20
  Number of DML statements: 0 out of 150
  Number of DML rows: 0 out of 10000
  Maximum CPU time: 0 out of 10000
  Maximum heap size: 0 out of 6000000
  Number of callouts: 0 out of 100
  Number of Email Invocations: 0 out of 10
  Number of future calls: 0 out of 50
  Number of queueable jobs added to the queue: 0 out of 50
  Number of Mobile Apex push calls: 0 out of 10

10:05:27.8 (8600921)|CUMULATIVE_LIMIT_USAGE_END

10:05:27.0 (8631015)|CODE_UNIT_FINISHED|GetCaseController.getNewCases
10:05:27.0 (8694407)|CODE_UNIT_FINISHED|Aura
10:05:27.0 (9714064)|EXECUTION_FINISHED
10:05:27.11 (11084984)|USER_INFO|[EXTERNAL]|0051I00000112gB|trent@testorg.com|Pacific Standard Time|GMT-08:00
10:05:27.11 (11097993)|EXECUTION_STARTED
10:05:27.11 (11100740)|CODE_UNIT_STARTED|[EXTERNAL]|Aura
10:05:27.11 (11835500)|CODE_UNIT_STARTED|[EXTERNAL]|01p1I00000Dc465|GetCaseController.getWorkingCases
10:05:27.11 (11874264)|SYSTEM_MODE_ENTER|false
10:05:27.11 (11891248)|HEAP_ALLOCATE|[11]|Bytes:5
10:05:27.11 (11897045)|STATEMENT_EXECUTE|[10]
10:05:27.11 (11898685)|STATEMENT_EXECUTE|[11]
10:05:27.11 (11901320)|HEAP_ALLOCATE|[11]|Bytes:62
10:05:27.11 (11914375)|HEAP_ALLOCATE|[11]|Bytes:4
10:05:27.11 (12043102)|SOQL_EXECUTE_BEGIN|[11]|Aggregations:0|SELECT Id, Priority FROM Case WHERE Status = 'Working' LIMIT 4
10:05:27.11 (16060887)|SOQL_EXECUTE_END|[11]|Rows:0
10:05:27.11 (16079664)|HEAP_ALLOCATE|[11]|Bytes:4
10:05:27.11 (16088781)|HEAP_ALLOCATE|[11]|Bytes:0
10:05:27.11 (16116672)|HEAP_ALLOCATE|[11]|Bytes:4
10:05:27.11 (16125885)|VARIABLE_SCOPE_BEGIN|[11]|cases|List<Case>|true|false
10:05:27.11 (16141136)|VARIABLE_ASSIGNMENT|[11]|cases|[]|0x234d5796
10:05:27.11 (16147038)|STATEMENT_EXECUTE|[12]
10:05:27.11 (16153873)|SYSTEM_MODE_EXIT|false
10:05:27.16 (16166715)|CUMULATIVE_LIMIT_USAGE
10:05:27.16 (16166715)|LIMIT_USAGE_FOR_NS|(default)|
  Number of SOQL queries: 2 out of 100
  Number of query rows: 3 out of 50000
  Number of SOSL queries: 0 out of 20
  Number of DML statements: 0 out of 150
  Number of DML rows: 0 out of 10000
  Maximum CPU time: 0 out of 10000
  Maximum heap size: 0 out of 6000000
  Number of callouts: 0 out of 100
  Number of Email Invocations: 0 out of 10
  Number of future calls: 0 out of 50
  Number of queueable jobs added to the queue: 0 out of 50
  Number of Mobile Apex push calls: 0 out of 10

10:05:27.16 (16166715)|CUMULATIVE_LIMIT_USAGE_END

10:05:27.11 (16185991)|CODE_UNIT_FINISHED|GetCaseController.getWorkingCases
10:05:27.11 (16222868)|CODE_UNIT_FINISHED|Aura
10:05:27.11 (17184384)|EXECUTION_FINISHED
10:05:27.17 (17908925)|USER_INFO|[EXTERNAL]|0051I00000112gB|trent@testorg.com|Pacific Standard Time|GMT-08:00
10:05:27.17 (17921324)|EXECUTION_STARTED
10:05:27.17 (17923542)|CODE_UNIT_STARTED|[EXTERNAL]|Aura
10:05:27.17 (18676238)|CODE_UNIT_STARTED|[EXTERNAL]|01p1I00000Dc465|GetCaseController.getEscalatedCases
10:05:27.17 (18712901)|SYSTEM_MODE_ENTER|false
10:05:27.17 (18728782)|HEAP_ALLOCATE|[17]|Bytes:5
10:05:27.17 (18734191)|STATEMENT_EXECUTE|[16]
10:05:27.17 (18735613)|STATEMENT_EXECUTE|[17]
10:05:27.17 (18738552)|HEAP_ALLOCATE|[17]|Bytes:64
10:05:27.17 (18750919)|HEAP_ALLOCATE|[17]|Bytes:4
10:05:27.17 (18869056)|SOQL_EXECUTE_BEGIN|[17]|Aggregations:0|SELECT Id, Priority FROM Case WHERE Status = 'Escalated' LIMIT 4
10:05:27.17 (20789078)|SOQL_EXECUTE_END|[17]|Rows:0
10:05:27.17 (20807068)|HEAP_ALLOCATE|[17]|Bytes:4
10:05:27.17 (20815603)|HEAP_ALLOCATE|[17]|Bytes:0
10:05:27.17 (20841298)|HEAP_ALLOCATE|[17]|Bytes:4
10:05:27.17 (20850102)|VARIABLE_SCOPE_BEGIN|[17]|cases|List<Case>|true|false
10:05:27.17 (20864283)|VARIABLE_ASSIGNMENT|[17]|cases|[]|0x61ef47b4
10:05:27.17 (20870333)|STATEMENT_EXECUTE|[18]
10:05:27.17 (20877120)|SYSTEM_MODE_EXIT|false
10:05:27.20 (20888900)|CUMULATIVE_LIMIT_USAGE
10:05:27.20 (20888900)|LIMIT_USAGE_FOR_NS|(default)|
  Number of SOQL queries: 3 out of 100
  Number of query rows: 3 out of 50000
  Number of SOSL queries: 0 out of 20
  Number of DML statements: 0 out of 150
  Number of DML rows: 0 out of 10000
  Maximum CPU time: 0 out of 10000
  Maximum heap size: 0 out of 6000000
  Number of callouts: 0 out of 100
  Number of Email Invocations: 0 out of 10
  Number of future calls: 0 out of 50
  Number of queueable jobs added to the queue: 0 out of 50
  Number of Mobile Apex push calls: 0 out of 10

10:05:27.20 (20888900)|CUMULATIVE_LIMIT_USAGE_END

10:05:27.17 (20906894)|CODE_UNIT_FINISHED|GetCaseController.getEscalatedCases
10:05:27.17 (20942639)|CODE_UNIT_FINISHED|Aura
10:05:27.17 (21903634)|EXECUTION_FINISHED
10:05:27.22 (22579600)|USER_INFO|[EXTERNAL]|0051I00000112gB|trent@testorg.com|Pacific Standard Time|GMT-08:00
10:05:27.22 (22590927)|EXECUTION_STARTED
10:05:27.22 (22592994)|CODE_UNIT_STARTED|[EXTERNAL]|Aura
10:05:27.22 (23281994)|CODE_UNIT_STARTED|[EXTERNAL]|01p1I00000Dc465|GetCaseController.getClosedCases
10:05:27.22 (23317465)|SYSTEM_MODE_ENTER|false
10:05:27.22 (23332518)|HEAP_ALLOCATE|[23]|Bytes:5
10:05:27.22 (23338024)|STATEMENT_EXECUTE|[22]
10:05:27.22 (23339471)|STATEMENT_EXECUTE|[23]
10:05:27.22 (23342265)|HEAP_ALLOCATE|[23]|Bytes:61
10:05:27.22 (23354376)|HEAP_ALLOCATE|[23]|Bytes:4
10:05:27.22 (23470028)|SOQL_EXECUTE_BEGIN|[23]|Aggregations:0|SELECT Id, Priority FROM Case WHERE Status = 'Closed' LIMIT 4
10:05:27.22 (25422376)|SOQL_EXECUTE_END|[23]|Rows:4
10:05:27.22 (25438422)|HEAP_ALLOCATE|[23]|Bytes:20
10:05:27.22 (25454976)|HEAP_ALLOCATE|[23]|Bytes:181
10:05:27.22 (25481314)|HEAP_ALLOCATE|[23]|Bytes:20
10:05:27.22 (25490755)|VARIABLE_SCOPE_BEGIN|[23]|cases|List<Case>|true|false
10:05:27.22 (25514713)|VARIABLE_ASSIGNMENT|[23]|cases|[{"Id":"5001I000003mzcsQAA","Priority":"High"},{"Id":"5001I000003mzctQAA","Priority":"High"},{"Id":"5001I000003mzcvQAA","Priority":"Low"},{"Id":"5001I000003mzcwQAA","Priority":"Medium"}]|0x67852751
10:05:27.22 (25522508)|STATEMENT_EXECUTE|[24]
10:05:27.22 (25529410)|SYSTEM_MODE_EXIT|false
10:05:27.25 (25541362)|CUMULATIVE_LIMIT_USAGE
10:05:27.25 (25541362)|LIMIT_USAGE_FOR_NS|(default)|
  Number of SOQL queries: 4 out of 100
  Number of query rows: 7 out of 50000
  Number of SOSL queries: 0 out of 20
  Number of DML statements: 0 out of 150
  Number of DML rows: 0 out of 10000
  Maximum CPU time: 0 out of 10000
  Maximum heap size: 0 out of 6000000
  Number of callouts: 0 out of 100
  Number of Email Invocations: 0 out of 10
  Number of future calls: 0 out of 50
  Number of queueable jobs added to the queue: 0 out of 50
  Number of Mobile Apex push calls: 0 out of 10

10:05:27.25 (25541362)|CUMULATIVE_LIMIT_USAGE_END

10:05:27.22 (25560168)|CODE_UNIT_FINISHED|GetCaseController.getClosedCases
10:05:27.22 (25610050)|CODE_UNIT_FINISHED|Aura
10:05:27.22 (26571967)|EXECUTION_FINISHED
