41.0 APEX_CODE,FINEST;APEX_PROFILING,INFO;CALLOUT,INFO;DB,INFO;SYSTEM,DEBUG;VALIDATION,INFO;VISUALFORCE,INFO;WAVE,INFO;WORKFLOW,INFO
15:15:50.0 (317507)|USER_INFO|[EXTERNAL]|0051I00000112gB|trent@testorg.com|Pacific Standard Time|GMT-08:00
15:15:50.0 (348971)|EXECUTION_STARTED
15:15:50.0 (352559)|CODE_UNIT_STARTED|[EXTERNAL]|Aura
15:15:50.0 (1670964)|CODE_UNIT_STARTED|[EXTERNAL]|01p1I00000Dc465|CaseController.getNewCases
15:15:50.0 (2167070)|HEAP_ALLOCATE|[72]|Bytes:3
15:15:50.0 (2198682)|HEAP_ALLOCATE|[77]|Bytes:152
15:15:50.0 (2213051)|HEAP_ALLOCATE|[342]|Bytes:408
15:15:50.0 (2228362)|HEAP_ALLOCATE|[355]|Bytes:408
15:15:50.0 (2241662)|HEAP_ALLOCATE|[467]|Bytes:48
15:15:50.0 (2269344)|HEAP_ALLOCATE|[139]|Bytes:6
15:15:50.0 (2286421)|HEAP_ALLOCATE|[EXTERNAL]|Bytes:6
15:15:50.0 (2297377)|METHOD_ENTRY|[1]|01p1I00000Dc465|CaseController.CaseController()
15:15:50.0 (2303287)|STATEMENT_EXECUTE|[1]
15:15:50.0 (2308379)|STATEMENT_EXECUTE|[1]
15:15:50.0 (2334902)|HEAP_ALLOCATE|[50]|Bytes:5
15:15:50.0 (2352902)|HEAP_ALLOCATE|[56]|Bytes:5
15:15:50.0 (2359299)|HEAP_ALLOCATE|[64]|Bytes:7
15:15:50.0 (2378631)|SYSTEM_MODE_ENTER|false
15:15:50.0 (2389303)|HEAP_ALLOCATE|[EXTERNAL]|Bytes:5
15:15:50.0 (2394860)|SYSTEM_MODE_EXIT|false
15:15:50.0 (2401754)|METHOD_EXIT|[1]|CaseController
15:15:50.0 (2411479)|SYSTEM_MODE_ENTER|false
15:15:50.0 (2421482)|HEAP_ALLOCATE|[10]|Bytes:5
15:15:50.0 (2425717)|STATEMENT_EXECUTE|[9]
15:15:50.0 (2426763)|STATEMENT_EXECUTE|[10]
15:15:50.0 (2429021)|HEAP_ALLOCATE|[10]|Bytes:58
15:15:50.0 (2442349)|HEAP_ALLOCATE|[10]|Bytes:4
15:15:50.0 (3192214)|SOQL_EXECUTE_BEGIN|[10]|Aggregations:0|SELECT Id, Priority FROM Case WHERE Status = 'New' LIMIT 4
15:15:50.0 (9152340)|SOQL_EXECUTE_END|[10]|Rows:3
15:15:50.0 (9170836)|HEAP_ALLOCATE|[10]|Bytes:16
15:15:50.0 (9187746)|HEAP_ALLOCATE|[10]|Bytes:132
15:15:50.0 (9228666)|HEAP_ALLOCATE|[10]|Bytes:16
15:15:50.0 (9240276)|VARIABLE_SCOPE_BEGIN|[10]|cases|List<Case>|true|false
15:15:50.0 (9284609)|VARIABLE_ASSIGNMENT|[10]|cases|[{"Id":"5001I000003mzcuQAA","Priority":"Low"},{"Id":"5001I000003mzd8QAA","Priority":"Low"},{"Id":"5001I000003mzdGQAQ","Priority":"Low"}]|0x1455be32
15:15:50.0 (9292339)|STATEMENT_EXECUTE|[11]
15:15:50.0 (9301636)|SYSTEM_MODE_EXIT|false
15:15:50.9 (9328581)|CUMULATIVE_LIMIT_USAGE
15:15:50.9 (9328581)|LIMIT_USAGE_FOR_NS|(default)|
  Number of SOQL queries: 1 out of 100
  Number of query rows: 3 out of 50000
  Number of SOSL queries: 0 out of 20
  Number of DML statements: 0 out of 150
  Number of DML rows: 0 out of 10000
  Maximum CPU time: 0 out of 10000
  Maximum heap size: 0 out of 6000000
  Number of callouts: 0 out of 100
  Number of Email Invocations: 0 out of 10
  Number of future calls: 0 out of 50
  Number of queueable jobs added to the queue: 0 out of 50
  Number of Mobile Apex push calls: 0 out of 10

15:15:50.9 (9328581)|CUMULATIVE_LIMIT_USAGE_END

15:15:50.0 (9363568)|CODE_UNIT_FINISHED|CaseController.getNewCases
15:15:50.0 (9429051)|CODE_UNIT_FINISHED|Aura
15:15:50.0 (10521197)|EXECUTION_FINISHED
