41.0 APEX_CODE,FINEST;APEX_PROFILING,INFO;CALLOUT,INFO;DB,INFO;SYSTEM,DEBUG;VALIDATION,INFO;VISUALFORCE,INFO;WAVE,INFO;WORKFLOW,INFO
13:07:36.0 (381453)|USER_INFO|[EXTERNAL]|0051I00000112gB|trent@testorg.com|Pacific Standard Time|GMT-08:00
13:07:36.0 (420259)|EXECUTION_STARTED
13:07:36.0 (425103)|CODE_UNIT_STARTED|[EXTERNAL]|Aura
13:07:36.0 (1717687)|CODE_UNIT_STARTED|[EXTERNAL]|01p1I00000Dc465|GetCaseController.getNewCases
13:07:36.0 (2085790)|HEAP_ALLOCATE|[72]|Bytes:3
13:07:36.0 (2171447)|HEAP_ALLOCATE|[77]|Bytes:152
13:07:36.0 (2194859)|HEAP_ALLOCATE|[342]|Bytes:408
13:07:36.0 (2209896)|HEAP_ALLOCATE|[355]|Bytes:408
13:07:36.0 (2223059)|HEAP_ALLOCATE|[467]|Bytes:48
13:07:36.0 (2256307)|HEAP_ALLOCATE|[139]|Bytes:6
13:07:36.0 (2272702)|HEAP_ALLOCATE|[EXTERNAL]|Bytes:10
13:07:36.0 (2316014)|METHOD_ENTRY|[1]|01p1I00000Dc465|GetCaseController.GetCaseController()
13:07:36.0 (2322301)|STATEMENT_EXECUTE|[1]
13:07:36.0 (2328662)|STATEMENT_EXECUTE|[1]
13:07:36.0 (2372598)|HEAP_ALLOCATE|[50]|Bytes:5
13:07:36.0 (2403256)|HEAP_ALLOCATE|[56]|Bytes:5
13:07:36.0 (2415039)|HEAP_ALLOCATE|[64]|Bytes:7
13:07:36.0 (2439779)|SYSTEM_MODE_ENTER|false
13:07:36.0 (2450902)|HEAP_ALLOCATE|[EXTERNAL]|Bytes:5
13:07:36.0 (2466679)|SYSTEM_MODE_EXIT|false
13:07:36.0 (2494244)|METHOD_EXIT|[1]|GetCaseController
13:07:36.0 (2511138)|SYSTEM_MODE_ENTER|false
13:07:36.0 (2532382)|HEAP_ALLOCATE|[5]|Bytes:5
13:07:36.0 (2539276)|STATEMENT_EXECUTE|[4]
13:07:36.0 (2540803)|STATEMENT_EXECUTE|[5]
13:07:36.0 (2543219)|HEAP_ALLOCATE|[5]|Bytes:50
13:07:36.0 (2559114)|HEAP_ALLOCATE|[5]|Bytes:4
13:07:36.0 (3350007)|SOQL_EXECUTE_BEGIN|[5]|Aggregations:0|SELECT Id, Priority FROM Case WHERE Status = 'New'
13:07:36.0 (7768786)|SOQL_EXECUTE_END|[5]|Rows:3
13:07:36.0 (7797183)|HEAP_ALLOCATE|[5]|Bytes:16
13:07:36.0 (7832791)|HEAP_ALLOCATE|[5]|Bytes:132
13:07:36.0 (7879959)|HEAP_ALLOCATE|[5]|Bytes:16
13:07:36.0 (7906566)|VARIABLE_SCOPE_BEGIN|[5]|cases|List<Case>|true|false
13:07:36.0 (7956102)|VARIABLE_ASSIGNMENT|[5]|cases|[{"Id":"5001I000003mzcuQAA","Priority":"Low"},{"Id":"5001I000003mzd8QAA","Priority":"Low"},{"Id":"5001I000003mzdGQAQ","Priority":"Low"}]|0x11e95632
13:07:36.0 (7965076)|STATEMENT_EXECUTE|[6]
13:07:36.0 (7975826)|SYSTEM_MODE_EXIT|false
13:07:36.8 (8000395)|CUMULATIVE_LIMIT_USAGE
13:07:36.8 (8000395)|LIMIT_USAGE_FOR_NS|(default)|
  Number of SOQL queries: 1 out of 100
  Number of query rows: 3 out of 50000
  Number of SOSL queries: 0 out of 20
  Number of DML statements: 0 out of 150
  Number of DML rows: 0 out of 10000
  Maximum CPU time: 0 out of 10000
  Maximum heap size: 0 out of 6000000
  Number of callouts: 0 out of 100
  Number of Email Invocations: 0 out of 10
  Number of future calls: 0 out of 50
  Number of queueable jobs added to the queue: 0 out of 50
  Number of Mobile Apex push calls: 0 out of 10

13:07:36.8 (8000395)|CUMULATIVE_LIMIT_USAGE_END

13:07:36.0 (8046219)|CODE_UNIT_FINISHED|GetCaseController.getNewCases
13:07:36.0 (8173908)|CODE_UNIT_FINISHED|Aura
13:07:36.0 (9271992)|EXECUTION_FINISHED
13:07:36.15 (15724861)|USER_INFO|[EXTERNAL]|0051I00000112gB|trent@testorg.com|Pacific Standard Time|GMT-08:00
13:07:36.15 (15741788)|EXECUTION_STARTED
13:07:36.15 (15746337)|CODE_UNIT_STARTED|[EXTERNAL]|Aura
13:07:36.15 (16448707)|CODE_UNIT_STARTED|[EXTERNAL]|01p1I00000Dc465|GetCaseController.getWorkingCases
13:07:36.15 (16511576)|SYSTEM_MODE_ENTER|false
13:07:36.15 (16537772)|HEAP_ALLOCATE|[11]|Bytes:5
13:07:36.15 (16546232)|STATEMENT_EXECUTE|[10]
13:07:36.15 (16548051)|STATEMENT_EXECUTE|[11]
13:07:36.15 (16565117)|HEAP_ALLOCATE|[11]|Bytes:54
13:07:36.15 (16593930)|HEAP_ALLOCATE|[11]|Bytes:4
13:07:36.15 (16805572)|SOQL_EXECUTE_BEGIN|[11]|Aggregations:0|SELECT Id, Priority FROM Case WHERE Status = 'Working'
13:07:36.15 (19262944)|SOQL_EXECUTE_END|[11]|Rows:1
13:07:36.15 (19281576)|HEAP_ALLOCATE|[11]|Bytes:8
13:07:36.15 (19297367)|HEAP_ALLOCATE|[11]|Bytes:47
13:07:36.15 (19338695)|HEAP_ALLOCATE|[11]|Bytes:8
13:07:36.15 (19352318)|VARIABLE_SCOPE_BEGIN|[11]|cases|List<Case>|true|false
13:07:36.15 (19381437)|VARIABLE_ASSIGNMENT|[11]|cases|[{"Id":"5001I000002yNMRQA2","Priority":"Medium"}]|0x195efc46
13:07:36.15 (19388460)|STATEMENT_EXECUTE|[12]
13:07:36.15 (19399584)|SYSTEM_MODE_EXIT|false
13:07:36.19 (19420428)|CUMULATIVE_LIMIT_USAGE
13:07:36.19 (19420428)|LIMIT_USAGE_FOR_NS|(default)|
  Number of SOQL queries: 2 out of 100
  Number of query rows: 4 out of 50000
  Number of SOSL queries: 0 out of 20
  Number of DML statements: 0 out of 150
  Number of DML rows: 0 out of 10000
  Maximum CPU time: 0 out of 10000
  Maximum heap size: 0 out of 6000000
  Number of callouts: 0 out of 100
  Number of Email Invocations: 0 out of 10
  Number of future calls: 0 out of 50
  Number of queueable jobs added to the queue: 0 out of 50
  Number of Mobile Apex push calls: 0 out of 10

13:07:36.19 (19420428)|CUMULATIVE_LIMIT_USAGE_END

13:07:36.15 (19450237)|CODE_UNIT_FINISHED|GetCaseController.getWorkingCases
13:07:36.15 (19511564)|CODE_UNIT_FINISHED|Aura
13:07:36.15 (20529306)|EXECUTION_FINISHED
13:07:36.21 (21249771)|USER_INFO|[EXTERNAL]|0051I00000112gB|trent@testorg.com|Pacific Standard Time|GMT-08:00
13:07:36.21 (21261721)|EXECUTION_STARTED
13:07:36.21 (21264138)|CODE_UNIT_STARTED|[EXTERNAL]|Aura
13:07:36.21 (21954383)|CODE_UNIT_STARTED|[EXTERNAL]|01p1I00000Dc465|GetCaseController.getEscalatedCases
13:07:36.21 (21998280)|SYSTEM_MODE_ENTER|false
13:07:36.21 (22018414)|HEAP_ALLOCATE|[17]|Bytes:5
13:07:36.21 (22024811)|STATEMENT_EXECUTE|[16]
13:07:36.21 (22026487)|STATEMENT_EXECUTE|[17]
13:07:36.21 (22029225)|HEAP_ALLOCATE|[17]|Bytes:56
13:07:36.21 (22044532)|HEAP_ALLOCATE|[17]|Bytes:4
13:07:36.21 (22199274)|SOQL_EXECUTE_BEGIN|[17]|Aggregations:0|SELECT Id, Priority FROM Case WHERE Status = 'Escalated'
13:07:36.21 (24588214)|SOQL_EXECUTE_END|[17]|Rows:1
13:07:36.21 (24605436)|HEAP_ALLOCATE|[17]|Bytes:8
13:07:36.21 (24633651)|HEAP_ALLOCATE|[17]|Bytes:45
13:07:36.21 (24681832)|HEAP_ALLOCATE|[17]|Bytes:8
13:07:36.21 (24694646)|VARIABLE_SCOPE_BEGIN|[17]|cases|List<Case>|true|false
13:07:36.21 (24719886)|VARIABLE_ASSIGNMENT|[17]|cases|[{"Id":"5001I000002yNMWQA2","Priority":"High"}]|0x5bd887d8
13:07:36.21 (24726550)|STATEMENT_EXECUTE|[18]
13:07:36.21 (24746529)|SYSTEM_MODE_EXIT|false
13:07:36.24 (24778676)|CUMULATIVE_LIMIT_USAGE
13:07:36.24 (24778676)|LIMIT_USAGE_FOR_NS|(default)|
  Number of SOQL queries: 3 out of 100
  Number of query rows: 5 out of 50000
  Number of SOSL queries: 0 out of 20
  Number of DML statements: 0 out of 150
  Number of DML rows: 0 out of 10000
  Maximum CPU time: 0 out of 10000
  Maximum heap size: 0 out of 6000000
  Number of callouts: 0 out of 100
  Number of Email Invocations: 0 out of 10
  Number of future calls: 0 out of 50
  Number of queueable jobs added to the queue: 0 out of 50
  Number of Mobile Apex push calls: 0 out of 10

13:07:36.24 (24778676)|CUMULATIVE_LIMIT_USAGE_END

13:07:36.21 (24808772)|CODE_UNIT_FINISHED|GetCaseController.getEscalatedCases
13:07:36.21 (24851375)|CODE_UNIT_FINISHED|Aura
13:07:36.21 (25878868)|EXECUTION_FINISHED
13:07:36.26 (26586577)|USER_INFO|[EXTERNAL]|0051I00000112gB|trent@testorg.com|Pacific Standard Time|GMT-08:00
13:07:36.26 (26598030)|EXECUTION_STARTED
13:07:36.26 (26600321)|CODE_UNIT_STARTED|[EXTERNAL]|Aura
13:07:36.26 (27322369)|CODE_UNIT_STARTED|[EXTERNAL]|01p1I00000Dc465|GetCaseController.getClosedCases
13:07:36.26 (27372476)|SYSTEM_MODE_ENTER|false
13:07:36.26 (27391742)|HEAP_ALLOCATE|[23]|Bytes:5
13:07:36.26 (27397896)|STATEMENT_EXECUTE|[22]
13:07:36.26 (27399479)|STATEMENT_EXECUTE|[23]
13:07:36.26 (27402519)|HEAP_ALLOCATE|[23]|Bytes:53
13:07:36.26 (27417643)|HEAP_ALLOCATE|[23]|Bytes:4
13:07:36.26 (27579208)|SOQL_EXECUTE_BEGIN|[23]|Aggregations:0|SELECT Id, Priority FROM Case WHERE Status = 'Closed'
13:07:36.26 (29959687)|SOQL_EXECUTE_END|[23]|Rows:23
13:07:36.26 (29975839)|HEAP_ALLOCATE|[23]|Bytes:96
13:07:36.26 (30011145)|HEAP_ALLOCATE|[23]|Bytes:1057
13:07:36.26 (30055787)|HEAP_ALLOCATE|[23]|Bytes:96
13:07:36.26 (30076766)|VARIABLE_SCOPE_BEGIN|[23]|cases|List<Case>|true|false
13:07:36.26 (30100705)|VARIABLE_ASSIGNMENT|[23]|cases|"List of size 23 too large to display"|0x4cd4ef6
13:07:36.26 (30107394)|STATEMENT_EXECUTE|[24]
13:07:36.26 (30115756)|SYSTEM_MODE_EXIT|false
13:07:36.30 (30130827)|CUMULATIVE_LIMIT_USAGE
13:07:36.30 (30130827)|LIMIT_USAGE_FOR_NS|(default)|
  Number of SOQL queries: 4 out of 100
  Number of query rows: 28 out of 50000
  Number of SOSL queries: 0 out of 20
  Number of DML statements: 0 out of 150
  Number of DML rows: 0 out of 10000
  Maximum CPU time: 0 out of 10000
  Maximum heap size: 0 out of 6000000
  Number of callouts: 0 out of 100
  Number of Email Invocations: 0 out of 10
  Number of future calls: 0 out of 50
  Number of queueable jobs added to the queue: 0 out of 50
  Number of Mobile Apex push calls: 0 out of 10

13:07:36.30 (30130827)|CUMULATIVE_LIMIT_USAGE_END

13:07:36.26 (30150277)|CODE_UNIT_FINISHED|GetCaseController.getClosedCases
13:07:36.26 (30260495)|CODE_UNIT_FINISHED|Aura
13:07:36.26 (31273189)|EXECUTION_FINISHED
