41.0 APEX_CODE,FINEST;APEX_PROFILING,INFO;CALLOUT,INFO;DB,INFO;SYSTEM,DEBUG;VALIDATION,INFO;VISUALFORCE,INFO;WAVE,INFO;WORKFLOW,INFO
09:47:17.0 (355584)|USER_INFO|[EXTERNAL]|0051I00000112gB|trent@testorg.com|Pacific Standard Time|GMT-08:00
09:47:17.0 (389915)|EXECUTION_STARTED
09:47:17.0 (393758)|CODE_UNIT_STARTED|[EXTERNAL]|Aura
09:47:17.0 (1908535)|CODE_UNIT_STARTED|[EXTERNAL]|01p1I00000Dc465|GetCaseController.getNewCases
09:47:17.0 (2183276)|HEAP_ALLOCATE|[72]|Bytes:3
09:47:17.0 (2219426)|HEAP_ALLOCATE|[77]|Bytes:152
09:47:17.0 (2235907)|HEAP_ALLOCATE|[342]|Bytes:408
09:47:17.0 (2250399)|HEAP_ALLOCATE|[355]|Bytes:408
09:47:17.0 (2263018)|HEAP_ALLOCATE|[467]|Bytes:48
09:47:17.0 (2290257)|HEAP_ALLOCATE|[139]|Bytes:6
09:47:17.0 (2304307)|HEAP_ALLOCATE|[EXTERNAL]|Bytes:13
09:47:17.0 (2316806)|METHOD_ENTRY|[1]|01p1I00000Dc465|GetCaseController.GetCaseController()
09:47:17.0 (2322384)|STATEMENT_EXECUTE|[1]
09:47:17.0 (2327890)|STATEMENT_EXECUTE|[1]
09:47:17.0 (2355362)|HEAP_ALLOCATE|[50]|Bytes:5
09:47:17.0 (2376588)|HEAP_ALLOCATE|[56]|Bytes:5
09:47:17.0 (2383282)|HEAP_ALLOCATE|[64]|Bytes:7
09:47:17.0 (2402107)|SYSTEM_MODE_ENTER|false
09:47:17.0 (2412957)|HEAP_ALLOCATE|[EXTERNAL]|Bytes:5
09:47:17.0 (2418964)|SYSTEM_MODE_EXIT|false
09:47:17.0 (2425691)|METHOD_EXIT|[1]|GetCaseController
09:47:17.0 (2435419)|SYSTEM_MODE_ENTER|false
09:47:17.0 (2446078)|HEAP_ALLOCATE|[5]|Bytes:5
09:47:17.0 (2450224)|STATEMENT_EXECUTE|[4]
09:47:17.0 (2451515)|STATEMENT_EXECUTE|[5]
09:47:17.0 (2454640)|HEAP_ALLOCATE|[5]|Bytes:58
09:47:17.0 (2472632)|HEAP_ALLOCATE|[5]|Bytes:4
09:47:17.0 (3525689)|SOQL_EXECUTE_BEGIN|[5]|Aggregations:0|SELECT Id, Priority FROM Case WHERE Status = 'New' LIMIT 4
09:47:17.0 (10749490)|SOQL_EXECUTE_END|[5]|Rows:3
09:47:17.0 (10776111)|HEAP_ALLOCATE|[5]|Bytes:16
09:47:17.0 (10799972)|HEAP_ALLOCATE|[5]|Bytes:132
09:47:17.0 (10858118)|HEAP_ALLOCATE|[5]|Bytes:16
09:47:17.0 (10880843)|VARIABLE_SCOPE_BEGIN|[5]|cases|List<Case>|true|false
09:47:17.0 (10942898)|VARIABLE_ASSIGNMENT|[5]|cases|[{"Id":"5001I000003mzcuQAA","Priority":"Low"},{"Id":"5001I000003mzd8QAA","Priority":"Low"},{"Id":"5001I000003mzdGQAQ","Priority":"Low"}]|0x512512e9
09:47:17.0 (10955525)|STATEMENT_EXECUTE|[6]
09:47:17.0 (10971268)|SYSTEM_MODE_EXIT|false
09:47:17.11 (11017252)|CUMULATIVE_LIMIT_USAGE
09:47:17.11 (11017252)|LIMIT_USAGE_FOR_NS|(default)|
  Number of SOQL queries: 1 out of 100
  Number of query rows: 3 out of 50000
  Number of SOSL queries: 0 out of 20
  Number of DML statements: 0 out of 150
  Number of DML rows: 0 out of 10000
  Maximum CPU time: 0 out of 10000
  Maximum heap size: 0 out of 6000000
  Number of callouts: 0 out of 100
  Number of Email Invocations: 0 out of 10
  Number of future calls: 0 out of 50
  Number of queueable jobs added to the queue: 0 out of 50
  Number of Mobile Apex push calls: 0 out of 10

09:47:17.11 (11017252)|CUMULATIVE_LIMIT_USAGE_END

09:47:17.0 (11064225)|CODE_UNIT_FINISHED|GetCaseController.getNewCases
09:47:17.0 (11178320)|CODE_UNIT_FINISHED|Aura
09:47:17.0 (12346146)|EXECUTION_FINISHED
09:47:17.13 (13922138)|USER_INFO|[EXTERNAL]|0051I00000112gB|trent@testorg.com|Pacific Standard Time|GMT-08:00
09:47:17.13 (13942362)|EXECUTION_STARTED
09:47:17.13 (13947128)|CODE_UNIT_STARTED|[EXTERNAL]|Aura
09:47:17.13 (14702395)|CODE_UNIT_STARTED|[EXTERNAL]|01p1I00000Dc465|GetCaseController.getWorkingCases
09:47:17.13 (14776878)|SYSTEM_MODE_ENTER|false
09:47:17.13 (14811397)|HEAP_ALLOCATE|[11]|Bytes:5
09:47:17.13 (14819983)|STATEMENT_EXECUTE|[10]
09:47:17.13 (14822416)|STATEMENT_EXECUTE|[11]
09:47:17.13 (14829657)|HEAP_ALLOCATE|[11]|Bytes:62
09:47:17.13 (14855724)|HEAP_ALLOCATE|[11]|Bytes:4
09:47:17.13 (15058672)|SOQL_EXECUTE_BEGIN|[11]|Aggregations:0|SELECT Id, Priority FROM Case WHERE Status = 'Working' LIMIT 4
09:47:17.13 (18677101)|SOQL_EXECUTE_END|[11]|Rows:0
09:47:17.13 (18695604)|HEAP_ALLOCATE|[11]|Bytes:4
09:47:17.13 (18704665)|HEAP_ALLOCATE|[11]|Bytes:0
09:47:17.13 (18738434)|HEAP_ALLOCATE|[11]|Bytes:4
09:47:17.13 (18751703)|VARIABLE_SCOPE_BEGIN|[11]|cases|List<Case>|true|false
09:47:17.13 (18780197)|VARIABLE_ASSIGNMENT|[11]|cases|[]|0x4819d1c1
09:47:17.13 (18786443)|STATEMENT_EXECUTE|[12]
09:47:17.13 (18796775)|SYSTEM_MODE_EXIT|false
09:47:17.18 (18817000)|CUMULATIVE_LIMIT_USAGE
09:47:17.18 (18817000)|LIMIT_USAGE_FOR_NS|(default)|
  Number of SOQL queries: 2 out of 100
  Number of query rows: 3 out of 50000
  Number of SOSL queries: 0 out of 20
  Number of DML statements: 0 out of 150
  Number of DML rows: 0 out of 10000
  Maximum CPU time: 0 out of 10000
  Maximum heap size: 0 out of 6000000
  Number of callouts: 0 out of 100
  Number of Email Invocations: 0 out of 10
  Number of future calls: 0 out of 50
  Number of queueable jobs added to the queue: 0 out of 50
  Number of Mobile Apex push calls: 0 out of 10

09:47:17.18 (18817000)|CUMULATIVE_LIMIT_USAGE_END

09:47:17.13 (18847964)|CODE_UNIT_FINISHED|GetCaseController.getWorkingCases
09:47:17.13 (18896617)|CODE_UNIT_FINISHED|Aura
09:47:17.13 (19906774)|EXECUTION_FINISHED
09:47:17.20 (20625017)|USER_INFO|[EXTERNAL]|0051I00000112gB|trent@testorg.com|Pacific Standard Time|GMT-08:00
09:47:17.20 (20638026)|EXECUTION_STARTED
09:47:17.20 (20640452)|CODE_UNIT_STARTED|[EXTERNAL]|Aura
09:47:17.20 (21334834)|CODE_UNIT_STARTED|[EXTERNAL]|01p1I00000Dc465|GetCaseController.getClosedCases
09:47:17.20 (21380087)|SYSTEM_MODE_ENTER|false
09:47:17.20 (21396422)|HEAP_ALLOCATE|[23]|Bytes:5
09:47:17.20 (21401889)|STATEMENT_EXECUTE|[22]
09:47:17.20 (21403313)|STATEMENT_EXECUTE|[23]
09:47:17.20 (21406897)|HEAP_ALLOCATE|[23]|Bytes:61
09:47:17.20 (21420615)|HEAP_ALLOCATE|[23]|Bytes:4
09:47:17.20 (21553954)|SOQL_EXECUTE_BEGIN|[23]|Aggregations:0|SELECT Id, Priority FROM Case WHERE Status = 'Closed' LIMIT 4
09:47:17.20 (24838949)|SOQL_EXECUTE_END|[23]|Rows:4
09:47:17.20 (24854705)|HEAP_ALLOCATE|[23]|Bytes:20
09:47:17.20 (24873186)|HEAP_ALLOCATE|[23]|Bytes:181
09:47:17.20 (24904062)|HEAP_ALLOCATE|[23]|Bytes:20
09:47:17.20 (24915276)|VARIABLE_SCOPE_BEGIN|[23]|cases|List<Case>|true|false
09:47:17.20 (24947438)|VARIABLE_ASSIGNMENT|[23]|cases|[{"Id":"5001I000003mzcsQAA","Priority":"High"},{"Id":"5001I000003mzctQAA","Priority":"High"},{"Id":"5001I000003mzcvQAA","Priority":"Low"},{"Id":"5001I000003mzcwQAA","Priority":"Medium"}]|0x677bcfe6
09:47:17.20 (24959973)|STATEMENT_EXECUTE|[24]
09:47:17.20 (24968293)|SYSTEM_MODE_EXIT|false
09:47:17.24 (24984336)|CUMULATIVE_LIMIT_USAGE
09:47:17.24 (24984336)|LIMIT_USAGE_FOR_NS|(default)|
  Number of SOQL queries: 3 out of 100
  Number of query rows: 7 out of 50000
  Number of SOSL queries: 0 out of 20
  Number of DML statements: 0 out of 150
  Number of DML rows: 0 out of 10000
  Maximum CPU time: 0 out of 10000
  Maximum heap size: 0 out of 6000000
  Number of callouts: 0 out of 100
  Number of Email Invocations: 0 out of 10
  Number of future calls: 0 out of 50
  Number of queueable jobs added to the queue: 0 out of 50
  Number of Mobile Apex push calls: 0 out of 10

09:47:17.24 (24984336)|CUMULATIVE_LIMIT_USAGE_END

09:47:17.20 (25007540)|CODE_UNIT_FINISHED|GetCaseController.getClosedCases
09:47:17.20 (25062298)|CODE_UNIT_FINISHED|Aura
09:47:17.20 (26061730)|EXECUTION_FINISHED
