41.0 APEX_CODE,FINEST;APEX_PROFILING,INFO;CALLOUT,INFO;DB,INFO;SYSTEM,DEBUG;VALIDATION,INFO;VISUALFORCE,INFO;WAVE,INFO;WORKFLOW,INFO
09:16:20.0 (329044)|USER_INFO|[EXTERNAL]|0051I00000112gB|trent@testorg.com|Pacific Standard Time|GMT-08:00
09:16:20.0 (361468)|EXECUTION_STARTED
09:16:20.0 (365853)|CODE_UNIT_STARTED|[EXTERNAL]|Aura
09:16:20.0 (1720781)|CODE_UNIT_STARTED|[EXTERNAL]|01p1I00000Dc465|GetCaseController.getNewCases
09:16:20.0 (2406819)|HEAP_ALLOCATE|[72]|Bytes:3
09:16:20.0 (2446356)|HEAP_ALLOCATE|[77]|Bytes:152
09:16:20.0 (2462639)|HEAP_ALLOCATE|[342]|Bytes:408
09:16:20.0 (2476237)|HEAP_ALLOCATE|[355]|Bytes:408
09:16:20.0 (2488515)|HEAP_ALLOCATE|[467]|Bytes:48
09:16:20.0 (2515332)|HEAP_ALLOCATE|[139]|Bytes:6
09:16:20.0 (2531316)|HEAP_ALLOCATE|[EXTERNAL]|Bytes:13
09:16:20.0 (2542891)|METHOD_ENTRY|[1]|01p1I00000Dc465|GetCaseController.GetCaseController()
09:16:20.0 (2548509)|STATEMENT_EXECUTE|[1]
09:16:20.0 (2553127)|STATEMENT_EXECUTE|[1]
09:16:20.0 (2579589)|HEAP_ALLOCATE|[50]|Bytes:5
09:16:20.0 (2597993)|HEAP_ALLOCATE|[56]|Bytes:5
09:16:20.0 (2606887)|HEAP_ALLOCATE|[64]|Bytes:7
09:16:20.0 (2627534)|SYSTEM_MODE_ENTER|false
09:16:20.0 (2639026)|HEAP_ALLOCATE|[EXTERNAL]|Bytes:5
09:16:20.0 (2645671)|SYSTEM_MODE_EXIT|false
09:16:20.0 (2652499)|METHOD_EXIT|[1]|GetCaseController
09:16:20.0 (2664131)|SYSTEM_MODE_ENTER|false
09:16:20.0 (2680812)|HEAP_ALLOCATE|[5]|Bytes:5
09:16:20.0 (2686739)|STATEMENT_EXECUTE|[4]
09:16:20.0 (2688517)|STATEMENT_EXECUTE|[5]
09:16:20.0 (2691956)|HEAP_ALLOCATE|[5]|Bytes:58
09:16:20.0 (2713022)|HEAP_ALLOCATE|[5]|Bytes:4
09:16:20.0 (3473284)|SOQL_EXECUTE_BEGIN|[5]|Aggregations:0|SELECT Id, Priority FROM Case WHERE Status = 'New' LIMIT 4
09:16:20.0 (11576419)|SOQL_EXECUTE_END|[5]|Rows:3
09:16:20.0 (11602787)|HEAP_ALLOCATE|[5]|Bytes:16
09:16:20.0 (11628432)|HEAP_ALLOCATE|[5]|Bytes:132
09:16:20.0 (11693634)|HEAP_ALLOCATE|[5]|Bytes:16
09:16:20.0 (11714995)|VARIABLE_SCOPE_BEGIN|[5]|cases|List<Case>|true|false
09:16:20.0 (11768195)|VARIABLE_ASSIGNMENT|[5]|cases|[{"Id":"5001I000003mzcuQAA","Priority":"Low"},{"Id":"5001I000003mzd8QAA","Priority":"Low"},{"Id":"5001I000003mzdGQAQ","Priority":"Low"}]|0x5ae350b3
09:16:20.0 (11776924)|STATEMENT_EXECUTE|[6]
09:16:20.0 (11790566)|SYSTEM_MODE_EXIT|false
09:16:20.11 (11821216)|CUMULATIVE_LIMIT_USAGE
09:16:20.11 (11821216)|LIMIT_USAGE_FOR_NS|(default)|
  Number of SOQL queries: 1 out of 100
  Number of query rows: 3 out of 50000
  Number of SOSL queries: 0 out of 20
  Number of DML statements: 0 out of 150
  Number of DML rows: 0 out of 10000
  Maximum CPU time: 0 out of 10000
  Maximum heap size: 0 out of 6000000
  Number of callouts: 0 out of 100
  Number of Email Invocations: 0 out of 10
  Number of future calls: 0 out of 50
  Number of queueable jobs added to the queue: 0 out of 50
  Number of Mobile Apex push calls: 0 out of 10

09:16:20.11 (11821216)|CUMULATIVE_LIMIT_USAGE_END

09:16:20.0 (11866620)|CODE_UNIT_FINISHED|GetCaseController.getNewCases
09:16:20.0 (11946080)|CODE_UNIT_FINISHED|Aura
09:16:20.0 (12965803)|EXECUTION_FINISHED
09:16:20.58 (58154545)|USER_INFO|[EXTERNAL]|0051I00000112gB|trent@testorg.com|Pacific Standard Time|GMT-08:00
09:16:20.58 (58183376)|EXECUTION_STARTED
09:16:20.58 (58188282)|CODE_UNIT_STARTED|[EXTERNAL]|Aura
09:16:20.58 (58912725)|CODE_UNIT_STARTED|[EXTERNAL]|01p1I00000Dc465|GetCaseController.getWorkingCases
09:16:20.58 (58975315)|SYSTEM_MODE_ENTER|false
09:16:20.58 (58998392)|HEAP_ALLOCATE|[11]|Bytes:5
09:16:20.58 (59007368)|STATEMENT_EXECUTE|[10]
09:16:20.58 (59010185)|STATEMENT_EXECUTE|[11]
09:16:20.58 (59014641)|HEAP_ALLOCATE|[11]|Bytes:62
09:16:20.58 (59035105)|HEAP_ALLOCATE|[11]|Bytes:4
09:16:20.58 (59311322)|SOQL_EXECUTE_BEGIN|[11]|Aggregations:0|SELECT Id, Priority FROM Case WHERE Status = 'Working' LIMIT 4
09:16:20.58 (63397948)|SOQL_EXECUTE_END|[11]|Rows:0
09:16:20.58 (63418408)|HEAP_ALLOCATE|[11]|Bytes:4
09:16:20.58 (63430057)|HEAP_ALLOCATE|[11]|Bytes:0
09:16:20.58 (63466053)|HEAP_ALLOCATE|[11]|Bytes:4
09:16:20.58 (63492517)|VARIABLE_SCOPE_BEGIN|[11]|cases|List<Case>|true|false
09:16:20.58 (63524961)|VARIABLE_ASSIGNMENT|[11]|cases|[]|0x117fbbce
09:16:20.58 (63533984)|STATEMENT_EXECUTE|[12]
09:16:20.58 (63547328)|SYSTEM_MODE_EXIT|false
09:16:20.63 (63576333)|CUMULATIVE_LIMIT_USAGE
09:16:20.63 (63576333)|LIMIT_USAGE_FOR_NS|(default)|
  Number of SOQL queries: 2 out of 100
  Number of query rows: 3 out of 50000
  Number of SOSL queries: 0 out of 20
  Number of DML statements: 0 out of 150
  Number of DML rows: 0 out of 10000
  Maximum CPU time: 0 out of 10000
  Maximum heap size: 0 out of 6000000
  Number of callouts: 0 out of 100
  Number of Email Invocations: 0 out of 10
  Number of future calls: 0 out of 50
  Number of queueable jobs added to the queue: 0 out of 50
  Number of Mobile Apex push calls: 0 out of 10

09:16:20.63 (63576333)|CUMULATIVE_LIMIT_USAGE_END

09:16:20.58 (63618572)|CODE_UNIT_FINISHED|GetCaseController.getWorkingCases
09:16:20.58 (63689513)|CODE_UNIT_FINISHED|Aura
09:16:20.58 (64719281)|EXECUTION_FINISHED
