41.0 APEX_CODE,FINEST;APEX_PROFILING,INFO;CALLOUT,INFO;DB,INFO;SYSTEM,DEBUG;VALIDATION,INFO;VISUALFORCE,INFO;WAVE,INFO;WORKFLOW,INFO
09:52:04.0 (300853)|USER_INFO|[EXTERNAL]|0051I00000112gB|trent@testorg.com|Pacific Standard Time|GMT-08:00
09:52:04.0 (341565)|EXECUTION_STARTED
09:52:04.0 (345833)|CODE_UNIT_STARTED|[EXTERNAL]|Aura
09:52:04.0 (1841971)|CODE_UNIT_STARTED|[EXTERNAL]|01p1I00000Dc465|GetCaseController.getNewCases
09:52:04.0 (2590432)|HEAP_ALLOCATE|[72]|Bytes:3
09:52:04.0 (2624872)|HEAP_ALLOCATE|[77]|Bytes:152
09:52:04.0 (2640153)|HEAP_ALLOCATE|[342]|Bytes:408
09:52:04.0 (2653852)|HEAP_ALLOCATE|[355]|Bytes:408
09:52:04.0 (2666159)|HEAP_ALLOCATE|[467]|Bytes:48
09:52:04.0 (2692191)|HEAP_ALLOCATE|[139]|Bytes:6
09:52:04.0 (2706473)|HEAP_ALLOCATE|[EXTERNAL]|Bytes:13
09:52:04.0 (2716670)|METHOD_ENTRY|[1]|01p1I00000Dc465|GetCaseController.GetCaseController()
09:52:04.0 (2722764)|STATEMENT_EXECUTE|[1]
09:52:04.0 (2727518)|STATEMENT_EXECUTE|[1]
09:52:04.0 (2753732)|HEAP_ALLOCATE|[50]|Bytes:5
09:52:04.0 (2774778)|HEAP_ALLOCATE|[56]|Bytes:5
09:52:04.0 (2785595)|HEAP_ALLOCATE|[64]|Bytes:7
09:52:04.0 (2805995)|SYSTEM_MODE_ENTER|false
09:52:04.0 (2816496)|HEAP_ALLOCATE|[EXTERNAL]|Bytes:5
09:52:04.0 (2822757)|SYSTEM_MODE_EXIT|false
09:52:04.0 (2829551)|METHOD_EXIT|[1]|GetCaseController
09:52:04.0 (2839224)|SYSTEM_MODE_ENTER|false
09:52:04.0 (2849892)|HEAP_ALLOCATE|[5]|Bytes:5
09:52:04.0 (2853550)|STATEMENT_EXECUTE|[4]
09:52:04.0 (2854667)|STATEMENT_EXECUTE|[5]
09:52:04.0 (2856918)|HEAP_ALLOCATE|[5]|Bytes:50
09:52:04.0 (2870074)|HEAP_ALLOCATE|[5]|Bytes:4
09:52:04.0 (3892316)|SOQL_EXECUTE_BEGIN|[5]|Aggregations:0|SELECT Id, Priority FROM Case WHERE Status = 'New'
09:52:04.0 (8515346)|SOQL_EXECUTE_END|[5]|Rows:3
09:52:04.0 (8536606)|HEAP_ALLOCATE|[5]|Bytes:16
09:52:04.0 (8556722)|HEAP_ALLOCATE|[5]|Bytes:132
09:52:04.0 (8602966)|HEAP_ALLOCATE|[5]|Bytes:16
09:52:04.0 (8618970)|VARIABLE_SCOPE_BEGIN|[5]|cases|List<Case>|true|false
09:52:04.0 (8655993)|VARIABLE_ASSIGNMENT|[5]|cases|[{"Id":"5001I000003mzcuQAA","Priority":"Low"},{"Id":"5001I000003mzd8QAA","Priority":"Low"},{"Id":"5001I000003mzdGQAQ","Priority":"Low"}]|0x39c95a16
09:52:04.0 (8664590)|STATEMENT_EXECUTE|[6]
09:52:04.0 (8672528)|SYSTEM_MODE_EXIT|false
09:52:04.8 (8694097)|CUMULATIVE_LIMIT_USAGE
09:52:04.8 (8694097)|LIMIT_USAGE_FOR_NS|(default)|
  Number of SOQL queries: 1 out of 100
  Number of query rows: 3 out of 50000
  Number of SOSL queries: 0 out of 20
  Number of DML statements: 0 out of 150
  Number of DML rows: 0 out of 10000
  Maximum CPU time: 0 out of 10000
  Maximum heap size: 0 out of 6000000
  Number of callouts: 0 out of 100
  Number of Email Invocations: 0 out of 10
  Number of future calls: 0 out of 50
  Number of queueable jobs added to the queue: 0 out of 50
  Number of Mobile Apex push calls: 0 out of 10

09:52:04.8 (8694097)|CUMULATIVE_LIMIT_USAGE_END

09:52:04.0 (8728274)|CODE_UNIT_FINISHED|GetCaseController.getNewCases
09:52:04.0 (8786004)|CODE_UNIT_FINISHED|Aura
09:52:04.0 (9820303)|EXECUTION_FINISHED
09:52:04.16 (16286386)|USER_INFO|[EXTERNAL]|0051I00000112gB|trent@testorg.com|Pacific Standard Time|GMT-08:00
09:52:04.16 (16307651)|EXECUTION_STARTED
09:52:04.16 (16312306)|CODE_UNIT_STARTED|[EXTERNAL]|Aura
09:52:04.16 (17036306)|CODE_UNIT_STARTED|[EXTERNAL]|01p1I00000Dc465|GetCaseController.getWorkingCases
09:52:04.16 (17116061)|SYSTEM_MODE_ENTER|false
09:52:04.16 (17145334)|HEAP_ALLOCATE|[11]|Bytes:5
09:52:04.16 (17157630)|STATEMENT_EXECUTE|[10]
09:52:04.16 (17160714)|STATEMENT_EXECUTE|[11]
09:52:04.16 (17165883)|HEAP_ALLOCATE|[11]|Bytes:62
09:52:04.16 (17183919)|HEAP_ALLOCATE|[11]|Bytes:4
09:52:04.16 (17397574)|SOQL_EXECUTE_BEGIN|[11]|Aggregations:0|SELECT Id, Priority FROM Case WHERE Status = 'Working' LIMIT 4
09:52:04.16 (21764103)|SOQL_EXECUTE_END|[11]|Rows:0
09:52:04.16 (21787714)|HEAP_ALLOCATE|[11]|Bytes:4
09:52:04.16 (21801653)|HEAP_ALLOCATE|[11]|Bytes:0
09:52:04.16 (21835009)|HEAP_ALLOCATE|[11]|Bytes:4
09:52:04.16 (21851752)|VARIABLE_SCOPE_BEGIN|[11]|cases|List<Case>|true|false
09:52:04.16 (21881552)|VARIABLE_ASSIGNMENT|[11]|cases|[]|0x4f87b321
09:52:04.16 (21889009)|STATEMENT_EXECUTE|[12]
09:52:04.16 (21899507)|SYSTEM_MODE_EXIT|false
09:52:04.21 (21921853)|CUMULATIVE_LIMIT_USAGE
09:52:04.21 (21921853)|LIMIT_USAGE_FOR_NS|(default)|
  Number of SOQL queries: 2 out of 100
  Number of query rows: 3 out of 50000
  Number of SOSL queries: 0 out of 20
  Number of DML statements: 0 out of 150
  Number of DML rows: 0 out of 10000
  Maximum CPU time: 0 out of 10000
  Maximum heap size: 0 out of 6000000
  Number of callouts: 0 out of 100
  Number of Email Invocations: 0 out of 10
  Number of future calls: 0 out of 50
  Number of queueable jobs added to the queue: 0 out of 50
  Number of Mobile Apex push calls: 0 out of 10

09:52:04.21 (21921853)|CUMULATIVE_LIMIT_USAGE_END

09:52:04.16 (21958152)|CODE_UNIT_FINISHED|GetCaseController.getWorkingCases
09:52:04.16 (22013201)|CODE_UNIT_FINISHED|Aura
09:52:04.16 (23085133)|EXECUTION_FINISHED
09:52:04.23 (23878420)|USER_INFO|[EXTERNAL]|0051I00000112gB|trent@testorg.com|Pacific Standard Time|GMT-08:00
09:52:04.23 (23897833)|EXECUTION_STARTED
09:52:04.23 (23902141)|CODE_UNIT_STARTED|[EXTERNAL]|Aura
09:52:04.23 (24689934)|CODE_UNIT_STARTED|[EXTERNAL]|01p1I00000Dc465|GetCaseController.getClosedCases
09:52:04.23 (24749651)|SYSTEM_MODE_ENTER|false
09:52:04.23 (24770389)|HEAP_ALLOCATE|[23]|Bytes:5
09:52:04.23 (24778399)|STATEMENT_EXECUTE|[22]
09:52:04.23 (24780713)|STATEMENT_EXECUTE|[23]
09:52:04.23 (24784570)|HEAP_ALLOCATE|[23]|Bytes:61
09:52:04.23 (24804376)|HEAP_ALLOCATE|[23]|Bytes:4
09:52:04.23 (25028677)|SOQL_EXECUTE_BEGIN|[23]|Aggregations:0|SELECT Id, Priority FROM Case WHERE Status = 'Closed' LIMIT 4
09:52:04.23 (28656622)|SOQL_EXECUTE_END|[23]|Rows:4
09:52:04.23 (28682681)|HEAP_ALLOCATE|[23]|Bytes:20
09:52:04.23 (28709384)|HEAP_ALLOCATE|[23]|Bytes:181
09:52:04.23 (28752574)|HEAP_ALLOCATE|[23]|Bytes:20
09:52:04.23 (28773280)|VARIABLE_SCOPE_BEGIN|[23]|cases|List<Case>|true|false
09:52:04.23 (28831814)|VARIABLE_ASSIGNMENT|[23]|cases|[{"Id":"5001I000003mzcsQAA","Priority":"High"},{"Id":"5001I000003mzctQAA","Priority":"High"},{"Id":"5001I000003mzcvQAA","Priority":"Low"},{"Id":"5001I000003mzcwQAA","Priority":"Medium"}]|0x764f0e80
09:52:04.23 (28846836)|STATEMENT_EXECUTE|[24]
09:52:04.23 (28858101)|SYSTEM_MODE_EXIT|false
09:52:04.28 (28889246)|CUMULATIVE_LIMIT_USAGE
09:52:04.28 (28889246)|LIMIT_USAGE_FOR_NS|(default)|
  Number of SOQL queries: 3 out of 100
  Number of query rows: 7 out of 50000
  Number of SOSL queries: 0 out of 20
  Number of DML statements: 0 out of 150
  Number of DML rows: 0 out of 10000
  Maximum CPU time: 0 out of 10000
  Maximum heap size: 0 out of 6000000
  Number of callouts: 0 out of 100
  Number of Email Invocations: 0 out of 10
  Number of future calls: 0 out of 50
  Number of queueable jobs added to the queue: 0 out of 50
  Number of Mobile Apex push calls: 0 out of 10

09:52:04.28 (28889246)|CUMULATIVE_LIMIT_USAGE_END

09:52:04.23 (28932652)|CODE_UNIT_FINISHED|GetCaseController.getClosedCases
09:52:04.23 (29036356)|CODE_UNIT_FINISHED|Aura
09:52:04.23 (30168400)|EXECUTION_FINISHED
