41.0 APEX_CODE,FINEST;APEX_PROFILING,INFO;CALLOUT,INFO;DB,INFO;SYSTEM,DEBUG;VALIDATION,INFO;VISUALFORCE,INFO;WAVE,INFO;WORKFLOW,INFO
09:23:32.0 (321480)|USER_INFO|[EXTERNAL]|0051I00000112gB|trent@testorg.com|Pacific Standard Time|GMT-08:00
09:23:32.0 (362819)|EXECUTION_STARTED
09:23:32.0 (366945)|CODE_UNIT_STARTED|[EXTERNAL]|Aura
09:23:32.0 (1718476)|CODE_UNIT_STARTED|[EXTERNAL]|01p1I00000Dc465|GetCaseController.getNewCases
09:23:32.0 (2414088)|HEAP_ALLOCATE|[72]|Bytes:3
09:23:32.0 (2454894)|HEAP_ALLOCATE|[77]|Bytes:152
09:23:32.0 (2471280)|HEAP_ALLOCATE|[342]|Bytes:408
09:23:32.0 (2483443)|HEAP_ALLOCATE|[355]|Bytes:408
09:23:32.0 (2496137)|HEAP_ALLOCATE|[467]|Bytes:48
09:23:32.0 (2522970)|HEAP_ALLOCATE|[139]|Bytes:6
09:23:32.0 (2537425)|HEAP_ALLOCATE|[EXTERNAL]|Bytes:13
09:23:32.0 (2547991)|METHOD_ENTRY|[1]|01p1I00000Dc465|GetCaseController.GetCaseController()
09:23:32.0 (2553955)|STATEMENT_EXECUTE|[1]
09:23:32.0 (2558341)|STATEMENT_EXECUTE|[1]
09:23:32.0 (2586175)|HEAP_ALLOCATE|[50]|Bytes:5
09:23:32.0 (2609869)|HEAP_ALLOCATE|[56]|Bytes:5
09:23:32.0 (2617038)|HEAP_ALLOCATE|[64]|Bytes:7
09:23:32.0 (2638927)|SYSTEM_MODE_ENTER|false
09:23:32.0 (2654855)|HEAP_ALLOCATE|[EXTERNAL]|Bytes:5
09:23:32.0 (2661858)|SYSTEM_MODE_EXIT|false
09:23:32.0 (2670160)|METHOD_EXIT|[1]|GetCaseController
09:23:32.0 (2680775)|SYSTEM_MODE_ENTER|false
09:23:32.0 (2692478)|HEAP_ALLOCATE|[5]|Bytes:5
09:23:32.0 (2696172)|STATEMENT_EXECUTE|[4]
09:23:32.0 (2697428)|STATEMENT_EXECUTE|[5]
09:23:32.0 (2699396)|HEAP_ALLOCATE|[5]|Bytes:58
09:23:32.0 (2717196)|HEAP_ALLOCATE|[5]|Bytes:4
09:23:32.0 (3492229)|SOQL_EXECUTE_BEGIN|[5]|Aggregations:0|SELECT Id, Priority FROM Case WHERE Status = 'New' LIMIT 4
09:23:32.0 (10629461)|SOQL_EXECUTE_END|[5]|Rows:3
09:23:32.0 (10649947)|HEAP_ALLOCATE|[5]|Bytes:16
09:23:32.0 (10669124)|HEAP_ALLOCATE|[5]|Bytes:132
09:23:32.0 (10710942)|HEAP_ALLOCATE|[5]|Bytes:16
09:23:32.0 (10724541)|VARIABLE_SCOPE_BEGIN|[5]|cases|List<Case>|true|false
09:23:32.0 (10766799)|VARIABLE_ASSIGNMENT|[5]|cases|[{"Id":"5001I000003mzcuQAA","Priority":"Low"},{"Id":"5001I000003mzd8QAA","Priority":"Low"},{"Id":"5001I000003mzdGQAQ","Priority":"Low"}]|0x121da6ba
09:23:32.0 (10775338)|STATEMENT_EXECUTE|[6]
09:23:32.0 (10784657)|SYSTEM_MODE_EXIT|false
09:23:32.10 (10813522)|CUMULATIVE_LIMIT_USAGE
09:23:32.10 (10813522)|LIMIT_USAGE_FOR_NS|(default)|
  Number of SOQL queries: 1 out of 100
  Number of query rows: 3 out of 50000
  Number of SOSL queries: 0 out of 20
  Number of DML statements: 0 out of 150
  Number of DML rows: 0 out of 10000
  Maximum CPU time: 0 out of 10000
  Maximum heap size: 0 out of 6000000
  Number of callouts: 0 out of 100
  Number of Email Invocations: 0 out of 10
  Number of future calls: 0 out of 50
  Number of queueable jobs added to the queue: 0 out of 50
  Number of Mobile Apex push calls: 0 out of 10

09:23:32.10 (10813522)|CUMULATIVE_LIMIT_USAGE_END

09:23:32.0 (10851516)|CODE_UNIT_FINISHED|GetCaseController.getNewCases
09:23:32.0 (10920322)|CODE_UNIT_FINISHED|Aura
09:23:32.0 (12081266)|EXECUTION_FINISHED
09:23:32.13 (13520157)|USER_INFO|[EXTERNAL]|0051I00000112gB|trent@testorg.com|Pacific Standard Time|GMT-08:00
09:23:32.13 (13535090)|EXECUTION_STARTED
09:23:32.13 (13538121)|CODE_UNIT_STARTED|[EXTERNAL]|Aura
09:23:32.13 (14273870)|CODE_UNIT_STARTED|[EXTERNAL]|01p1I00000Dc465|GetCaseController.getWorkingCases
09:23:32.13 (14325359)|SYSTEM_MODE_ENTER|false
09:23:32.13 (14343368)|HEAP_ALLOCATE|[11]|Bytes:5
09:23:32.13 (14348921)|STATEMENT_EXECUTE|[10]
09:23:32.13 (14350390)|STATEMENT_EXECUTE|[11]
09:23:32.13 (14353399)|HEAP_ALLOCATE|[11]|Bytes:62
09:23:32.13 (14372079)|HEAP_ALLOCATE|[11]|Bytes:4
09:23:32.13 (14543821)|SOQL_EXECUTE_BEGIN|[11]|Aggregations:0|SELECT Id, Priority FROM Case WHERE Status = 'Working' LIMIT 4
09:23:32.13 (16820183)|SOQL_EXECUTE_END|[11]|Rows:0
09:23:32.13 (16839016)|HEAP_ALLOCATE|[11]|Bytes:4
09:23:32.13 (16848986)|HEAP_ALLOCATE|[11]|Bytes:0
09:23:32.13 (16878343)|HEAP_ALLOCATE|[11]|Bytes:4
09:23:32.13 (16888975)|VARIABLE_SCOPE_BEGIN|[11]|cases|List<Case>|true|false
09:23:32.13 (16910080)|VARIABLE_ASSIGNMENT|[11]|cases|[]|0x69cd35f2
09:23:32.13 (16916019)|STATEMENT_EXECUTE|[12]
09:23:32.13 (16923523)|SYSTEM_MODE_EXIT|false
09:23:32.16 (16945088)|CUMULATIVE_LIMIT_USAGE
09:23:32.16 (16945088)|LIMIT_USAGE_FOR_NS|(default)|
  Number of SOQL queries: 2 out of 100
  Number of query rows: 3 out of 50000
  Number of SOSL queries: 0 out of 20
  Number of DML statements: 0 out of 150
  Number of DML rows: 0 out of 10000
  Maximum CPU time: 0 out of 10000
  Maximum heap size: 0 out of 6000000
  Number of callouts: 0 out of 100
  Number of Email Invocations: 0 out of 10
  Number of future calls: 0 out of 50
  Number of queueable jobs added to the queue: 0 out of 50
  Number of Mobile Apex push calls: 0 out of 10

09:23:32.16 (16945088)|CUMULATIVE_LIMIT_USAGE_END

09:23:32.13 (16972317)|CODE_UNIT_FINISHED|GetCaseController.getWorkingCases
09:23:32.13 (17046982)|CODE_UNIT_FINISHED|Aura
09:23:32.13 (18125778)|EXECUTION_FINISHED
09:23:32.18 (18852389)|USER_INFO|[EXTERNAL]|0051I00000112gB|trent@testorg.com|Pacific Standard Time|GMT-08:00
09:23:32.18 (18865597)|EXECUTION_STARTED
09:23:32.18 (18868204)|CODE_UNIT_STARTED|[EXTERNAL]|Aura
09:23:32.18 (19772767)|CODE_UNIT_STARTED|[EXTERNAL]|01p1I00000Dc465|GetCaseController.getClosedCases
09:23:32.18 (19832002)|SYSTEM_MODE_ENTER|false
09:23:32.18 (19850595)|HEAP_ALLOCATE|[23]|Bytes:5
09:23:32.18 (19856348)|STATEMENT_EXECUTE|[22]
09:23:32.18 (19857803)|STATEMENT_EXECUTE|[23]
09:23:32.18 (19860649)|HEAP_ALLOCATE|[23]|Bytes:61
09:23:32.18 (19874250)|HEAP_ALLOCATE|[23]|Bytes:4
09:23:32.18 (20038114)|SOQL_EXECUTE_BEGIN|[23]|Aggregations:0|SELECT Id, Priority FROM Case WHERE Status = 'Closed' LIMIT 4
09:23:32.18 (22249515)|SOQL_EXECUTE_END|[23]|Rows:4
09:23:32.18 (22265690)|HEAP_ALLOCATE|[23]|Bytes:20
09:23:32.18 (22286828)|HEAP_ALLOCATE|[23]|Bytes:181
09:23:32.18 (22315231)|HEAP_ALLOCATE|[23]|Bytes:20
09:23:32.18 (22325477)|VARIABLE_SCOPE_BEGIN|[23]|cases|List<Case>|true|false
09:23:32.18 (22353797)|VARIABLE_ASSIGNMENT|[23]|cases|[{"Id":"5001I000003mzcsQAA","Priority":"High"},{"Id":"5001I000003mzctQAA","Priority":"High"},{"Id":"5001I000003mzcvQAA","Priority":"Low"},{"Id":"5001I000003mzcwQAA","Priority":"Medium"}]|0x358df079
09:23:32.18 (22362801)|STATEMENT_EXECUTE|[24]
09:23:32.18 (22370473)|SYSTEM_MODE_EXIT|false
09:23:32.22 (22387914)|CUMULATIVE_LIMIT_USAGE
09:23:32.22 (22387914)|LIMIT_USAGE_FOR_NS|(default)|
  Number of SOQL queries: 3 out of 100
  Number of query rows: 7 out of 50000
  Number of SOSL queries: 0 out of 20
  Number of DML statements: 0 out of 150
  Number of DML rows: 0 out of 10000
  Maximum CPU time: 0 out of 10000
  Maximum heap size: 0 out of 6000000
  Number of callouts: 0 out of 100
  Number of Email Invocations: 0 out of 10
  Number of future calls: 0 out of 50
  Number of queueable jobs added to the queue: 0 out of 50
  Number of Mobile Apex push calls: 0 out of 10

09:23:32.22 (22387914)|CUMULATIVE_LIMIT_USAGE_END

09:23:32.18 (22414623)|CODE_UNIT_FINISHED|GetCaseController.getClosedCases
09:23:32.18 (22467673)|CODE_UNIT_FINISHED|Aura
09:23:32.18 (23560780)|EXECUTION_FINISHED
